2021-04-28 01:49:25,726 - main.py[line:217] - INFO: Epoch 1/150
2021-04-28 01:49:25,726 - main.py[line:218] - INFO: ----------
2021-04-28 01:57:06,193 - main.py[line:221] - INFO: 0.460486317144423 0.5639578404757606 -0.008740916946382793
2021-04-28 01:57:06,194 - main.py[line:217] - INFO: Epoch 2/150
2021-04-28 01:57:06,194 - main.py[line:218] - INFO: ----------
2021-04-28 02:05:12,939 - main.py[line:221] - INFO: 0.4520664358476196 0.6025032705821753 0.02781099723924141
2021-04-28 02:05:12,940 - main.py[line:217] - INFO: Epoch 3/150
2021-04-28 02:05:12,940 - main.py[line:218] - INFO: ----------
2021-04-28 02:12:50,012 - main.py[line:221] - INFO: 0.45177164441303963 0.6046574265758704 0.029078508050876084
2021-04-28 02:12:50,013 - main.py[line:217] - INFO: Epoch 4/150
2021-04-28 02:12:50,013 - main.py[line:218] - INFO: ----------
2021-04-28 02:20:43,098 - main.py[line:221] - INFO: 0.45148374193087126 0.6067743433361368 0.030315600471807036
2021-04-28 02:20:43,098 - main.py[line:217] - INFO: Epoch 5/150
2021-04-28 02:20:43,098 - main.py[line:218] - INFO: ----------
2021-04-28 02:28:42,479 - main.py[line:221] - INFO: 0.45117658658297494 0.6090322276061076 0.031634551327700766
2021-04-28 02:29:22,423 - main.py[line:226] - INFO: Testing
2021-04-28 02:29:22,423 - main.py[line:228] - INFO: 0.45129040794336844 0.613147276729006 0.03329152733812735
2021-04-28 02:29:22,424 - main.py[line:217] - INFO: Epoch 6/150
2021-04-28 02:29:22,424 - main.py[line:218] - INFO: ----------
2021-04-28 02:37:07,189 - main.py[line:221] - INFO: 0.450835225074452 0.6115248458847125 0.033099333179612556
2021-04-28 02:37:07,190 - main.py[line:217] - INFO: Epoch 7/150
2021-04-28 02:37:07,190 - main.py[line:218] - INFO: ----------
2021-04-28 02:44:49,539 - main.py[line:221] - INFO: 0.4504487372785437 0.6143124063402532 0.034756413672889175
2021-04-28 02:44:49,540 - main.py[line:217] - INFO: Epoch 8/150
2021-04-28 02:44:49,540 - main.py[line:218] - INFO: ----------
2021-04-28 02:52:43,872 - main.py[line:221] - INFO: 0.4500115736407842 0.6174205499678215 0.03662905577618758
2021-04-28 02:52:43,872 - main.py[line:217] - INFO: Epoch 9/150
2021-04-28 02:52:43,872 - main.py[line:218] - INFO: ----------
2021-04-28 03:00:22,125 - main.py[line:221] - INFO: 0.4495313581595623 0.6208388596858059 0.03868401982853098
2021-04-28 03:00:22,125 - main.py[line:217] - INFO: Epoch 10/150
2021-04-28 03:00:22,125 - main.py[line:218] - INFO: ----------
2021-04-28 03:08:22,493 - main.py[line:221] - INFO: 0.4490387183032072 0.6243745751342326 0.04078987099573472
2021-04-28 03:09:08,783 - main.py[line:226] - INFO: Testing
2021-04-28 03:09:08,783 - main.py[line:228] - INFO: 0.449131934929134 0.6271312675689672 0.04251673616059204
2021-04-28 03:09:08,783 - main.py[line:217] - INFO: Epoch 11/150
2021-04-28 03:09:08,783 - main.py[line:218] - INFO: ----------
2021-04-28 03:17:01,471 - main.py[line:221] - INFO: 0.4485573721831888 0.6277541415265177 0.042845215398879755
2021-04-28 03:17:01,471 - main.py[line:217] - INFO: Epoch 12/150
2021-04-28 03:17:01,471 - main.py[line:218] - INFO: ----------
2021-04-28 03:25:02,573 - main.py[line:221] - INFO: 0.44809061098899194 0.6309053780497249 0.044836177051203574
2021-04-28 03:25:02,574 - main.py[line:217] - INFO: Epoch 13/150
2021-04-28 03:25:02,574 - main.py[line:218] - INFO: ----------
2021-04-28 03:32:57,657 - main.py[line:221] - INFO: 0.4476483356549909 0.6338052313574 0.0467207821154203
2021-04-28 03:32:57,657 - main.py[line:217] - INFO: Epoch 14/150
2021-04-28 03:32:57,657 - main.py[line:218] - INFO: ----------
2021-04-28 03:40:42,076 - main.py[line:221] - INFO: 0.4472370349086448 0.6364537973072417 0.048471729447697176
2021-04-28 03:40:42,076 - main.py[line:217] - INFO: Epoch 15/150
2021-04-28 03:40:42,076 - main.py[line:218] - INFO: ----------
2021-04-28 03:48:39,159 - main.py[line:221] - INFO: 0.4468568843129962 0.6388617592006945 0.05008863627001248
2021-04-28 03:49:22,089 - main.py[line:226] - INFO: Testing
2021-04-28 03:49:22,089 - main.py[line:228] - INFO: 0.44718454886196013 0.6395087791905159 0.05080181720902921
2021-04-28 03:49:22,089 - main.py[line:217] - INFO: Epoch 16/150
2021-04-28 03:49:22,089 - main.py[line:218] - INFO: ----------
2021-04-28 03:57:10,860 - main.py[line:221] - INFO: 0.446506274368693 0.6410412308662642 0.05157867804801175
2021-04-28 03:57:10,860 - main.py[line:217] - INFO: Epoch 17/150
2021-04-28 03:57:10,860 - main.py[line:218] - INFO: ----------
2021-04-28 04:05:06,578 - main.py[line:221] - INFO: 0.4461843774693821 0.6429968759037548 0.05294566370316112
2021-04-28 04:05:06,578 - main.py[line:217] - INFO: Epoch 18/150
2021-04-28 04:05:06,578 - main.py[line:218] - INFO: ----------
2021-04-28 04:13:09,209 - main.py[line:221] - INFO: 0.44589072633473087 0.6447430085686613 0.05419183940597072
2021-04-28 04:13:09,210 - main.py[line:217] - INFO: Epoch 19/150
2021-04-28 04:13:09,210 - main.py[line:218] - INFO: ----------
2021-04-28 04:20:59,699 - main.py[line:221] - INFO: 0.44562425697903807 0.6462977392612573 0.05532195299039766
2021-04-28 04:20:59,700 - main.py[line:217] - INFO: Epoch 20/150
2021-04-28 04:20:59,700 - main.py[line:218] - INFO: ----------
2021-04-28 04:28:53,572 - main.py[line:221] - INFO: 0.44538302237111377 0.6476823226750118 0.05634446176049146
2021-04-28 04:29:35,139 - main.py[line:226] - INFO: Testing
2021-04-28 04:29:35,139 - main.py[line:228] - INFO: 0.44592932702205795 0.6469742687266173 0.056123030206764235
2021-04-28 04:29:35,140 - main.py[line:217] - INFO: Epoch 21/150
2021-04-28 04:29:35,140 - main.py[line:218] - INFO: ----------
2021-04-28 04:37:15,168 - main.py[line:221] - INFO: 0.44516448347033843 0.6489108164471972 0.05727029340970502
2021-04-28 04:37:15,169 - main.py[line:217] - INFO: Epoch 22/150
2021-04-28 04:37:15,169 - main.py[line:218] - INFO: ----------
2021-04-28 04:44:56,189 - main.py[line:221] - INFO: 0.4449659520304688 0.6500005458468452 0.058110970321272104
2021-04-28 04:44:56,189 - main.py[line:217] - INFO: Epoch 23/150
2021-04-28 04:44:56,190 - main.py[line:218] - INFO: ----------
2021-04-28 04:52:38,577 - main.py[line:221] - INFO: 0.44478491719273106 0.6509712334624357 0.05887723137937828
2021-04-28 04:52:38,578 - main.py[line:217] - INFO: Epoch 24/150
2021-04-28 04:52:38,578 - main.py[line:218] - INFO: ----------
2021-04-28 05:00:36,475 - main.py[line:221] - INFO: 0.4446191918857961 0.6518385066675334 0.05957841883931925
2021-04-28 05:00:36,476 - main.py[line:217] - INFO: Epoch 25/150
2021-04-28 05:00:36,476 - main.py[line:218] - INFO: ----------
2021-04-28 05:08:30,092 - main.py[line:221] - INFO: 0.4444669267514572 0.6526177454117189 0.06022242567419345
2021-04-28 05:09:14,405 - main.py[line:226] - INFO: Testing
2021-04-28 05:09:14,405 - main.py[line:228] - INFO: 0.4451728590070068 0.6511985001450413 0.05932267227629129
2021-04-28 05:09:14,406 - main.py[line:217] - INFO: Epoch 26/150
2021-04-28 05:09:14,406 - main.py[line:218] - INFO: ----------
2021-04-28 05:17:12,670 - main.py[line:221] - INFO: 0.44432655623325357 0.6533246121311331 0.060815928705777345
2021-04-28 05:17:12,670 - main.py[line:217] - INFO: Epoch 27/150
2021-04-28 05:17:12,671 - main.py[line:218] - INFO: ----------
2021-04-28 05:25:49,755 - main.py[line:221] - INFO: 0.44419672616379735 0.65396883201985 0.06136469860119298
2021-04-28 05:25:49,755 - main.py[line:217] - INFO: Epoch 28/150
2021-04-28 05:25:49,756 - main.py[line:218] - INFO: ----------
2021-04-28 05:33:58,323 - main.py[line:221] - INFO: 0.44407623311413313 0.6545601730237307 0.061873858996461695
2021-04-28 05:33:58,323 - main.py[line:217] - INFO: Epoch 29/150
2021-04-28 05:33:58,323 - main.py[line:218] - INFO: ----------
2021-04-28 05:42:13,610 - main.py[line:221] - INFO: 0.44396398444057517 0.6551066264791868 0.06234805733625426
2021-04-28 05:42:13,610 - main.py[line:217] - INFO: Epoch 30/150
2021-04-28 05:42:13,610 - main.py[line:218] - INFO: ----------
2021-04-28 05:51:27,440 - main.py[line:221] - INFO: 0.44385897943880176 0.6556154106938318 0.06279154601480985
2021-04-28 05:52:08,159 - main.py[line:226] - INFO: Testing
2021-04-28 05:52:08,159 - main.py[line:228] - INFO: 0.4446975174135744 0.6535456959459275 0.06133045117910574
2021-04-28 05:52:08,160 - main.py[line:217] - INFO: Epoch 31/150
2021-04-28 05:52:08,160 - main.py[line:218] - INFO: ----------
2021-04-28 06:00:55,247 - main.py[line:221] - INFO: 0.44376030081113504 0.6560919898846364 0.0632082196342365
2021-04-28 06:00:55,248 - main.py[line:217] - INFO: Epoch 32/150
2021-04-28 06:00:55,248 - main.py[line:218] - INFO: ----------
2021-04-28 06:09:24,748 - main.py[line:221] - INFO: 0.44366711458039926 0.6565418506232988 0.06360161638056405
2021-04-28 06:09:24,749 - main.py[line:217] - INFO: Epoch 33/150
2021-04-28 06:09:24,749 - main.py[line:218] - INFO: ----------
2021-04-28 06:17:37,609 - main.py[line:221] - INFO: 0.4435786696772681 0.6569690047429071 0.0639749206286031
2021-04-28 06:17:37,609 - main.py[line:217] - INFO: Epoch 34/150
2021-04-28 06:17:37,609 - main.py[line:218] - INFO: ----------
2021-04-28 06:25:30,396 - main.py[line:221] - INFO: 0.44349429661396483 0.6573768207685315 0.06433096927444815
2021-04-28 06:25:30,396 - main.py[line:217] - INFO: Epoch 35/150
2021-04-28 06:25:30,396 - main.py[line:218] - INFO: ----------
2021-04-28 06:33:59,625 - main.py[line:221] - INFO: 0.44341340383821093 0.657768192038794 0.06467226774383328
2021-04-28 06:34:52,101 - main.py[line:226] - INFO: Testing
2021-04-28 06:34:52,101 - main.py[line:228] - INFO: 0.4444043606248831 0.6549086167061661 0.0625676366257426
2021-04-28 06:34:52,102 - main.py[line:217] - INFO: Epoch 36/150
2021-04-28 06:34:52,102 - main.py[line:218] - INFO: ----------
2021-04-28 06:43:45,036 - main.py[line:221] - INFO: 0.44333547042436156 0.6581448365916128 0.0650010213486012
2021-04-28 06:43:45,036 - main.py[line:217] - INFO: Epoch 37/150
2021-04-28 06:43:45,036 - main.py[line:218] - INFO: ----------
2021-04-28 06:51:56,655 - main.py[line:221] - INFO: 0.44326003550865956 0.6585092610022589 0.06531918027454997
2021-04-28 06:51:56,656 - main.py[line:217] - INFO: Epoch 38/150
2021-04-28 06:51:56,656 - main.py[line:218] - INFO: ----------
2021-04-28 07:00:50,836 - main.py[line:221] - INFO: 0.4431866825242576 0.6588628346235846 0.06562850639975981
2021-04-28 07:00:50,837 - main.py[line:217] - INFO: Epoch 39/150
2021-04-28 07:00:50,837 - main.py[line:218] - INFO: ----------
2021-04-28 07:10:35,149 - main.py[line:221] - INFO: 0.4431150168389748 0.6592084312967722 0.06593066782269386
2021-04-28 07:10:35,149 - main.py[line:217] - INFO: Epoch 40/150
2021-04-28 07:10:35,150 - main.py[line:218] - INFO: ----------
2021-04-28 07:20:19,920 - main.py[line:221] - INFO: 0.4430446354927472 0.6595467183027516 0.0662273665742209
2021-04-28 07:21:07,460 - main.py[line:226] - INFO: Testing
2021-04-28 07:21:07,460 - main.py[line:228] - INFO: 0.44424941989367944 0.65557328634218 0.06322119068034882
2021-04-28 07:21:07,460 - main.py[line:217] - INFO: Epoch 41/150
2021-04-28 07:21:07,460 - main.py[line:218] - INFO: ----------
2021-04-28 07:28:42,817 - main.py[line:221] - INFO: 0.44297509500040533 0.6598800199049802 0.06652047434417252
2021-04-28 07:28:42,817 - main.py[line:217] - INFO: Epoch 42/150
2021-04-28 07:28:42,817 - main.py[line:218] - INFO: ----------
2021-04-28 07:36:50,801 - main.py[line:221] - INFO: 0.4429058936499143 0.6602090788167356 0.06681210698367268
2021-04-28 07:36:50,801 - main.py[line:217] - INFO: Epoch 43/150
2021-04-28 07:36:50,801 - main.py[line:218] - INFO: ----------
2021-04-28 07:44:46,804 - main.py[line:221] - INFO: 0.4428364936409342 0.6605368507446844 0.06710453106349612
2021-04-28 07:44:46,805 - main.py[line:217] - INFO: Epoch 44/150
2021-04-28 07:44:46,805 - main.py[line:218] - INFO: ----------
2021-04-28 07:52:38,719 - main.py[line:221] - INFO: 0.4427664191646667 0.6608649657902352 0.06739975058622805
2021-04-28 07:52:38,720 - main.py[line:217] - INFO: Epoch 45/150
2021-04-28 07:52:38,720 - main.py[line:218] - INFO: ----------
2021-04-28 08:00:24,487 - main.py[line:221] - INFO: 0.4426954305134341 0.6611947969952497 0.06769877383523715
2021-04-28 08:01:03,902 - main.py[line:226] - INFO: Testing
2021-04-28 08:01:03,902 - main.py[line:228] - INFO: 0.44415466165677386 0.6559534841088521 0.06362077720687487
2021-04-28 08:01:03,903 - main.py[line:217] - INFO: Epoch 46/150
2021-04-28 08:01:03,903 - main.py[line:218] - INFO: ----------
2021-04-28 08:08:45,610 - main.py[line:221] - INFO: 0.4426236747432646 0.6615251405031393 0.06800097966891072
2021-04-28 08:08:45,611 - main.py[line:217] - INFO: Epoch 47/150
2021-04-28 08:08:45,611 - main.py[line:218] - INFO: ----------
2021-04-28 08:16:34,413 - main.py[line:221] - INFO: 0.44255160698459317 0.6618545553252156 0.06830445016204889
2021-04-28 08:16:34,414 - main.py[line:217] - INFO: Epoch 48/150
2021-04-28 08:16:34,414 - main.py[line:218] - INFO: ----------
2021-04-28 08:24:24,342 - main.py[line:221] - INFO: 0.4424796731782133 0.6621825487748626 0.06860730731755216
2021-04-28 08:24:24,342 - main.py[line:217] - INFO: Epoch 49/150
2021-04-28 08:24:24,342 - main.py[line:218] - INFO: ----------
2021-04-28 08:32:15,832 - main.py[line:221] - INFO: 0.44240806854333237 0.6625072459237059 0.06890872969460671
2021-04-28 08:32:15,832 - main.py[line:217] - INFO: Epoch 50/150
2021-04-28 08:32:15,832 - main.py[line:218] - INFO: ----------
2021-04-28 08:40:04,143 - main.py[line:221] - INFO: 0.4423367410401506 0.6628301844611718 0.0692089369764195
2021-04-28 08:40:39,397 - main.py[line:226] - INFO: Testing
2021-04-28 08:40:39,397 - main.py[line:228] - INFO: 0.44411181080236767 0.6560483026681145 0.06380144721959413
2021-04-28 08:40:39,397 - main.py[line:217] - INFO: Epoch 51/150
2021-04-28 08:40:39,397 - main.py[line:218] - INFO: ----------
2021-04-28 08:48:49,966 - main.py[line:221] - INFO: 0.44226554804755125 0.6631525074430694 0.06950852985422584
2021-04-28 08:48:49,967 - main.py[line:217] - INFO: Epoch 52/150
2021-04-28 08:48:49,967 - main.py[line:218] - INFO: ----------
2021-04-28 08:56:29,620 - main.py[line:221] - INFO: 0.44219423189440704 0.6634765875086865 0.0698085926658758
2021-04-28 08:56:29,620 - main.py[line:217] - INFO: Epoch 53/150
2021-04-28 08:56:29,620 - main.py[line:218] - INFO: ----------
2021-04-28 09:04:39,194 - main.py[line:221] - INFO: 0.4421223072273554 0.6638046066456167 0.07011116678992946
2021-04-28 09:04:39,194 - main.py[line:217] - INFO: Epoch 54/150
2021-04-28 09:04:39,194 - main.py[line:218] - INFO: ----------
2021-04-28 09:12:21,823 - main.py[line:221] - INFO: 0.4420494418896012 0.6641371995956786 0.07041764795758221
2021-04-28 09:12:21,823 - main.py[line:217] - INFO: Epoch 55/150
2021-04-28 09:12:21,823 - main.py[line:218] - INFO: ----------
2021-04-28 09:20:39,534 - main.py[line:221] - INFO: 0.4419757769437136 0.6644728330939955 0.07072744103263107
2021-04-28 09:21:27,725 - main.py[line:226] - INFO: Testing
2021-04-28 09:21:27,725 - main.py[line:228] - INFO: 0.4442144530205923 0.6555534936430912 0.06336865260217972
2021-04-28 09:21:27,726 - main.py[line:217] - INFO: Epoch 56/150
2021-04-28 09:21:27,726 - main.py[line:218] - INFO: ----------
2021-04-28 09:30:07,894 - main.py[line:221] - INFO: 0.4419017503124457 0.6648092164007118 0.07103870314134642
2021-04-28 09:30:07,894 - main.py[line:217] - INFO: Epoch 57/150
2021-04-28 09:30:07,894 - main.py[line:218] - INFO: ----------
2021-04-28 09:38:03,196 - main.py[line:221] - INFO: 0.4418277372317763 0.6651449166520168 0.07134985615001466
2021-04-28 09:38:03,196 - main.py[line:217] - INFO: Epoch 58/150
2021-04-28 09:38:03,196 - main.py[line:218] - INFO: ----------
2021-04-28 09:45:54,142 - main.py[line:221] - INFO: 0.44175368095025314 0.6654804157277627 0.07166113861196188
2021-04-28 09:45:54,143 - main.py[line:217] - INFO: Epoch 59/150
2021-04-28 09:45:54,143 - main.py[line:218] - INFO: ----------
2021-04-28 09:53:48,041 - main.py[line:221] - INFO: 0.44167929328059324 0.6658179639131628 0.07197376147497359
2021-04-28 09:53:48,042 - main.py[line:217] - INFO: Epoch 60/150
2021-04-28 09:53:48,042 - main.py[line:218] - INFO: ----------
2021-04-28 10:01:37,136 - main.py[line:221] - INFO: 0.4416044471313079 0.666158035664784 0.0722882580168469
2021-04-28 10:02:25,573 - main.py[line:226] - INFO: Testing
2021-04-28 10:02:25,573 - main.py[line:228] - INFO: 0.444373121213088 0.6547625020794641 0.06269942564014086
2021-04-28 10:02:25,574 - main.py[line:217] - INFO: Epoch 61/150
2021-04-28 10:02:25,574 - main.py[line:218] - INFO: ----------
2021-04-28 10:10:28,869 - main.py[line:221] - INFO: 0.4415292367744533 0.6664997962817166 0.07260423123679693
2021-04-28 10:10:28,870 - main.py[line:217] - INFO: Epoch 62/150
2021-04-28 10:10:28,870 - main.py[line:218] - INFO: ----------
2021-04-28 10:18:25,343 - main.py[line:221] - INFO: 0.44145390471555856 0.6668408696167181 0.07292066180131218
2021-04-28 10:18:25,344 - main.py[line:217] - INFO: Epoch 63/150
2021-04-28 10:18:25,344 - main.py[line:218] - INFO: ----------
2021-04-28 10:26:10,120 - main.py[line:221] - INFO: 0.4413787316796422 0.6671804350176722 0.07323637057154386
2021-04-28 10:26:10,121 - main.py[line:217] - INFO: Epoch 64/150
2021-04-28 10:26:10,121 - main.py[line:218] - INFO: ----------
2021-04-28 10:34:03,518 - main.py[line:221] - INFO: 0.44130407911722547 0.6675169748979978 0.07354984026957101
2021-04-28 10:34:03,519 - main.py[line:217] - INFO: Epoch 65/150
2021-04-28 10:34:03,519 - main.py[line:218] - INFO: ----------
2021-04-28 10:41:44,455 - main.py[line:221] - INFO: 0.44123042073760477 0.6678493317004526 0.0738590833775874
2021-04-28 10:42:25,090 - main.py[line:226] - INFO: Testing
2021-04-28 10:42:25,090 - main.py[line:228] - INFO: 0.44456791637641546 0.6538680855851416 0.061877496374207586
2021-04-28 10:42:25,090 - main.py[line:217] - INFO: Epoch 66/150
2021-04-28 10:42:25,090 - main.py[line:218] - INFO: ----------
2021-04-28 10:50:25,392 - main.py[line:221] - INFO: 0.4411579438406008 0.6681756290991385 0.07416331583193236
2021-04-28 10:50:25,393 - main.py[line:217] - INFO: Epoch 67/150
2021-04-28 10:50:25,393 - main.py[line:218] - INFO: ----------
2021-04-28 10:58:37,926 - main.py[line:221] - INFO: 0.4410860518581993 0.6684967837849254 0.07446504364683171
2021-04-28 10:58:37,926 - main.py[line:217] - INFO: Epoch 68/150
2021-04-28 10:58:37,926 - main.py[line:218] - INFO: ----------
2021-04-28 11:06:54,606 - main.py[line:221] - INFO: 0.4410136338458277 0.6688169609055076 0.07476892947357094
2021-04-28 11:06:54,607 - main.py[line:217] - INFO: Epoch 69/150
2021-04-28 11:06:54,607 - main.py[line:218] - INFO: ----------
2021-04-28 11:15:00,263 - main.py[line:221] - INFO: 0.440939788983489 0.669139582838722 0.07507875137304809
2021-04-28 11:15:00,263 - main.py[line:217] - INFO: Epoch 70/150
2021-04-28 11:15:00,263 - main.py[line:218] - INFO: ----------
2021-04-28 11:23:23,345 - main.py[line:221] - INFO: 0.4408642471668156 0.669465755614479 0.07539563929317517
2021-04-28 11:24:04,294 - main.py[line:226] - INFO: Testing
2021-04-28 11:24:04,294 - main.py[line:228] - INFO: 0.4448226030756473 0.6527482415079483 0.06080231413919013
2021-04-28 11:24:04,294 - main.py[line:217] - INFO: Epoch 71/150
2021-04-28 11:24:04,294 - main.py[line:218] - INFO: ----------
2021-04-28 11:32:12,552 - main.py[line:221] - INFO: 0.4407875338755334 0.6697943648460141 0.07571738583081633
2021-04-28 11:32:12,553 - main.py[line:217] - INFO: Epoch 72/150
2021-04-28 11:32:12,553 - main.py[line:218] - INFO: ----------
2021-04-28 11:40:37,005 - main.py[line:221] - INFO: 0.4407102414667371 0.6701219824409185 0.076041504643794
2021-04-28 11:40:37,006 - main.py[line:217] - INFO: Epoch 73/150
2021-04-28 11:40:37,006 - main.py[line:218] - INFO: ----------
2021-04-28 11:48:40,431 - main.py[line:221] - INFO: 0.4406316800012489 0.6704530598865401 0.07637088688569227
2021-04-28 11:48:40,432 - main.py[line:217] - INFO: Epoch 74/150
2021-04-28 11:48:40,432 - main.py[line:218] - INFO: ----------
2021-04-28 11:56:47,585 - main.py[line:221] - INFO: 0.44055101081894915 0.6707955023933379 0.07670904498156195
2021-04-28 11:56:47,585 - main.py[line:217] - INFO: Epoch 75/150
2021-04-28 11:56:47,585 - main.py[line:218] - INFO: ----------
2021-04-28 12:04:47,146 - main.py[line:221] - INFO: 0.44046973439410847 0.6711432491883088 0.07704968596937056
2021-04-28 12:05:30,651 - main.py[line:226] - INFO: Testing
2021-04-28 12:05:30,652 - main.py[line:228] - INFO: 0.4452797724593914 0.6508145044913614 0.058870788764939785
2021-04-28 12:05:30,652 - main.py[line:217] - INFO: Epoch 76/150
2021-04-28 12:05:30,652 - main.py[line:218] - INFO: ----------
2021-04-28 12:13:39,137 - main.py[line:221] - INFO: 0.4403891942451197 0.6714875405514541 0.07738717912242454
2021-04-28 12:13:39,137 - main.py[line:217] - INFO: Epoch 77/150
2021-04-28 12:13:39,137 - main.py[line:218] - INFO: ----------
2021-04-28 12:21:42,501 - main.py[line:221] - INFO: 0.4403073178675664 0.6718390533227925 0.07773020830885857
2021-04-28 12:21:42,501 - main.py[line:217] - INFO: Epoch 78/150
2021-04-28 12:21:42,501 - main.py[line:218] - INFO: ----------
2021-04-28 12:29:44,487 - main.py[line:221] - INFO: 0.44022143848409234 0.6722062800010237 0.0780899399497249
2021-04-28 12:29:44,487 - main.py[line:217] - INFO: Epoch 79/150
2021-04-28 12:29:44,487 - main.py[line:218] - INFO: ----------
2021-04-28 12:37:47,332 - main.py[line:221] - INFO: 0.4401331382824588 0.6725855025273133 0.07845973875064083
2021-04-28 12:37:47,333 - main.py[line:217] - INFO: Epoch 80/150
2021-04-28 12:37:47,333 - main.py[line:218] - INFO: ----------
2021-04-28 12:45:52,379 - main.py[line:221] - INFO: 0.44005260732263707 0.6729318922868801 0.07879693550309042
2021-04-28 12:46:35,267 - main.py[line:226] - INFO: Testing
2021-04-28 12:46:35,267 - main.py[line:228] - INFO: 0.44552455244444367 0.6497419086947548 0.05783578592806593
2021-04-28 12:46:35,268 - main.py[line:217] - INFO: Epoch 81/150
2021-04-28 12:46:35,268 - main.py[line:218] - INFO: ----------
2021-04-28 12:54:39,204 - main.py[line:221] - INFO: 0.43997385755468943 0.6732618528392469 0.0791266144334688
2021-04-28 12:54:39,205 - main.py[line:217] - INFO: Epoch 82/150
2021-04-28 12:54:39,205 - main.py[line:218] - INFO: ----------
2021-04-28 13:02:36,899 - main.py[line:221] - INFO: 0.43989481466229374 0.6735646068188543 0.0794574611704627
2021-04-28 13:02:36,900 - main.py[line:217] - INFO: Epoch 83/150
2021-04-28 13:02:36,900 - main.py[line:218] - INFO: ----------
2021-04-28 13:10:40,479 - main.py[line:221] - INFO: 0.43981540300467964 0.6738752706711061 0.07978979157379429
2021-04-28 13:10:40,479 - main.py[line:217] - INFO: Epoch 84/150
2021-04-28 13:10:40,479 - main.py[line:218] - INFO: ----------
2021-04-28 13:18:27,870 - main.py[line:221] - INFO: 0.43973677630495406 0.6741737268117935 0.08011877788893007
2021-04-28 13:18:27,870 - main.py[line:217] - INFO: Epoch 85/150
2021-04-28 13:18:27,870 - main.py[line:218] - INFO: ----------
2021-04-28 13:26:08,807 - main.py[line:221] - INFO: 0.4396579015795673 0.6744937947048426 0.0804487428845071
2021-04-28 13:26:49,486 - main.py[line:226] - INFO: Testing
2021-04-28 13:26:49,486 - main.py[line:228] - INFO: 0.44582153002566 0.6485093252658728 0.056579312394094305
2021-04-28 13:26:49,486 - main.py[line:217] - INFO: Epoch 86/150
2021-04-28 13:26:49,486 - main.py[line:218] - INFO: ----------
2021-04-28 13:34:29,162 - main.py[line:221] - INFO: 0.4395719748238267 0.6748458036877264 0.08080814202061859
2021-04-28 13:34:29,162 - main.py[line:217] - INFO: Epoch 87/150
2021-04-28 13:34:29,162 - main.py[line:218] - INFO: ----------
2021-04-28 13:42:21,438 - main.py[line:221] - INFO: 0.4395062907285042 0.6751161021811675 0.08108282638696307
2021-04-28 13:42:21,438 - main.py[line:217] - INFO: Epoch 88/150
2021-04-28 13:42:21,438 - main.py[line:218] - INFO: ----------
2021-04-28 13:49:51,817 - main.py[line:221] - INFO: 0.43942214846811145 0.6754812191243613 0.08143464099533093
2021-04-28 13:49:51,818 - main.py[line:217] - INFO: Epoch 89/150
2021-04-28 13:49:51,818 - main.py[line:218] - INFO: ----------
2021-04-28 13:57:45,445 - main.py[line:221] - INFO: 0.43933234499050333 0.6758655531993307 0.08181005190610946
2021-04-28 13:57:45,446 - main.py[line:217] - INFO: Epoch 90/150
2021-04-28 13:57:45,446 - main.py[line:218] - INFO: ----------
2021-04-28 14:05:26,169 - main.py[line:221] - INFO: 0.43925054883407283 0.6762110507671326 0.08215192255554538
2021-04-28 14:06:05,407 - main.py[line:226] - INFO: Testing
2021-04-28 14:06:05,408 - main.py[line:228] - INFO: 0.44623629328256925 0.6467955031678511 0.05482310176314609
2021-04-28 14:06:05,408 - main.py[line:217] - INFO: Epoch 91/150
2021-04-28 14:06:05,408 - main.py[line:218] - INFO: ----------
2021-04-28 14:13:46,441 - main.py[line:221] - INFO: 0.43917275425993585 0.6765560795307014 0.08247700935368185
2021-04-28 14:13:46,442 - main.py[line:217] - INFO: Epoch 92/150
2021-04-28 14:13:46,442 - main.py[line:218] - INFO: ----------
2021-04-28 14:22:01,751 - main.py[line:221] - INFO: 0.43908863316905394 0.6769274646292746 0.08282846851021608
2021-04-28 14:22:01,751 - main.py[line:217] - INFO: Epoch 93/150
2021-04-28 14:22:01,751 - main.py[line:218] - INFO: ----------
2021-04-28 14:29:38,360 - main.py[line:221] - INFO: 0.43901139532257205 0.6772695879291445 0.08315111008193032
2021-04-28 14:29:38,360 - main.py[line:217] - INFO: Epoch 94/150
2021-04-28 14:29:38,361 - main.py[line:218] - INFO: ----------
2021-04-28 14:37:52,404 - main.py[line:221] - INFO: 0.4389337323185812 0.6775492138371989 0.0834754704128865
2021-04-28 14:37:52,404 - main.py[line:217] - INFO: Epoch 95/150
2021-04-28 14:37:52,404 - main.py[line:218] - INFO: ----------
2021-04-28 14:45:45,132 - main.py[line:221] - INFO: 0.4388588510580092 0.6778018992621935 0.08378815842454002
2021-04-28 14:46:24,834 - main.py[line:226] - INFO: Testing
2021-04-28 14:46:24,834 - main.py[line:228] - INFO: 0.44635891750307033 0.6462936060096951 0.05430356757550803
2021-04-28 14:46:24,834 - main.py[line:217] - INFO: Epoch 96/150
2021-04-28 14:46:24,834 - main.py[line:218] - INFO: ----------
2021-04-28 14:54:29,284 - main.py[line:221] - INFO: 0.4387554332241652 0.6782629613197467 0.08421992129981881
2021-04-28 14:54:29,285 - main.py[line:217] - INFO: Epoch 97/150
2021-04-28 14:54:29,285 - main.py[line:218] - INFO: ----------
2021-04-28 15:02:13,391 - main.py[line:221] - INFO: 0.4386657572413113 0.6786948797231255 0.08459423044757886
2021-04-28 15:02:13,391 - main.py[line:217] - INFO: Epoch 98/150
2021-04-28 15:02:13,391 - main.py[line:218] - INFO: ----------
2021-04-28 15:10:05,965 - main.py[line:221] - INFO: 0.43854294316181947 0.6791842584401291 0.0851067344541645
2021-04-28 15:10:05,966 - main.py[line:217] - INFO: Epoch 99/150
2021-04-28 15:10:05,966 - main.py[line:218] - INFO: ----------
2021-04-28 15:17:59,340 - main.py[line:221] - INFO: 0.4384454154351139 0.6795364024340151 0.08551361610666486
2021-04-28 15:17:59,341 - main.py[line:217] - INFO: Epoch 100/150
2021-04-28 15:17:59,341 - main.py[line:218] - INFO: ----------
2021-04-28 15:25:57,207 - main.py[line:221] - INFO: 0.4383646347171632 0.6799016199084088 0.08585056140817293
2021-04-28 15:26:38,960 - main.py[line:226] - INFO: Testing
2021-04-28 15:26:38,960 - main.py[line:228] - INFO: 0.44682458431543204 0.6442147612978106 0.052329330520013095
2021-04-28 15:26:38,960 - main.py[line:217] - INFO: Epoch 101/150
2021-04-28 15:26:38,960 - main.py[line:218] - INFO: ----------
2021-04-28 15:34:07,300 - main.py[line:221] - INFO: 0.43824545802295983 0.6804246271038227 0.08634754720574
2021-04-28 15:34:07,301 - main.py[line:217] - INFO: Epoch 102/150
2021-04-28 15:34:07,301 - main.py[line:218] - INFO: ----------
2021-04-28 15:41:59,999 - main.py[line:221] - INFO: 0.43818403131512795 0.6806212023874519 0.08660365358645283
2021-04-28 15:42:00,000 - main.py[line:217] - INFO: Epoch 103/150
2021-04-28 15:42:00,000 - main.py[line:218] - INFO: ----------
2021-04-28 15:49:29,572 - main.py[line:221] - INFO: 0.4381584692723869 0.6807155442023111 0.08671021883644725
2021-04-28 15:49:29,572 - main.py[line:217] - INFO: Epoch 104/150
2021-04-28 15:49:29,573 - main.py[line:218] - INFO: ----------
2021-04-28 15:56:56,476 - main.py[line:221] - INFO: 0.4380539847856617 0.6812091142012735 0.08714573814326465
2021-04-28 15:56:56,476 - main.py[line:217] - INFO: Epoch 105/150
2021-04-28 15:56:56,476 - main.py[line:218] - INFO: ----------
2021-04-28 16:04:37,634 - main.py[line:221] - INFO: 0.43795810225667464 0.6815478956252154 0.087545310795064
2021-04-28 16:05:17,961 - main.py[line:226] - INFO: Testing
2021-04-28 16:05:17,961 - main.py[line:228] - INFO: 0.44693928697354995 0.6440708987228898 0.051842722125335694
2021-04-28 16:05:17,961 - main.py[line:217] - INFO: Epoch 106/150
2021-04-28 16:05:17,961 - main.py[line:218] - INFO: ----------
2021-04-28 16:13:09,232 - main.py[line:221] - INFO: 0.43785242163781735 0.681997864035463 0.08798561383528392
2021-04-28 16:13:09,232 - main.py[line:217] - INFO: Epoch 107/150
2021-04-28 16:13:09,232 - main.py[line:218] - INFO: ----------
2021-04-28 16:20:54,205 - main.py[line:221] - INFO: 0.43776163936341034 0.6823569943989013 0.08836376022908954
2021-04-28 16:20:54,205 - main.py[line:217] - INFO: Epoch 108/150
2021-04-28 16:20:54,205 - main.py[line:218] - INFO: ----------
2021-04-28 16:28:36,446 - main.py[line:221] - INFO: 0.4376207215637491 0.682932721908271 0.08895058686962865
2021-04-28 16:28:36,447 - main.py[line:217] - INFO: Epoch 109/150
2021-04-28 16:28:36,447 - main.py[line:218] - INFO: ----------
2021-04-28 16:36:27,668 - main.py[line:221] - INFO: 0.4375140929605617 0.6833586408146988 0.08939449679781486
2021-04-28 16:36:27,669 - main.py[line:217] - INFO: Epoch 110/150
2021-04-28 16:36:27,669 - main.py[line:218] - INFO: ----------
2021-04-28 16:44:12,692 - main.py[line:221] - INFO: 0.4374699106346014 0.6835125497813285 0.08957840236046777
2021-04-28 16:44:56,021 - main.py[line:226] - INFO: Testing
2021-04-28 16:44:56,022 - main.py[line:228] - INFO: 0.44748033010095517 0.6419448393355321 0.04954574579441773
2021-04-28 16:44:56,022 - main.py[line:217] - INFO: Epoch 111/150
2021-04-28 16:44:56,022 - main.py[line:218] - INFO: ----------
2021-04-28 16:52:42,790 - main.py[line:221] - INFO: 0.43741006832995827 0.6837322201560757 0.08982746177666112
2021-04-28 16:52:42,790 - main.py[line:217] - INFO: Epoch 112/150
2021-04-28 16:52:42,790 - main.py[line:218] - INFO: ----------
2021-04-28 17:00:57,654 - main.py[line:221] - INFO: 0.4373079474342002 0.6841094966443494 0.09025240300008297
2021-04-28 17:00:57,654 - main.py[line:217] - INFO: Epoch 113/150
2021-04-28 17:00:57,654 - main.py[line:218] - INFO: ----------
2021-04-28 17:08:51,695 - main.py[line:221] - INFO: 0.43718965539797433 0.6845760665193598 0.09074451086710467
2021-04-28 17:08:51,695 - main.py[line:217] - INFO: Epoch 114/150
2021-04-28 17:08:51,695 - main.py[line:218] - INFO: ----------
2021-04-28 17:16:49,362 - main.py[line:221] - INFO: 0.43712602327135097 0.6849508940363769 0.09100917243515472
2021-04-28 17:16:49,363 - main.py[line:217] - INFO: Epoch 115/150
2021-04-28 17:16:49,363 - main.py[line:218] - INFO: ----------
2021-04-28 17:24:45,534 - main.py[line:221] - INFO: 0.4370214509290171 0.6852941320172266 0.0914440306913189
2021-04-28 17:25:26,706 - main.py[line:226] - INFO: Testing
2021-04-28 17:25:26,706 - main.py[line:228] - INFO: 0.44791521497132186 0.6405342730415303 0.04769744543715948
2021-04-28 17:25:26,707 - main.py[line:217] - INFO: Epoch 116/150
2021-04-28 17:25:26,707 - main.py[line:218] - INFO: ----------
2021-04-28 17:33:03,060 - main.py[line:221] - INFO: 0.43683783093593137 0.6859220112576325 0.0922073524587087
2021-04-28 17:33:03,060 - main.py[line:217] - INFO: Epoch 117/150
2021-04-28 17:33:03,061 - main.py[line:218] - INFO: ----------
2021-04-28 17:40:44,475 - main.py[line:221] - INFO: 0.4367711167783208 0.6863017640961849 0.09248460865263564
2021-04-28 17:40:44,475 - main.py[line:217] - INFO: Epoch 118/150
2021-04-28 17:40:44,475 - main.py[line:218] - INFO: ----------
2021-04-28 17:48:26,056 - main.py[line:221] - INFO: 0.43670666380536205 0.6864650692050552 0.09275242741163392
2021-04-28 17:48:26,056 - main.py[line:217] - INFO: Epoch 119/150
2021-04-28 17:48:26,057 - main.py[line:218] - INFO: ----------
2021-04-28 17:56:12,461 - main.py[line:221] - INFO: 0.43654284182472486 0.6870972395796607 0.09343297217684643
2021-04-28 17:56:12,461 - main.py[line:217] - INFO: Epoch 120/150
2021-04-28 17:56:12,461 - main.py[line:218] - INFO: ----------
2021-04-28 18:03:50,259 - main.py[line:221] - INFO: 0.4363997149828907 0.6877791429560127 0.094027336772047
2021-04-28 18:04:35,839 - main.py[line:226] - INFO: Testing
2021-04-28 18:04:35,840 - main.py[line:228] - INFO: 0.44871949549746354 0.637528785244194 0.044274449214050327
2021-04-28 18:04:35,840 - main.py[line:217] - INFO: Epoch 121/150
2021-04-28 18:04:35,840 - main.py[line:218] - INFO: ----------
2021-04-28 18:12:28,619 - main.py[line:221] - INFO: 0.4364249700586167 0.687606430858531 0.09392247387002894
2021-04-28 18:12:28,619 - main.py[line:217] - INFO: Epoch 122/150
2021-04-28 18:12:28,619 - main.py[line:218] - INFO: ----------
2021-04-28 18:20:31,130 - main.py[line:221] - INFO: 0.4362489421034373 0.6882871497399413 0.0946532423626274
2021-04-28 18:20:31,130 - main.py[line:217] - INFO: Epoch 123/150
2021-04-28 18:20:31,130 - main.py[line:218] - INFO: ----------
2021-04-28 18:28:18,734 - main.py[line:221] - INFO: 0.4361003402363146 0.6889022151507449 0.09526992376487986
2021-04-28 18:28:18,735 - main.py[line:217] - INFO: Epoch 124/150
2021-04-28 18:28:18,735 - main.py[line:218] - INFO: ----------
2021-04-28 18:36:24,047 - main.py[line:221] - INFO: 0.4359237353614331 0.6895547869653539 0.09600254135154995
2021-04-28 18:36:24,047 - main.py[line:217] - INFO: Epoch 125/150
2021-04-28 18:36:24,047 - main.py[line:218] - INFO: ----------
2021-04-28 18:44:19,837 - main.py[line:221] - INFO: 0.4358099210879373 0.6900746233033019 0.09647452474813001
2021-04-28 18:45:04,346 - main.py[line:226] - INFO: Testing
2021-04-28 18:45:04,346 - main.py[line:228] - INFO: 0.4485728505825507 0.6381334436829678 0.04489902377373911
2021-04-28 18:45:04,346 - main.py[line:217] - INFO: Epoch 126/150
2021-04-28 18:45:04,346 - main.py[line:218] - INFO: ----------
2021-04-28 18:52:37,685 - main.py[line:221] - INFO: 0.4356482932211378 0.6906827747668495 0.09714457748570571
2021-04-28 18:52:37,685 - main.py[line:217] - INFO: Epoch 127/150
2021-04-28 18:52:37,685 - main.py[line:218] - INFO: ----------
2021-04-28 19:00:39,358 - main.py[line:221] - INFO: 0.4355720614650293 0.6909747890800967 0.09746052148765783
2021-04-28 19:00:39,358 - main.py[line:217] - INFO: Epoch 128/150
2021-04-28 19:00:39,358 - main.py[line:218] - INFO: ----------
2021-04-28 19:08:42,074 - main.py[line:221] - INFO: 0.435342982869045 0.6918464345040759 0.09840960948760613
2021-04-28 19:08:42,075 - main.py[line:217] - INFO: Epoch 129/150
2021-04-28 19:08:42,075 - main.py[line:218] - INFO: ----------
2021-04-28 19:16:28,869 - main.py[line:221] - INFO: 0.4352882241346147 0.6921298401204439 0.09863640466176582
2021-04-28 19:16:28,869 - main.py[line:217] - INFO: Epoch 130/150
2021-04-28 19:16:28,869 - main.py[line:218] - INFO: ----------
2021-04-28 19:24:31,943 - main.py[line:221] - INFO: 0.43528143716811374 0.6921231252496317 0.09866451236831841
2021-04-28 19:25:16,928 - main.py[line:226] - INFO: Testing
2021-04-28 19:25:16,928 - main.py[line:228] - INFO: 0.44908119469008106 0.6360048879448361 0.042733065402019266
2021-04-28 19:25:16,929 - main.py[line:217] - INFO: Epoch 131/150
2021-04-28 19:25:16,929 - main.py[line:218] - INFO: ----------
2021-04-28 19:33:53,351 - main.py[line:221] - INFO: 0.4351245539396771 0.6926211261465092 0.09931411019992176
2021-04-28 19:33:53,352 - main.py[line:217] - INFO: Epoch 132/150
2021-04-28 19:33:53,352 - main.py[line:218] - INFO: ----------
2021-04-28 19:41:41,425 - main.py[line:221] - INFO: 0.43500595217628485 0.6931381709953468 0.09980504262595369
2021-04-28 19:41:41,425 - main.py[line:217] - INFO: Epoch 133/150
2021-04-28 19:41:41,425 - main.py[line:218] - INFO: ----------
2021-04-28 19:49:31,616 - main.py[line:221] - INFO: 0.4347773319980955 0.6940252926792437 0.10075100049184271
2021-04-28 19:49:31,616 - main.py[line:217] - INFO: Epoch 134/150
2021-04-28 19:49:31,617 - main.py[line:218] - INFO: ----------
2021-04-28 19:57:46,132 - main.py[line:221] - INFO: 0.43475084715527307 0.6941247924779222 0.10086055423927576
2021-04-28 19:57:46,133 - main.py[line:217] - INFO: Epoch 135/150
2021-04-28 19:57:46,133 - main.py[line:218] - INFO: ----------
2021-04-28 20:05:18,708 - main.py[line:221] - INFO: 0.43459153913747717 0.6947231868929009 0.10151938621005219
2021-04-28 20:06:01,828 - main.py[line:226] - INFO: Testing
2021-04-28 20:06:01,828 - main.py[line:228] - INFO: 0.44952870751693774 0.6353200205153638 0.04082426724440136
2021-04-28 20:06:01,828 - main.py[line:217] - INFO: Epoch 136/150
2021-04-28 20:06:01,828 - main.py[line:218] - INFO: ----------
2021-04-28 20:14:07,480 - main.py[line:221] - INFO: 0.4345198613177984 0.6950015901937805 0.10181573721891635
2021-04-28 20:14:07,480 - main.py[line:217] - INFO: Epoch 137/150
2021-04-28 20:14:07,480 - main.py[line:218] - INFO: ----------
2021-04-28 20:21:47,849 - main.py[line:221] - INFO: 0.4343834580403481 0.6956898679373352 0.10237955976547153
2021-04-28 20:21:47,850 - main.py[line:217] - INFO: Epoch 138/150
2021-04-28 20:21:47,850 - main.py[line:218] - INFO: ----------
2021-04-28 20:29:30,491 - main.py[line:221] - INFO: 0.4342886229992228 0.6959054752458778 0.1027714558075764
2021-04-28 20:29:30,491 - main.py[line:217] - INFO: Epoch 139/150
2021-04-28 20:29:30,491 - main.py[line:218] - INFO: ----------
2021-04-28 20:37:02,375 - main.py[line:221] - INFO: 0.4340860017609667 0.6968203006023849 0.10360848049281879
2021-04-28 20:37:02,376 - main.py[line:217] - INFO: Epoch 140/150
2021-04-28 20:37:02,376 - main.py[line:218] - INFO: ----------
2021-04-28 20:44:50,294 - main.py[line:221] - INFO: 0.4340664617218523 0.6969392597005494 0.1036891793914616
2021-04-28 20:45:31,520 - main.py[line:226] - INFO: Testing
2021-04-28 20:45:31,520 - main.py[line:228] - INFO: 0.45036454317984315 0.6325079117150374 0.037254045330706975
2021-04-28 20:45:31,521 - main.py[line:217] - INFO: Epoch 141/150
2021-04-28 20:45:31,521 - main.py[line:218] - INFO: ----------
2021-04-28 20:52:53,991 - main.py[line:221] - INFO: 0.4338071781657355 0.6978067407463209 0.10475965715185365
2021-04-28 20:52:53,992 - main.py[line:217] - INFO: Epoch 142/150
2021-04-28 20:52:53,992 - main.py[line:218] - INFO: ----------
2021-04-28 21:00:34,857 - main.py[line:221] - INFO: 0.433701392532254 0.6982273782172044 0.10519621986740424
2021-04-28 21:00:34,857 - main.py[line:217] - INFO: Epoch 143/150
2021-04-28 21:00:34,857 - main.py[line:218] - INFO: ----------
2021-04-28 21:08:14,494 - main.py[line:221] - INFO: 0.4335366708211665 0.6988523135365406 0.10587579167379135
2021-04-28 21:08:14,495 - main.py[line:217] - INFO: Epoch 144/150
2021-04-28 21:08:14,495 - main.py[line:218] - INFO: ----------
2021-04-28 21:15:50,936 - main.py[line:221] - INFO: 0.43343587262509525 0.6992669261683278 0.10629151489202138
2021-04-28 21:15:50,937 - main.py[line:217] - INFO: Epoch 145/150
2021-04-28 21:15:50,937 - main.py[line:218] - INFO: ----------
2021-04-28 21:23:14,214 - main.py[line:221] - INFO: 0.4333138398519105 0.6996758690452723 0.10679468677380277
2021-04-28 21:23:55,253 - main.py[line:226] - INFO: Testing
2021-04-28 21:23:55,253 - main.py[line:228] - INFO: 0.45086740847995455 0.630968683559177 0.035102891004365366
2021-04-28 21:23:55,253 - main.py[line:217] - INFO: Epoch 146/150
2021-04-28 21:23:55,254 - main.py[line:218] - INFO: ----------
2021-04-28 21:31:31,298 - main.py[line:221] - INFO: 0.4331224404261634 0.7003988114945019 0.10758358946320168
2021-04-28 21:31:31,298 - main.py[line:217] - INFO: Epoch 147/150
2021-04-28 21:31:31,298 - main.py[line:218] - INFO: ----------
2021-04-28 21:39:08,994 - main.py[line:221] - INFO: 0.43306310348883137 0.700513924369 0.10782809136121951
2021-04-28 21:39:08,994 - main.py[line:217] - INFO: Epoch 148/150
2021-04-28 21:39:08,994 - main.py[line:218] - INFO: ----------
2021-04-28 21:46:46,485 - main.py[line:221] - INFO: 0.4328443281728177 0.7013708089238958 0.10872928053083186
2021-04-28 21:46:46,485 - main.py[line:217] - INFO: Epoch 149/150
2021-04-28 21:46:46,485 - main.py[line:218] - INFO: ----------
2021-04-28 21:54:09,729 - main.py[line:221] - INFO: 0.4327430373758624 0.7017183496095385 0.10914636793426025
2021-04-28 21:54:09,730 - main.py[line:217] - INFO: Epoch 150/150
2021-04-28 21:54:09,730 - main.py[line:218] - INFO: ----------
2021-04-28 22:01:40,325 - main.py[line:221] - INFO: 0.43265426678946717 0.7021846648749144 0.10951182032190654
2021-04-28 22:02:20,758 - main.py[line:226] - INFO: Testing
2021-04-28 22:02:20,758 - main.py[line:228] - INFO: 0.45150083275551994 0.6290301279766313 0.03238981584705558
