2021-04-28 01:49:55,381 - main.py[line:217] - INFO: Epoch 1/150
2021-04-28 01:49:55,381 - main.py[line:218] - INFO: ----------
2021-04-28 01:54:15,964 - main.py[line:221] - INFO: 0.48841097323613064 0.5602376316355046 -0.047016897962222526
2021-04-28 01:54:15,965 - main.py[line:217] - INFO: Epoch 2/150
2021-04-28 01:54:15,965 - main.py[line:218] - INFO: ----------
2021-04-28 01:58:29,448 - main.py[line:221] - INFO: 0.4734878683249259 0.5880122659753639 0.015987586050406177
2021-04-28 01:58:29,449 - main.py[line:217] - INFO: Epoch 3/150
2021-04-28 01:58:29,449 - main.py[line:218] - INFO: ----------
2021-04-28 02:02:46,589 - main.py[line:221] - INFO: 0.4695198003016974 0.6065115384677405 0.03241152032177119
2021-04-28 02:02:46,589 - main.py[line:217] - INFO: Epoch 4/150
2021-04-28 02:02:46,589 - main.py[line:218] - INFO: ----------
2021-04-28 02:07:09,127 - main.py[line:221] - INFO: 0.4686435482529901 0.611480561375544 0.03601971842576168
2021-04-28 02:07:09,128 - main.py[line:217] - INFO: Epoch 5/150
2021-04-28 02:07:09,128 - main.py[line:218] - INFO: ----------
2021-04-28 02:11:24,144 - main.py[line:221] - INFO: 0.4682311987587949 0.6139431644227864 0.03771534363395679
2021-04-28 02:11:45,975 - main.py[line:226] - INFO: Testing
2021-04-28 02:11:45,975 - main.py[line:228] - INFO: 0.47674792533720234 0.6142770415019816 0.03413841348874702
2021-04-28 02:11:45,975 - main.py[line:217] - INFO: Epoch 6/150
2021-04-28 02:11:45,975 - main.py[line:218] - INFO: ----------
2021-04-28 02:16:00,725 - main.py[line:221] - INFO: 0.4679212813362095 0.6159090425024941 0.03898877472526763
2021-04-28 02:16:00,726 - main.py[line:217] - INFO: Epoch 7/150
2021-04-28 02:16:00,726 - main.py[line:218] - INFO: ----------
2021-04-28 02:20:27,457 - main.py[line:221] - INFO: 0.46763482579714205 0.6177235102757737 0.04016505259909908
2021-04-28 02:20:27,458 - main.py[line:217] - INFO: Epoch 8/150
2021-04-28 02:20:27,458 - main.py[line:218] - INFO: ----------
2021-04-28 02:24:42,158 - main.py[line:221] - INFO: 0.46734936475385935 0.6195118980951968 0.04133653017957806
2021-04-28 02:24:42,159 - main.py[line:217] - INFO: Epoch 9/150
2021-04-28 02:24:42,159 - main.py[line:218] - INFO: ----------
2021-04-28 02:29:01,016 - main.py[line:221] - INFO: 0.4670556001074473 0.6213408473998311 0.04254133731624721
2021-04-28 02:29:01,016 - main.py[line:217] - INFO: Epoch 10/150
2021-04-28 02:29:01,017 - main.py[line:218] - INFO: ----------
2021-04-28 02:33:40,089 - main.py[line:221] - INFO: 0.46674818938733226 0.6232143240494676 0.043801299485897616
2021-04-28 02:34:03,962 - main.py[line:226] - INFO: Testing
2021-04-28 02:34:03,962 - main.py[line:228] - INFO: 0.4752986064913587 0.6231837227237036 0.04000194664340506
2021-04-28 02:34:03,963 - main.py[line:217] - INFO: Epoch 11/150
2021-04-28 02:34:03,963 - main.py[line:218] - INFO: ----------
2021-04-28 02:38:45,538 - main.py[line:221] - INFO: 0.4664234352323472 0.6251532301423969 0.04513144485292908
2021-04-28 02:38:45,538 - main.py[line:217] - INFO: Epoch 12/150
2021-04-28 02:38:45,538 - main.py[line:218] - INFO: ----------
2021-04-28 02:43:10,955 - main.py[line:221] - INFO: 0.4660785775384583 0.6271661223965067 0.04654291781376085
2021-04-28 02:43:10,956 - main.py[line:217] - INFO: Epoch 13/150
2021-04-28 02:43:10,956 - main.py[line:218] - INFO: ----------
2021-04-28 02:47:42,530 - main.py[line:221] - INFO: 0.4657115162112745 0.6292055996796944 0.0480441213710574
2021-04-28 02:47:42,531 - main.py[line:217] - INFO: Epoch 14/150
2021-04-28 02:47:42,531 - main.py[line:218] - INFO: ----------
2021-04-28 02:51:53,190 - main.py[line:221] - INFO: 0.4653207421982237 0.6312780280980267 0.04964100500120394
2021-04-28 02:51:53,191 - main.py[line:217] - INFO: Epoch 15/150
2021-04-28 02:51:53,191 - main.py[line:218] - INFO: ----------
2021-04-28 02:56:04,610 - main.py[line:221] - INFO: 0.46490528631796124 0.6334300838284004 0.051337280006808705
2021-04-28 02:56:25,447 - main.py[line:226] - INFO: Testing
2021-04-28 02:56:25,447 - main.py[line:228] - INFO: 0.4734331821787511 0.6326045539299421 0.04752264821199326
2021-04-28 02:56:25,447 - main.py[line:217] - INFO: Epoch 16/150
2021-04-28 02:56:25,447 - main.py[line:218] - INFO: ----------
2021-04-28 03:00:40,196 - main.py[line:221] - INFO: 0.464464731045735 0.6357137210911221 0.05313437868905879
2021-04-28 03:00:40,196 - main.py[line:217] - INFO: Epoch 17/150
2021-04-28 03:00:40,196 - main.py[line:218] - INFO: ----------
2021-04-28 03:04:56,028 - main.py[line:221] - INFO: 0.46399921696704227 0.6381385315495439 0.05503143721835446
2021-04-28 03:04:56,029 - main.py[line:217] - INFO: Epoch 18/150
2021-04-28 03:04:56,029 - main.py[line:218] - INFO: ----------
2021-04-28 03:09:18,470 - main.py[line:221] - INFO: 0.46350946191302206 0.640671779854493 0.05702522887278538
2021-04-28 03:09:18,471 - main.py[line:217] - INFO: Epoch 19/150
2021-04-28 03:09:18,471 - main.py[line:218] - INFO: ----------
2021-04-28 03:13:38,928 - main.py[line:221] - INFO: 0.46299677294882763 0.6432936321721089 0.05911012863957499
2021-04-28 03:13:38,928 - main.py[line:217] - INFO: Epoch 20/150
2021-04-28 03:13:38,928 - main.py[line:218] - INFO: ----------
2021-04-28 03:17:55,520 - main.py[line:221] - INFO: 0.46246306861800807 0.6460052316977563 0.06127803824928946
2021-04-28 03:18:14,307 - main.py[line:226] - INFO: Testing
2021-04-28 03:18:14,307 - main.py[line:228] - INFO: 0.47103880383885066 0.6456497157966733 0.05713255391858918
2021-04-28 03:18:14,307 - main.py[line:217] - INFO: Epoch 21/150
2021-04-28 03:18:14,307 - main.py[line:218] - INFO: ----------
2021-04-28 03:22:40,009 - main.py[line:221] - INFO: 0.46191082077522616 0.6488220245752115 0.06351863944277891
2021-04-28 03:22:40,010 - main.py[line:217] - INFO: Epoch 22/150
2021-04-28 03:22:40,010 - main.py[line:218] - INFO: ----------
2021-04-28 03:27:06,209 - main.py[line:221] - INFO: 0.4613429082490091 0.6517169349977284 0.0658200038054424
2021-04-28 03:27:06,210 - main.py[line:217] - INFO: Epoch 23/150
2021-04-28 03:27:06,210 - main.py[line:218] - INFO: ----------
2021-04-28 03:31:25,009 - main.py[line:221] - INFO: 0.4607624050749934 0.6546198276116574 0.06816946344318886
2021-04-28 03:31:25,010 - main.py[line:217] - INFO: Epoch 24/150
2021-04-28 03:31:25,010 - main.py[line:218] - INFO: ----------
2021-04-28 03:35:46,434 - main.py[line:221] - INFO: 0.46017228344310207 0.6575108169145963 0.07055481959533783
2021-04-28 03:35:46,435 - main.py[line:217] - INFO: Epoch 25/150
2021-04-28 03:35:46,435 - main.py[line:218] - INFO: ----------
2021-04-28 03:40:10,450 - main.py[line:221] - INFO: 0.45957508288023824 0.6603986866636917 0.072965677570486
2021-04-28 03:40:31,096 - main.py[line:226] - INFO: Testing
2021-04-28 03:40:31,096 - main.py[line:228] - INFO: 0.46838685501331184 0.6598559977393408 0.06771935681911312
2021-04-28 03:40:31,097 - main.py[line:217] - INFO: Epoch 26/150
2021-04-28 03:40:31,097 - main.py[line:218] - INFO: ----------
2021-04-28 03:44:53,864 - main.py[line:221] - INFO: 0.4589727149621304 0.6632509968245669 0.0753942242698914
2021-04-28 03:44:53,865 - main.py[line:217] - INFO: Epoch 27/150
2021-04-28 03:44:53,865 - main.py[line:218] - INFO: ----------
2021-04-28 03:49:18,080 - main.py[line:221] - INFO: 0.4583665609116509 0.6660586387434119 0.07783482010119724
2021-04-28 03:49:18,081 - main.py[line:217] - INFO: Epoch 28/150
2021-04-28 03:49:18,081 - main.py[line:218] - INFO: ----------
2021-04-28 03:53:46,399 - main.py[line:221] - INFO: 0.4577582124349533 0.6688132985087953 0.08028100858638254
2021-04-28 03:53:46,400 - main.py[line:217] - INFO: Epoch 29/150
2021-04-28 03:53:46,400 - main.py[line:218] - INFO: ----------
2021-04-28 03:58:04,122 - main.py[line:221] - INFO: 0.4571513327332045 0.6714738038717672 0.08271805407645638
2021-04-28 03:58:04,123 - main.py[line:217] - INFO: Epoch 30/150
2021-04-28 03:58:04,123 - main.py[line:218] - INFO: ----------
2021-04-28 04:02:24,576 - main.py[line:221] - INFO: 0.45655213817188534 0.674023039276063 0.08512106642628292
2021-04-28 04:02:43,159 - main.py[line:226] - INFO: Testing
2021-04-28 04:02:43,159 - main.py[line:228] - INFO: 0.4655538426547824 0.671489116692741 0.0789629478448336
2021-04-28 04:02:43,159 - main.py[line:217] - INFO: Epoch 31/150
2021-04-28 04:02:43,159 - main.py[line:218] - INFO: ----------
2021-04-28 04:07:09,282 - main.py[line:221] - INFO: 0.455966024046569 0.6764882993166773 0.0874685716669108
2021-04-28 04:07:09,283 - main.py[line:217] - INFO: Epoch 32/150
2021-04-28 04:07:09,283 - main.py[line:218] - INFO: ----------
2021-04-28 04:11:39,665 - main.py[line:221] - INFO: 0.45541516332302795 0.6788393062278884 0.08967213092084458
2021-04-28 04:11:39,666 - main.py[line:217] - INFO: Epoch 33/150
2021-04-28 04:11:39,666 - main.py[line:218] - INFO: ----------
2021-04-28 04:15:54,149 - main.py[line:221] - INFO: 0.45491529475879255 0.6810142442361111 0.09166940545531344
2021-04-28 04:15:54,149 - main.py[line:217] - INFO: Epoch 34/150
2021-04-28 04:15:54,149 - main.py[line:218] - INFO: ----------
2021-04-28 04:20:12,016 - main.py[line:221] - INFO: 0.4544499319609633 0.6830420139441148 0.09352683722866428
2021-04-28 04:20:12,017 - main.py[line:217] - INFO: Epoch 35/150
2021-04-28 04:20:12,017 - main.py[line:218] - INFO: ----------
2021-04-28 04:24:43,928 - main.py[line:221] - INFO: 0.454007075202548 0.6849571168792286 0.0952926738577875
2021-04-28 04:25:07,513 - main.py[line:226] - INFO: Testing
2021-04-28 04:25:07,514 - main.py[line:228] - INFO: 0.4633114271703019 0.6803026739196953 0.08781422783779236
2021-04-28 04:25:07,515 - main.py[line:217] - INFO: Epoch 36/150
2021-04-28 04:25:07,515 - main.py[line:218] - INFO: ----------
2021-04-28 04:29:38,605 - main.py[line:221] - INFO: 0.45357758399416015 0.6867977710507 0.09700357253332381
2021-04-28 04:29:38,606 - main.py[line:217] - INFO: Epoch 37/150
2021-04-28 04:29:38,606 - main.py[line:218] - INFO: ----------
2021-04-28 04:34:05,038 - main.py[line:221] - INFO: 0.4531566633926505 0.6885894759653376 0.09867875865758091
2021-04-28 04:34:05,038 - main.py[line:217] - INFO: Epoch 38/150
2021-04-28 04:34:05,039 - main.py[line:218] - INFO: ----------
2021-04-28 04:38:26,720 - main.py[line:221] - INFO: 0.45273936445188145 0.6903478364466584 0.10033799596090132
2021-04-28 04:38:26,721 - main.py[line:217] - INFO: Epoch 39/150
2021-04-28 04:38:26,721 - main.py[line:218] - INFO: ----------
2021-04-28 04:43:44,170 - main.py[line:221] - INFO: 0.452325364889137 0.6920775082691084 0.10198260392263658
2021-04-28 04:43:44,171 - main.py[line:217] - INFO: Epoch 40/150
2021-04-28 04:43:44,171 - main.py[line:218] - INFO: ----------
2021-04-28 04:48:08,110 - main.py[line:221] - INFO: 0.4519181323564433 0.6937759882062404 0.10359886206180957
2021-04-28 04:48:26,279 - main.py[line:226] - INFO: Testing
2021-04-28 04:48:26,280 - main.py[line:228] - INFO: 0.461400099637336 0.688708419221555 0.09532489743992667
2021-04-28 04:48:26,280 - main.py[line:217] - INFO: Epoch 41/150
2021-04-28 04:48:26,280 - main.py[line:218] - INFO: ----------
2021-04-28 04:52:59,536 - main.py[line:221] - INFO: 0.45152104307977275 0.6954262269828093 0.10517346096018121
2021-04-28 04:52:59,537 - main.py[line:217] - INFO: Epoch 42/150
2021-04-28 04:52:59,537 - main.py[line:218] - INFO: ----------
2021-04-28 04:57:16,774 - main.py[line:221] - INFO: 0.45113516121244823 0.6970143345998354 0.10670229241099505
2021-04-28 04:57:16,774 - main.py[line:217] - INFO: Epoch 43/150
2021-04-28 04:57:16,774 - main.py[line:218] - INFO: ----------
2021-04-28 05:01:54,415 - main.py[line:221] - INFO: 0.4507605055143378 0.6985422280841043 0.10818539607484012
2021-04-28 05:01:54,416 - main.py[line:217] - INFO: Epoch 44/150
2021-04-28 05:01:54,416 - main.py[line:218] - INFO: ----------
2021-04-28 05:06:18,607 - main.py[line:221] - INFO: 0.4503968973775315 0.7000162573755806 0.10962358888517854
2021-04-28 05:06:18,608 - main.py[line:217] - INFO: Epoch 45/150
2021-04-28 05:06:18,608 - main.py[line:218] - INFO: ----------
2021-04-28 05:10:44,737 - main.py[line:221] - INFO: 0.4500443364471699 0.7014383520770171 0.11101697803138089
2021-04-28 05:11:08,098 - main.py[line:226] - INFO: Testing
2021-04-28 05:11:08,098 - main.py[line:228] - INFO: 0.45961969823668497 0.6964149161944637 0.1022931544982193
2021-04-28 05:11:08,099 - main.py[line:217] - INFO: Epoch 46/150
2021-04-28 05:11:08,099 - main.py[line:218] - INFO: ----------
2021-04-28 05:15:32,868 - main.py[line:221] - INFO: 0.44970283708851627 0.7028115949591264 0.11236560937453322
2021-04-28 05:15:32,868 - main.py[line:217] - INFO: Epoch 47/150
2021-04-28 05:15:32,868 - main.py[line:218] - INFO: ----------
2021-04-28 05:20:50,896 - main.py[line:221] - INFO: 0.44937244230909035 0.7041341946498267 0.11366941274196551
2021-04-28 05:20:50,897 - main.py[line:217] - INFO: Epoch 48/150
2021-04-28 05:20:50,897 - main.py[line:218] - INFO: ----------
2021-04-28 05:26:23,086 - main.py[line:221] - INFO: 0.44905325950307035 0.7054024999824515 0.11492806141216105
2021-04-28 05:26:23,087 - main.py[line:217] - INFO: Epoch 49/150
2021-04-28 05:26:23,087 - main.py[line:218] - INFO: ----------
2021-04-28 05:31:11,562 - main.py[line:221] - INFO: 0.4487456503507608 0.7066104987206124 0.11614022488239084
2021-04-28 05:31:11,563 - main.py[line:217] - INFO: Epoch 50/150
2021-04-28 05:31:11,563 - main.py[line:218] - INFO: ----------
2021-04-28 05:35:56,371 - main.py[line:221] - INFO: 0.4484497287874237 0.7077695640321225 0.11730554838667895
2021-04-28 05:36:17,921 - main.py[line:226] - INFO: Testing
2021-04-28 05:36:17,921 - main.py[line:228] - INFO: 0.4581109869140197 0.7026430088640251 0.10817696494510054
2021-04-28 05:36:17,922 - main.py[line:217] - INFO: Epoch 51/150
2021-04-28 05:36:17,922 - main.py[line:218] - INFO: ----------
2021-04-28 05:41:04,067 - main.py[line:221] - INFO: 0.44816569518474075 0.7088809152189954 0.11842333471458832
2021-04-28 05:41:04,068 - main.py[line:217] - INFO: Epoch 52/150
2021-04-28 05:41:04,068 - main.py[line:218] - INFO: ----------
2021-04-28 05:45:34,302 - main.py[line:221] - INFO: 0.44789378704485155 0.709943346751897 0.11949273898542612
2021-04-28 05:45:34,302 - main.py[line:217] - INFO: Epoch 53/150
2021-04-28 05:45:34,302 - main.py[line:218] - INFO: ----------
2021-04-28 05:50:29,067 - main.py[line:221] - INFO: 0.4476341102224679 0.710953506558046 0.12051343207132781
2021-04-28 05:50:29,067 - main.py[line:217] - INFO: Epoch 54/150
2021-04-28 05:50:29,067 - main.py[line:218] - INFO: ----------
2021-04-28 05:55:33,024 - main.py[line:221] - INFO: 0.44738479133315767 0.7119101686590381 0.12149285497548135
2021-04-28 05:55:33,025 - main.py[line:217] - INFO: Epoch 55/150
2021-04-28 05:55:33,025 - main.py[line:218] - INFO: ----------
2021-04-28 06:00:20,330 - main.py[line:221] - INFO: 0.4471430927011133 0.712823646125287 0.12244182160478345
2021-04-28 06:00:41,796 - main.py[line:226] - INFO: Testing
2021-04-28 06:00:41,796 - main.py[line:228] - INFO: 0.45693786071113546 0.707353990836422 0.11273866036089841
2021-04-28 06:00:41,796 - main.py[line:217] - INFO: Epoch 56/150
2021-04-28 06:00:41,796 - main.py[line:218] - INFO: ----------
2021-04-28 06:05:36,866 - main.py[line:221] - INFO: 0.4469086749771782 0.7136972926041942 0.12336171177140975
2021-04-28 06:05:36,866 - main.py[line:217] - INFO: Epoch 57/150
2021-04-28 06:05:36,866 - main.py[line:218] - INFO: ----------
2021-04-28 06:10:17,057 - main.py[line:221] - INFO: 0.4466829929842748 0.714525187082376 0.12424686586918998
2021-04-28 06:10:17,058 - main.py[line:217] - INFO: Epoch 58/150
2021-04-28 06:10:17,058 - main.py[line:218] - INFO: ----------
2021-04-28 06:15:42,660 - main.py[line:221] - INFO: 0.44646746726854186 0.7153057566400798 0.12509176835468394
2021-04-28 06:15:42,661 - main.py[line:217] - INFO: Epoch 59/150
2021-04-28 06:15:42,661 - main.py[line:218] - INFO: ----------
2021-04-28 06:21:12,761 - main.py[line:221] - INFO: 0.44626322272540064 0.7160338829633833 0.12589207015265325
2021-04-28 06:21:12,762 - main.py[line:217] - INFO: Epoch 60/150
2021-04-28 06:21:12,762 - main.py[line:218] - INFO: ----------
2021-04-28 06:26:22,448 - main.py[line:221] - INFO: 0.4460724650281125 0.7167042399304687 0.12663919503239907
2021-04-28 06:26:44,097 - main.py[line:226] - INFO: Testing
2021-04-28 06:26:44,097 - main.py[line:228] - INFO: 0.4559889691138091 0.7109653390976284 0.11641986399344606
2021-04-28 06:26:44,098 - main.py[line:217] - INFO: Epoch 61/150
2021-04-28 06:26:44,098 - main.py[line:218] - INFO: ----------
2021-04-28 06:31:07,214 - main.py[line:221] - INFO: 0.44590124861739183 0.7172958251082376 0.1273095121498251
2021-04-28 06:31:07,215 - main.py[line:217] - INFO: Epoch 62/150
2021-04-28 06:31:07,215 - main.py[line:218] - INFO: ----------
2021-04-28 06:36:15,659 - main.py[line:221] - INFO: 0.4457630636328565 0.7177757153897872 0.12785032263678386
2021-04-28 06:36:15,659 - main.py[line:217] - INFO: Epoch 63/150
2021-04-28 06:36:15,660 - main.py[line:218] - INFO: ----------
2021-04-28 06:40:50,754 - main.py[line:221] - INFO: 0.44566812194697736 0.7181716674896902 0.12822179595724326
2021-04-28 06:40:50,755 - main.py[line:217] - INFO: Epoch 64/150
2021-04-28 06:40:50,755 - main.py[line:218] - INFO: ----------
2021-04-28 06:45:14,995 - main.py[line:221] - INFO: 0.4454448682106674 0.7190207194275924 0.12909499726166906
2021-04-28 06:45:14,995 - main.py[line:217] - INFO: Epoch 65/150
2021-04-28 06:45:14,995 - main.py[line:218] - INFO: ----------
2021-04-28 06:49:37,976 - main.py[line:221] - INFO: 0.445176524672763 0.7199086141630991 0.1301439770719458
2021-04-28 06:50:01,222 - main.py[line:226] - INFO: Testing
2021-04-28 06:50:01,222 - main.py[line:228] - INFO: 0.4551607710130502 0.713968800174572 0.11962658558692107
2021-04-28 06:50:01,223 - main.py[line:217] - INFO: Epoch 66/150
2021-04-28 06:50:01,223 - main.py[line:218] - INFO: ----------
2021-04-28 06:54:30,671 - main.py[line:221] - INFO: 0.4450290807200025 0.7203710541660892 0.13072008009626068
2021-04-28 06:54:30,672 - main.py[line:217] - INFO: Epoch 67/150
2021-04-28 06:54:30,672 - main.py[line:218] - INFO: ----------
2021-04-28 06:58:49,420 - main.py[line:221] - INFO: 0.4449146132535104 0.7207483729646713 0.13116720356524592
2021-04-28 06:58:49,420 - main.py[line:217] - INFO: Epoch 68/150
2021-04-28 06:58:49,420 - main.py[line:218] - INFO: ----------
2021-04-28 07:03:15,631 - main.py[line:221] - INFO: 0.44476026397966534 0.7212798788601691 0.13176992797876041
2021-04-28 07:03:15,632 - main.py[line:217] - INFO: Epoch 69/150
2021-04-28 07:03:15,632 - main.py[line:218] - INFO: ----------
2021-04-28 07:07:37,706 - main.py[line:221] - INFO: 0.4446026130128071 0.7218039833472221 0.13238532940931058
2021-04-28 07:07:37,706 - main.py[line:217] - INFO: Epoch 70/150
2021-04-28 07:07:37,706 - main.py[line:218] - INFO: ----------
2021-04-28 07:12:04,122 - main.py[line:221] - INFO: 0.4444628565253052 0.7222578642808909 0.1329306960701937
2021-04-28 07:12:25,245 - main.py[line:226] - INFO: Testing
2021-04-28 07:12:25,246 - main.py[line:228] - INFO: 0.45451813746118175 0.7160853178241129 0.12211079836935623
2021-04-28 07:12:25,246 - main.py[line:217] - INFO: Epoch 71/150
2021-04-28 07:12:25,246 - main.py[line:218] - INFO: ----------
2021-04-28 07:16:40,418 - main.py[line:221] - INFO: 0.44433136563132636 0.7226842643944665 0.1334436516591696
2021-04-28 07:16:40,418 - main.py[line:217] - INFO: Epoch 72/150
2021-04-28 07:16:40,418 - main.py[line:218] - INFO: ----------
2021-04-28 07:21:04,207 - main.py[line:221] - INFO: 0.44420393928216123 0.7230963057550843 0.13394060635021277
2021-04-28 07:21:04,207 - main.py[line:217] - INFO: Epoch 73/150
2021-04-28 07:21:04,207 - main.py[line:218] - INFO: ----------
2021-04-28 07:25:23,321 - main.py[line:221] - INFO: 0.4440804990739372 0.7234943979319929 0.13442187942439232
2021-04-28 07:25:23,321 - main.py[line:217] - INFO: Epoch 74/150
2021-04-28 07:25:23,321 - main.py[line:218] - INFO: ----------
2021-04-28 07:29:41,585 - main.py[line:221] - INFO: 0.4439613233535544 0.7238759852323957 0.1348863990534216
2021-04-28 07:29:41,585 - main.py[line:217] - INFO: Epoch 75/150
2021-04-28 07:29:41,585 - main.py[line:218] - INFO: ----------
2021-04-28 07:33:58,187 - main.py[line:221] - INFO: 0.4438462867505078 0.7242435408599782 0.13533466709475472
2021-04-28 07:34:21,080 - main.py[line:226] - INFO: Testing
2021-04-28 07:34:21,080 - main.py[line:228] - INFO: 0.4539568126240321 0.7177536169045746 0.12427782618637762
2021-04-28 07:34:21,081 - main.py[line:217] - INFO: Epoch 76/150
2021-04-28 07:34:21,081 - main.py[line:218] - INFO: ----------
2021-04-28 07:38:39,673 - main.py[line:221] - INFO: 0.44373507794394423 0.7245962933137571 0.1357679087643956
2021-04-28 07:38:39,674 - main.py[line:217] - INFO: Epoch 77/150
2021-04-28 07:38:39,674 - main.py[line:218] - INFO: ----------
2021-04-28 07:42:55,925 - main.py[line:221] - INFO: 0.44362722749681727 0.72493682835128 0.13618796340937067
2021-04-28 07:42:55,926 - main.py[line:217] - INFO: Epoch 78/150
2021-04-28 07:42:55,926 - main.py[line:218] - INFO: ----------
2021-04-28 07:47:35,392 - main.py[line:221] - INFO: 0.4435223289494626 0.7252674525813998 0.13659642307657416
2021-04-28 07:47:35,392 - main.py[line:217] - INFO: Epoch 79/150
2021-04-28 07:47:35,392 - main.py[line:218] - INFO: ----------
2021-04-28 07:51:49,510 - main.py[line:221] - INFO: 0.4434199509819558 0.7255899876299039 0.13699497483222411
2021-04-28 07:51:49,511 - main.py[line:217] - INFO: Epoch 80/150
2021-04-28 07:51:49,511 - main.py[line:218] - INFO: ----------
2021-04-28 07:56:02,604 - main.py[line:221] - INFO: 0.4433197962696002 0.7259044842835471 0.13738478254607833
2021-04-28 07:56:23,476 - main.py[line:226] - INFO: Testing
2021-04-28 07:56:23,476 - main.py[line:228] - INFO: 0.4534278399375853 0.7192325740976562 0.12631750576402567
2021-04-28 07:56:23,477 - main.py[line:217] - INFO: Epoch 81/150
2021-04-28 07:56:23,477 - main.py[line:218] - INFO: ----------
2021-04-28 08:00:49,908 - main.py[line:221] - INFO: 0.4432217930014772 0.7262122526894399 0.13776613148091543
2021-04-28 08:00:49,909 - main.py[line:217] - INFO: Epoch 82/150
2021-04-28 08:00:49,909 - main.py[line:218] - INFO: ----------
2021-04-28 08:05:07,325 - main.py[line:221] - INFO: 0.4431268651968988 0.7265092447506192 0.13813543282973773
2021-04-28 08:05:07,326 - main.py[line:217] - INFO: Epoch 83/150
2021-04-28 08:05:07,326 - main.py[line:218] - INFO: ----------
2021-04-28 08:09:30,316 - main.py[line:221] - INFO: 0.44303684070391874 0.7267905410592048 0.13848558555298363
2021-04-28 08:09:30,317 - main.py[line:217] - INFO: Epoch 84/150
2021-04-28 08:09:30,317 - main.py[line:218] - INFO: ----------
2021-04-28 08:13:44,358 - main.py[line:221] - INFO: 0.44295280461571385 0.727050150877625 0.13881238201028068
2021-04-28 08:13:44,359 - main.py[line:217] - INFO: Epoch 85/150
2021-04-28 08:13:44,359 - main.py[line:218] - INFO: ----------
2021-04-28 08:18:00,786 - main.py[line:221] - INFO: 0.4428732195538893 0.727293513595387 0.13912181232450527
2021-04-28 08:18:21,943 - main.py[line:226] - INFO: Testing
2021-04-28 08:18:21,943 - main.py[line:228] - INFO: 0.45303092902064834 0.7203150901598935 0.12784640325956165
2021-04-28 08:18:21,944 - main.py[line:217] - INFO: Epoch 86/150
2021-04-28 08:18:21,944 - main.py[line:218] - INFO: ----------
2021-04-28 08:22:52,563 - main.py[line:221] - INFO: 0.4427978338476222 0.7275215308610944 0.1394148640778028
2021-04-28 08:22:52,563 - main.py[line:217] - INFO: Epoch 87/150
2021-04-28 08:22:52,563 - main.py[line:218] - INFO: ----------
2021-04-28 08:27:08,907 - main.py[line:221] - INFO: 0.4427283940888253 0.7277301124829341 0.13968475762285637
2021-04-28 08:27:08,908 - main.py[line:217] - INFO: Epoch 88/150
2021-04-28 08:27:08,908 - main.py[line:218] - INFO: ----------
2021-04-28 08:31:28,171 - main.py[line:221] - INFO: 0.4426633850065022 0.7279229470825418 0.13993739196471955
2021-04-28 08:31:28,172 - main.py[line:217] - INFO: Epoch 89/150
2021-04-28 08:31:28,172 - main.py[line:218] - INFO: ----------
2021-04-28 08:35:48,545 - main.py[line:221] - INFO: 0.4425990784277029 0.7281110955280291 0.14018725978040625
2021-04-28 08:35:48,545 - main.py[line:217] - INFO: Epoch 90/150
2021-04-28 08:35:48,545 - main.py[line:218] - INFO: ----------
2021-04-28 08:40:04,489 - main.py[line:221] - INFO: 0.4425337498794312 0.728302267202585 0.14044106136027135
2021-04-28 08:40:24,976 - main.py[line:226] - INFO: Testing
2021-04-28 08:40:24,976 - main.py[line:228] - INFO: 0.4529066694171614 0.721026602131476 0.12832477500224104
2021-04-28 08:40:24,976 - main.py[line:217] - INFO: Epoch 91/150
2021-04-28 08:40:24,976 - main.py[line:218] - INFO: ----------
2021-04-28 08:44:44,831 - main.py[line:221] - INFO: 0.44246744429369217 0.7284964901344515 0.1406986204241768
2021-04-28 08:44:44,832 - main.py[line:217] - INFO: Epoch 92/150
2021-04-28 08:44:44,832 - main.py[line:218] - INFO: ----------
2021-04-28 08:49:05,928 - main.py[line:221] - INFO: 0.4424005921616674 0.7286919949962316 0.14095826343415296
2021-04-28 08:49:05,929 - main.py[line:217] - INFO: Epoch 93/150
2021-04-28 08:49:05,929 - main.py[line:218] - INFO: ----------
2021-04-28 08:53:30,672 - main.py[line:221] - INFO: 0.44233394069829407 0.7288864184927399 0.14121708802331912
2021-04-28 08:53:30,672 - main.py[line:217] - INFO: Epoch 94/150
2021-04-28 08:53:30,672 - main.py[line:218] - INFO: ----------
2021-04-28 08:57:43,572 - main.py[line:221] - INFO: 0.4422689777241233 0.7290750875497025 0.1414693182516108
2021-04-28 08:57:43,572 - main.py[line:217] - INFO: Epoch 95/150
2021-04-28 08:57:43,572 - main.py[line:218] - INFO: ----------
2021-04-28 09:02:09,783 - main.py[line:221] - INFO: 0.44220632326698733 0.72925984294029 0.14171255015955808
2021-04-28 09:02:34,282 - main.py[line:226] - INFO: Testing
2021-04-28 09:02:34,282 - main.py[line:228] - INFO: 0.45262223619321573 0.722022591407199 0.12941928545212278
2021-04-28 09:02:34,283 - main.py[line:217] - INFO: Epoch 96/150
2021-04-28 09:02:34,283 - main.py[line:218] - INFO: ----------
2021-04-28 09:06:54,226 - main.py[line:221] - INFO: 0.4421439611527666 0.7294455041364786 0.1419546129389092
2021-04-28 09:06:54,226 - main.py[line:217] - INFO: Epoch 97/150
2021-04-28 09:06:54,226 - main.py[line:218] - INFO: ----------
2021-04-28 09:11:24,970 - main.py[line:221] - INFO: 0.4420815717984351 0.7296321346479553 0.14219674729093512
2021-04-28 09:11:24,970 - main.py[line:217] - INFO: Epoch 98/150
2021-04-28 09:11:24,970 - main.py[line:218] - INFO: ----------
2021-04-28 09:15:55,531 - main.py[line:221] - INFO: 0.4420207902956276 0.7298138928012072 0.1424326086789227
2021-04-28 09:15:55,532 - main.py[line:217] - INFO: Epoch 99/150
2021-04-28 09:15:55,532 - main.py[line:218] - INFO: ----------
2021-04-28 09:20:27,265 - main.py[line:221] - INFO: 0.4419620274351358 0.7299882478454245 0.14266060593343832
2021-04-28 09:20:27,266 - main.py[line:217] - INFO: Epoch 100/150
2021-04-28 09:20:27,266 - main.py[line:218] - INFO: ----------
2021-04-28 09:25:04,091 - main.py[line:221] - INFO: 0.4419052335319349 0.7301574147255612 0.14288093491646336
2021-04-28 09:25:25,187 - main.py[line:226] - INFO: Testing
2021-04-28 09:25:25,187 - main.py[line:228] - INFO: 0.45240233628614696 0.7227223423631814 0.1302649978303727
2021-04-28 09:25:25,187 - main.py[line:217] - INFO: Epoch 101/150
2021-04-28 09:25:25,187 - main.py[line:218] - INFO: ----------
2021-04-28 09:29:48,581 - main.py[line:221] - INFO: 0.4418502333105625 0.7303220230378151 0.14309427841673283
2021-04-28 09:29:48,581 - main.py[line:217] - INFO: Epoch 102/150
2021-04-28 09:29:48,581 - main.py[line:218] - INFO: ----------
2021-04-28 09:34:26,666 - main.py[line:221] - INFO: 0.4417967350973622 0.7304845925736391 0.14330177021486634
2021-04-28 09:34:26,666 - main.py[line:217] - INFO: Epoch 103/150
2021-04-28 09:34:26,666 - main.py[line:218] - INFO: ----------
2021-04-28 09:38:45,108 - main.py[line:221] - INFO: 0.4417444852663778 0.7306448309575272 0.14350439593483533
2021-04-28 09:38:45,108 - main.py[line:217] - INFO: Epoch 104/150
2021-04-28 09:38:45,108 - main.py[line:218] - INFO: ----------
2021-04-28 09:43:05,671 - main.py[line:221] - INFO: 0.4416933176579514 0.7308032596827427 0.14370280155173443
2021-04-28 09:43:05,671 - main.py[line:217] - INFO: Epoch 105/150
2021-04-28 09:43:05,671 - main.py[line:218] - INFO: ----------
2021-04-28 09:47:31,260 - main.py[line:221] - INFO: 0.4416431990372624 0.7309590590649198 0.14389711737188438
2021-04-28 09:47:51,264 - main.py[line:226] - INFO: Testing
2021-04-28 09:47:51,264 - main.py[line:228] - INFO: 0.4521927710106068 0.7234244195684518 0.13107058182221076
2021-04-28 09:47:51,265 - main.py[line:217] - INFO: Epoch 106/150
2021-04-28 09:47:51,265 - main.py[line:218] - INFO: ----------
2021-04-28 09:52:10,414 - main.py[line:221] - INFO: 0.4415942888573293 0.7311114607103258 0.14408672666525646
2021-04-28 09:52:10,414 - main.py[line:217] - INFO: Epoch 107/150
2021-04-28 09:52:10,414 - main.py[line:218] - INFO: ----------
2021-04-28 09:56:27,418 - main.py[line:221] - INFO: 0.44154670473040775 0.7312615853287463 0.14427117511731724
2021-04-28 09:56:27,419 - main.py[line:217] - INFO: Epoch 108/150
2021-04-28 09:56:27,419 - main.py[line:218] - INFO: ----------
2021-04-28 10:00:41,827 - main.py[line:221] - INFO: 0.4415005780277116 0.7314088229962402 0.14444995524149873
2021-04-28 10:00:41,827 - main.py[line:217] - INFO: Epoch 109/150
2021-04-28 10:00:41,827 - main.py[line:218] - INFO: ----------
2021-04-28 10:05:08,616 - main.py[line:221] - INFO: 0.4414552120678287 0.7315537456569059 0.14462576862363996
2021-04-28 10:05:08,617 - main.py[line:217] - INFO: Epoch 110/150
2021-04-28 10:05:08,617 - main.py[line:218] - INFO: ----------
2021-04-28 10:09:37,945 - main.py[line:221] - INFO: 0.44141158291503874 0.7316969862871263 0.14479483405939253
2021-04-28 10:09:58,150 - main.py[line:226] - INFO: Testing
2021-04-28 10:09:58,150 - main.py[line:228] - INFO: 0.4520772006447939 0.7239707468216485 0.1315146829414211
2021-04-28 10:09:58,150 - main.py[line:217] - INFO: Epoch 111/150
2021-04-28 10:09:58,150 - main.py[line:218] - INFO: ----------
2021-04-28 10:14:37,155 - main.py[line:221] - INFO: 0.4413731020559831 0.7318209410093761 0.14494393569729958
2021-04-28 10:14:37,155 - main.py[line:217] - INFO: Epoch 112/150
2021-04-28 10:14:37,155 - main.py[line:218] - INFO: ----------
2021-04-28 10:19:02,105 - main.py[line:221] - INFO: 0.4413373904939787 0.7319452940055982 0.14508229552124008
2021-04-28 10:19:02,106 - main.py[line:217] - INFO: Epoch 113/150
2021-04-28 10:19:02,106 - main.py[line:218] - INFO: ----------
2021-04-28 10:23:17,760 - main.py[line:221] - INFO: 0.4413106063372792 0.732046157529372 0.14518605992200717
2021-04-28 10:23:17,761 - main.py[line:217] - INFO: Epoch 114/150
2021-04-28 10:23:17,761 - main.py[line:218] - INFO: ----------
2021-04-28 10:27:59,688 - main.py[line:221] - INFO: 0.4412933517072567 0.7321257389254843 0.14525290268408864
2021-04-28 10:27:59,688 - main.py[line:217] - INFO: Epoch 115/150
2021-04-28 10:27:59,688 - main.py[line:218] - INFO: ----------
2021-04-28 10:32:23,632 - main.py[line:221] - INFO: 0.44131276286153637 0.7320840940174971 0.1451777055725999
2021-04-28 10:32:48,343 - main.py[line:226] - INFO: Testing
2021-04-28 10:32:48,344 - main.py[line:228] - INFO: 0.45182571970532776 0.7244425267182228 0.13248065404285514
2021-04-28 10:32:48,344 - main.py[line:217] - INFO: Epoch 116/150
2021-04-28 10:32:48,344 - main.py[line:218] - INFO: ----------
2021-04-28 10:37:26,474 - main.py[line:221] - INFO: 0.441295578815238 0.7321586563427587 0.1452442752308144
2021-04-28 10:37:26,474 - main.py[line:217] - INFO: Epoch 117/150
2021-04-28 10:37:26,474 - main.py[line:218] - INFO: ----------
2021-04-28 10:41:41,638 - main.py[line:221] - INFO: 0.4412186158922779 0.73239095279671 0.14554239180243667
2021-04-28 10:41:41,639 - main.py[line:217] - INFO: Epoch 118/150
2021-04-28 10:41:41,639 - main.py[line:218] - INFO: ----------
2021-04-28 10:46:05,670 - main.py[line:221] - INFO: 0.4411531206982432 0.7325750022745002 0.1457960470709101
2021-04-28 10:46:05,670 - main.py[line:217] - INFO: Epoch 119/150
2021-04-28 10:46:05,670 - main.py[line:218] - INFO: ----------
2021-04-28 10:50:27,123 - main.py[line:221] - INFO: 0.4410991421478584 0.7327253515597514 0.14600507141220354
2021-04-28 10:50:27,123 - main.py[line:217] - INFO: Epoch 120/150
2021-04-28 10:50:27,123 - main.py[line:218] - INFO: ----------
2021-04-28 10:54:49,016 - main.py[line:221] - INFO: 0.4410528999532824 0.7328552742820554 0.14618411746286375
2021-04-28 10:55:09,968 - main.py[line:226] - INFO: Testing
2021-04-28 10:55:09,968 - main.py[line:228] - INFO: 0.45135456383768474 0.7253099558796001 0.13428897836153297
2021-04-28 10:55:09,969 - main.py[line:217] - INFO: Epoch 121/150
2021-04-28 10:55:09,969 - main.py[line:218] - INFO: ----------
2021-04-28 10:59:24,338 - main.py[line:221] - INFO: 0.44101204188559145 0.7329717587114694 0.1463423009881727
2021-04-28 10:59:24,339 - main.py[line:217] - INFO: Epoch 122/150
2021-04-28 10:59:24,339 - main.py[line:218] - INFO: ----------
2021-04-28 11:03:52,608 - main.py[line:221] - INFO: 0.4409749901788607 0.7330775339799712 0.14648573537558285
2021-04-28 11:03:52,608 - main.py[line:217] - INFO: Epoch 123/150
2021-04-28 11:03:52,608 - main.py[line:218] - INFO: ----------
2021-04-28 11:08:22,632 - main.py[line:221] - INFO: 0.4409407245448773 0.7331767345157083 0.14661837360570995
2021-04-28 11:08:22,633 - main.py[line:217] - INFO: Epoch 124/150
2021-04-28 11:08:22,633 - main.py[line:218] - INFO: ----------
2021-04-28 11:12:41,455 - main.py[line:221] - INFO: 0.44090840524834557 0.7332707646490824 0.14674346834757634
2021-04-28 11:12:41,455 - main.py[line:217] - INFO: Epoch 125/150
2021-04-28 11:12:41,455 - main.py[line:218] - INFO: ----------
2021-04-28 11:17:00,407 - main.py[line:221] - INFO: 0.4408774139490178 0.7333609498535081 0.1468634143450117
2021-04-28 11:17:22,739 - main.py[line:226] - INFO: Testing
2021-04-28 11:17:22,739 - main.py[line:228] - INFO: 0.4510934672119092 0.7258612221287806 0.13529027032733143
2021-04-28 11:17:22,739 - main.py[line:217] - INFO: Epoch 126/150
2021-04-28 11:17:22,739 - main.py[line:218] - INFO: ----------
2021-04-28 11:22:07,607 - main.py[line:221] - INFO: 0.44084734260294145 0.733449090087997 0.14697979177678555
2021-04-28 11:22:07,608 - main.py[line:217] - INFO: Epoch 127/150
2021-04-28 11:22:07,608 - main.py[line:218] - INFO: ----------
2021-04-28 11:26:45,566 - main.py[line:221] - INFO: 0.44081812329763925 0.7335343448621997 0.14709286416934808
2021-04-28 11:26:45,566 - main.py[line:217] - INFO: Epoch 128/150
2021-04-28 11:26:45,566 - main.py[line:218] - INFO: ----------
2021-04-28 11:31:27,981 - main.py[line:221] - INFO: 0.4407897525123939 0.7336177991315227 0.14720264580142361
2021-04-28 11:31:27,981 - main.py[line:217] - INFO: Epoch 129/150
2021-04-28 11:31:27,981 - main.py[line:218] - INFO: ----------
2021-04-28 11:36:15,304 - main.py[line:221] - INFO: 0.4407622508206324 0.7336979331983804 0.14730905770499825
2021-04-28 11:36:15,304 - main.py[line:217] - INFO: Epoch 130/150
2021-04-28 11:36:15,304 - main.py[line:218] - INFO: ----------
2021-04-28 11:40:31,333 - main.py[line:221] - INFO: 0.4407355137031791 0.7337774837529287 0.14741250488697555
2021-04-28 11:40:50,363 - main.py[line:226] - INFO: Testing
2021-04-28 11:40:50,363 - main.py[line:228] - INFO: 0.4508640887326003 0.7263943179538435 0.13616944676587084
2021-04-28 11:40:50,363 - main.py[line:217] - INFO: Epoch 131/150
2021-04-28 11:40:50,363 - main.py[line:218] - INFO: ----------
2021-04-28 11:45:08,058 - main.py[line:221] - INFO: 0.44070938558922845 0.7338542783649632 0.14751358974273998
2021-04-28 11:45:08,059 - main.py[line:217] - INFO: Epoch 132/150
2021-04-28 11:45:08,059 - main.py[line:218] - INFO: ----------
2021-04-28 11:49:23,540 - main.py[line:221] - INFO: 0.4406838446323012 0.733927720085414 0.14761239720393704
2021-04-28 11:49:23,540 - main.py[line:217] - INFO: Epoch 133/150
2021-04-28 11:49:23,541 - main.py[line:218] - INFO: ----------
2021-04-28 11:53:46,188 - main.py[line:221] - INFO: 0.4406589129199482 0.7340008037791886 0.1477088422251609
2021-04-28 11:53:46,188 - main.py[line:217] - INFO: Epoch 134/150
2021-04-28 11:53:46,189 - main.py[line:218] - INFO: ----------
2021-04-28 11:58:17,829 - main.py[line:221] - INFO: 0.44063478333827044 0.734073196424582 0.14780217911426652
2021-04-28 11:58:17,830 - main.py[line:217] - INFO: Epoch 135/150
2021-04-28 11:58:17,830 - main.py[line:218] - INFO: ----------
2021-04-28 12:02:38,020 - main.py[line:221] - INFO: 0.44061151882437966 0.734143949743234 0.14789216495019397
2021-04-28 12:03:04,629 - main.py[line:226] - INFO: Testing
2021-04-28 12:03:04,629 - main.py[line:228] - INFO: 0.4507728595834299 0.7267235153557648 0.13651899136433177
2021-04-28 12:03:04,629 - main.py[line:217] - INFO: Epoch 136/150
2021-04-28 12:03:04,630 - main.py[line:218] - INFO: ----------
2021-04-28 12:07:21,749 - main.py[line:221] - INFO: 0.44058895011355687 0.7342115606865447 0.1479794549187008
2021-04-28 12:07:21,750 - main.py[line:217] - INFO: Epoch 137/150
2021-04-28 12:07:21,750 - main.py[line:218] - INFO: ----------
2021-04-28 12:11:41,737 - main.py[line:221] - INFO: 0.4405666324600118 0.7342809500480606 0.14806576946534
2021-04-28 12:11:41,738 - main.py[line:217] - INFO: Epoch 138/150
2021-04-28 12:11:41,738 - main.py[line:218] - INFO: ----------
2021-04-28 12:16:11,171 - main.py[line:221] - INFO: 0.44054411027607676 0.7343511805297739 0.14815287061003624
2021-04-28 12:16:11,171 - main.py[line:217] - INFO: Epoch 139/150
2021-04-28 12:16:11,172 - main.py[line:218] - INFO: ----------
2021-04-28 12:20:33,974 - main.py[line:221] - INFO: 0.44052103189573405 0.7344241053128635 0.148242118141222
2021-04-28 12:20:33,974 - main.py[line:217] - INFO: Epoch 140/150
2021-04-28 12:20:33,974 - main.py[line:218] - INFO: ----------
2021-04-28 12:25:05,386 - main.py[line:221] - INFO: 0.4404972944122936 0.7344999470696411 0.14833390964452176
2021-04-28 12:25:27,574 - main.py[line:226] - INFO: Testing
2021-04-28 12:25:27,574 - main.py[line:228] - INFO: 0.4507498278004425 0.7270614205425374 0.1366072264863708
2021-04-28 12:25:27,575 - main.py[line:217] - INFO: Epoch 141/150
2021-04-28 12:25:27,575 - main.py[line:218] - INFO: ----------
2021-04-28 12:29:58,081 - main.py[line:221] - INFO: 0.4404729489795097 0.7345764062245574 0.1484280469155157
2021-04-28 12:29:58,082 - main.py[line:217] - INFO: Epoch 142/150
2021-04-28 12:29:58,082 - main.py[line:218] - INFO: ----------
2021-04-28 12:34:13,941 - main.py[line:221] - INFO: 0.44044803168248414 0.73465302229564 0.14852439004475082
2021-04-28 12:34:13,942 - main.py[line:217] - INFO: Epoch 143/150
2021-04-28 12:34:13,942 - main.py[line:218] - INFO: ----------
2021-04-28 12:38:55,037 - main.py[line:221] - INFO: 0.44042261323969667 0.7347319695606477 0.1486226652463688
2021-04-28 12:38:55,038 - main.py[line:217] - INFO: Epoch 144/150
2021-04-28 12:38:55,038 - main.py[line:218] - INFO: ----------
2021-04-28 12:43:10,761 - main.py[line:221] - INFO: 0.44039677307419806 0.7348103960672157 0.1487225651388543
2021-04-28 12:43:10,762 - main.py[line:217] - INFO: Epoch 145/150
2021-04-28 12:43:10,762 - main.py[line:218] - INFO: ----------
2021-04-28 12:47:30,005 - main.py[line:221] - INFO: 0.4403706274068373 0.7348907096197974 0.14882364015718474
2021-04-28 12:47:50,971 - main.py[line:226] - INFO: Testing
2021-04-28 12:47:50,971 - main.py[line:228] - INFO: 0.45073149689682307 0.7274357323759921 0.1366774492437527
2021-04-28 12:47:50,972 - main.py[line:217] - INFO: Epoch 146/150
2021-04-28 12:47:50,972 - main.py[line:218] - INFO: ----------
2021-04-28 12:52:07,146 - main.py[line:221] - INFO: 0.4403443510001439 0.7349706627312853 0.14892521454718588
2021-04-28 12:52:07,146 - main.py[line:217] - INFO: Epoch 147/150
2021-04-28 12:52:07,146 - main.py[line:218] - INFO: ----------
2021-04-28 12:56:32,221 - main.py[line:221] - INFO: 0.4403182096960041 0.7350490366455337 0.1490262606688073
2021-04-28 12:56:32,222 - main.py[line:217] - INFO: Epoch 148/150
2021-04-28 12:56:32,222 - main.py[line:218] - INFO: ----------
2021-04-28 13:01:11,124 - main.py[line:221] - INFO: 0.4402923806212882 0.7351272350001115 0.1491260940126975
2021-04-28 13:01:11,124 - main.py[line:217] - INFO: Epoch 149/150
2021-04-28 13:01:11,124 - main.py[line:218] - INFO: ----------
2021-04-28 13:05:38,414 - main.py[line:221] - INFO: 0.4402671882380741 0.7352035067332171 0.14922346080443416
2021-04-28 13:05:38,415 - main.py[line:217] - INFO: Epoch 150/150
2021-04-28 13:05:38,415 - main.py[line:218] - INFO: ----------
2021-04-28 13:09:53,594 - main.py[line:221] - INFO: 0.4402428086496696 0.7352760768698157 0.14931768089680642
2021-04-28 13:10:14,235 - main.py[line:226] - INFO: Testing
2021-04-28 13:10:14,235 - main.py[line:228] - INFO: 0.4507075415428758 0.7278267867158613 0.13676921406532427
