
2021-04-24 13:05:56,637 - main.py[line:213] - INFO: Epoch 1/150
2021-04-24 13:05:56,637 - main.py[line:214] - INFO: ----------
2021-04-24 13:07:27,789 - main.py[line:213] - INFO: Epoch 1/150
2021-04-24 13:07:27,789 - main.py[line:214] - INFO: ----------
2021-04-24 13:11:38,032 - main.py[line:217] - INFO: 0.440183444747848 0.7189960867262934 0.1499693435427556
2021-04-24 13:11:38,032 - main.py[line:213] - INFO: Epoch 2/150
2021-04-24 13:11:38,032 - main.py[line:214] - INFO: ----------
2021-04-24 13:15:47,390 - main.py[line:217] - INFO: 0.419643654167862 0.7708759594577687 0.22744661527950838
2021-04-24 13:15:47,390 - main.py[line:213] - INFO: Epoch 3/150
2021-04-24 13:15:47,390 - main.py[line:214] - INFO: ----------
2021-04-24 13:20:03,993 - main.py[line:217] - INFO: 0.4162911085663267 0.7790066165266523 0.2397412111880336
2021-04-24 13:20:03,993 - main.py[line:213] - INFO: Epoch 4/150
2021-04-24 13:20:03,993 - main.py[line:214] - INFO: ----------
2021-04-24 13:24:19,220 - main.py[line:217] - INFO: 0.41318671654846284 0.7864391034195162 0.25103783112829336
2021-04-24 13:24:19,220 - main.py[line:213] - INFO: Epoch 5/150
2021-04-24 13:24:19,220 - main.py[line:214] - INFO: ----------
2021-04-24 13:28:19,138 - main.py[line:217] - INFO: 0.4098867189580533 0.7939231288831092 0.2629535263760484
2021-04-24 13:28:42,313 - main.py[line:222] - INFO: Testing
2021-04-24 13:28:42,313 - main.py[line:224] - INFO: 0.4334358015569139 0.7538937113778386 0.2009729883655319
2021-04-24 13:28:42,313 - main.py[line:213] - INFO: Epoch 6/150
2021-04-24 13:28:42,313 - main.py[line:214] - INFO: ----------
2021-04-24 13:32:47,865 - main.py[line:217] - INFO: 0.4064114153617039 0.8016516147641453 0.2753989227506286
2021-04-24 13:32:47,866 - main.py[line:213] - INFO: Epoch 7/150
2021-04-24 13:32:47,866 - main.py[line:214] - INFO: ----------
2021-04-24 13:37:01,270 - main.py[line:217] - INFO: 0.4033596252587485 0.8080206383830194 0.28624029061391176
2021-04-24 13:37:01,270 - main.py[line:213] - INFO: Epoch 8/150
2021-04-24 13:37:01,270 - main.py[line:214] - INFO: ----------
2021-04-24 13:41:14,140 - main.py[line:217] - INFO: 0.3999833443489047 0.8148994351271007 0.29813918883909085
2021-04-24 13:41:14,141 - main.py[line:213] - INFO: Epoch 9/150
2021-04-24 13:41:14,141 - main.py[line:214] - INFO: ----------
2021-04-24 13:45:19,183 - main.py[line:217] - INFO: 0.39774911646665045 0.8194866327672048 0.3059582014059895
2021-04-24 13:45:19,183 - main.py[line:213] - INFO: Epoch 10/150
2021-04-24 13:45:19,183 - main.py[line:214] - INFO: ----------
2021-04-24 13:49:19,836 - main.py[line:217] - INFO: 0.3950949581981165 0.8246302103725167 0.3151899034841207
2021-04-24 13:49:42,214 - main.py[line:222] - INFO: Testing
2021-04-24 13:49:42,214 - main.py[line:224] - INFO: 0.4416895434492506 0.7451024954986061 0.17025215130916171
2021-04-24 13:49:42,214 - main.py[line:213] - INFO: Epoch 11/150
2021-04-24 13:49:42,214 - main.py[line:214] - INFO: ----------
2021-04-24 13:53:49,288 - main.py[line:217] - INFO: 0.3930803088225715 0.828146698439356 0.32215599948868934
2021-04-24 13:53:49,289 - main.py[line:213] - INFO: Epoch 12/150
2021-04-24 13:53:49,289 - main.py[line:214] - INFO: ----------
2021-04-24 13:58:00,097 - main.py[line:217] - INFO: 0.3912957608785358 0.8315032198382629 0.3282967257086956
2021-04-24 13:58:00,097 - main.py[line:213] - INFO: Epoch 13/150
2021-04-24 13:58:00,097 - main.py[line:214] - INFO: ----------
2021-04-24 14:02:06,715 - main.py[line:217] - INFO: 0.39176615816359595 0.8307037766284782 0.3266807750711306
2021-04-24 14:02:06,716 - main.py[line:213] - INFO: Epoch 14/150
2021-04-24 14:02:06,716 - main.py[line:214] - INFO: ----------
2021-04-24 14:06:09,529 - main.py[line:217] - INFO: 0.3869855593514372 0.8390906865505976 0.34301311822192315
2021-04-24 14:06:09,530 - main.py[line:213] - INFO: Epoch 15/150
2021-04-24 14:06:09,530 - main.py[line:214] - INFO: ----------
2021-04-24 14:10:15,369 - main.py[line:217] - INFO: 0.38634905559483795 0.8401925661945789 0.3451725306694299
2021-04-24 14:10:38,910 - main.py[line:222] - INFO: Testing
2021-04-24 14:10:38,911 - main.py[line:224] - INFO: 0.4520815136990466 0.7339856642317508 0.1307486053569693
2021-04-24 14:10:38,911 - main.py[line:213] - INFO: Epoch 16/150
2021-04-24 14:10:38,911 - main.py[line:214] - INFO: ----------
2021-04-24 14:14:51,430 - main.py[line:217] - INFO: 0.38502738351426063 0.8423474977553289 0.3496451018901158
2021-04-24 14:14:51,430 - main.py[line:213] - INFO: Epoch 17/150
2021-04-24 14:14:51,431 - main.py[line:214] - INFO: ----------
2021-04-24 14:19:07,471 - main.py[line:217] - INFO: 0.38170399871118016 0.8478461336996923 0.36082379537742293
2021-04-24 14:19:07,471 - main.py[line:213] - INFO: Epoch 18/150
2021-04-24 14:19:07,471 - main.py[line:214] - INFO: ----------
2021-04-24 14:23:20,840 - main.py[line:217] - INFO: 0.3842454456055569 0.8438732797722627 0.35228398310235054
2021-04-24 14:23:20,840 - main.py[line:213] - INFO: Epoch 19/150
2021-04-24 14:23:20,840 - main.py[line:214] - INFO: ----------
2021-04-24 14:27:32,649 - main.py[line:217] - INFO: 0.3976392524688943 0.8201565432434712 0.3063415570075385
2021-04-24 14:27:32,649 - main.py[line:213] - INFO: Epoch 20/150
2021-04-24 14:27:32,649 - main.py[line:214] - INFO: ----------
2021-04-24 14:31:41,001 - main.py[line:217] - INFO: 0.38860062666014705 0.8364578184899638 0.3375178629561627
2021-04-24 14:32:02,983 - main.py[line:222] - INFO: Testing
2021-04-24 14:32:02,983 - main.py[line:224] - INFO: 0.44774932513651416 0.7398506505540194 0.1473284372895861
2021-04-24 14:32:02,983 - main.py[line:213] - INFO: Epoch 21/150
2021-04-24 14:32:02,983 - main.py[line:214] - INFO: ----------
2021-04-24 14:36:10,025 - main.py[line:217] - INFO: 0.3804414460589855 0.8502851231391649 0.36504517623230837
2021-04-24 14:36:10,025 - main.py[line:213] - INFO: Epoch 22/150
2021-04-24 14:36:10,025 - main.py[line:214] - INFO: ----------
2021-04-24 14:40:15,013 - main.py[line:217] - INFO: 0.379256093018849 0.8520910269556667 0.36899570853098573
2021-04-24 14:40:15,013 - main.py[line:213] - INFO: Epoch 23/150
2021-04-24 14:40:15,013 - main.py[line:214] - INFO: ----------
2021-04-24 14:44:33,429 - main.py[line:217] - INFO: 0.3750471191773113 0.8588411349343047 0.38292372793575913
2021-04-24 14:44:33,430 - main.py[line:213] - INFO: Epoch 24/150
2021-04-24 14:44:33,430 - main.py[line:214] - INFO: ----------
2021-04-24 14:48:43,383 - main.py[line:217] - INFO: 0.3721492510179598 0.8630177809411739 0.39242278629547445
2021-04-24 14:48:43,384 - main.py[line:213] - INFO: Epoch 25/150
2021-04-24 14:48:43,384 - main.py[line:214] - INFO: ----------
2021-04-24 14:52:55,108 - main.py[line:217] - INFO: 0.3682924557017536 0.868628678769068 0.404950869919804
2021-04-24 14:53:15,676 - main.py[line:222] - INFO: Testing
2021-04-24 14:53:15,676 - main.py[line:224] - INFO: 0.46048099499423256 0.7271329707312308 0.09814790057443268
2021-04-24 14:53:15,676 - main.py[line:213] - INFO: Epoch 26/150
2021-04-24 14:53:15,676 - main.py[line:214] - INFO: ----------
2021-04-24 14:57:22,300 - main.py[line:217] - INFO: 0.36689609904941295 0.8706841017741589 0.40945449547876456
2021-04-24 14:57:22,300 - main.py[line:213] - INFO: Epoch 27/150
2021-04-24 14:57:22,300 - main.py[line:214] - INFO: ----------
2021-04-24 15:01:31,799 - main.py[line:217] - INFO: 0.3670217043956078 0.8704214051207879 0.4090500846954547
2021-04-24 15:01:31,799 - main.py[line:213] - INFO: Epoch 28/150
2021-04-24 15:01:31,799 - main.py[line:214] - INFO: ----------
2021-04-24 15:05:50,040 - main.py[line:217] - INFO: 0.3665223537398499 0.8713204111678976 0.41065702227599465
2021-04-24 15:05:50,041 - main.py[line:213] - INFO: Epoch 29/150
2021-04-24 15:05:50,041 - main.py[line:214] - INFO: ----------
2021-04-24 15:10:10,307 - main.py[line:217] - INFO: 0.3646490191703399 0.8739717021164706 0.4166660153881607
2021-04-24 15:10:10,308 - main.py[line:213] - INFO: Epoch 30/150
2021-04-24 15:10:10,308 - main.py[line:214] - INFO: ----------
2021-04-24 15:14:18,445 - main.py[line:217] - INFO: 0.36269134328019104 0.8765231256275219 0.4229126436287991
2021-04-24 15:14:39,354 - main.py[line:222] - INFO: Testing
2021-04-24 15:14:39,354 - main.py[line:224] - INFO: 0.4653069064254965 0.7244875979357708 0.07914575034052629
2021-04-24 15:14:39,354 - main.py[line:213] - INFO: Epoch 31/150
2021-04-24 15:14:39,354 - main.py[line:214] - INFO: ----------
2021-04-24 15:18:40,670 - main.py[line:217] - INFO: 0.3602417284643147 0.8800492545947192 0.43068160696955304
2021-04-24 15:18:40,670 - main.py[line:213] - INFO: Epoch 32/150
2021-04-24 15:18:40,670 - main.py[line:214] - INFO: ----------
2021-04-24 15:22:48,026 - main.py[line:217] - INFO: 0.3616781746820436 0.8781072790374066 0.42613229662137164
2021-04-24 15:22:48,026 - main.py[line:213] - INFO: Epoch 33/150
2021-04-24 15:22:48,026 - main.py[line:214] - INFO: ----------
2021-04-24 15:26:54,310 - main.py[line:217] - INFO: 0.3563225519334597 0.885229090617772 0.4430017900226666
2021-04-24 15:26:54,311 - main.py[line:213] - INFO: Epoch 34/150
2021-04-24 15:26:54,311 - main.py[line:214] - INFO: ----------
2021-04-24 15:30:59,178 - main.py[line:217] - INFO: 0.3541179348509672 0.8880840367188725 0.44987291820966857
2021-04-24 15:30:59,178 - main.py[line:213] - INFO: Epoch 35/150
2021-04-24 15:30:59,178 - main.py[line:214] - INFO: ----------
2021-04-24 15:35:01,096 - main.py[line:217] - INFO: 0.3511856007298711 0.8917029124016158 0.458946039031797
2021-04-24 15:35:21,925 - main.py[line:222] - INFO: Testing
2021-04-24 15:35:21,925 - main.py[line:224] - INFO: 0.47315511750218114 0.7191196232104344 0.04782015906433834
2021-04-24 15:35:21,925 - main.py[line:213] - INFO: Epoch 36/150
2021-04-24 15:35:21,926 - main.py[line:214] - INFO: ----------
2021-04-24 15:39:25,519 - main.py[line:217] - INFO: 0.3511630047524091 0.8916165545356854 0.4590156617599004
2021-04-24 15:39:25,519 - main.py[line:213] - INFO: Epoch 37/150
2021-04-24 15:39:25,519 - main.py[line:214] - INFO: ----------
2021-04-24 15:43:38,671 - main.py[line:217] - INFO: 0.3483617259807985 0.8950357201327789 0.4676122590486398
2021-04-24 15:43:38,672 - main.py[line:213] - INFO: Epoch 38/150
2021-04-24 15:43:38,672 - main.py[line:214] - INFO: ----------
2021-04-24 15:47:53,285 - main.py[line:217] - INFO: 0.34670620525547996 0.8972564264618876 0.47266037187659604
2021-04-24 15:47:53,285 - main.py[line:213] - INFO: Epoch 39/150
2021-04-24 15:47:53,285 - main.py[line:214] - INFO: ----------
2021-04-24 15:52:11,941 - main.py[line:217] - INFO: 0.34218112817704316 0.9023468180677778 0.48633581350174193
2021-04-24 15:52:11,941 - main.py[line:213] - INFO: Epoch 40/150
2021-04-24 15:52:11,941 - main.py[line:214] - INFO: ----------
2021-04-24 15:56:20,241 - main.py[line:217] - INFO: 0.34067862807195665 0.9040513760917628 0.4908368569909016
2021-04-24 15:56:39,115 - main.py[line:222] - INFO: Testing
2021-04-24 15:56:39,115 - main.py[line:224] - INFO: 0.4773671421717787 0.7169108001715501 0.03079210198791804
2021-04-24 15:56:39,115 - main.py[line:213] - INFO: Epoch 41/150
2021-04-24 15:56:39,115 - main.py[line:214] - INFO: ----------
2021-04-24 16:00:41,567 - main.py[line:217] - INFO: 0.33751860846900944 0.9077547223858564 0.5002386994980916
2021-04-24 16:00:41,568 - main.py[line:213] - INFO: Epoch 42/150
2021-04-24 16:00:41,568 - main.py[line:214] - INFO: ----------
2021-04-24 16:04:51,805 - main.py[line:217] - INFO: 0.33588160110452864 0.9094673295217819 0.5050747525869146
2021-04-24 16:04:51,806 - main.py[line:213] - INFO: Epoch 43/150
2021-04-24 16:04:51,806 - main.py[line:214] - INFO: ----------
2021-04-24 16:09:02,909 - main.py[line:217] - INFO: 0.3349794729147644 0.9104334749871008 0.5077297739898313
2021-04-24 16:09:02,910 - main.py[line:213] - INFO: Epoch 44/150
2021-04-24 16:09:02,910 - main.py[line:214] - INFO: ----------
2021-04-24 16:13:21,042 - main.py[line:217] - INFO: 0.33340421392384095 0.9120353725237363 0.5123487423570431
2021-04-24 16:13:21,042 - main.py[line:213] - INFO: Epoch 45/150
2021-04-24 16:13:21,042 - main.py[line:214] - INFO: ----------
2021-04-24 16:17:21,581 - main.py[line:217] - INFO: 0.33196338169028694 0.913508150114151 0.5165544806176667
2021-04-24 16:17:40,515 - main.py[line:222] - INFO: Testing
2021-04-24 16:17:40,515 - main.py[line:224] - INFO: 0.48086129085010654 0.7147769289898946 0.016551697242246588
2021-04-24 16:17:40,515 - main.py[line:213] - INFO: Epoch 46/150
2021-04-24 16:17:40,515 - main.py[line:214] - INFO: ----------
2021-04-24 16:21:50,315 - main.py[line:217] - INFO: 0.32999108619009615 0.9156741361977482 0.5222820094096015
2021-04-24 16:21:50,315 - main.py[line:213] - INFO: Epoch 47/150
2021-04-24 16:21:50,315 - main.py[line:214] - INFO: ----------
2021-04-24 16:26:00,182 - main.py[line:217] - INFO: 0.32903840417919716 0.9166542864999895 0.5250363649082287
2021-04-24 16:26:00,182 - main.py[line:213] - INFO: Epoch 48/150
2021-04-24 16:26:00,182 - main.py[line:214] - INFO: ----------
2021-04-24 16:30:06,357 - main.py[line:217] - INFO: 0.32717938509235434 0.9184802075010501 0.5303881544623666
2021-04-24 16:30:06,358 - main.py[line:213] - INFO: Epoch 49/150
2021-04-24 16:30:06,358 - main.py[line:214] - INFO: ----------
2021-04-24 16:34:20,052 - main.py[line:217] - INFO: 0.3260753851603023 0.9196353350552324 0.5335520258121724
2021-04-24 16:34:20,052 - main.py[line:213] - INFO: Epoch 50/150
2021-04-24 16:34:20,053 - main.py[line:214] - INFO: ----------
2021-04-24 16:38:26,660 - main.py[line:217] - INFO: 0.32271147541649 0.9227993501955487 0.5431264697392768
2021-04-24 16:38:50,189 - main.py[line:222] - INFO: Testing
2021-04-24 16:38:50,189 - main.py[line:224] - INFO: 0.4850623466657936 0.7118335687528681 -0.0007072040505453625
2021-04-24 16:38:50,189 - main.py[line:213] - INFO: Epoch 51/150
2021-04-24 16:38:50,189 - main.py[line:214] - INFO: ----------
2021-04-24 16:42:58,132 - main.py[line:217] - INFO: 0.32140386668104637 0.9240535135511696 0.546821420337849
2021-04-24 16:42:58,132 - main.py[line:213] - INFO: Epoch 52/150
2021-04-24 16:42:58,132 - main.py[line:214] - INFO: ----------
2021-04-24 16:47:03,568 - main.py[line:217] - INFO: 0.31963008744975796 0.9256396284375039 0.5518096653693756
2021-04-24 16:47:03,568 - main.py[line:213] - INFO: Epoch 53/150
2021-04-24 16:47:03,568 - main.py[line:214] - INFO: ----------
2021-04-24 16:51:12,705 - main.py[line:217] - INFO: 0.31944507144570017 0.9258369245880159 0.5523283798988103
2021-04-24 16:51:12,705 - main.py[line:213] - INFO: Epoch 54/150
2021-04-24 16:51:12,705 - main.py[line:214] - INFO: ----------
2021-04-24 16:55:17,518 - main.py[line:217] - INFO: 0.3163497933668815 0.9286184924326559 0.5609618197420125
2021-04-24 16:55:17,519 - main.py[line:213] - INFO: Epoch 55/150
2021-04-24 16:55:17,519 - main.py[line:214] - INFO: ----------
2021-04-24 16:59:39,307 - main.py[line:217] - INFO: 0.3153643915216445 0.9294369598717422 0.5636926907036919
2021-04-24 17:00:03,137 - main.py[line:222] - INFO: Testing
2021-04-24 17:00:03,137 - main.py[line:224] - INFO: 0.4870420581073943 0.7114449138829637 -0.00889235519439402
2021-04-24 17:00:03,138 - main.py[line:213] - INFO: Epoch 56/150
2021-04-24 17:00:03,138 - main.py[line:214] - INFO: ----------
2021-04-24 17:04:09,643 - main.py[line:217] - INFO: 0.31244949023484175 0.9320078839614048 0.5717209602545239
2021-04-24 17:04:09,644 - main.py[line:213] - INFO: Epoch 57/150
2021-04-24 17:04:09,644 - main.py[line:214] - INFO: ----------
2021-04-24 17:08:29,628 - main.py[line:217] - INFO: 0.3111291193743437 0.9331187094830479 0.5753330149661957
2021-04-24 17:08:29,629 - main.py[line:213] - INFO: Epoch 58/150
2021-04-24 17:08:29,629 - main.py[line:214] - INFO: ----------
2021-04-24 17:12:40,605 - main.py[line:217] - INFO: 0.30634011241834536 0.9371657763964701 0.5883056430993187
2021-04-24 17:12:40,605 - main.py[line:213] - INFO: Epoch 59/150
2021-04-24 17:12:40,605 - main.py[line:214] - INFO: ----------
2021-04-24 17:16:55,069 - main.py[line:217] - INFO: 0.30561691445109834 0.9377180579182656 0.5902471784486875
2021-04-24 17:16:55,069 - main.py[line:213] - INFO: Epoch 60/150
2021-04-24 17:16:55,069 - main.py[line:214] - INFO: ----------
2021-04-24 17:21:03,657 - main.py[line:217] - INFO: 0.3050282768593694 0.938095201140668 0.5918240783083603
2021-04-24 17:21:26,752 - main.py[line:222] - INFO: Testing
2021-04-24 17:21:26,752 - main.py[line:224] - INFO: 0.4917838772197642 0.7100713527896612 -0.028633046173966115
2021-04-24 17:21:26,752 - main.py[line:213] - INFO: Epoch 61/150
2021-04-24 17:21:26,752 - main.py[line:214] - INFO: ----------
2021-04-24 17:25:43,958 - main.py[line:217] - INFO: 0.3051932478632459 0.9380277842944469 0.5913824444931446
2021-04-24 17:25:43,958 - main.py[line:213] - INFO: Epoch 62/150
2021-04-24 17:25:43,958 - main.py[line:214] - INFO: ----------
2021-04-24 17:29:55,328 - main.py[line:217] - INFO: 0.3019696715615892 0.9406312543706823 0.5999688298212108
2021-04-24 17:29:55,329 - main.py[line:213] - INFO: Epoch 63/150
2021-04-24 17:29:55,329 - main.py[line:214] - INFO: ----------
2021-04-24 17:34:00,329 - main.py[line:217] - INFO: 0.3003201797339962 0.9420210098780433 0.6043271877414902
2021-04-24 17:34:00,329 - main.py[line:213] - INFO: Epoch 64/150
2021-04-24 17:34:00,329 - main.py[line:214] - INFO: ----------
2021-04-24 17:37:56,830 - main.py[line:217] - INFO: 0.2989362212255183 0.9429526971037986 0.6079655248088642
2021-04-24 17:37:56,830 - main.py[line:213] - INFO: Epoch 65/150
2021-04-24 17:37:56,830 - main.py[line:214] - INFO: ----------
2021-04-24 17:42:09,852 - main.py[line:217] - INFO: 0.29812329984626595 0.9435253469165897 0.6100948076432489
2021-04-24 17:42:31,603 - main.py[line:222] - INFO: Testing
2021-04-24 17:42:31,603 - main.py[line:224] - INFO: 0.4970085640761564 0.7046544131106972 -0.050605436382901825
2021-04-24 17:42:31,603 - main.py[line:213] - INFO: Epoch 66/150
2021-04-24 17:42:31,603 - main.py[line:214] - INFO: ----------
2021-04-24 17:46:31,322 - main.py[line:217] - INFO: 0.2960188616464649 0.945072990357003 0.6155800235623925
2021-04-24 17:46:31,322 - main.py[line:213] - INFO: Epoch 67/150
2021-04-24 17:46:31,322 - main.py[line:214] - INFO: ----------
2021-04-24 17:50:33,888 - main.py[line:217] - INFO: 0.2958066797070657 0.9452009800866275 0.6161309191552617
2021-04-24 17:50:33,888 - main.py[line:213] - INFO: Epoch 68/150
2021-04-24 17:50:33,888 - main.py[line:214] - INFO: ----------
2021-04-24 17:54:46,438 - main.py[line:217] - INFO: 0.2975276768070273 0.94394059908706 0.6116512409858665
2021-04-24 17:54:46,438 - main.py[line:213] - INFO: Epoch 69/150
2021-04-24 17:54:46,438 - main.py[line:214] - INFO: ----------
2021-04-24 17:58:58,455 - main.py[line:217] - INFO: 0.29503289384178844 0.9459298113147262 0.6181365802376657
2021-04-24 17:58:58,455 - main.py[line:213] - INFO: Epoch 70/150
2021-04-24 17:58:58,455 - main.py[line:214] - INFO: ----------
2021-04-24 18:02:56,309 - main.py[line:217] - INFO: 0.29378738534709586 0.9467923534596693 0.6213539178202263
2021-04-24 18:03:15,405 - main.py[line:222] - INFO: Testing
2021-04-24 18:03:15,405 - main.py[line:224] - INFO: 0.4988711557705582 0.7045059376080541 -0.05849469966692378
2021-04-24 18:03:15,406 - main.py[line:213] - INFO: Epoch 71/150
2021-04-24 18:03:15,406 - main.py[line:214] - INFO: ----------
2021-04-24 18:07:07,236 - main.py[line:217] - INFO: 0.29186755937092607 0.9480754702836389 0.6262864605637533
2021-04-24 18:07:07,237 - main.py[line:213] - INFO: Epoch 72/150
2021-04-24 18:07:07,237 - main.py[line:214] - INFO: ----------
2021-04-24 18:11:01,726 - main.py[line:217] - INFO: 0.2914670649961629 0.9483742924827646 0.6273113602377589
2021-04-24 18:11:01,727 - main.py[line:213] - INFO: Epoch 73/150
2021-04-24 18:11:01,727 - main.py[line:214] - INFO: ----------
2021-04-24 18:14:41,458 - main.py[line:217] - INFO: 0.29035687904596386 0.9491478721824071 0.6301450643226513
2021-04-24 18:14:41,459 - main.py[line:213] - INFO: Epoch 74/150
2021-04-24 18:14:41,459 - main.py[line:214] - INFO: ----------
2021-04-24 18:18:23,334 - main.py[line:217] - INFO: 0.2887955205548855 0.9502678593079614 0.6341120686011366
2021-04-24 18:18:23,334 - main.py[line:213] - INFO: Epoch 75/150
2021-04-24 18:18:23,334 - main.py[line:214] - INFO: ----------
2021-04-24 18:22:06,718 - main.py[line:217] - INFO: 0.2858961645499014 0.9521057703911104 0.6414218373451738
2021-04-24 18:22:23,367 - main.py[line:222] - INFO: Testing
2021-04-24 18:22:23,367 - main.py[line:224] - INFO: 0.5025294984407114 0.7045287335283164 -0.07407601628432614
2021-04-24 18:22:23,367 - main.py[line:213] - INFO: Epoch 76/150
2021-04-24 18:22:23,367 - main.py[line:214] - INFO: ----------
2021-04-24 18:25:55,057 - main.py[line:217] - INFO: 0.28465614294528774 0.9529372063199724 0.6445256242562694
2021-04-24 18:25:55,057 - main.py[line:213] - INFO: Epoch 77/150
2021-04-24 18:25:55,058 - main.py[line:214] - INFO: ----------
2021-04-24 18:29:22,215 - main.py[line:217] - INFO: 0.2850731431578413 0.9527613240670479 0.6434833740253603
2021-04-24 18:29:22,216 - main.py[line:213] - INFO: Epoch 78/150
2021-04-24 18:29:22,216 - main.py[line:214] - INFO: ----------
2021-04-24 18:32:50,067 - main.py[line:217] - INFO: 0.28377033141022906 0.9535544942225298 0.6467345586007647
2021-04-24 18:32:50,067 - main.py[line:213] - INFO: Epoch 79/150
2021-04-24 18:32:50,067 - main.py[line:214] - INFO: ----------
2021-04-24 18:36:19,033 - main.py[line:217] - INFO: 0.2823560655636982 0.9543319757434716 0.6502470206320392
2021-04-24 18:36:19,034 - main.py[line:213] - INFO: Epoch 80/150
2021-04-24 18:36:19,034 - main.py[line:214] - INFO: ----------
2021-04-24 18:39:46,955 - main.py[line:217] - INFO: 0.2801336073757663 0.955765785723862 0.6557312464874524
2021-04-24 18:40:03,917 - main.py[line:222] - INFO: Testing
2021-04-24 18:40:03,917 - main.py[line:224] - INFO: 0.505528701801177 0.7037757558008044 -0.08693490447557606
2021-04-24 18:40:03,918 - main.py[line:213] - INFO: Epoch 81/150
2021-04-24 18:40:03,918 - main.py[line:214] - INFO: ----------
2021-04-24 18:43:35,494 - main.py[line:217] - INFO: 0.27971631694038723 0.9560606599298751 0.6567561364354944
2021-04-24 18:43:35,494 - main.py[line:213] - INFO: Epoch 82/150
2021-04-24 18:43:35,494 - main.py[line:214] - INFO: ----------
2021-04-24 18:47:06,016 - main.py[line:217] - INFO: 0.27785797841226206 0.9572816316878006 0.6613017734689324
2021-04-24 18:47:06,016 - main.py[line:213] - INFO: Epoch 83/150
2021-04-24 18:47:06,016 - main.py[line:214] - INFO: ----------
2021-04-24 18:50:35,170 - main.py[line:217] - INFO: 0.27900879530842626 0.9565556091021834 0.6584903600413367
2021-04-24 18:50:35,171 - main.py[line:213] - INFO: Epoch 84/150
2021-04-24 18:50:35,171 - main.py[line:214] - INFO: ----------
2021-04-24 18:54:04,066 - main.py[line:217] - INFO: 0.28230038277242414 0.9546189366775691 0.6503849549935825
2021-04-24 18:54:04,066 - main.py[line:213] - INFO: Epoch 85/150
2021-04-24 18:54:04,066 - main.py[line:214] - INFO: ----------
2021-04-24 18:57:31,382 - main.py[line:217] - INFO: 0.278349717652575 0.9569714961821151 0.6601018900854292
2021-04-24 18:57:49,975 - main.py[line:222] - INFO: Testing
2021-04-24 18:57:49,975 - main.py[line:224] - INFO: 0.5053365635777315 0.7054515439846301 -0.08610883049337081
2021-04-24 18:57:49,975 - main.py[line:213] - INFO: Epoch 86/150
2021-04-24 18:57:49,975 - main.py[line:214] - INFO: ----------
2021-04-24 19:01:16,968 - main.py[line:217] - INFO: 0.2764190252926631 0.9581263169205223 0.664800747224588
2021-04-24 19:01:16,968 - main.py[line:213] - INFO: Epoch 87/150
2021-04-24 19:01:16,968 - main.py[line:214] - INFO: ----------
2021-04-24 19:04:51,476 - main.py[line:217] - INFO: 0.2731940035333782 0.9600396472256738 0.6725767578949395
2021-04-24 19:04:51,476 - main.py[line:213] - INFO: Epoch 88/150
2021-04-24 19:04:51,477 - main.py[line:214] - INFO: ----------
2021-04-24 19:08:21,734 - main.py[line:217] - INFO: 0.27256366804693216 0.9603565986023175 0.6740859300586781
2021-04-24 19:08:21,735 - main.py[line:213] - INFO: Epoch 89/150
2021-04-24 19:08:21,735 - main.py[line:214] - INFO: ----------
2021-04-24 19:11:53,092 - main.py[line:217] - INFO: 0.2738563926187376 0.9596918206383274 0.6709870853124562
2021-04-24 19:11:53,092 - main.py[line:213] - INFO: Epoch 90/150
2021-04-24 19:11:53,092 - main.py[line:214] - INFO: ----------
2021-04-24 19:15:25,130 - main.py[line:217] - INFO: 0.2747937624717047 0.9590998974481972 0.66873090571498
2021-04-24 19:15:44,518 - main.py[line:222] - INFO: Testing
2021-04-24 19:15:44,518 - main.py[line:224] - INFO: 0.5070535632651167 0.7027431922892754 -0.09350198898429318
2021-04-24 19:15:44,518 - main.py[line:213] - INFO: Epoch 91/150
2021-04-24 19:15:44,518 - main.py[line:214] - INFO: ----------
2021-04-24 19:19:15,333 - main.py[line:217] - INFO: 0.27566169827971504 0.9586182121900239 0.6666349747686384
2021-04-24 19:19:15,333 - main.py[line:213] - INFO: Epoch 92/150
2021-04-24 19:19:15,333 - main.py[line:214] - INFO: ----------
2021-04-24 19:22:43,925 - main.py[line:217] - INFO: 0.27141169389172914 0.9610234489470764 0.6768350212413214
2021-04-24 19:22:43,925 - main.py[line:213] - INFO: Epoch 93/150
2021-04-24 19:22:43,925 - main.py[line:214] - INFO: ----------
2021-04-24 19:26:21,567 - main.py[line:217] - INFO: 0.27159774535873843 0.960859868211287 0.6763918131736352
2021-04-24 19:26:21,568 - main.py[line:213] - INFO: Epoch 94/150
2021-04-24 19:26:21,568 - main.py[line:214] - INFO: ----------
2021-04-24 19:29:58,832 - main.py[line:217] - INFO: 0.26965476287430296 0.9619476002389629 0.6810053711957396
2021-04-24 19:29:58,832 - main.py[line:213] - INFO: Epoch 95/150
2021-04-24 19:29:58,832 - main.py[line:214] - INFO: ----------
2021-04-24 19:33:30,808 - main.py[line:217] - INFO: 0.2678327540640111 0.9628715890829849 0.6853015864650898
2021-04-24 19:33:49,882 - main.py[line:222] - INFO: Testing
2021-04-24 19:33:49,883 - main.py[line:224] - INFO: 0.5108274327493744 0.7005610942818115 -0.10983987199036194
2021-04-24 19:33:49,883 - main.py[line:213] - INFO: Epoch 96/150
2021-04-24 19:33:49,883 - main.py[line:214] - INFO: ----------
2021-04-24 19:37:19,349 - main.py[line:217] - INFO: 0.26894050113883844 0.96229618904791 0.682693039500764
2021-04-24 19:37:19,349 - main.py[line:213] - INFO: Epoch 97/150
2021-04-24 19:37:19,349 - main.py[line:214] - INFO: ----------
2021-04-24 19:40:47,134 - main.py[line:217] - INFO: 0.26825744028083076 0.9626876634451804 0.6843027987104502
2021-04-24 19:40:47,134 - main.py[line:213] - INFO: Epoch 98/150
2021-04-24 19:40:47,134 - main.py[line:214] - INFO: ----------
2021-04-24 19:44:15,026 - main.py[line:217] - INFO: 0.26490278611924806 0.9644825827385651 0.6921492390610563
2021-04-24 19:44:15,027 - main.py[line:213] - INFO: Epoch 99/150
2021-04-24 19:44:15,027 - main.py[line:214] - INFO: ----------
2021-04-24 19:47:49,639 - main.py[line:217] - INFO: 0.2622855547882981 0.9657218667727339 0.6982023005687212
2021-04-24 19:47:49,639 - main.py[line:213] - INFO: Epoch 100/150
2021-04-24 19:47:49,639 - main.py[line:214] - INFO: ----------
2021-04-24 19:51:22,183 - main.py[line:217] - INFO: 0.26221402473337513 0.9658373431048828 0.6983668895973959
2021-04-24 19:51:40,873 - main.py[line:222] - INFO: Testing
2021-04-24 19:51:40,873 - main.py[line:224] - INFO: 0.5126504842750098 0.6998553191731643 -0.11777564650418149
2021-04-24 19:51:40,873 - main.py[line:213] - INFO: Epoch 101/150
2021-04-24 19:51:40,873 - main.py[line:214] - INFO: ----------
2021-04-24 19:55:11,035 - main.py[line:217] - INFO: 0.26300101893193945 0.9653956352796476 0.696553563686432
2021-04-24 19:55:11,035 - main.py[line:213] - INFO: Epoch 102/150
2021-04-24 19:55:11,035 - main.py[line:214] - INFO: ----------
2021-04-24 19:58:41,031 - main.py[line:217] - INFO: 0.26396084127092434 0.9650570406512706 0.6943346663113065
2021-04-24 19:58:41,032 - main.py[line:213] - INFO: Epoch 103/150
2021-04-24 19:58:41,032 - main.py[line:214] - INFO: ----------
2021-04-24 20:02:11,805 - main.py[line:217] - INFO: 0.2622461917145419 0.9658045257308838 0.6982928796604826
2021-04-24 20:02:11,806 - main.py[line:213] - INFO: Epoch 104/150
2021-04-24 20:02:11,806 - main.py[line:214] - INFO: ----------
2021-04-24 20:05:41,703 - main.py[line:217] - INFO: 0.2609207326230757 0.9664074594458223 0.7013349817678111
2021-04-24 20:05:41,703 - main.py[line:213] - INFO: Epoch 105/150
2021-04-24 20:05:41,703 - main.py[line:214] - INFO: ----------
2021-04-24 20:09:10,552 - main.py[line:217] - INFO: 0.26072328132345635 0.9666149888921354 0.7017868391729882
2021-04-24 20:09:29,290 - main.py[line:222] - INFO: Testing
2021-04-24 20:09:29,291 - main.py[line:224] - INFO: 0.5151602048528211 0.69787533148152 -0.12874675224450094
2021-04-24 20:09:29,291 - main.py[line:213] - INFO: Epoch 106/150
2021-04-24 20:09:29,291 - main.py[line:214] - INFO: ----------
2021-04-24 20:13:00,350 - main.py[line:217] - INFO: 0.26113546577205415 0.966429802318622 0.7008431874248524
2021-04-24 20:13:00,350 - main.py[line:213] - INFO: Epoch 107/150
2021-04-24 20:13:00,350 - main.py[line:214] - INFO: ----------
2021-04-24 20:16:26,758 - main.py[line:217] - INFO: 0.26104156593030814 0.9664713020836919 0.7010582920778627
2021-04-24 20:16:26,758 - main.py[line:213] - INFO: Epoch 108/150
2021-04-24 20:16:26,758 - main.py[line:214] - INFO: ----------
2021-04-24 20:20:00,270 - main.py[line:217] - INFO: 0.2610233932373303 0.9665154626745558 0.7010999129343699
2021-04-24 20:20:00,270 - main.py[line:213] - INFO: Epoch 109/150
2021-04-24 20:20:00,270 - main.py[line:214] - INFO: ----------
2021-04-24 20:23:30,054 - main.py[line:217] - INFO: 0.2601931825167104 0.9669374482170495 0.7029982517821118
2021-04-24 20:23:30,055 - main.py[line:213] - INFO: Epoch 110/150
2021-04-24 20:23:30,055 - main.py[line:214] - INFO: ----------
2021-04-24 20:26:58,666 - main.py[line:217] - INFO: 0.2602727059238976 0.9667884734296265 0.7028166774608251
2021-04-24 20:27:17,353 - main.py[line:222] - INFO: Testing
2021-04-24 20:27:17,353 - main.py[line:224] - INFO: 0.5145634748720066 0.698221519979936 -0.12613332474021033
2021-04-24 20:27:17,353 - main.py[line:213] - INFO: Epoch 111/150
2021-04-24 20:27:17,353 - main.py[line:214] - INFO: ----------
2021-04-24 20:30:44,232 - main.py[line:217] - INFO: 0.25687343985971467 0.9684871584783843 0.7105286527668198
2021-04-24 20:30:44,232 - main.py[line:213] - INFO: Epoch 112/150
2021-04-24 20:30:44,232 - main.py[line:214] - INFO: ----------
2021-04-24 20:34:14,322 - main.py[line:217] - INFO: 0.2586221225440087 0.9677365666565152 0.7065740476856883
2021-04-24 20:34:14,322 - main.py[line:213] - INFO: Epoch 113/150
2021-04-24 20:34:14,322 - main.py[line:214] - INFO: ----------
2021-04-24 20:37:41,402 - main.py[line:217] - INFO: 0.2586601098822963 0.9676904491039648 0.7064878424576131
2021-04-24 20:37:41,402 - main.py[line:213] - INFO: Epoch 114/150
2021-04-24 20:37:41,402 - main.py[line:214] - INFO: ----------
2021-04-24 20:41:08,853 - main.py[line:217] - INFO: 0.2573758051089434 0.9683813146441176 0.7093953122061392
2021-04-24 20:41:08,853 - main.py[line:213] - INFO: Epoch 115/150
2021-04-24 20:41:08,853 - main.py[line:214] - INFO: ----------
2021-04-24 20:44:35,336 - main.py[line:217] - INFO: 0.2567169980882077 0.9687300806784183 0.7108811346774726
2021-04-24 20:44:53,816 - main.py[line:222] - INFO: Testing
2021-04-24 20:44:53,816 - main.py[line:224] - INFO: 0.5125099387378943 0.70083651772375 -0.11716284363438367
2021-04-24 20:44:53,816 - main.py[line:213] - INFO: Epoch 116/150
2021-04-24 20:44:53,816 - main.py[line:214] - INFO: ----------
2021-04-24 20:48:19,666 - main.py[line:217] - INFO: 0.2580493965727905 0.9680423697453708 0.7078722087493385
2021-04-24 20:48:19,666 - main.py[line:213] - INFO: Epoch 117/150
2021-04-24 20:48:19,666 - main.py[line:214] - INFO: ----------
2021-04-24 20:51:44,854 - main.py[line:217] - INFO: 0.25660667676454607 0.9687859393339852 0.7111295726280713
2021-04-24 20:51:44,855 - main.py[line:213] - INFO: Epoch 118/150
2021-04-24 20:51:44,855 - main.py[line:214] - INFO: ----------
2021-04-24 20:55:11,543 - main.py[line:217] - INFO: 0.25439006138267994 0.9698214266485412 0.716098648751061
2021-04-24 20:55:11,544 - main.py[line:213] - INFO: Epoch 119/150
2021-04-24 20:55:11,544 - main.py[line:214] - INFO: ----------
2021-04-24 20:58:39,897 - main.py[line:217] - INFO: 0.25219748107369594 0.9707584979801068 0.7209714331348408
2021-04-24 20:58:39,897 - main.py[line:213] - INFO: Epoch 120/150
2021-04-24 20:58:39,897 - main.py[line:214] - INFO: ----------
2021-04-24 21:02:12,505 - main.py[line:217] - INFO: 0.25131133876587614 0.9711460588511364 0.7229288247954105
2021-04-24 21:02:31,594 - main.py[line:222] - INFO: Testing
2021-04-24 21:02:31,594 - main.py[line:224] - INFO: 0.514856738552722 0.6998642771622544 -0.12741731837861936
2021-04-24 21:02:31,595 - main.py[line:213] - INFO: Epoch 121/150
2021-04-24 21:02:31,595 - main.py[line:214] - INFO: ----------
2021-04-24 21:05:59,481 - main.py[line:217] - INFO: 0.25056586956459226 0.9714317746720971 0.7245701489408738
2021-04-24 21:05:59,481 - main.py[line:213] - INFO: Epoch 122/150
2021-04-24 21:05:59,481 - main.py[line:214] - INFO: ----------
2021-04-24 21:09:29,438 - main.py[line:217] - INFO: 0.2501634889643485 0.9715891727324519 0.7254540573569264
2021-04-24 21:09:29,439 - main.py[line:213] - INFO: Epoch 123/150
2021-04-24 21:09:29,439 - main.py[line:214] - INFO: ----------
2021-04-24 21:12:59,596 - main.py[line:217] - INFO: 0.2500424938632167 0.9715919271768749 0.7257195691698852
2021-04-24 21:12:59,596 - main.py[line:213] - INFO: Epoch 124/150
2021-04-24 21:12:59,596 - main.py[line:214] - INFO: ----------
2021-04-24 21:16:26,500 - main.py[line:217] - INFO: 0.25098328436985845 0.9712679595448571 0.7236517137190746
2021-04-24 21:16:26,500 - main.py[line:213] - INFO: Epoch 125/150
2021-04-24 21:16:26,500 - main.py[line:214] - INFO: ----------
2021-04-24 21:19:56,781 - main.py[line:217] - INFO: 0.252536906213458 0.9706085021037639 0.7202198551005652
2021-04-24 21:20:16,026 - main.py[line:222] - INFO: Testing
2021-04-24 21:20:16,026 - main.py[line:224] - INFO: 0.516937929714817 0.697958686203308 -0.13655039606094688
2021-04-24 21:20:16,027 - main.py[line:213] - INFO: Epoch 126/150
2021-04-24 21:20:16,027 - main.py[line:214] - INFO: ----------
2021-04-24 21:23:45,011 - main.py[line:217] - INFO: 0.2516415057038852 0.9708944055800165 0.7222003273551756
2021-04-24 21:23:45,011 - main.py[line:213] - INFO: Epoch 127/150
2021-04-24 21:23:45,011 - main.py[line:214] - INFO: ----------
2021-04-24 21:27:13,355 - main.py[line:217] - INFO: 0.2491952908638975 0.972103485242934 0.7275750740948411
2021-04-24 21:27:13,356 - main.py[line:213] - INFO: Epoch 128/150
2021-04-24 21:27:13,356 - main.py[line:214] - INFO: ----------
2021-04-24 21:30:40,635 - main.py[line:217] - INFO: 0.24672491803892155 0.9730834649247536 0.7329496164147955
2021-04-24 21:30:40,635 - main.py[line:213] - INFO: Epoch 129/150
2021-04-24 21:30:40,635 - main.py[line:214] - INFO: ----------
2021-04-24 21:34:10,565 - main.py[line:217] - INFO: 0.24528704645353452 0.9737620891655143 0.7360531964157007
2021-04-24 21:34:10,565 - main.py[line:213] - INFO: Epoch 130/150
2021-04-24 21:34:10,566 - main.py[line:214] - INFO: ----------
2021-04-24 21:37:39,371 - main.py[line:217] - INFO: 0.244838927781779 0.9739479824039605 0.7370167323988327
2021-04-24 21:37:58,259 - main.py[line:222] - INFO: Testing
2021-04-24 21:37:58,259 - main.py[line:224] - INFO: 0.5178201708616108 0.7009327241680623 -0.140433133676785
2021-04-24 21:37:58,259 - main.py[line:213] - INFO: Epoch 131/150
2021-04-24 21:37:58,259 - main.py[line:214] - INFO: ----------
2021-04-24 21:41:27,173 - main.py[line:217] - INFO: 0.24414745671154123 0.9741353903663267 0.7385000630153695
2021-04-24 21:41:27,174 - main.py[line:213] - INFO: Epoch 132/150
2021-04-24 21:41:27,174 - main.py[line:214] - INFO: ----------
2021-04-24 21:44:55,330 - main.py[line:217] - INFO: 0.2446676169144052 0.9739769793478057 0.7373846161414292
2021-04-24 21:44:55,331 - main.py[line:213] - INFO: Epoch 133/150
2021-04-24 21:44:55,331 - main.py[line:214] - INFO: ----------
2021-04-24 21:48:23,586 - main.py[line:217] - INFO: 0.24572824237021415 0.9735729833177977 0.7351028243146824
2021-04-24 21:48:23,586 - main.py[line:213] - INFO: Epoch 134/150
2021-04-24 21:48:23,586 - main.py[line:214] - INFO: ----------
2021-04-24 21:51:54,121 - main.py[line:217] - INFO: 0.24663769236909056 0.9731862540619496 0.7331384058668096
2021-04-24 21:51:54,122 - main.py[line:213] - INFO: Epoch 135/150
2021-04-24 21:51:54,122 - main.py[line:214] - INFO: ----------
2021-04-24 21:55:26,242 - main.py[line:217] - INFO: 0.24613446352284712 0.9734003935394666 0.7342262805431206
2021-04-24 21:55:44,967 - main.py[line:222] - INFO: Testing
2021-04-24 21:55:44,967 - main.py[line:224] - INFO: 0.5210973830117464 0.6977670804509016 -0.1549140998783718
2021-04-24 21:55:44,967 - main.py[line:213] - INFO: Epoch 136/150
2021-04-24 21:55:44,967 - main.py[line:214] - INFO: ----------
2021-04-24 21:59:12,114 - main.py[line:217] - INFO: 0.2457794903543673 0.9735347302108361 0.7349923212504194
2021-04-24 21:59:12,115 - main.py[line:213] - INFO: Epoch 137/150
2021-04-24 21:59:12,115 - main.py[line:214] - INFO: ----------
2021-04-24 22:02:46,734 - main.py[line:217] - INFO: 0.24358173436801225 0.9744844107949864 0.7397105197205203
2021-04-24 22:02:46,734 - main.py[line:213] - INFO: Epoch 138/150
2021-04-24 22:02:46,734 - main.py[line:214] - INFO: ----------
2021-04-24 22:06:13,974 - main.py[line:217] - INFO: 0.24258367783649756 0.9749654111050735 0.7418391801090534
2021-04-24 22:06:13,975 - main.py[line:213] - INFO: Epoch 139/150
2021-04-24 22:06:13,975 - main.py[line:214] - INFO: ----------
2021-04-24 22:09:41,877 - main.py[line:217] - INFO: 0.24172025083799048 0.9752786446161124 0.7436736508778299
2021-04-24 22:09:41,877 - main.py[line:213] - INFO: Epoch 140/150
2021-04-24 22:09:41,877 - main.py[line:214] - INFO: ----------
2021-04-24 22:13:10,036 - main.py[line:217] - INFO: 0.2417465921189299 0.9752830133809652 0.7436177818950195
2021-04-24 22:13:28,648 - main.py[line:222] - INFO: Testing
2021-04-24 22:13:28,648 - main.py[line:224] - INFO: 0.5214138368425901 0.6990372735130022 -0.15631724630431654
2021-04-24 22:13:28,648 - main.py[line:213] - INFO: Epoch 141/150
2021-04-24 22:13:28,648 - main.py[line:214] - INFO: ----------
2021-04-24 22:16:56,955 - main.py[line:217] - INFO: 0.2411485866530616 0.9754642509371836 0.7448846319141571
2021-04-24 22:16:56,956 - main.py[line:213] - INFO: Epoch 142/150
2021-04-24 22:16:56,956 - main.py[line:214] - INFO: ----------
2021-04-24 22:20:26,139 - main.py[line:217] - INFO: 0.24194928168783592 0.9751799956211823 0.7431876803912378
2021-04-24 22:20:26,139 - main.py[line:213] - INFO: Epoch 143/150
2021-04-24 22:20:26,139 - main.py[line:214] - INFO: ----------
2021-04-24 22:23:55,522 - main.py[line:217] - INFO: 0.24333747852264287 0.9746506097798453 0.7402322776480839
2021-04-24 22:23:55,522 - main.py[line:213] - INFO: Epoch 144/150
2021-04-24 22:23:55,522 - main.py[line:214] - INFO: ----------
2021-04-24 22:27:29,058 - main.py[line:217] - INFO: 0.2419102958011737 0.9751850102688795 0.743270435332953
2021-04-24 22:27:29,058 - main.py[line:213] - INFO: Epoch 145/150
2021-04-24 22:27:29,058 - main.py[line:214] - INFO: ----------
2021-04-24 22:30:59,302 - main.py[line:217] - INFO: 0.24096400941422633 0.9755132966271257 0.7452750175258478
2021-04-24 22:31:17,980 - main.py[line:222] - INFO: Testing
2021-04-24 22:31:17,980 - main.py[line:224] - INFO: 0.5219652187317555 0.6993948291798264 -0.15876409159675364
2021-04-24 22:31:17,981 - main.py[line:213] - INFO: Epoch 146/150
2021-04-24 22:31:17,981 - main.py[line:214] - INFO: ----------
2021-04-24 22:34:49,645 - main.py[line:217] - INFO: 0.2398726470990717 0.9760069082799655 0.7475771679719754
2021-04-24 22:34:49,645 - main.py[line:213] - INFO: Epoch 147/150
2021-04-24 22:34:49,645 - main.py[line:214] - INFO: ----------
2021-04-24 22:38:17,335 - main.py[line:217] - INFO: 0.24030821518574413 0.9757927485278179 0.746659621480773
2021-04-24 22:38:17,335 - main.py[line:213] - INFO: Epoch 148/150
2021-04-24 22:38:17,335 - main.py[line:214] - INFO: ----------
2021-04-24 22:41:43,754 - main.py[line:217] - INFO: 0.23818823533555397 0.976639482062572 0.7511098020485758
2021-04-24 22:41:43,754 - main.py[line:213] - INFO: Epoch 149/150
2021-04-24 22:41:43,754 - main.py[line:214] - INFO: ----------
2021-04-24 22:45:14,550 - main.py[line:217] - INFO: 0.2374599335017859 0.976980900842478 0.7526295249634389
2021-04-24 22:45:14,550 - main.py[line:213] - INFO: Epoch 150/150
2021-04-24 22:45:14,550 - main.py[line:214] - INFO: ----------
2021-04-24 22:48:44,158 - main.py[line:217] - INFO: 0.23628032182894165 0.9773358464796658 0.7550811075651791
2021-04-24 22:49:02,921 - main.py[line:222] - INFO: Testing
2021-04-24 22:49:02,921 - main.py[line:224] - INFO: 0.5241456120258398 0.6976123317353233 -0.16846526875334789
