2021-04-26 19:06:21,370 - main.py[line:217] - INFO: Epoch 1/100
2021-04-26 19:06:21,370 - main.py[line:218] - INFO: ----------
2021-04-26 19:14:07,561 - main.py[line:221] - INFO: 0.45981466472057986 0.5666615801324556 -0.0057276925388964894
2021-04-26 19:14:07,561 - main.py[line:217] - INFO: Epoch 2/100
2021-04-26 19:14:07,561 - main.py[line:218] - INFO: ----------
2021-04-26 19:21:54,217 - main.py[line:221] - INFO: 0.4520947142396757 0.6024449941185972 0.02775967198250351
2021-04-26 19:21:54,218 - main.py[line:217] - INFO: Epoch 3/100
2021-04-26 19:21:54,218 - main.py[line:218] - INFO: ----------
2021-04-26 19:30:05,191 - main.py[line:221] - INFO: 0.45179226051974947 0.6046742875355812 0.029060104531454578
2021-04-26 19:30:05,192 - main.py[line:217] - INFO: Epoch 4/100
2021-04-26 19:30:05,192 - main.py[line:218] - INFO: ----------
2021-04-26 19:38:29,720 - main.py[line:221] - INFO: 0.451502566767508 0.6068350945021338 0.03030485822839435
2021-04-26 19:38:29,721 - main.py[line:217] - INFO: Epoch 5/100
2021-04-26 19:38:29,721 - main.py[line:218] - INFO: ----------
2021-04-26 19:46:35,448 - main.py[line:221] - INFO: 0.4511979194854589 0.6091105015250002 0.03161300284060442
2021-04-26 19:47:27,802 - main.py[line:226] - INFO: Testing
2021-04-26 19:47:27,802 - main.py[line:228] - INFO: 0.4513965272992962 0.6121579644364736 0.03275383079025029
2021-04-26 19:47:27,802 - main.py[line:217] - INFO: Epoch 6/100
2021-04-26 19:47:27,802 - main.py[line:218] - INFO: ----------
2021-04-26 19:55:49,626 - main.py[line:221] - INFO: 0.45086389784458736 0.6115692597012454 0.03304626514236442
2021-04-26 19:55:49,627 - main.py[line:217] - INFO: Epoch 7/100
2021-04-26 19:55:49,627 - main.py[line:218] - INFO: ----------
2021-04-26 20:03:46,824 - main.py[line:221] - INFO: 0.45049109843635465 0.6142785363704222 0.03464466656450427
2021-04-26 20:03:46,824 - main.py[line:217] - INFO: Epoch 8/100
2021-04-26 20:03:46,824 - main.py[line:218] - INFO: ----------
2021-04-26 20:11:48,481 - main.py[line:221] - INFO: 0.4500746502157284 0.6172825803694988 0.03642865160677411
2021-04-26 20:11:48,481 - main.py[line:217] - INFO: Epoch 9/100
2021-04-26 20:11:48,481 - main.py[line:218] - INFO: ----------
2021-04-26 20:19:25,943 - main.py[line:221] - INFO: 0.449615561440854 0.6206105717932421 0.03839338868928044
2021-04-26 20:19:25,944 - main.py[line:217] - INFO: Epoch 10/100
2021-04-26 20:19:25,944 - main.py[line:218] - INFO: ----------
2021-04-26 20:27:01,742 - main.py[line:221] - INFO: 0.44912324424844813 0.6241157131875735 0.040498103556497966
2021-04-26 20:27:46,897 - main.py[line:226] - INFO: Testing
2021-04-26 20:27:46,897 - main.py[line:228] - INFO: 0.4493604281293953 0.6263667171525533 0.04146000077410161
2021-04-26 20:27:46,898 - main.py[line:217] - INFO: Epoch 11/100
2021-04-26 20:27:46,898 - main.py[line:218] - INFO: ----------
2021-04-26 20:36:17,017 - main.py[line:221] - INFO: 0.4486204134046719 0.6276577031579822 0.04264538528065409
2021-04-26 20:36:17,017 - main.py[line:217] - INFO: Epoch 12/100
2021-04-26 20:36:17,017 - main.py[line:218] - INFO: ----------
2021-04-26 20:43:57,102 - main.py[line:221] - INFO: 0.44813702896392443 0.6309847209743474 0.044707355693911155
2021-04-26 20:43:57,102 - main.py[line:217] - INFO: Epoch 13/100
2021-04-26 20:43:57,102 - main.py[line:218] - INFO: ----------
2021-04-26 20:51:53,065 - main.py[line:221] - INFO: 0.44768401846391154 0.6339740036049343 0.04663774233277618
2021-04-26 20:51:53,066 - main.py[line:217] - INFO: Epoch 14/100
2021-04-26 20:51:53,066 - main.py[line:218] - INFO: ----------
2021-04-26 20:59:38,954 - main.py[line:221] - INFO: 0.44726478050548746 0.6366527632504357 0.048422476588872665
2021-04-26 20:59:38,954 - main.py[line:217] - INFO: Epoch 15/100
2021-04-26 20:59:38,955 - main.py[line:218] - INFO: ----------
2021-04-26 21:07:41,435 - main.py[line:221] - INFO: 0.44688075160164437 0.6390543718339152 0.05005585531953072
2021-04-26 21:08:26,954 - main.py[line:226] - INFO: Testing
2021-04-26 21:08:26,954 - main.py[line:228] - INFO: 0.4473262188427312 0.639441716073767 0.05011878517870494
2021-04-26 21:08:26,954 - main.py[line:217] - INFO: Epoch 16/100
2021-04-26 21:08:26,954 - main.py[line:218] - INFO: ----------
2021-04-26 21:16:45,772 - main.py[line:221] - INFO: 0.44652899895587195 0.6412228084281848 0.051550723278527055
2021-04-26 21:16:45,772 - main.py[line:217] - INFO: Epoch 17/100
2021-04-26 21:16:45,772 - main.py[line:218] - INFO: ----------
2021-04-26 21:24:47,899 - main.py[line:221] - INFO: 0.4462067266678407 0.6431822505426686 0.052919273218043794
2021-04-26 21:24:47,899 - main.py[line:217] - INFO: Epoch 18/100
2021-04-26 21:24:47,900 - main.py[line:218] - INFO: ----------
2021-04-26 21:33:12,723 - main.py[line:221] - INFO: 0.44591226213285146 0.644943913413276 0.05416887188234498
2021-04-26 21:33:12,724 - main.py[line:217] - INFO: Epoch 19/100
2021-04-26 21:33:12,724 - main.py[line:218] - INFO: ----------
2021-04-26 21:41:29,115 - main.py[line:221] - INFO: 0.44564412172918744 0.6465177804795966 0.05530604306470732
2021-04-26 21:41:29,115 - main.py[line:217] - INFO: Epoch 20/100
2021-04-26 21:41:29,115 - main.py[line:218] - INFO: ----------
2021-04-26 21:49:26,380 - main.py[line:221] - INFO: 0.4454004675758605 0.6479208827062202 0.05633877600290005
2021-04-26 21:50:03,744 - main.py[line:226] - INFO: Testing
2021-04-26 21:50:03,744 - main.py[line:228] - INFO: 0.4460318962412461 0.6471797456241324 0.05560772807700254
2021-04-26 21:50:03,744 - main.py[line:217] - INFO: Epoch 21/100
2021-04-26 21:50:03,744 - main.py[line:218] - INFO: ----------
2021-04-26 21:57:58,195 - main.py[line:221] - INFO: 0.44517909729375893 0.6491692071056197 0.05727656863587882
2021-04-26 21:57:58,196 - main.py[line:217] - INFO: Epoch 22/100
2021-04-26 21:57:58,196 - main.py[line:218] - INFO: ----------
2021-04-26 22:05:51,169 - main.py[line:221] - INFO: 0.4449776612730706 0.6502749636527784 0.058129508474500935
2021-04-26 22:05:51,170 - main.py[line:217] - INFO: Epoch 23/100
2021-04-26 22:05:51,170 - main.py[line:218] - INFO: ----------
2021-04-26 22:13:46,208 - main.py[line:221] - INFO: 0.4447938925160653 0.6512550246351383 0.05890730315310111
2021-04-26 22:13:46,208 - main.py[line:217] - INFO: Epoch 24/100
2021-04-26 22:13:46,208 - main.py[line:218] - INFO: ----------
2021-04-26 22:21:40,768 - main.py[line:221] - INFO: 0.4446257478256737 0.6521272175018179 0.05961868805856452
2021-04-26 22:21:40,768 - main.py[line:217] - INFO: Epoch 25/100
2021-04-26 22:21:40,768 - main.py[line:218] - INFO: ----------
2021-04-26 22:29:37,898 - main.py[line:221] - INFO: 0.4444714520295401 0.6529090804629155 0.060271244541655
2021-04-26 22:30:20,454 - main.py[line:226] - INFO: Testing
2021-04-26 22:30:20,454 - main.py[line:228] - INFO: 0.4452360592637537 0.6513135723372362 0.058974804684677196
2021-04-26 22:30:20,454 - main.py[line:217] - INFO: Epoch 26/100
2021-04-26 22:30:20,454 - main.py[line:218] - INFO: ----------
2021-04-26 22:38:13,044 - main.py[line:221] - INFO: 0.44432947196845873 0.6536135957304958 0.060871514527476855
2021-04-26 22:38:13,045 - main.py[line:217] - INFO: Epoch 27/100
2021-04-26 22:38:13,045 - main.py[line:218] - INFO: ----------
2021-04-26 22:46:10,619 - main.py[line:221] - INFO: 0.44419846438702604 0.6542495349146493 0.06142522442778442
2021-04-26 22:46:10,620 - main.py[line:217] - INFO: Epoch 28/100
2021-04-26 22:46:10,620 - main.py[line:218] - INFO: ----------
2021-04-26 22:53:43,404 - main.py[line:221] - INFO: 0.4440772237735424 0.6548269433798241 0.06193750828822486
2021-04-26 22:53:43,404 - main.py[line:217] - INFO: Epoch 29/100
2021-04-26 22:53:43,404 - main.py[line:218] - INFO: ----------
2021-04-26 23:01:14,696 - main.py[line:221] - INFO: 0.4439646458557411 0.6553570152585072 0.06241306402702951
2021-04-26 23:01:14,697 - main.py[line:217] - INFO: Epoch 30/100
2021-04-26 23:01:14,697 - main.py[line:218] - INFO: ----------
2021-04-26 23:09:07,737 - main.py[line:221] - INFO: 0.4438597069216399 0.6558469592239617 0.06285624231416553
2021-04-26 23:09:51,107 - main.py[line:226] - INFO: Testing
2021-04-26 23:09:51,108 - main.py[line:228] - INFO: 0.4447340891684462 0.653691859176709 0.0610954785085579
2021-04-26 23:09:51,108 - main.py[line:217] - INFO: Epoch 31/100
2021-04-26 23:09:51,108 - main.py[line:218] - INFO: ----------
2021-04-26 23:17:25,249 - main.py[line:221] - INFO: 0.44376145777661324 0.6563043264389848 0.0632710733123324
2021-04-26 23:17:25,249 - main.py[line:217] - INFO: Epoch 32/100
2021-04-26 23:17:25,250 - main.py[line:218] - INFO: ----------
2021-04-26 23:24:56,389 - main.py[line:221] - INFO: 0.4436690215427361 0.6567339446505763 0.06366127698798207
2021-04-26 23:24:56,390 - main.py[line:217] - INFO: Epoch 33/100
2021-04-26 23:24:56,390 - main.py[line:218] - INFO: ----------
2021-04-26 23:32:37,395 - main.py[line:221] - INFO: 0.44358159640241906 0.6571393574466908 0.06403025239551718
2021-04-26 23:32:37,396 - main.py[line:217] - INFO: Epoch 34/100
2021-04-26 23:32:37,396 - main.py[line:218] - INFO: ----------
2021-04-26 23:40:03,919 - main.py[line:221] - INFO: 0.44349845576931185 0.6575251135251172 0.06438107770194623
2021-04-26 23:40:03,920 - main.py[line:217] - INFO: Epoch 35/100
2021-04-26 23:40:03,920 - main.py[line:218] - INFO: ----------
2021-04-26 23:47:40,297 - main.py[line:221] - INFO: 0.4434189480036843 0.657893346830836 0.06471651202428519
2021-04-26 23:48:24,855 - main.py[line:226] - INFO: Testing
2021-04-26 23:48:24,855 - main.py[line:228] - INFO: 0.44441462817016975 0.6551613593853086 0.062443860184233535
2021-04-26 23:48:24,856 - main.py[line:217] - INFO: Epoch 36/100
2021-04-26 23:48:24,856 - main.py[line:218] - INFO: ----------
2021-04-26 23:56:27,738 - main.py[line:221] - INFO: 0.4433424955701953 0.6582471761408267 0.06503899952604741
2021-04-26 23:56:27,739 - main.py[line:217] - INFO: Epoch 37/100
2021-04-26 23:56:27,739 - main.py[line:218] - INFO: ----------
2021-04-27 00:04:26,563 - main.py[line:221] - INFO: 0.44326859369058347 0.6585885482966356 0.06535067556499174
2021-04-27 00:04:26,564 - main.py[line:217] - INFO: Epoch 38/100
2021-04-27 00:04:26,564 - main.py[line:218] - INFO: ----------
2021-04-27 00:12:25,733 - main.py[line:221] - INFO: 0.4431968119995573 0.658919442128569 0.06565336011218204
2021-04-27 00:12:25,733 - main.py[line:217] - INFO: Epoch 39/100
2021-04-27 00:12:25,733 - main.py[line:218] - INFO: ----------
2021-04-27 00:20:19,463 - main.py[line:221] - INFO: 0.4431267954093021 0.659241356081353 0.06594855446618686
2021-04-27 00:20:19,463 - main.py[line:217] - INFO: Epoch 40/100
2021-04-27 00:20:19,463 - main.py[line:218] - INFO: ----------
2021-04-27 00:28:13,505 - main.py[line:221] - INFO: 0.44305825941244464 0.6595551658056207 0.06623746137538455
2021-04-27 00:28:56,713 - main.py[line:226] - INFO: Testing
2021-04-27 00:28:56,713 - main.py[line:228] - INFO: 0.44421398743770046 0.6560841773960004 0.06329022965575526
2021-04-27 00:28:56,714 - main.py[line:217] - INFO: Epoch 41/100
2021-04-27 00:28:56,714 - main.py[line:218] - INFO: ----------
2021-04-27 00:36:54,174 - main.py[line:221] - INFO: 0.44299096370301594 0.6598624037253217 0.0665210964907259
2021-04-27 00:36:54,174 - main.py[line:217] - INFO: Epoch 42/100
2021-04-27 00:36:54,174 - main.py[line:218] - INFO: ----------
2021-04-27 00:44:49,877 - main.py[line:221] - INFO: 0.44292465955420923 0.6601631126071166 0.06680051028142209
2021-04-27 00:44:49,877 - main.py[line:217] - INFO: Epoch 43/100
2021-04-27 00:44:49,878 - main.py[line:218] - INFO: ----------
2021-04-27 00:52:47,755 - main.py[line:221] - INFO: 0.44285903491139283 0.6604595813749456 0.06707701936746968
2021-04-27 00:52:47,756 - main.py[line:217] - INFO: Epoch 44/100
2021-04-27 00:52:47,756 - main.py[line:218] - INFO: ----------
2021-04-27 01:00:43,472 - main.py[line:221] - INFO: 0.44279370737627827 0.6607533797173749 0.06735223589840333
2021-04-27 01:00:43,473 - main.py[line:217] - INFO: Epoch 45/100
2021-04-27 01:00:43,473 - main.py[line:218] - INFO: ----------
2021-04-27 01:08:42,647 - main.py[line:221] - INFO: 0.44272826469320625 0.6610462916143074 0.06762789682445669
2021-04-27 01:09:25,651 - main.py[line:226] - INFO: Testing
2021-04-27 01:09:25,651 - main.py[line:228] - INFO: 0.4441015877969381 0.6566276294950113 0.06376420177011155
2021-04-27 01:09:25,652 - main.py[line:217] - INFO: Epoch 46/100
2021-04-27 01:09:25,652 - main.py[line:218] - INFO: ----------
2021-04-27 01:17:20,613 - main.py[line:221] - INFO: 0.44266229667102763 0.6613399760706395 0.06790572937380301
2021-04-27 01:17:20,614 - main.py[line:217] - INFO: Epoch 47/100
2021-04-27 01:17:20,614 - main.py[line:218] - INFO: ----------
2021-04-27 01:25:15,010 - main.py[line:221] - INFO: 0.4425954005865349 0.6616371637967609 0.0681874282944347
2021-04-27 01:25:15,010 - main.py[line:217] - INFO: Epoch 48/100
2021-04-27 01:25:15,010 - main.py[line:218] - INFO: ----------
2021-04-27 01:33:07,381 - main.py[line:221] - INFO: 0.44252723360517876 0.6619388945433301 0.06847443515733553
2021-04-27 01:33:07,382 - main.py[line:217] - INFO: Epoch 49/100
2021-04-27 01:33:07,382 - main.py[line:218] - INFO: ----------
2021-04-27 01:41:02,866 - main.py[line:221] - INFO: 0.4424576480090138 0.6622477423057767 0.06876736928861904
2021-04-27 01:41:02,867 - main.py[line:217] - INFO: Epoch 50/100
2021-04-27 01:41:02,867 - main.py[line:218] - INFO: ----------
2021-04-27 01:49:01,387 - main.py[line:221] - INFO: 0.44238652744530715 0.6625644537109467 0.06906671756321181
2021-04-27 01:49:43,922 - main.py[line:226] - INFO: Testing
2021-04-27 01:49:43,922 - main.py[line:228] - INFO: 0.4440787870100057 0.6567309637831074 0.06386033457193208
2021-04-27 01:49:43,922 - main.py[line:217] - INFO: Epoch 51/100
2021-04-27 01:49:43,922 - main.py[line:218] - INFO: ----------
2021-04-27 01:57:41,794 - main.py[line:221] - INFO: 0.44231346239303504 0.6628899991656454 0.06937420012745077
2021-04-27 01:57:41,794 - main.py[line:217] - INFO: Epoch 52/100
2021-04-27 01:57:41,794 - main.py[line:218] - INFO: ----------
2021-04-27 02:05:40,112 - main.py[line:221] - INFO: 0.4422388409539791 0.6632220265940004 0.06968818007339417
2021-04-27 02:05:40,112 - main.py[line:217] - INFO: Epoch 53/100
2021-04-27 02:05:40,112 - main.py[line:218] - INFO: ----------
2021-04-27 02:13:28,428 - main.py[line:221] - INFO: 0.4421640893150627 0.6635535415518844 0.07000265473926437
2021-04-27 02:13:28,428 - main.py[line:217] - INFO: Epoch 54/100
2021-04-27 02:13:28,428 - main.py[line:218] - INFO: ----------
2021-04-27 02:21:22,369 - main.py[line:221] - INFO: 0.44209068460599593 0.6638784121438116 0.07031141123801965
2021-04-27 02:21:22,369 - main.py[line:217] - INFO: Epoch 55/100
2021-04-27 02:21:22,369 - main.py[line:218] - INFO: ----------
2021-04-27 02:29:07,695 - main.py[line:221] - INFO: 0.4420191907087214 0.6641953380212692 0.07061208116084672
2021-04-27 02:29:54,351 - main.py[line:226] - INFO: Testing
2021-04-27 02:29:54,352 - main.py[line:228] - INFO: 0.4441586250633088 0.656380970996556 0.06352369932086466
2021-04-27 02:29:54,353 - main.py[line:217] - INFO: Epoch 56/100
2021-04-27 02:29:54,353 - main.py[line:218] - INFO: ----------
2021-04-27 02:38:22,608 - main.py[line:221] - INFO: 0.44194893287200293 0.6645076811877866 0.07090750541681867
2021-04-27 02:38:22,609 - main.py[line:217] - INFO: Epoch 57/100
2021-04-27 02:38:22,609 - main.py[line:218] - INFO: ----------
2021-04-27 02:46:09,783 - main.py[line:221] - INFO: 0.441879152844672 0.6648174702634955 0.07120087406926234
2021-04-27 02:46:09,783 - main.py[line:217] - INFO: Epoch 58/100
2021-04-27 02:46:09,783 - main.py[line:218] - INFO: ----------
2021-04-27 02:54:04,316 - main.py[line:221] - INFO: 0.44180938662609376 0.6651260397514283 0.07149413835669882
2021-04-27 02:54:04,316 - main.py[line:217] - INFO: Epoch 59/100
2021-04-27 02:54:04,316 - main.py[line:218] - INFO: ----------
2021-04-27 03:01:41,372 - main.py[line:221] - INFO: 0.4417392536231542 0.6654357751977557 0.0717888977610679
2021-04-27 03:01:41,372 - main.py[line:217] - INFO: Epoch 60/100
2021-04-27 03:01:41,372 - main.py[line:218] - INFO: ----------
2021-04-27 03:09:41,500 - main.py[line:221] - INFO: 0.441668445493304 0.6657487844509167 0.0720864471595668
2021-04-27 03:10:22,785 - main.py[line:226] - INFO: Testing
2021-04-27 03:10:22,785 - main.py[line:228] - INFO: 0.44426681401559237 0.6559010298906056 0.06306742661330156
2021-04-27 03:10:22,785 - main.py[line:217] - INFO: Epoch 61/100
2021-04-27 03:10:22,785 - main.py[line:218] - INFO: ----------
2021-04-27 03:18:17,570 - main.py[line:221] - INFO: 0.44159683444972836 0.6660654800002465 0.0723873220426019
2021-04-27 03:18:17,571 - main.py[line:217] - INFO: Epoch 62/100
2021-04-27 03:18:17,571 - main.py[line:218] - INFO: ----------
2021-04-27 03:26:46,850 - main.py[line:221] - INFO: 0.4415245333129774 0.6663859196313472 0.07269104686799588
2021-04-27 03:26:46,850 - main.py[line:217] - INFO: Epoch 63/100
2021-04-27 03:26:46,850 - main.py[line:218] - INFO: ----------
2021-04-27 03:34:56,695 - main.py[line:221] - INFO: 0.441451803807665 0.6667089179731642 0.0729965210223924
2021-04-27 03:34:56,696 - main.py[line:217] - INFO: Epoch 64/100
2021-04-27 03:34:56,696 - main.py[line:218] - INFO: ----------
2021-04-27 03:43:22,472 - main.py[line:221] - INFO: 0.4413789003541427 0.6670328199451776 0.07330267528011825
2021-04-27 03:43:22,472 - main.py[line:217] - INFO: Epoch 65/100
2021-04-27 03:43:22,472 - main.py[line:218] - INFO: ----------
2021-04-27 03:51:20,342 - main.py[line:221] - INFO: 0.4413060530970961 0.6673562994585807 0.07360854303817166
2021-04-27 03:52:15,578 - main.py[line:226] - INFO: Testing
2021-04-27 03:52:15,578 - main.py[line:228] - INFO: 0.444371905360863 0.6554200761645688 0.06262411125760625
2021-04-27 03:52:15,579 - main.py[line:217] - INFO: Epoch 66/100
2021-04-27 03:52:15,579 - main.py[line:218] - INFO: ----------
2021-04-27 04:01:16,735 - main.py[line:221] - INFO: 0.44123349680506313 0.6676773883818014 0.07391313892157425
2021-04-27 04:01:16,736 - main.py[line:217] - INFO: Epoch 67/100
2021-04-27 04:01:16,736 - main.py[line:218] - INFO: ----------
2021-04-27 04:09:51,510 - main.py[line:221] - INFO: 0.441161388711961 0.6679938948428893 0.07421580361722147
2021-04-27 04:09:51,510 - main.py[line:217] - INFO: Epoch 68/100
2021-04-27 04:09:51,510 - main.py[line:218] - INFO: ----------
2021-04-27 04:18:03,050 - main.py[line:221] - INFO: 0.4410896738914844 0.6683060636799889 0.07451676853750855
2021-04-27 04:18:03,050 - main.py[line:217] - INFO: Epoch 69/100
2021-04-27 04:18:03,051 - main.py[line:218] - INFO: ----------
2021-04-27 04:26:19,015 - main.py[line:221] - INFO: 0.4410180406395049 0.6686144238075019 0.07481734229490933
2021-04-27 04:26:19,016 - main.py[line:217] - INFO: Epoch 70/100
2021-04-27 04:26:19,016 - main.py[line:218] - INFO: ----------
2021-04-27 04:34:08,053 - main.py[line:221] - INFO: 0.4409461962642437 0.6689214023733882 0.07511875289409431
2021-04-27 04:34:51,190 - main.py[line:226] - INFO: Testing
2021-04-27 04:34:51,191 - main.py[line:228] - INFO: 0.44453471750775925 0.6546768565911697 0.06193710050217516
2021-04-27 04:34:51,191 - main.py[line:217] - INFO: Epoch 71/100
2021-04-27 04:34:51,191 - main.py[line:218] - INFO: ----------
2021-04-27 04:42:29,029 - main.py[line:221] - INFO: 0.4408741377065348 0.6692294797987405 0.07542101273321333
2021-04-27 04:42:29,030 - main.py[line:217] - INFO: Epoch 72/100
2021-04-27 04:42:29,030 - main.py[line:218] - INFO: ----------
2021-04-27 04:50:14,178 - main.py[line:221] - INFO: 0.44080195316291365 0.6695400592914607 0.0757237515097372
2021-04-27 04:50:14,178 - main.py[line:217] - INFO: Epoch 73/100
2021-04-27 04:50:14,178 - main.py[line:218] - INFO: ----------
2021-04-27 04:58:29,125 - main.py[line:221] - INFO: 0.44072954751774857 0.6698547831919809 0.07602736777671726
2021-04-27 04:58:29,126 - main.py[line:217] - INFO: Epoch 74/100
2021-04-27 04:58:29,126 - main.py[line:218] - INFO: ----------
2021-04-27 05:06:29,841 - main.py[line:221] - INFO: 0.4406564975071737 0.6701737044341514 0.07633363549693839
2021-04-27 05:06:29,842 - main.py[line:217] - INFO: Epoch 75/100
2021-04-27 05:06:29,842 - main.py[line:218] - INFO: ----------
2021-04-27 05:14:28,045 - main.py[line:221] - INFO: 0.4405821536403215 0.6705003489292674 0.0766452756837237
2021-04-27 05:15:09,818 - main.py[line:226] - INFO: Testing
2021-04-27 05:15:09,818 - main.py[line:228] - INFO: 0.4447509264582615 0.6537849161464132 0.06102438475985228
2021-04-27 05:15:09,818 - main.py[line:217] - INFO: Epoch 76/100
2021-04-27 05:15:09,818 - main.py[line:218] - INFO: ----------
2021-04-27 05:22:49,990 - main.py[line:221] - INFO: 0.4405061367423153 0.6708355184942593 0.07696387463773735
2021-04-27 05:22:49,990 - main.py[line:217] - INFO: Epoch 77/100
2021-04-27 05:22:49,990 - main.py[line:218] - INFO: ----------
2021-04-27 05:30:36,321 - main.py[line:221] - INFO: 0.44042857513723127 0.6711764827749858 0.07728889104368197
2021-04-27 05:30:36,322 - main.py[line:217] - INFO: Epoch 78/100
2021-04-27 05:30:36,322 - main.py[line:218] - INFO: ----------
2021-04-27 05:38:32,071 - main.py[line:221] - INFO: 0.440349829108334 0.6715186260425859 0.07761881214406585
2021-04-27 05:38:32,071 - main.py[line:217] - INFO: Epoch 79/100
2021-04-27 05:38:32,071 - main.py[line:218] - INFO: ----------
2021-04-27 05:46:32,306 - main.py[line:221] - INFO: 0.4402707474217249 0.6718527441799179 0.07795008017377336
2021-04-27 05:46:32,307 - main.py[line:217] - INFO: Epoch 80/100
2021-04-27 05:46:32,307 - main.py[line:218] - INFO: ----------
2021-04-27 05:54:30,678 - main.py[line:221] - INFO: 0.4401916822405583 0.6721759253784735 0.07828121958467171
2021-04-27 05:55:13,158 - main.py[line:226] - INFO: Testing
2021-04-27 05:55:13,159 - main.py[line:228] - INFO: 0.44501704685401106 0.652830952415253 0.059900360923103135
2021-04-27 05:55:13,159 - main.py[line:217] - INFO: Epoch 81/100
2021-04-27 05:55:13,159 - main.py[line:218] - INFO: ----------
2021-04-27 06:03:15,000 - main.py[line:221] - INFO: 0.440112467579813 0.6724911656455681 0.07861292540219
2021-04-27 06:03:15,001 - main.py[line:217] - INFO: Epoch 82/100
2021-04-27 06:03:15,001 - main.py[line:218] - INFO: ----------
2021-04-27 06:11:11,728 - main.py[line:221] - INFO: 0.44003378410576277 0.6728049766195296 0.07894234781445975
2021-04-27 06:11:11,729 - main.py[line:217] - INFO: Epoch 83/100
2021-04-27 06:11:11,729 - main.py[line:218] - INFO: ----------
2021-04-27 06:18:50,219 - main.py[line:221] - INFO: 0.4399531570654947 0.673135526847948 0.07927984621388529
2021-04-27 06:18:50,219 - main.py[line:217] - INFO: Epoch 84/100
2021-04-27 06:18:50,219 - main.py[line:218] - INFO: ----------
2021-04-27 06:26:40,360 - main.py[line:221] - INFO: 0.43986766104163944 0.6734983885468349 0.0796376582324998
2021-04-27 06:26:40,361 - main.py[line:217] - INFO: Epoch 85/100
2021-04-27 06:26:40,361 - main.py[line:218] - INFO: ----------
2021-04-27 06:34:31,200 - main.py[line:221] - INFO: 0.43978298952261785 0.6738561608434358 0.07999195105317913
2021-04-27 06:35:10,655 - main.py[line:226] - INFO: Testing
2021-04-27 06:35:10,655 - main.py[line:228] - INFO: 0.4453095367859952 0.6517113969335452 0.058664183369398604
2021-04-27 06:35:10,655 - main.py[line:217] - INFO: Epoch 86/100
2021-04-27 06:35:10,655 - main.py[line:218] - INFO: ----------
2021-04-27 06:42:58,067 - main.py[line:221] - INFO: 0.43969353076550666 0.6742505079031752 0.08036620111611414
2021-04-27 06:42:58,067 - main.py[line:217] - INFO: Epoch 87/100
2021-04-27 06:42:58,068 - main.py[line:218] - INFO: ----------
2021-04-27 06:50:55,117 - main.py[line:221] - INFO: 0.4395954511691588 0.6746664329062583 0.08077642890254266
2021-04-27 06:50:55,118 - main.py[line:217] - INFO: Epoch 88/100
2021-04-27 06:50:55,118 - main.py[line:218] - INFO: ----------
2021-04-27 06:58:53,803 - main.py[line:221] - INFO: 0.4395129971172894 0.6750180862962698 0.08112123046757769
2021-04-27 06:58:53,804 - main.py[line:217] - INFO: Epoch 89/100
2021-04-27 06:58:53,804 - main.py[line:218] - INFO: ----------
2021-04-27 07:06:54,339 - main.py[line:221] - INFO: 0.43944373945127974 0.6753054680166624 0.0814107981720602
2021-04-27 07:06:54,340 - main.py[line:217] - INFO: Epoch 90/100
2021-04-27 07:06:54,340 - main.py[line:218] - INFO: ----------
2021-04-27 07:14:52,358 - main.py[line:221] - INFO: 0.4393558981624308 0.6756806261625379 0.08177799873731684
2021-04-27 07:15:35,026 - main.py[line:226] - INFO: Testing
2021-04-27 07:15:35,026 - main.py[line:228] - INFO: 0.4455897931218231 0.6504177818137715 0.057478947836489325
2021-04-27 07:15:35,027 - main.py[line:217] - INFO: Epoch 91/100
2021-04-27 07:15:35,027 - main.py[line:218] - INFO: ----------
2021-04-27 07:23:33,396 - main.py[line:221] - INFO: 0.43928476530910854 0.6759702717847264 0.0820752996899704
2021-04-27 07:23:33,396 - main.py[line:217] - INFO: Epoch 92/100
2021-04-27 07:23:33,396 - main.py[line:218] - INFO: ----------
2021-04-27 07:31:37,623 - main.py[line:221] - INFO: 0.4392056256723784 0.6762674992239587 0.08240600855779412
2021-04-27 07:31:37,624 - main.py[line:217] - INFO: Epoch 93/100
2021-04-27 07:31:37,624 - main.py[line:218] - INFO: ----------
2021-04-27 07:39:43,850 - main.py[line:221] - INFO: 0.43912378699191457 0.6765920593716597 0.08274793352754983
2021-04-27 07:39:43,851 - main.py[line:217] - INFO: Epoch 94/100
2021-04-27 07:39:43,851 - main.py[line:218] - INFO: ----------
2021-04-27 07:47:44,279 - main.py[line:221] - INFO: 0.4390335544452092 0.6770042657109465 0.08312485451826457
2021-04-27 07:47:44,279 - main.py[line:217] - INFO: Epoch 95/100
2021-04-27 07:47:44,279 - main.py[line:218] - INFO: ----------
2021-04-27 07:55:12,919 - main.py[line:221] - INFO: 0.4389623442889196 0.6772965075798941 0.08342226015727228
2021-04-27 07:55:53,382 - main.py[line:226] - INFO: Testing
2021-04-27 07:55:53,383 - main.py[line:228] - INFO: 0.4459927598766892 0.6486977839460205 0.05577344922406957
2021-04-27 07:55:53,383 - main.py[line:217] - INFO: Epoch 96/100
2021-04-27 07:55:53,383 - main.py[line:218] - INFO: ----------
2021-04-27 08:03:32,717 - main.py[line:221] - INFO: 0.4388962705195445 0.6775665511655542 0.08369817078618058
2021-04-27 08:03:32,718 - main.py[line:217] - INFO: Epoch 97/100
2021-04-27 08:03:32,718 - main.py[line:218] - INFO: ----------
2021-04-27 08:12:06,345 - main.py[line:221] - INFO: 0.4387814192614317 0.6780687988499696 0.08417766744843924
2021-04-27 08:12:06,345 - main.py[line:217] - INFO: Epoch 98/100
2021-04-27 08:12:06,345 - main.py[line:218] - INFO: ----------
2021-04-27 08:21:45,055 - main.py[line:221] - INFO: 0.4387345113010524 0.6782688986729182 0.08437346909143251
2021-04-27 08:21:45,055 - main.py[line:217] - INFO: Epoch 99/100
2021-04-27 08:21:45,055 - main.py[line:218] - INFO: ----------
2021-04-27 08:29:22,796 - main.py[line:221] - INFO: 0.4386217219264805 0.6787266396763609 0.0848441850549898
2021-04-27 08:29:22,797 - main.py[line:217] - INFO: Epoch 100/100
2021-04-27 08:29:22,797 - main.py[line:218] - INFO: ----------
2021-04-27 08:37:10,810 - main.py[line:221] - INFO: 0.4385789763387733 0.6788783481205992 0.08502254816400256
2021-04-27 08:37:54,223 - main.py[line:226] - INFO: Testing
2021-04-27 08:37:54,223 - main.py[line:228] - INFO: 0.4460136850798284 0.6485173543113049 0.05568484421667674
