2021-04-27 19:05:36,292 - main.py[line:217] - INFO: Epoch 1/100
2021-04-27 19:05:36,292 - main.py[line:218] - INFO: ----------
2021-04-27 19:09:20,385 - main.py[line:221] - INFO: 0.48903174651001724 0.5633650097050495 -0.04966448918462407
2021-04-27 19:09:20,386 - main.py[line:217] - INFO: Epoch 2/100
2021-04-27 19:09:20,386 - main.py[line:218] - INFO: ----------
2021-04-27 19:13:14,963 - main.py[line:221] - INFO: 0.474586473230405 0.5860218350982926 0.011430721093855234
2021-04-27 19:13:14,963 - main.py[line:217] - INFO: Epoch 3/100
2021-04-27 19:13:14,963 - main.py[line:218] - INFO: ----------
2021-04-27 19:17:04,690 - main.py[line:221] - INFO: 0.47001382759942956 0.604616582286776 0.030388699494243387
2021-04-27 19:17:04,690 - main.py[line:217] - INFO: Epoch 4/100
2021-04-27 19:17:04,690 - main.py[line:218] - INFO: ----------
2021-04-27 19:21:03,064 - main.py[line:221] - INFO: 0.46890621306553804 0.6106920840603622 0.03495320413959346
2021-04-27 19:21:03,065 - main.py[line:217] - INFO: Epoch 5/100
2021-04-27 19:21:03,065 - main.py[line:218] - INFO: ----------
2021-04-27 19:24:58,156 - main.py[line:221] - INFO: 0.4684066746618678 0.6136787396653867 0.037008289515511605
2021-04-27 19:25:18,965 - main.py[line:226] - INFO: Testing
2021-04-27 19:25:18,965 - main.py[line:228] - INFO: 0.47706166664233884 0.6100887254367298 0.03377818572814317
2021-04-27 19:25:18,965 - main.py[line:217] - INFO: Epoch 6/100
2021-04-27 19:25:18,965 - main.py[line:218] - INFO: ----------
2021-04-27 19:29:02,880 - main.py[line:221] - INFO: 0.46806321485256047 0.6156989317619775 0.0384200016284334
2021-04-27 19:29:02,880 - main.py[line:217] - INFO: Epoch 7/100
2021-04-27 19:29:02,880 - main.py[line:218] - INFO: ----------
2021-04-27 19:32:48,901 - main.py[line:221] - INFO: 0.4677586847760112 0.6174735146111431 0.0396708359647594
2021-04-27 19:32:48,901 - main.py[line:217] - INFO: Epoch 8/100
2021-04-27 19:32:48,902 - main.py[line:218] - INFO: ----------
2021-04-27 19:36:43,258 - main.py[line:221] - INFO: 0.46745704649106273 0.6191878701042935 0.040908989964561715
2021-04-27 19:36:43,258 - main.py[line:217] - INFO: Epoch 9/100
2021-04-27 19:36:43,258 - main.py[line:218] - INFO: ----------
2021-04-27 19:40:35,567 - main.py[line:221] - INFO: 0.467143243484079 0.6209442950602058 0.04219622962156533
2021-04-27 19:40:35,568 - main.py[line:217] - INFO: Epoch 10/100
2021-04-27 19:40:35,568 - main.py[line:218] - INFO: ----------
2021-04-27 19:44:27,799 - main.py[line:221] - INFO: 0.46680834082799244 0.6228139071290812 0.04356906781702674
2021-04-27 19:44:48,697 - main.py[line:226] - INFO: Testing
2021-04-27 19:44:48,697 - main.py[line:228] - INFO: 0.47548747862307633 0.6203295504955394 0.04014426131049387
2021-04-27 19:44:48,697 - main.py[line:217] - INFO: Epoch 11/100
2021-04-27 19:44:48,697 - main.py[line:218] - INFO: ----------
2021-04-27 19:48:43,852 - main.py[line:221] - INFO: 0.4664453659834285 0.6248202076235327 0.04505586815172258
2021-04-27 19:48:43,853 - main.py[line:217] - INFO: Epoch 12/100
2021-04-27 19:48:43,853 - main.py[line:218] - INFO: ----------
2021-04-27 19:52:38,631 - main.py[line:221] - INFO: 0.4660479368196265 0.6269579133515353 0.04668247221560751
2021-04-27 19:52:38,632 - main.py[line:217] - INFO: Epoch 13/100
2021-04-27 19:52:38,632 - main.py[line:218] - INFO: ----------
2021-04-27 19:56:34,770 - main.py[line:221] - INFO: 0.4656097364633873 0.6292508359219517 0.048474338055602306
2021-04-27 19:56:34,770 - main.py[line:217] - INFO: Epoch 14/100
2021-04-27 19:56:34,770 - main.py[line:218] - INFO: ----------
2021-04-27 20:00:19,565 - main.py[line:221] - INFO: 0.4651242958602433 0.6317382957124679 0.05045740827026035
2021-04-27 20:00:19,566 - main.py[line:217] - INFO: Epoch 15/100
2021-04-27 20:00:19,566 - main.py[line:218] - INFO: ----------
2021-04-27 20:04:09,123 - main.py[line:221] - INFO: 0.4645849250292024 0.6344962555578328 0.05265836240906374
2021-04-27 20:04:29,603 - main.py[line:226] - INFO: Testing
2021-04-27 20:04:29,603 - main.py[line:228] - INFO: 0.47313172790294267 0.633394564265778 0.04963170130594796
2021-04-27 20:04:29,603 - main.py[line:217] - INFO: Epoch 16/100
2021-04-27 20:04:29,603 - main.py[line:218] - INFO: ----------
2021-04-27 20:08:27,479 - main.py[line:221] - INFO: 0.4639847331647823 0.6375327121424649 0.05510450061886585
2021-04-27 20:08:27,480 - main.py[line:217] - INFO: Epoch 17/100
2021-04-27 20:08:27,480 - main.py[line:218] - INFO: ----------
2021-04-27 20:12:10,649 - main.py[line:221] - INFO: 0.46331671979541245 0.6409032208541565 0.05782333337308598
2021-04-27 20:12:10,649 - main.py[line:217] - INFO: Epoch 18/100
2021-04-27 20:12:10,649 - main.py[line:218] - INFO: ----------
2021-04-27 20:16:04,555 - main.py[line:221] - INFO: 0.4625739238620094 0.6446549674259623 0.060841933677934
2021-04-27 20:16:04,555 - main.py[line:217] - INFO: Epoch 19/100
2021-04-27 20:16:04,555 - main.py[line:218] - INFO: ----------
2021-04-27 20:20:00,841 - main.py[line:221] - INFO: 0.4617496096587949 0.6487669190086052 0.06418614098938635
2021-04-27 20:20:00,841 - main.py[line:217] - INFO: Epoch 20/100
2021-04-27 20:20:00,841 - main.py[line:218] - INFO: ----------
2021-04-27 20:23:56,111 - main.py[line:221] - INFO: 0.4608374659711364 0.6532036174068241 0.06787971683990868
2021-04-27 20:24:17,537 - main.py[line:226] - INFO: Testing
2021-04-27 20:24:17,537 - main.py[line:228] - INFO: 0.4691357812521806 0.6527370771667204 0.0656170345267324
2021-04-27 20:24:17,537 - main.py[line:217] - INFO: Epoch 21/100
2021-04-27 20:24:17,537 - main.py[line:218] - INFO: ----------
2021-04-27 20:28:10,599 - main.py[line:221] - INFO: 0.459831883957419 0.6578860547294494 0.07194319173261265
2021-04-27 20:28:10,600 - main.py[line:217] - INFO: Epoch 22/100
2021-04-27 20:28:10,600 - main.py[line:218] - INFO: ----------
2021-04-27 20:32:07,106 - main.py[line:221] - INFO: 0.4587286918787802 0.6627491362270884 0.07639089018689749
2021-04-27 20:32:07,107 - main.py[line:217] - INFO: Epoch 23/100
2021-04-27 20:32:07,107 - main.py[line:218] - INFO: ----------
2021-04-27 20:36:02,006 - main.py[line:221] - INFO: 0.4575273797476705 0.6677380972675813 0.08122202466879225
2021-04-27 20:36:02,006 - main.py[line:217] - INFO: Epoch 24/100
2021-04-27 20:36:02,006 - main.py[line:218] - INFO: ----------
2021-04-27 20:39:55,243 - main.py[line:221] - INFO: 0.4562396485292391 0.6727916209447785 0.0863866296086453
2021-04-27 20:39:55,244 - main.py[line:217] - INFO: Epoch 25/100
2021-04-27 20:39:55,244 - main.py[line:218] - INFO: ----------
2021-04-27 20:44:09,169 - main.py[line:221] - INFO: 0.4549255870737829 0.6775906828346056 0.09164182921910857
2021-04-27 20:44:31,756 - main.py[line:226] - INFO: Testing
2021-04-27 20:44:31,756 - main.py[line:228] - INFO: 0.462971561950662 0.6735382266442631 0.09001040471115707
2021-04-27 20:44:31,756 - main.py[line:217] - INFO: Epoch 26/100
2021-04-27 20:44:31,756 - main.py[line:218] - INFO: ----------
2021-04-27 20:48:30,672 - main.py[line:221] - INFO: 0.45363306331076714 0.6819628482706298 0.09679610797619564
2021-04-27 20:48:30,672 - main.py[line:217] - INFO: Epoch 27/100
2021-04-27 20:48:30,672 - main.py[line:218] - INFO: ----------
2021-04-27 20:52:24,368 - main.py[line:221] - INFO: 0.45233811113390116 0.6862079241380836 0.10194536427025447
2021-04-27 20:52:24,369 - main.py[line:217] - INFO: Epoch 28/100
2021-04-27 20:52:24,369 - main.py[line:218] - INFO: ----------
2021-04-27 20:56:20,609 - main.py[line:221] - INFO: 0.45102436004761126 0.6903951684636357 0.1071543303732212
2021-04-27 20:56:20,610 - main.py[line:217] - INFO: Epoch 29/100
2021-04-27 20:56:20,610 - main.py[line:218] - INFO: ----------
2021-04-27 21:00:15,751 - main.py[line:221] - INFO: 0.4496642529453867 0.6946277700998149 0.11253113404874893
2021-04-27 21:00:15,751 - main.py[line:217] - INFO: Epoch 30/100
2021-04-27 21:00:15,751 - main.py[line:218] - INFO: ----------
2021-04-27 21:04:25,066 - main.py[line:221] - INFO: 0.44826051622747026 0.6988683072938497 0.11806338676097672
2021-04-27 21:04:45,413 - main.py[line:226] - INFO: Testing
2021-04-27 21:04:45,413 - main.py[line:228] - INFO: 0.4561620847166521 0.6927606117253875 0.11658215931357885
2021-04-27 21:04:45,414 - main.py[line:217] - INFO: Epoch 31/100
2021-04-27 21:04:45,414 - main.py[line:218] - INFO: ----------
2021-04-27 21:09:05,630 - main.py[line:221] - INFO: 0.44682729409270194 0.7030805475737142 0.1236939980696995
2021-04-27 21:09:05,631 - main.py[line:217] - INFO: Epoch 32/100
2021-04-27 21:09:05,631 - main.py[line:218] - INFO: ----------
2021-04-27 21:13:02,104 - main.py[line:221] - INFO: 0.44538894749699665 0.7071978536383073 0.1293266131446975
2021-04-27 21:13:02,104 - main.py[line:217] - INFO: Epoch 33/100
2021-04-27 21:13:02,105 - main.py[line:218] - INFO: ----------
2021-04-27 21:16:57,543 - main.py[line:221] - INFO: 0.44396912751062173 0.7111883914304331 0.13486886601030945
2021-04-27 21:16:57,543 - main.py[line:217] - INFO: Epoch 34/100
2021-04-27 21:16:57,543 - main.py[line:218] - INFO: ----------
2021-04-27 21:20:58,802 - main.py[line:221] - INFO: 0.44258306188584756 0.7150423617535477 0.140262289201334
2021-04-27 21:20:58,803 - main.py[line:217] - INFO: Epoch 35/100
2021-04-27 21:20:58,803 - main.py[line:218] - INFO: ----------
2021-04-27 21:24:59,659 - main.py[line:221] - INFO: 0.4412371496976185 0.7187693346893742 0.1454833295998551
2021-04-27 21:25:20,395 - main.py[line:226] - INFO: Testing
2021-04-27 21:25:20,395 - main.py[line:228] - INFO: 0.4492359955134667 0.7120982997084322 0.14320506453623238
2021-04-27 21:25:20,395 - main.py[line:217] - INFO: Epoch 36/100
2021-04-27 21:25:20,396 - main.py[line:218] - INFO: ----------
2021-04-27 21:29:12,181 - main.py[line:221] - INFO: 0.43993565676192314 0.7223354552399397 0.1505169365421457
2021-04-27 21:29:12,182 - main.py[line:217] - INFO: Epoch 37/100
2021-04-27 21:29:12,182 - main.py[line:218] - INFO: ----------
2021-04-27 21:33:06,726 - main.py[line:221] - INFO: 0.438686536359695 0.7256995255449473 0.15533400556679955
2021-04-27 21:33:06,727 - main.py[line:217] - INFO: Epoch 38/100
2021-04-27 21:33:06,727 - main.py[line:218] - INFO: ----------
2021-04-27 21:37:02,651 - main.py[line:221] - INFO: 0.4375000006515311 0.7288488900846617 0.15989704043099418
2021-04-27 21:37:02,651 - main.py[line:217] - INFO: Epoch 39/100
2021-04-27 21:37:02,651 - main.py[line:218] - INFO: ----------
2021-04-27 21:41:18,432 - main.py[line:221] - INFO: 0.43638165548551666 0.7317697062334774 0.16418652279511736
2021-04-27 21:41:18,433 - main.py[line:217] - INFO: Epoch 40/100
2021-04-27 21:41:18,433 - main.py[line:218] - INFO: ----------
2021-04-27 21:45:22,586 - main.py[line:221] - INFO: 0.4353389147974102 0.7344382249729533 0.16817612883926347
2021-04-27 21:45:46,087 - main.py[line:226] - INFO: Testing
2021-04-27 21:45:46,087 - main.py[line:228] - INFO: 0.44366147531614875 0.727471153080369 0.16433688353944942
2021-04-27 21:45:46,088 - main.py[line:217] - INFO: Epoch 41/100
2021-04-27 21:45:46,088 - main.py[line:218] - INFO: ----------
2021-04-27 21:49:46,519 - main.py[line:221] - INFO: 0.434397846831567 0.7367871071235002 0.17176853320806706
2021-04-27 21:49:46,520 - main.py[line:217] - INFO: Epoch 42/100
2021-04-27 21:49:46,520 - main.py[line:218] - INFO: ----------
2021-04-27 21:53:49,746 - main.py[line:221] - INFO: 0.4335486368396618 0.7388569029970009 0.17500360886833088
2021-04-27 21:53:49,746 - main.py[line:217] - INFO: Epoch 43/100
2021-04-27 21:53:49,746 - main.py[line:218] - INFO: ----------
2021-04-27 21:57:56,044 - main.py[line:221] - INFO: 0.4327065332618527 0.7409094905406528 0.17820536132061915
2021-04-27 21:57:56,045 - main.py[line:217] - INFO: Epoch 44/100
2021-04-27 21:57:56,045 - main.py[line:218] - INFO: ----------
2021-04-27 22:02:28,837 - main.py[line:221] - INFO: 0.43182552394769397 0.743146558991512 0.18154837381882827
2021-04-27 22:02:28,837 - main.py[line:217] - INFO: Epoch 45/100
2021-04-27 22:02:28,837 - main.py[line:218] - INFO: ----------
2021-04-27 22:06:43,729 - main.py[line:221] - INFO: 0.43107569373677546 0.7449289447520101 0.1843882566020616
2021-04-27 22:07:07,357 - main.py[line:226] - INFO: Testing
2021-04-27 22:07:07,357 - main.py[line:228] - INFO: 0.44034329523725546 0.7364436121640302 0.17679012349739154
2021-04-27 22:07:07,357 - main.py[line:217] - INFO: Epoch 46/100
2021-04-27 22:07:07,357 - main.py[line:218] - INFO: ----------
2021-04-27 22:11:04,895 - main.py[line:221] - INFO: 0.43036038431623963 0.746622364094216 0.18709279654570765
2021-04-27 22:11:04,895 - main.py[line:217] - INFO: Epoch 47/100
2021-04-27 22:11:04,895 - main.py[line:218] - INFO: ----------
2021-04-27 22:15:08,072 - main.py[line:221] - INFO: 0.42971576674804723 0.7481211298395445 0.18952620740310178
2021-04-27 22:15:08,073 - main.py[line:217] - INFO: Epoch 48/100
2021-04-27 22:15:08,073 - main.py[line:218] - INFO: ----------
2021-04-27 22:19:21,912 - main.py[line:221] - INFO: 0.4291373425397502 0.7494460400970511 0.19170663540990274
2021-04-27 22:19:21,913 - main.py[line:217] - INFO: Epoch 49/100
2021-04-27 22:19:21,913 - main.py[line:218] - INFO: ----------
2021-04-27 22:23:21,478 - main.py[line:221] - INFO: 0.4285780896481144 0.750748913988222 0.19381200265039955
2021-04-27 22:23:21,479 - main.py[line:217] - INFO: Epoch 50/100
2021-04-27 22:23:21,479 - main.py[line:218] - INFO: ----------
2021-04-27 22:27:12,618 - main.py[line:221] - INFO: 0.4280443719585607 0.7519984903474738 0.195818679562334
2021-04-27 22:27:33,579 - main.py[line:226] - INFO: Testing
2021-04-27 22:27:33,579 - main.py[line:228] - INFO: 0.43772386834349797 0.7425812626087835 0.1865548889188765
2021-04-27 22:27:33,580 - main.py[line:217] - INFO: Epoch 51/100
2021-04-27 22:27:33,580 - main.py[line:218] - INFO: ----------
2021-04-27 22:31:26,134 - main.py[line:221] - INFO: 0.42753066696920233 0.753203901709123 0.19774775089961405
2021-04-27 22:31:26,135 - main.py[line:217] - INFO: Epoch 52/100
2021-04-27 22:31:26,135 - main.py[line:218] - INFO: ----------
2021-04-27 22:35:26,004 - main.py[line:221] - INFO: 0.427046869229762 0.7543336498670155 0.19956239602329673
2021-04-27 22:35:26,005 - main.py[line:217] - INFO: Epoch 53/100
2021-04-27 22:35:26,005 - main.py[line:218] - INFO: ----------
2021-04-27 22:39:33,708 - main.py[line:221] - INFO: 0.4266063171255324 0.7553679602631085 0.20121304658610106
2021-04-27 22:39:33,709 - main.py[line:217] - INFO: Epoch 54/100
2021-04-27 22:39:33,709 - main.py[line:218] - INFO: ----------
2021-04-27 22:43:27,243 - main.py[line:221] - INFO: 0.4261487662055588 0.7564108603946599 0.20292558431619157
2021-04-27 22:43:27,244 - main.py[line:217] - INFO: Epoch 55/100
2021-04-27 22:43:27,244 - main.py[line:218] - INFO: ----------
2021-04-27 22:47:26,270 - main.py[line:221] - INFO: 0.42587260618506767 0.7570375739982734 0.20395831645799833
2021-04-27 22:47:48,333 - main.py[line:226] - INFO: Testing
2021-04-27 22:47:48,334 - main.py[line:228] - INFO: 0.4357743360269396 0.7474714808951847 0.19378458850213287
2021-04-27 22:47:48,334 - main.py[line:217] - INFO: Epoch 56/100
2021-04-27 22:47:48,334 - main.py[line:218] - INFO: ----------
2021-04-27 22:51:46,505 - main.py[line:221] - INFO: 0.42551318172199815 0.7578613684649306 0.20530142288587527
2021-04-27 22:51:46,505 - main.py[line:217] - INFO: Epoch 57/100
2021-04-27 22:51:46,505 - main.py[line:218] - INFO: ----------
2021-04-27 22:55:31,176 - main.py[line:221] - INFO: 0.42508394961171503 0.7589328916793143 0.2069039025092404
2021-04-27 22:55:31,176 - main.py[line:217] - INFO: Epoch 58/100
2021-04-27 22:55:31,176 - main.py[line:218] - INFO: ----------
2021-04-27 22:59:33,071 - main.py[line:221] - INFO: 0.4247494113187138 0.759720342838919 0.20815173419956723
2021-04-27 22:59:33,071 - main.py[line:217] - INFO: Epoch 59/100
2021-04-27 22:59:33,071 - main.py[line:218] - INFO: ----------
2021-04-27 23:03:32,570 - main.py[line:221] - INFO: 0.42435357403037627 0.760675099533618 0.20962694291440043
2021-04-27 23:03:32,571 - main.py[line:217] - INFO: Epoch 60/100
2021-04-27 23:03:32,571 - main.py[line:218] - INFO: ----------
2021-04-27 23:07:46,277 - main.py[line:221] - INFO: 0.42409062604556097 0.7612812544318327 0.2106061386888185
2021-04-27 23:08:06,556 - main.py[line:226] - INFO: Testing
2021-04-27 23:08:06,556 - main.py[line:228] - INFO: 0.4343173400026644 0.7511989338472838 0.1991666812395564
2021-04-27 23:08:06,556 - main.py[line:217] - INFO: Epoch 61/100
2021-04-27 23:08:06,557 - main.py[line:218] - INFO: ----------
2021-04-27 23:12:04,846 - main.py[line:221] - INFO: 0.42370084328262037 0.7622455949057912 0.2120565396225833
2021-04-27 23:12:04,846 - main.py[line:217] - INFO: Epoch 62/100
2021-04-27 23:12:04,846 - main.py[line:218] - INFO: ----------
2021-04-27 23:15:56,411 - main.py[line:221] - INFO: 0.4234073454983786 0.7629184715279373 0.21314777919197847
2021-04-27 23:15:56,412 - main.py[line:217] - INFO: Epoch 63/100
2021-04-27 23:15:56,412 - main.py[line:218] - INFO: ----------
2021-04-27 23:19:55,499 - main.py[line:221] - INFO: 0.4231216375478661 0.7635800392131814 0.2142093294405769
2021-04-27 23:19:55,500 - main.py[line:217] - INFO: Epoch 64/100
2021-04-27 23:19:55,500 - main.py[line:218] - INFO: ----------
2021-04-27 23:23:54,146 - main.py[line:221] - INFO: 0.42284227012966563 0.7642365094909999 0.21524662850822474
2021-04-27 23:23:54,147 - main.py[line:217] - INFO: Epoch 65/100
2021-04-27 23:23:54,147 - main.py[line:218] - INFO: ----------
2021-04-27 23:27:40,926 - main.py[line:221] - INFO: 0.4225755845050079 0.7648604573842837 0.21623620055854142
2021-04-27 23:28:01,744 - main.py[line:226] - INFO: Testing
2021-04-27 23:28:01,744 - main.py[line:228] - INFO: 0.4331767168447788 0.7539513935763584 0.2033675246096196
2021-04-27 23:28:01,744 - main.py[line:217] - INFO: Epoch 66/100
2021-04-27 23:28:01,744 - main.py[line:218] - INFO: ----------
2021-04-27 23:31:53,343 - main.py[line:221] - INFO: 0.4223244515550724 0.7654438516197213 0.21716749160031368
2021-04-27 23:31:53,344 - main.py[line:217] - INFO: Epoch 67/100
2021-04-27 23:31:53,344 - main.py[line:218] - INFO: ----------
2021-04-27 23:35:57,377 - main.py[line:221] - INFO: 0.42209691494914126 0.7659603834962179 0.21801080089703184
2021-04-27 23:35:57,378 - main.py[line:217] - INFO: Epoch 68/100
2021-04-27 23:35:57,378 - main.py[line:218] - INFO: ----------
2021-04-27 23:39:59,406 - main.py[line:221] - INFO: 0.4218758147289833 0.7664627790970259 0.2188298199174492
2021-04-27 23:39:59,407 - main.py[line:217] - INFO: Epoch 69/100
2021-04-27 23:39:59,407 - main.py[line:218] - INFO: ----------
2021-04-27 23:44:00,311 - main.py[line:221] - INFO: 0.4216454450371199 0.7670164429449808 0.2196827192467935
2021-04-27 23:44:00,312 - main.py[line:217] - INFO: Epoch 70/100
2021-04-27 23:44:00,312 - main.py[line:218] - INFO: ----------
2021-04-27 23:48:01,993 - main.py[line:221] - INFO: 0.42142852906835615 0.7675365089322241 0.22048538291622632
2021-04-27 23:48:22,587 - main.py[line:226] - INFO: Testing
2021-04-27 23:48:22,588 - main.py[line:228] - INFO: 0.4326874585260689 0.7555083589148527 0.20516604673977934
2021-04-27 23:48:22,588 - main.py[line:217] - INFO: Epoch 71/100
2021-04-27 23:48:22,588 - main.py[line:218] - INFO: ----------
2021-04-27 23:52:22,746 - main.py[line:221] - INFO: 0.42122813386370717 0.7679990065584724 0.22122654702914835
2021-04-27 23:52:22,746 - main.py[line:217] - INFO: Epoch 72/100
2021-04-27 23:52:22,746 - main.py[line:218] - INFO: ----------
2021-04-27 23:56:13,783 - main.py[line:221] - INFO: 0.421030391349401 0.768449830830617 0.22195755458531896
2021-04-27 23:56:13,783 - main.py[line:217] - INFO: Epoch 73/100
2021-04-27 23:56:13,783 - main.py[line:218] - INFO: ----------
2021-04-28 00:00:08,684 - main.py[line:221] - INFO: 0.42077855006259807 0.7690247744390103 0.22288805562511949
2021-04-28 00:00:08,684 - main.py[line:217] - INFO: Epoch 74/100
2021-04-28 00:00:08,684 - main.py[line:218] - INFO: ----------
2021-04-28 00:04:03,888 - main.py[line:221] - INFO: 0.42054798097595286 0.7695376675179411 0.2237394721252135
2021-04-28 00:04:03,888 - main.py[line:217] - INFO: Epoch 75/100
2021-04-28 00:04:03,888 - main.py[line:218] - INFO: ----------
2021-04-28 00:07:51,757 - main.py[line:221] - INFO: 0.42029206951178016 0.7701528305642953 0.22468392334071363
2021-04-28 00:08:11,548 - main.py[line:226] - INFO: Testing
2021-04-28 00:08:11,548 - main.py[line:228] - INFO: 0.4322447390526485 0.756293695405066 0.20679173955221664
2021-04-28 00:08:11,548 - main.py[line:217] - INFO: Epoch 76/100
2021-04-28 00:08:11,548 - main.py[line:218] - INFO: ----------
2021-04-28 00:12:01,920 - main.py[line:221] - INFO: 0.4200518272397695 0.7707231319208003 0.22557002362377754
2021-04-28 00:12:01,921 - main.py[line:217] - INFO: Epoch 77/100
2021-04-28 00:12:01,921 - main.py[line:218] - INFO: ----------
2021-04-28 00:15:46,457 - main.py[line:221] - INFO: 0.4198238419480707 0.7712685608935916 0.22641044720278103
2021-04-28 00:15:46,457 - main.py[line:217] - INFO: Epoch 78/100
2021-04-28 00:15:46,457 - main.py[line:218] - INFO: ----------
2021-04-28 00:19:39,998 - main.py[line:221] - INFO: 0.41962171581413504 0.7717397730178963 0.22715516443498796
2021-04-28 00:19:39,998 - main.py[line:217] - INFO: Epoch 79/100
2021-04-28 00:19:39,998 - main.py[line:218] - INFO: ----------
2021-04-28 00:23:41,440 - main.py[line:221] - INFO: 0.4194415750336237 0.7721331805011726 0.22781857618588242
2021-04-28 00:23:41,440 - main.py[line:217] - INFO: Epoch 80/100
2021-04-28 00:23:41,441 - main.py[line:218] - INFO: ----------
2021-04-28 00:27:46,946 - main.py[line:221] - INFO: 0.4192604017273735 0.7725400913294002 0.22848550314799998
2021-04-28 00:28:08,614 - main.py[line:226] - INFO: Testing
2021-04-28 00:28:08,614 - main.py[line:228] - INFO: 0.43203171849733607 0.7566615958428493 0.20757337094160688
2021-04-28 00:28:08,615 - main.py[line:217] - INFO: Epoch 81/100
2021-04-28 00:28:08,615 - main.py[line:218] - INFO: ----------
2021-04-28 00:32:03,428 - main.py[line:221] - INFO: 0.41908053097458087 0.7729551324923579 0.2291473501750566
2021-04-28 00:32:03,429 - main.py[line:217] - INFO: Epoch 82/100
2021-04-28 00:32:03,429 - main.py[line:218] - INFO: ----------
2021-04-28 00:35:55,260 - main.py[line:221] - INFO: 0.4188710839508864 0.7734670723064123 0.2299176672670964
2021-04-28 00:35:55,261 - main.py[line:217] - INFO: Epoch 83/100
2021-04-28 00:35:55,261 - main.py[line:218] - INFO: ----------
2021-04-28 00:39:55,938 - main.py[line:221] - INFO: 0.41867358213841166 0.7739611163834195 0.23064369876322077
2021-04-28 00:39:55,939 - main.py[line:217] - INFO: Epoch 84/100
2021-04-28 00:39:55,939 - main.py[line:218] - INFO: ----------
2021-04-28 00:44:03,727 - main.py[line:221] - INFO: 0.4185416519640972 0.7742426852395835 0.23112849323312412
2021-04-28 00:44:03,728 - main.py[line:217] - INFO: Epoch 85/100
2021-04-28 00:44:03,728 - main.py[line:218] - INFO: ----------
2021-04-28 00:48:00,812 - main.py[line:221] - INFO: 0.41840802060029264 0.7745223673280893 0.23161938318572872
2021-04-28 00:48:21,601 - main.py[line:226] - INFO: Testing
2021-04-28 00:48:21,601 - main.py[line:228] - INFO: 0.43179323769940875 0.7567404797554591 0.208447965878912
2021-04-28 00:48:21,601 - main.py[line:217] - INFO: Epoch 86/100
2021-04-28 00:48:21,601 - main.py[line:218] - INFO: ----------
2021-04-28 00:52:15,022 - main.py[line:221] - INFO: 0.4182697424631976 0.7748048244119725 0.23212717786420467
2021-04-28 00:52:15,023 - main.py[line:217] - INFO: Epoch 87/100
2021-04-28 00:52:15,023 - main.py[line:218] - INFO: ----------
2021-04-28 00:56:14,721 - main.py[line:221] - INFO: 0.4180064409411573 0.7755188135305324 0.23309362810096868
2021-04-28 00:56:14,721 - main.py[line:217] - INFO: Epoch 88/100
2021-04-28 00:56:14,721 - main.py[line:218] - INFO: ----------
2021-04-28 01:00:03,316 - main.py[line:221] - INFO: 0.41783661227727253 0.7757904415513537 0.23371666264806956
2021-04-28 01:00:03,317 - main.py[line:217] - INFO: Epoch 89/100
2021-04-28 01:00:03,317 - main.py[line:218] - INFO: ----------
2021-04-28 01:03:51,203 - main.py[line:221] - INFO: 0.4176802828274402 0.7761480871513964 0.2342899500977791
2021-04-28 01:03:51,203 - main.py[line:217] - INFO: Epoch 90/100
2021-04-28 01:03:51,203 - main.py[line:218] - INFO: ----------
2021-04-28 01:07:39,265 - main.py[line:221] - INFO: 0.41763149801465344 0.776290112764476 0.23446880862400987
2021-04-28 01:08:00,246 - main.py[line:226] - INFO: Testing
2021-04-28 01:08:00,246 - main.py[line:228] - INFO: 0.4318060296479827 0.7569873611436977 0.20840106545521508
2021-04-28 01:08:00,247 - main.py[line:217] - INFO: Epoch 91/100
2021-04-28 01:08:00,247 - main.py[line:218] - INFO: ----------
2021-04-28 01:11:52,954 - main.py[line:221] - INFO: 0.41745527972776486 0.7766953265620633 0.23511469924914685
2021-04-28 01:11:52,955 - main.py[line:217] - INFO: Epoch 92/100
2021-04-28 01:11:52,955 - main.py[line:218] - INFO: ----------
2021-04-28 01:15:46,393 - main.py[line:221] - INFO: 0.41720761006169976 0.7771947901790899 0.23602201891020957
2021-04-28 01:15:46,393 - main.py[line:217] - INFO: Epoch 93/100
2021-04-28 01:15:46,393 - main.py[line:218] - INFO: ----------
2021-04-28 01:19:33,625 - main.py[line:221] - INFO: 0.417099197154594 0.7774494342587102 0.2364190122089891
2021-04-28 01:19:33,625 - main.py[line:217] - INFO: Epoch 94/100
2021-04-28 01:19:33,625 - main.py[line:218] - INFO: ----------
2021-04-28 01:23:36,172 - main.py[line:221] - INFO: 0.41686197316031753 0.7780837771181732 0.23728733428563842
2021-04-28 01:23:36,173 - main.py[line:217] - INFO: Epoch 95/100
2021-04-28 01:23:36,173 - main.py[line:218] - INFO: ----------
2021-04-28 01:27:30,656 - main.py[line:221] - INFO: 0.4167883871245189 0.7782334254415622 0.23755658430813487
2021-04-28 01:27:51,313 - main.py[line:226] - INFO: Testing
2021-04-28 01:27:51,313 - main.py[line:228] - INFO: 0.4316209917862484 0.7576112685527345 0.20907935329830662
2021-04-28 01:27:51,313 - main.py[line:217] - INFO: Epoch 96/100
2021-04-28 01:27:51,314 - main.py[line:218] - INFO: ----------
2021-04-28 01:31:36,015 - main.py[line:221] - INFO: 0.41678148274297966 0.7782053016391555 0.23758184488066592
2021-04-28 01:31:36,015 - main.py[line:217] - INFO: Epoch 97/100
2021-04-28 01:31:36,015 - main.py[line:218] - INFO: ----------
2021-04-28 01:35:27,901 - main.py[line:221] - INFO: 0.4166000577591724 0.7786474713268952 0.23824546167485594
2021-04-28 01:35:27,901 - main.py[line:217] - INFO: Epoch 98/100
2021-04-28 01:35:27,901 - main.py[line:218] - INFO: ----------
2021-04-28 01:39:27,307 - main.py[line:221] - INFO: 0.416455249328351 0.7789559847844338 0.23877493499551294
2021-04-28 01:39:27,307 - main.py[line:217] - INFO: Epoch 99/100
2021-04-28 01:39:27,307 - main.py[line:218] - INFO: ----------
2021-04-28 01:43:30,726 - main.py[line:221] - INFO: 0.41637953963183655 0.7791810322314447 0.2390516844427263
2021-04-28 01:43:30,726 - main.py[line:217] - INFO: Epoch 100/100
2021-04-28 01:43:30,726 - main.py[line:218] - INFO: ----------
2021-04-28 01:47:12,283 - main.py[line:221] - INFO: 0.41619922512321017 0.7795640948543388 0.2397106040049548
2021-04-28 01:47:32,183 - main.py[line:226] - INFO: Testing
2021-04-28 01:47:32,183 - main.py[line:228] - INFO: 0.43110976332224993 0.7584746864455322 0.21095183724354227
