2021-04-24 22:53:32,683 - main.py[line:213] - INFO: Epoch 1/150
2021-04-24 22:53:32,684 - main.py[line:214] - INFO: ----------
2021-04-24 22:57:36,539 - main.py[line:217] - INFO: 0.5456510574103627 0.5365351895574083 -0.31914306168679785
2021-04-24 22:57:36,539 - main.py[line:213] - INFO: Epoch 2/150
2021-04-24 22:57:36,539 - main.py[line:214] - INFO: ----------
2021-04-24 22:59:32,845 - main.py[line:217] - INFO: 0.487250902405875 0.6578679668566668 -0.051882426344912025
2021-04-24 22:59:32,845 - main.py[line:213] - INFO: Epoch 3/150
2021-04-24 22:59:32,845 - main.py[line:214] - INFO: ----------
2021-04-24 23:01:31,323 - main.py[line:217] - INFO: 0.44465557450692544 0.7256868453006144 0.12398936664871052
2021-04-24 23:01:31,324 - main.py[line:213] - INFO: Epoch 4/150
2021-04-24 23:01:31,324 - main.py[line:214] - INFO: ----------
2021-04-24 23:03:34,192 - main.py[line:217] - INFO: 0.43535617105423186 0.7436860625420891 0.16024750099961904
2021-04-24 23:03:34,192 - main.py[line:213] - INFO: Epoch 5/150
2021-04-24 23:03:34,192 - main.py[line:214] - INFO: ----------
2021-04-24 23:05:43,886 - main.py[line:217] - INFO: 0.42971907731055503 0.7540412334633589 0.18185333516949131
2021-04-24 23:05:55,412 - main.py[line:222] - INFO: Testing
2021-04-24 23:05:55,412 - main.py[line:224] - INFO: 0.4337104542010008 0.7412493090424532 0.16338608015091627
2021-04-24 23:05:55,412 - main.py[line:213] - INFO: Epoch 6/150
2021-04-24 23:05:55,412 - main.py[line:214] - INFO: ----------
2021-04-24 23:07:51,233 - main.py[line:217] - INFO: 0.424213805439566 0.7636320829128931 0.20268214254282768
2021-04-24 23:07:51,233 - main.py[line:213] - INFO: Epoch 7/150
2021-04-24 23:07:51,233 - main.py[line:214] - INFO: ----------
2021-04-24 23:09:49,500 - main.py[line:217] - INFO: 0.42595839326960366 0.7621329058192106 0.19611068611094462
2021-04-24 23:09:49,500 - main.py[line:213] - INFO: Epoch 8/150
2021-04-24 23:09:49,501 - main.py[line:214] - INFO: ----------
2021-04-24 23:11:44,680 - main.py[line:217] - INFO: 0.4195422324913186 0.7736317641687425 0.22014607020491606
2021-04-24 23:11:44,681 - main.py[line:213] - INFO: Epoch 9/150
2021-04-24 23:11:44,681 - main.py[line:214] - INFO: ----------
2021-04-24 23:13:48,476 - main.py[line:217] - INFO: 0.41569630558659276 0.7809403302386202 0.2343783163304468
2021-04-24 23:13:48,476 - main.py[line:213] - INFO: Epoch 10/150
2021-04-24 23:13:48,476 - main.py[line:214] - INFO: ----------
2021-04-24 23:15:44,937 - main.py[line:217] - INFO: 0.41455694988908937 0.7835858796200232 0.23856945288200027
2021-04-24 23:15:54,472 - main.py[line:222] - INFO: Testing
2021-04-24 23:15:54,473 - main.py[line:224] - INFO: 0.4270009928494564 0.7581407397942439 0.18907054607869767
2021-04-24 23:15:54,473 - main.py[line:213] - INFO: Epoch 11/150
2021-04-24 23:15:54,473 - main.py[line:214] - INFO: ----------
2021-04-24 23:17:53,511 - main.py[line:217] - INFO: 0.4118950792118069 0.7887129031605129 0.24831635259695983
2021-04-24 23:17:53,511 - main.py[line:213] - INFO: Epoch 12/150
2021-04-24 23:17:53,511 - main.py[line:214] - INFO: ----------
2021-04-24 23:19:51,333 - main.py[line:217] - INFO: 0.41001522617772046 0.7927190510907043 0.25516193210160987
2021-04-24 23:19:51,334 - main.py[line:213] - INFO: Epoch 13/150
2021-04-24 23:19:51,334 - main.py[line:214] - INFO: ----------
2021-04-24 23:21:46,257 - main.py[line:217] - INFO: 0.4087106600473667 0.7956245645205479 0.25989416942193644
2021-04-24 23:21:46,258 - main.py[line:213] - INFO: Epoch 14/150
2021-04-24 23:21:46,258 - main.py[line:214] - INFO: ----------
2021-04-24 23:23:39,941 - main.py[line:217] - INFO: 0.4071580827266379 0.7990069856956753 0.2655063989973453
2021-04-24 23:23:39,941 - main.py[line:213] - INFO: Epoch 15/150
2021-04-24 23:23:39,941 - main.py[line:214] - INFO: ----------
2021-04-24 23:25:35,837 - main.py[line:217] - INFO: 0.404979281121797 0.8030651364435367 0.27334627282190405
2021-04-24 23:25:47,058 - main.py[line:222] - INFO: Testing
2021-04-24 23:25:47,058 - main.py[line:224] - INFO: 0.43190589431838855 0.7491903869541696 0.17033347614000427
2021-04-24 23:25:47,058 - main.py[line:213] - INFO: Epoch 16/150
2021-04-24 23:25:47,058 - main.py[line:214] - INFO: ----------
2021-04-24 23:27:41,963 - main.py[line:217] - INFO: 0.4027733749332611 0.8073098197207466 0.2812408219016729
2021-04-24 23:27:41,964 - main.py[line:213] - INFO: Epoch 17/150
2021-04-24 23:27:41,964 - main.py[line:214] - INFO: ----------
2021-04-24 23:29:36,673 - main.py[line:217] - INFO: 0.40161038543749245 0.8097207132922494 0.28538559710892886
2021-04-24 23:29:36,673 - main.py[line:213] - INFO: Epoch 18/150
2021-04-24 23:29:36,673 - main.py[line:214] - INFO: ----------
2021-04-24 23:31:33,329 - main.py[line:217] - INFO: 0.3990397746189826 0.8148396173704003 0.2945044670376933
2021-04-24 23:31:33,329 - main.py[line:213] - INFO: Epoch 19/150
2021-04-24 23:31:33,329 - main.py[line:214] - INFO: ----------
2021-04-24 23:33:28,772 - main.py[line:217] - INFO: 0.3964218787239262 0.8196263063191336 0.3037308933146887
2021-04-24 23:33:28,773 - main.py[line:213] - INFO: Epoch 20/150
2021-04-24 23:33:28,773 - main.py[line:214] - INFO: ----------
2021-04-24 23:35:21,993 - main.py[line:217] - INFO: 0.39430828625399816 0.8237808458556277 0.3111356612946352
2021-04-24 23:35:33,397 - main.py[line:222] - INFO: Testing
2021-04-24 23:35:33,397 - main.py[line:224] - INFO: 0.4340040660962529 0.7462168623580825 0.16225296038201154
2021-04-24 23:35:33,398 - main.py[line:213] - INFO: Epoch 21/150
2021-04-24 23:35:33,398 - main.py[line:214] - INFO: ----------
2021-04-24 23:37:28,307 - main.py[line:217] - INFO: 0.39270328013643846 0.8268649026577496 0.3167322024575182
2021-04-24 23:37:28,308 - main.py[line:213] - INFO: Epoch 22/150
2021-04-24 23:37:28,308 - main.py[line:214] - INFO: ----------
2021-04-24 23:39:25,234 - main.py[line:217] - INFO: 0.39090190893139387 0.8298354978935935 0.3229862678043306
2021-04-24 23:39:25,234 - main.py[line:213] - INFO: Epoch 23/150
2021-04-24 23:39:25,235 - main.py[line:214] - INFO: ----------
2021-04-24 23:41:22,351 - main.py[line:217] - INFO: 0.3891947624661714 0.8329061602208663 0.32888666303375125
2021-04-24 23:41:22,351 - main.py[line:213] - INFO: Epoch 24/150
2021-04-24 23:41:22,351 - main.py[line:214] - INFO: ----------
2021-04-24 23:43:16,390 - main.py[line:217] - INFO: 0.38892737113042203 0.8336083871013005 0.329808506103198
2021-04-24 23:43:16,391 - main.py[line:213] - INFO: Epoch 25/150
2021-04-24 23:43:16,391 - main.py[line:214] - INFO: ----------
2021-04-24 23:45:10,927 - main.py[line:217] - INFO: 0.38913720192783385 0.8339413408735215 0.32908515896479673
2021-04-24 23:45:21,836 - main.py[line:222] - INFO: Testing
2021-04-24 23:45:21,836 - main.py[line:224] - INFO: 0.4431768144594316 0.735820883885419 0.12646689576471137
2021-04-24 23:45:21,836 - main.py[line:213] - INFO: Epoch 26/150
2021-04-24 23:45:21,836 - main.py[line:214] - INFO: ----------
2021-04-24 23:47:14,717 - main.py[line:217] - INFO: 0.38583154523469043 0.8391739804276852 0.3404353672729884
2021-04-24 23:47:14,717 - main.py[line:213] - INFO: Epoch 27/150
2021-04-24 23:47:14,717 - main.py[line:214] - INFO: ----------
2021-04-24 23:49:12,765 - main.py[line:217] - INFO: 0.38398319687974175 0.8421755200751102 0.3467395957471753
2021-04-24 23:49:12,766 - main.py[line:213] - INFO: Epoch 28/150
2021-04-24 23:49:12,766 - main.py[line:214] - INFO: ----------
2021-04-24 23:51:09,180 - main.py[line:217] - INFO: 0.3837895780516158 0.843063225624241 0.3473982267814394
2021-04-24 23:51:09,181 - main.py[line:213] - INFO: Epoch 29/150
2021-04-24 23:51:09,181 - main.py[line:214] - INFO: ----------
2021-04-24 23:53:04,766 - main.py[line:217] - INFO: 0.3824842201045244 0.8452277543491928 0.35182997917948233
2021-04-24 23:53:04,767 - main.py[line:213] - INFO: Epoch 30/150
2021-04-24 23:53:04,767 - main.py[line:214] - INFO: ----------
2021-04-24 23:54:59,167 - main.py[line:217] - INFO: 0.38124682143333466 0.8472429346980486 0.35601706616401785
2021-04-24 23:55:10,294 - main.py[line:222] - INFO: Testing
2021-04-24 23:55:10,294 - main.py[line:224] - INFO: 0.44891901813808127 0.7321414259716679 0.10368365976730831
2021-04-24 23:55:10,295 - main.py[line:213] - INFO: Epoch 31/150
2021-04-24 23:55:10,295 - main.py[line:214] - INFO: ----------
2021-04-24 23:57:04,527 - main.py[line:217] - INFO: 0.38112146903002414 0.8479765498339888 0.3564404744807069
2021-04-24 23:57:04,528 - main.py[line:213] - INFO: Epoch 32/150
2021-04-24 23:57:04,528 - main.py[line:214] - INFO: ----------
2021-04-24 23:58:58,201 - main.py[line:217] - INFO: 0.3792427421438359 0.8506236264065736 0.3627696510707874
2021-04-24 23:58:58,201 - main.py[line:213] - INFO: Epoch 33/150
2021-04-24 23:58:58,201 - main.py[line:214] - INFO: ----------
2021-04-25 00:00:51,720 - main.py[line:217] - INFO: 0.3776142441959047 0.8532286026902256 0.368230534865309
2021-04-25 00:00:51,721 - main.py[line:213] - INFO: Epoch 34/150
2021-04-25 00:00:51,721 - main.py[line:214] - INFO: ----------
2021-04-25 00:02:47,905 - main.py[line:217] - INFO: 0.37636147237306394 0.855197337405279 0.372415494087845
2021-04-25 00:02:47,906 - main.py[line:213] - INFO: Epoch 35/150
2021-04-25 00:02:47,906 - main.py[line:214] - INFO: ----------
2021-04-25 00:04:43,670 - main.py[line:217] - INFO: 0.37613319338486734 0.8554615182732637 0.3731765757532973
2021-04-25 00:04:54,812 - main.py[line:222] - INFO: Testing
2021-04-25 00:04:54,812 - main.py[line:224] - INFO: 0.4542060677840604 0.7262149659157295 0.08244698092386005
2021-04-25 00:04:54,812 - main.py[line:213] - INFO: Epoch 36/150
2021-04-25 00:04:54,812 - main.py[line:214] - INFO: ----------
2021-04-25 00:06:50,454 - main.py[line:217] - INFO: 0.3754116637851873 0.8569591884603991 0.3755791175655453
2021-04-25 00:06:50,455 - main.py[line:213] - INFO: Epoch 37/150
2021-04-25 00:06:50,455 - main.py[line:214] - INFO: ----------
2021-04-25 00:08:46,557 - main.py[line:217] - INFO: 0.376520865811181 0.8553470678310491 0.37188380292397216
2021-04-25 00:08:46,558 - main.py[line:213] - INFO: Epoch 38/150
2021-04-25 00:08:46,558 - main.py[line:214] - INFO: ----------
2021-04-25 00:10:41,896 - main.py[line:217] - INFO: 0.3769210022925067 0.8549301783566462 0.3705480694985428
2021-04-25 00:10:41,897 - main.py[line:213] - INFO: Epoch 39/150
2021-04-25 00:10:41,897 - main.py[line:214] - INFO: ----------
2021-04-25 00:12:37,005 - main.py[line:217] - INFO: 0.3744052591744339 0.8585952502984033 0.37892252844259344
2021-04-25 00:12:37,006 - main.py[line:213] - INFO: Epoch 40/150
2021-04-25 00:12:37,006 - main.py[line:214] - INFO: ----------
2021-04-25 00:14:30,887 - main.py[line:217] - INFO: 0.37466450313818744 0.8578047988925073 0.3780621434737311
2021-04-25 00:14:41,850 - main.py[line:222] - INFO: Testing
2021-04-25 00:14:41,851 - main.py[line:224] - INFO: 0.4605797513182574 0.7219728918475847 0.05651502798116237
2021-04-25 00:14:41,851 - main.py[line:213] - INFO: Epoch 41/150
2021-04-25 00:14:41,851 - main.py[line:214] - INFO: ----------
2021-04-25 00:16:37,485 - main.py[line:217] - INFO: 0.3753625756822418 0.8571579459412273 0.37574240302276796
2021-04-25 00:16:37,486 - main.py[line:213] - INFO: Epoch 42/150
2021-04-25 00:16:37,486 - main.py[line:214] - INFO: ----------
2021-04-25 00:18:31,410 - main.py[line:217] - INFO: 0.3746235454540603 0.8584042815799193 0.3781981144115767
2021-04-25 00:18:31,410 - main.py[line:213] - INFO: Epoch 43/150
2021-04-25 00:18:31,411 - main.py[line:214] - INFO: ----------
2021-04-25 00:20:25,299 - main.py[line:217] - INFO: 0.3737163494681047 0.8598096587282513 0.38120600416183836
2021-04-25 00:20:25,299 - main.py[line:213] - INFO: Epoch 44/150
2021-04-25 00:20:25,299 - main.py[line:214] - INFO: ----------
2021-04-25 00:22:19,940 - main.py[line:217] - INFO: 0.37402795138142214 0.8593806421992396 0.3801736823050005
2021-04-25 00:22:19,940 - main.py[line:213] - INFO: Epoch 45/150
2021-04-25 00:22:19,940 - main.py[line:214] - INFO: ----------
2021-04-25 00:24:14,495 - main.py[line:217] - INFO: 0.3729594409921092 0.8609423328425292 0.3837100215145708
2021-04-25 00:24:25,605 - main.py[line:222] - INFO: Testing
2021-04-25 00:24:25,605 - main.py[line:224] - INFO: 0.4626141550176497 0.7211657179098343 0.04816178006119409
2021-04-25 00:24:25,606 - main.py[line:213] - INFO: Epoch 46/150
2021-04-25 00:24:25,606 - main.py[line:214] - INFO: ----------
2021-04-25 00:26:20,397 - main.py[line:217] - INFO: 0.3725090770206844 0.8619512690401563 0.38519751421384485
2021-04-25 00:26:20,398 - main.py[line:213] - INFO: Epoch 47/150
2021-04-25 00:26:20,398 - main.py[line:214] - INFO: ----------
2021-04-25 00:28:17,108 - main.py[line:217] - INFO: 0.3718368012098076 0.8624530312392407 0.387414608528422
2021-04-25 00:28:17,108 - main.py[line:213] - INFO: Epoch 48/150
2021-04-25 00:28:17,109 - main.py[line:214] - INFO: ----------
2021-04-25 00:30:13,555 - main.py[line:217] - INFO: 0.37385050239984813 0.8598499694691061 0.3807616675498833
2021-04-25 00:30:13,556 - main.py[line:213] - INFO: Epoch 49/150
2021-04-25 00:30:13,556 - main.py[line:214] - INFO: ----------
2021-04-25 00:32:06,984 - main.py[line:217] - INFO: 0.37563369105848154 0.8572470419335485 0.3748403048097628
2021-04-25 00:32:06,984 - main.py[line:213] - INFO: Epoch 50/150
2021-04-25 00:32:06,984 - main.py[line:214] - INFO: ----------
2021-04-25 00:34:01,445 - main.py[line:217] - INFO: 0.37324256353655405 0.8608345530897198 0.3827739850679386
2021-04-25 00:34:12,842 - main.py[line:222] - INFO: Testing
2021-04-25 00:34:12,842 - main.py[line:224] - INFO: 0.46328313034281016 0.7206091940147775 0.04540692842153249
2021-04-25 00:34:12,843 - main.py[line:213] - INFO: Epoch 51/150
2021-04-25 00:34:12,843 - main.py[line:214] - INFO: ----------
2021-04-25 00:36:09,636 - main.py[line:217] - INFO: 0.3712696634865855 0.8635244994911664 0.3892818542375327
2021-04-25 00:36:09,636 - main.py[line:213] - INFO: Epoch 52/150
2021-04-25 00:36:09,636 - main.py[line:214] - INFO: ----------
2021-04-25 00:38:05,997 - main.py[line:217] - INFO: 0.3703985552529541 0.8646869701888111 0.3921443422943388
2021-04-25 00:38:05,998 - main.py[line:213] - INFO: Epoch 53/150
2021-04-25 00:38:05,998 - main.py[line:214] - INFO: ----------
2021-04-25 00:40:00,085 - main.py[line:217] - INFO: 0.3691927461533653 0.8664351161858028 0.39609557171397414
2021-04-25 00:40:00,085 - main.py[line:213] - INFO: Epoch 54/150
2021-04-25 00:40:00,085 - main.py[line:214] - INFO: ----------
2021-04-25 01:52:23,170 - main.py[line:218] - INFO: Epoch 1/150
2021-04-25 01:52:23,170 - main.py[line:219] - INFO: ----------
2021-04-25 01:54:19,150 - main.py[line:222] - INFO: 0.5353320888728134 0.5681741992092999 -0.2683510005462051
2021-04-25 01:54:19,151 - main.py[line:218] - INFO: Epoch 2/150
2021-04-25 01:54:19,151 - main.py[line:219] - INFO: ----------
2021-04-25 01:56:12,406 - main.py[line:222] - INFO: 0.4475382152390292 0.7191194169514062 0.11355222606825954
2021-04-25 01:56:12,407 - main.py[line:218] - INFO: Epoch 3/150
2021-04-25 01:56:12,407 - main.py[line:219] - INFO: ----------
2021-04-25 01:58:06,904 - main.py[line:222] - INFO: 0.4230826751242951 0.763930029904893 0.20778440755667993
2021-04-25 01:58:06,905 - main.py[line:218] - INFO: Epoch 4/150
2021-04-25 01:58:06,905 - main.py[line:219] - INFO: ----------
2021-04-25 02:00:00,884 - main.py[line:222] - INFO: 0.4166040629228965 0.7772657821365373 0.23186084254888606
2021-04-25 02:00:00,884 - main.py[line:218] - INFO: Epoch 5/150
2021-04-25 02:00:00,884 - main.py[line:219] - INFO: ----------
2021-04-25 02:01:59,895 - main.py[line:222] - INFO: 0.42276375859739956 0.7688019037614457 0.20897828968454357
2021-04-25 02:02:10,734 - main.py[line:227] - INFO: Testing
2021-04-25 02:02:10,734 - main.py[line:229] - INFO: 0.569693304568375 0.5660927192678569 -0.445019727501083
2021-04-25 02:02:10,735 - main.py[line:218] - INFO: Epoch 6/150
2021-04-25 02:02:10,735 - main.py[line:219] - INFO: ----------
2021-04-25 02:04:04,713 - main.py[line:222] - INFO: 0.42619485913989336 0.7643110325114555 0.19608651020009127
2021-04-25 02:04:04,713 - main.py[line:218] - INFO: Epoch 7/150
2021-04-25 02:04:04,713 - main.py[line:219] - INFO: ----------
2021-04-25 02:05:57,765 - main.py[line:222] - INFO: 0.4093950103007315 0.7934336111855076 0.25821509235752227
2021-04-25 02:05:57,765 - main.py[line:218] - INFO: Epoch 8/150
2021-04-25 02:05:57,765 - main.py[line:219] - INFO: ----------
2021-04-25 02:07:50,948 - main.py[line:222] - INFO: 0.4050110616855414 0.8022522229970573 0.27401663038424795
2021-04-25 02:07:50,948 - main.py[line:218] - INFO: Epoch 9/150
2021-04-25 02:07:50,948 - main.py[line:219] - INFO: ----------
2021-04-25 02:09:46,025 - main.py[line:222] - INFO: 0.40144260600168025 0.8095242701648231 0.28675320463113607
2021-04-25 02:09:46,025 - main.py[line:218] - INFO: Epoch 10/150
2021-04-25 02:09:46,025 - main.py[line:219] - INFO: ----------
2021-04-25 02:11:40,069 - main.py[line:222] - INFO: 0.3982880973219314 0.8158750555712482 0.29791845327681543
2021-04-25 02:11:51,005 - main.py[line:227] - INFO: Testing
2021-04-25 02:11:51,005 - main.py[line:229] - INFO: 0.43094705005304174 0.7533474106378159 0.17312593617425287
2021-04-25 02:11:51,006 - main.py[line:218] - INFO: Epoch 11/150
2021-04-25 02:11:51,006 - main.py[line:219] - INFO: ----------
2021-04-25 02:13:46,723 - main.py[line:222] - INFO: 0.3951927184039487 0.8216209400877023 0.3087887939273083
2021-04-25 02:13:46,723 - main.py[line:218] - INFO: Epoch 12/150
2021-04-25 02:13:46,723 - main.py[line:219] - INFO: ----------
2021-04-25 02:15:40,133 - main.py[line:222] - INFO: 0.39291281540175893 0.8263046456705037 0.31674111030766094
2021-04-25 02:15:40,134 - main.py[line:218] - INFO: Epoch 13/150
2021-04-25 02:15:40,134 - main.py[line:219] - INFO: ----------
2021-04-25 02:17:34,839 - main.py[line:222] - INFO: 0.3904754430797015 0.8306169359784932 0.3251917937907297
2021-04-25 02:17:34,840 - main.py[line:218] - INFO: Epoch 14/150
2021-04-25 02:17:34,840 - main.py[line:219] - INFO: ----------
2021-04-25 02:19:30,411 - main.py[line:222] - INFO: 0.389515622582041 0.832715340551538 0.32850518374395676
2021-04-25 02:19:30,412 - main.py[line:218] - INFO: Epoch 15/150
2021-04-25 02:19:30,412 - main.py[line:219] - INFO: ----------
2021-04-25 02:21:26,176 - main.py[line:222] - INFO: 0.3895984254647363 0.8328924949520216 0.3282196618641776
2021-04-25 02:21:37,312 - main.py[line:227] - INFO: Testing
2021-04-25 02:21:37,312 - main.py[line:229] - INFO: 0.4426970392205839 0.7419997296125833 0.12742095286740762
2021-04-25 02:21:37,312 - main.py[line:218] - INFO: Epoch 16/150
2021-04-25 02:21:37,312 - main.py[line:219] - INFO: ----------
2021-04-25 02:23:32,040 - main.py[line:222] - INFO: 0.3884864906321207 0.8350147850687616 0.3320487841312755
2021-04-25 02:23:32,040 - main.py[line:218] - INFO: Epoch 17/150
2021-04-25 02:23:32,041 - main.py[line:219] - INFO: ----------
2021-04-25 02:25:27,268 - main.py[line:222] - INFO: 0.3857981982160355 0.8396767190981711 0.34126112673345277
2021-04-25 02:25:27,268 - main.py[line:218] - INFO: Epoch 18/150
2021-04-25 02:25:27,268 - main.py[line:219] - INFO: ----------
2021-04-25 02:27:22,995 - main.py[line:222] - INFO: 0.38387890791207074 0.8427926542366176 0.34779908494847844
2021-04-25 02:27:22,995 - main.py[line:218] - INFO: Epoch 19/150
2021-04-25 02:27:22,995 - main.py[line:219] - INFO: ----------
2021-04-25 02:29:16,816 - main.py[line:222] - INFO: 0.38282408323777395 0.844827172379818 0.3513784034089772
2021-04-25 02:29:16,816 - main.py[line:218] - INFO: Epoch 20/150
2021-04-25 02:29:16,816 - main.py[line:219] - INFO: ----------
2021-04-25 02:31:10,569 - main.py[line:222] - INFO: 0.38156737360947013 0.8469089086588004 0.35562991795756393
2021-04-25 02:31:19,886 - main.py[line:227] - INFO: Testing
2021-04-25 02:31:19,886 - main.py[line:229] - INFO: 0.44335040002887693 0.7401958107689666 0.1248434355011443
2021-04-25 02:31:19,887 - main.py[line:218] - INFO: Epoch 21/150
2021-04-25 02:31:19,887 - main.py[line:219] - INFO: ----------
2021-04-25 02:33:14,818 - main.py[line:222] - INFO: 0.38131170892036415 0.8473812777114547 0.3564931337152387
2021-04-25 02:33:14,819 - main.py[line:218] - INFO: Epoch 22/150
2021-04-25 02:33:14,819 - main.py[line:219] - INFO: ----------
2021-04-25 02:35:13,741 - main.py[line:222] - INFO: 0.38236282654477355 0.8459003678212886 0.35294048284578694
2021-04-25 02:35:13,742 - main.py[line:218] - INFO: Epoch 23/150
2021-04-25 02:35:13,742 - main.py[line:219] - INFO: ----------
2021-04-25 02:37:13,280 - main.py[line:222] - INFO: 0.3828008322112025 0.8450981263688404 0.3514571897793106
2021-04-25 02:37:13,281 - main.py[line:218] - INFO: Epoch 24/150
2021-04-25 02:37:13,281 - main.py[line:219] - INFO: ----------
2021-04-25 02:39:09,446 - main.py[line:222] - INFO: 0.3829487060673157 0.8450490353378974 0.3509560359601982
2021-04-25 02:39:09,446 - main.py[line:218] - INFO: Epoch 25/150
2021-04-25 02:39:09,446 - main.py[line:219] - INFO: ----------
2021-04-25 02:41:06,520 - main.py[line:222] - INFO: 0.38172415801496 0.8467350762575547 0.35510027133138
2021-04-25 02:41:15,979 - main.py[line:227] - INFO: Testing
2021-04-25 02:41:15,979 - main.py[line:229] - INFO: 0.4458667474874962 0.7409219596019215 0.11488089768451792
2021-04-25 02:41:15,979 - main.py[line:218] - INFO: Epoch 26/150
2021-04-25 02:41:15,980 - main.py[line:219] - INFO: ----------
2021-04-25 02:43:10,586 - main.py[line:222] - INFO: 0.38104717638695085 0.8478735960529957 0.3573856814664087
2021-04-25 02:43:10,586 - main.py[line:218] - INFO: Epoch 27/150
2021-04-25 02:43:10,586 - main.py[line:219] - INFO: ----------
2021-04-25 02:45:05,802 - main.py[line:222] - INFO: 0.38046314529659564 0.8490325302705835 0.35935404206849986
2021-04-25 02:45:05,802 - main.py[line:218] - INFO: Epoch 28/150
2021-04-25 02:45:05,802 - main.py[line:219] - INFO: ----------
2021-04-25 02:47:02,597 - main.py[line:222] - INFO: 0.37973140897458085 0.8502293326381773 0.36181595262098976
2021-04-25 02:47:02,597 - main.py[line:218] - INFO: Epoch 29/150
2021-04-25 02:47:02,597 - main.py[line:219] - INFO: ----------
2021-04-25 02:48:59,537 - main.py[line:222] - INFO: 0.3802761411808724 0.8494078596091827 0.3599836640942966
2021-04-25 02:48:59,537 - main.py[line:218] - INFO: Epoch 30/150
2021-04-25 02:48:59,537 - main.py[line:219] - INFO: ----------
2021-04-25 02:51:00,473 - main.py[line:222] - INFO: 0.39786001338691146 0.8211024812974896 0.2994268504209916
2021-04-25 02:51:11,375 - main.py[line:227] - INFO: Testing
2021-04-25 02:51:11,375 - main.py[line:229] - INFO: 0.4437590788668185 0.7412363066036589 0.12322925939258189
2021-04-25 02:51:11,375 - main.py[line:218] - INFO: Epoch 31/150
2021-04-25 02:51:11,375 - main.py[line:219] - INFO: ----------
2021-04-25 02:53:10,126 - main.py[line:222] - INFO: 0.39127825757499374 0.8309614827905255 0.32241414038538374
2021-04-25 02:53:10,126 - main.py[line:218] - INFO: Epoch 32/150
2021-04-25 02:53:10,126 - main.py[line:219] - INFO: ----------
2021-04-25 02:55:08,885 - main.py[line:222] - INFO: 0.38377791753005747 0.8429947684018552 0.348142200208151
2021-04-25 02:55:08,885 - main.py[line:218] - INFO: Epoch 33/150
2021-04-25 02:55:08,885 - main.py[line:219] - INFO: ----------
2021-04-25 02:57:09,374 - main.py[line:222] - INFO: 0.37862456350806223 0.851190036017893 0.3655309028919179
2021-04-25 02:57:09,374 - main.py[line:218] - INFO: Epoch 34/150
2021-04-25 02:57:09,374 - main.py[line:219] - INFO: ----------
2021-04-25 02:59:12,559 - main.py[line:222] - INFO: 0.3786540741340651 0.8511998838999282 0.3654319958916161
2021-04-25 02:59:12,559 - main.py[line:218] - INFO: Epoch 35/150
2021-04-25 02:59:12,559 - main.py[line:219] - INFO: ----------
2021-04-25 03:01:13,185 - main.py[line:222] - INFO: 0.3776856035868174 0.8528569941793278 0.36867387043657784
2021-04-25 03:01:22,573 - main.py[line:227] - INFO: Testing
2021-04-25 03:01:22,574 - main.py[line:229] - INFO: 0.4528807791492007 0.7342567884368649 0.08681383428681388
2021-04-25 03:01:22,574 - main.py[line:218] - INFO: Epoch 36/150
2021-04-25 03:01:22,574 - main.py[line:219] - INFO: ----------
2021-04-25 03:03:25,446 - main.py[line:222] - INFO: 0.3799146670251761 0.8496908702805837 0.3611998298445531
2021-04-25 03:03:25,446 - main.py[line:218] - INFO: Epoch 37/150
2021-04-25 03:03:25,446 - main.py[line:219] - INFO: ----------
2021-04-25 03:05:30,602 - main.py[line:222] - INFO: 0.3817217088615467 0.8469689565486372 0.3551085466960463
2021-04-25 03:05:30,603 - main.py[line:218] - INFO: Epoch 38/150
2021-04-25 03:05:30,603 - main.py[line:219] - INFO: ----------
2021-04-25 03:07:41,256 - main.py[line:222] - INFO: 0.379251017632512 0.8507507555678578 0.3634296414577063
2021-04-25 03:07:41,256 - main.py[line:218] - INFO: Epoch 39/150
2021-04-25 03:07:41,256 - main.py[line:219] - INFO: ----------
2021-04-25 03:09:52,179 - main.py[line:222] - INFO: 0.3772000162277271 0.8539264704124159 0.3702962087604986
2021-04-25 03:09:52,180 - main.py[line:218] - INFO: Epoch 40/150
2021-04-25 03:09:52,180 - main.py[line:219] - INFO: ----------
2021-04-25 03:12:05,241 - main.py[line:222] - INFO: 0.38041294637285245 0.8492743288043769 0.3595230866468365
2021-04-25 03:12:14,755 - main.py[line:227] - INFO: Testing
2021-04-25 03:12:14,755 - main.py[line:229] - INFO: 0.45147623314927965 0.7352023858519853 0.0924692876199148
2021-04-25 03:12:14,755 - main.py[line:218] - INFO: Epoch 41/150
2021-04-25 03:12:14,755 - main.py[line:219] - INFO: ----------
2021-04-25 03:14:32,754 - main.py[line:222] - INFO: 0.38266695585053084 0.845875444332268 0.35191073826383534
2021-04-25 03:14:32,755 - main.py[line:218] - INFO: Epoch 42/150
2021-04-25 03:14:32,755 - main.py[line:219] - INFO: ----------
2021-04-25 03:19:23,653 - main.py[line:222] - INFO: 0.4751287306880712 0.7099785565210961 0.0008849799490000532
2021-04-25 03:19:23,654 - main.py[line:218] - INFO: Epoch 43/150
2021-04-25 03:19:23,654 - main.py[line:219] - INFO: ----------
2021-04-25 03:31:13,572 - main.py[line:222] - INFO: 0.5357765370099178 0.6081499589416256 -0.27045791794513563
2021-04-25 03:31:13,572 - main.py[line:218] - INFO: Epoch 44/150
2021-04-25 03:31:13,572 - main.py[line:219] - INFO: ----------
2021-04-25 03:43:54,587 - main.py[line:222] - INFO: 0.4959568416079784 0.6620845085812954 -0.08863094141940797
2021-04-25 03:43:54,587 - main.py[line:218] - INFO: Epoch 45/150
2021-04-25 03:43:54,587 - main.py[line:219] - INFO: ----------
2021-04-25 03:56:22,532 - main.py[line:222] - INFO: 0.4767405799432824 0.6839589515714661 -0.00590540898821712
2021-04-25 03:57:23,988 - main.py[line:227] - INFO: Testing
2021-04-25 03:57:23,988 - main.py[line:229] - INFO: 0.46624060507964193 0.6869343500277475 0.032141802300650224
2021-04-25 03:57:23,989 - main.py[line:218] - INFO: Epoch 46/150
2021-04-25 03:57:23,989 - main.py[line:219] - INFO: ----------
2021-04-25 04:09:55,205 - main.py[line:222] - INFO: 0.4629184119329807 0.7020662410083759 0.051577580229656195
2021-04-25 04:09:55,205 - main.py[line:218] - INFO: Epoch 47/150
2021-04-25 04:09:55,205 - main.py[line:219] - INFO: ----------
2021-04-25 04:22:16,460 - main.py[line:222] - INFO: 0.4570167666316268 0.7122364895752494 0.07560589062021594
2021-04-25 04:22:16,461 - main.py[line:218] - INFO: Epoch 48/150
2021-04-25 04:22:16,461 - main.py[line:219] - INFO: ----------
2021-04-25 04:34:32,050 - main.py[line:222] - INFO: 0.4533551965142349 0.7185378472349182 0.0903588494982982
2021-04-25 04:34:32,050 - main.py[line:218] - INFO: Epoch 49/150
2021-04-25 04:34:32,050 - main.py[line:219] - INFO: ----------
2021-04-25 04:46:58,434 - main.py[line:222] - INFO: 0.4514067691920973 0.7224715129896667 0.09816094835832523
2021-04-25 04:46:58,435 - main.py[line:218] - INFO: Epoch 50/150
2021-04-25 04:46:58,435 - main.py[line:219] - INFO: ----------
2021-04-25 04:59:21,019 - main.py[line:222] - INFO: 0.4489080236056593 0.7268538876087667 0.10811750866376524
2021-04-25 05:00:22,997 - main.py[line:227] - INFO: Testing
2021-04-25 05:00:22,997 - main.py[line:229] - INFO: 0.4505554993999353 0.712700952904786 0.0961671217257728
2021-04-25 05:00:22,998 - main.py[line:218] - INFO: Epoch 51/150
2021-04-25 05:00:22,998 - main.py[line:219] - INFO: ----------
2021-04-25 05:12:44,160 - main.py[line:222] - INFO: 0.44707381460226914 0.7301230300973816 0.115390966572532
2021-04-25 05:12:44,161 - main.py[line:218] - INFO: Epoch 52/150
2021-04-25 05:12:44,161 - main.py[line:219] - INFO: ----------
2021-04-25 05:25:07,909 - main.py[line:222] - INFO: 0.44591358963699146 0.7319009591716723 0.11997640052019487
2021-04-25 05:25:07,910 - main.py[line:218] - INFO: Epoch 53/150
2021-04-25 05:25:07,910 - main.py[line:219] - INFO: ----------
2021-04-25 05:37:32,289 - main.py[line:222] - INFO: 0.4453475369107264 0.7332299503446037 0.12220922586723071
2021-04-25 05:37:32,289 - main.py[line:218] - INFO: Epoch 54/150
2021-04-25 05:37:32,289 - main.py[line:219] - INFO: ----------
2021-04-25 05:49:54,006 - main.py[line:222] - INFO: 0.4468131217827901 0.7313530210116304 0.11642231298458738
2021-04-25 05:49:54,006 - main.py[line:218] - INFO: Epoch 55/150
2021-04-25 05:49:54,006 - main.py[line:219] - INFO: ----------
2021-04-25 06:02:11,526 - main.py[line:222] - INFO: 0.4487609187100241 0.7304168393857676 0.1087019436797313
2021-04-25 06:03:14,792 - main.py[line:227] - INFO: Testing
2021-04-25 06:03:14,792 - main.py[line:229] - INFO: 0.4570074266226034 0.7064184068696143 0.07009611798195381
2021-04-25 06:03:14,792 - main.py[line:218] - INFO: Epoch 56/150
2021-04-25 06:03:14,792 - main.py[line:219] - INFO: ----------
2021-04-25 06:15:35,102 - main.py[line:222] - INFO: 0.44586795705374627 0.7338489273336506 0.12015650579763792
2021-04-25 06:15:35,102 - main.py[line:218] - INFO: Epoch 57/150
2021-04-25 06:15:35,102 - main.py[line:219] - INFO: ----------
2021-04-25 06:28:09,216 - main.py[line:222] - INFO: 0.4431050959014417 0.7372700283617435 0.13102678149772828
2021-04-25 06:28:09,216 - main.py[line:218] - INFO: Epoch 58/150
2021-04-25 06:28:09,216 - main.py[line:219] - INFO: ----------
2021-04-25 06:40:31,008 - main.py[line:222] - INFO: 0.4421253874047245 0.7391570391735587 0.13486514532420257
2021-04-25 06:40:31,008 - main.py[line:218] - INFO: Epoch 59/150
2021-04-25 06:40:31,008 - main.py[line:219] - INFO: ----------
2021-04-25 06:52:57,647 - main.py[line:222] - INFO: 0.44097891559264746 0.7409572326648335 0.13934607661681786
2021-04-25 06:52:57,648 - main.py[line:218] - INFO: Epoch 60/150
2021-04-25 06:52:57,648 - main.py[line:219] - INFO: ----------
2021-04-25 07:05:21,236 - main.py[line:222] - INFO: 0.44107834231811927 0.7413957057940367 0.13895793267059608
2021-04-25 07:06:26,879 - main.py[line:227] - INFO: Testing
2021-04-25 07:06:26,879 - main.py[line:229] - INFO: 0.448437447700913 0.71955024761616 0.10464494553324144
2021-04-25 07:06:26,879 - main.py[line:218] - INFO: Epoch 61/150
2021-04-25 07:06:26,879 - main.py[line:219] - INFO: ----------
2021-04-25 07:18:50,198 - main.py[line:222] - INFO: 0.440242654185007 0.7424891221533009 0.14221758479995295
2021-04-25 07:18:50,199 - main.py[line:218] - INFO: Epoch 62/150
2021-04-25 07:18:50,199 - main.py[line:219] - INFO: ----------
2021-04-25 07:30:42,379 - main.py[line:222] - INFO: 0.44294763149902383 0.7391809620062757 0.13164427850719485
2021-04-25 07:30:42,379 - main.py[line:218] - INFO: Epoch 63/150
2021-04-25 07:30:42,379 - main.py[line:219] - INFO: ----------
2021-04-25 07:43:09,057 - main.py[line:222] - INFO: 0.4418840728209351 0.7393689164423488 0.1358092787735935
2021-04-25 07:43:09,058 - main.py[line:218] - INFO: Epoch 64/150
2021-04-25 07:43:09,058 - main.py[line:219] - INFO: ----------
2021-04-25 07:54:51,835 - main.py[line:222] - INFO: 0.4430829950454757 0.7393519129861823 0.1311134632947587
2021-04-25 07:54:51,836 - main.py[line:218] - INFO: Epoch 65/150
2021-04-25 07:54:51,836 - main.py[line:219] - INFO: ----------
2021-04-25 08:06:46,105 - main.py[line:222] - INFO: 0.44203950239187306 0.7406137818933416 0.13520122600834394
2021-04-25 08:07:44,068 - main.py[line:227] - INFO: Testing
2021-04-25 08:07:44,068 - main.py[line:229] - INFO: 0.447292874617668 0.7234144532766709 0.10920964668831334
2021-04-25 08:07:44,068 - main.py[line:218] - INFO: Epoch 66/150
2021-04-25 08:07:44,068 - main.py[line:219] - INFO: ----------
2021-04-25 08:19:36,118 - main.py[line:222] - INFO: 0.4422417082527878 0.7409041325574055 0.1344098606430426
2021-04-25 08:19:36,119 - main.py[line:218] - INFO: Epoch 67/150
2021-04-25 08:19:36,119 - main.py[line:219] - INFO: ----------
2021-04-25 08:30:52,766 - main.py[line:222] - INFO: 0.44443618979548577 0.7388414667420763 0.12579812443730232
2021-04-25 08:30:52,766 - main.py[line:218] - INFO: Epoch 68/150
2021-04-25 08:30:52,766 - main.py[line:219] - INFO: ----------
2021-04-25 08:42:14,289 - main.py[line:222] - INFO: 0.44384788883286125 0.7400983718521984 0.1281109577794889
2021-04-25 08:42:14,290 - main.py[line:218] - INFO: Epoch 69/150
2021-04-25 08:42:14,290 - main.py[line:219] - INFO: ----------
2021-04-25 08:53:42,420 - main.py[line:222] - INFO: 0.4404367109448312 0.7442357629686669 0.14146120573682952
2021-04-25 08:53:42,421 - main.py[line:218] - INFO: Epoch 70/150
2021-04-25 08:53:42,421 - main.py[line:219] - INFO: ----------
2021-04-25 09:05:48,282 - main.py[line:222] - INFO: 0.4404645322437191 0.7443049309628645 0.1413527387620852
2021-04-25 09:06:43,257 - main.py[line:227] - INFO: Testing
2021-04-25 09:06:43,257 - main.py[line:229] - INFO: 0.4471040279032342 0.7211308946898691 0.10996166993411016
2021-04-25 09:06:43,258 - main.py[line:218] - INFO: Epoch 71/150
2021-04-25 09:06:43,258 - main.py[line:219] - INFO: ----------
2021-04-25 09:18:45,600 - main.py[line:222] - INFO: 0.4391108575632679 0.7461582614452739 0.14662237064219297
2021-04-25 09:18:45,600 - main.py[line:218] - INFO: Epoch 72/150
2021-04-25 09:18:45,600 - main.py[line:219] - INFO: ----------
2021-04-25 09:30:32,691 - main.py[line:222] - INFO: 0.4392576000347736 0.7466238650399213 0.1460519102926181
2021-04-25 09:30:32,691 - main.py[line:218] - INFO: Epoch 73/150
2021-04-25 09:30:32,691 - main.py[line:219] - INFO: ----------
2021-04-25 09:42:10,330 - main.py[line:222] - INFO: 0.4377499879495739 0.7484071786624669 0.15190366163804114
2021-04-25 09:42:10,330 - main.py[line:218] - INFO: Epoch 74/150
2021-04-25 09:42:10,331 - main.py[line:219] - INFO: ----------
2021-04-25 09:53:54,975 - main.py[line:222] - INFO: 0.43748630693009827 0.7489435652982914 0.15292506454765709
2021-04-25 09:53:54,975 - main.py[line:218] - INFO: Epoch 75/150
2021-04-25 09:53:54,975 - main.py[line:219] - INFO: ----------
2021-04-25 10:05:47,484 - main.py[line:222] - INFO: 0.438223956775318 0.7480818255637621 0.15006613404662394
2021-04-25 10:06:39,444 - main.py[line:227] - INFO: Testing
2021-04-25 10:06:39,444 - main.py[line:229] - INFO: 0.450737818385845 0.7212507847642432 0.09543549494667136
2021-04-25 10:06:39,444 - main.py[line:218] - INFO: Epoch 76/150
2021-04-25 10:06:39,444 - main.py[line:219] - INFO: ----------
2021-04-25 10:18:27,200 - main.py[line:222] - INFO: 0.43758263945420534 0.7497663089236819 0.1525519792674106
2021-04-25 10:18:27,201 - main.py[line:218] - INFO: Epoch 77/150
2021-04-25 10:18:27,201 - main.py[line:219] - INFO: ----------
2021-04-25 10:30:14,782 - main.py[line:222] - INFO: 0.43747742089875014 0.7495686216813864 0.15295947503259089
2021-04-25 10:30:14,783 - main.py[line:218] - INFO: Epoch 78/150
2021-04-25 10:30:14,783 - main.py[line:219] - INFO: ----------
2021-04-25 10:41:46,333 - main.py[line:222] - INFO: 0.4372407953809595 0.749689358872766 0.15387553235552376
2021-04-25 10:41:46,333 - main.py[line:218] - INFO: Epoch 79/150
2021-04-25 10:41:46,333 - main.py[line:219] - INFO: ----------
2021-04-25 10:53:27,238 - main.py[line:222] - INFO: 0.43855073008065176 0.7479416289409986 0.14879811003794718
2021-04-25 10:53:27,239 - main.py[line:218] - INFO: Epoch 80/150
2021-04-25 10:53:27,239 - main.py[line:219] - INFO: ----------
2021-04-25 11:05:37,692 - main.py[line:222] - INFO: 0.4373311879077787 0.7498364470741953 0.15352565084724168
2021-04-25 11:06:36,414 - main.py[line:227] - INFO: Testing
2021-04-25 11:06:36,415 - main.py[line:229] - INFO: 0.45150293001263914 0.7192317215535257 0.09236195554801285
2021-04-25 11:06:36,415 - main.py[line:218] - INFO: Epoch 81/150
2021-04-25 11:06:36,415 - main.py[line:219] - INFO: ----------
2021-04-25 11:19:49,995 - main.py[line:222] - INFO: 0.4368282007465933 0.7507522475475549 0.15547164006074599
2021-04-25 11:19:49,995 - main.py[line:218] - INFO: Epoch 82/150
2021-04-25 11:19:49,995 - main.py[line:219] - INFO: ----------
2021-04-25 11:32:08,726 - main.py[line:222] - INFO: 0.4364658961157658 0.7508605214238269 0.1568719601266978
2021-04-25 11:32:08,727 - main.py[line:218] - INFO: Epoch 83/150
2021-04-25 11:32:08,727 - main.py[line:219] - INFO: ----------
2021-04-25 11:44:21,563 - main.py[line:222] - INFO: 0.4360228921064319 0.7517331829574628 0.1585826071820403
2021-04-25 11:44:21,564 - main.py[line:218] - INFO: Epoch 84/150
2021-04-25 11:44:21,564 - main.py[line:219] - INFO: ----------
2021-04-25 11:56:28,159 - main.py[line:222] - INFO: 0.4379002881751242 0.7493323003779817 0.15132117867960826
2021-04-25 11:56:28,160 - main.py[line:218] - INFO: Epoch 85/150
2021-04-25 11:56:28,160 - main.py[line:219] - INFO: ----------
2021-04-25 12:08:31,508 - main.py[line:222] - INFO: 0.43617246845762625 0.7514090046656018 0.1580052167146353
2021-04-25 12:09:28,345 - main.py[line:227] - INFO: Testing
2021-04-25 12:09:28,345 - main.py[line:229] - INFO: 0.44384834614873736 0.7274028026208045 0.1228764787205513
2021-04-25 12:09:28,345 - main.py[line:218] - INFO: Epoch 86/150
2021-04-25 12:09:28,346 - main.py[line:219] - INFO: ----------
2021-04-25 12:21:33,393 - main.py[line:222] - INFO: 0.43580874395575464 0.7519548287002353 0.15940891118188238
2021-04-25 12:21:33,393 - main.py[line:218] - INFO: Epoch 87/150
2021-04-25 12:21:33,393 - main.py[line:219] - INFO: ----------
2021-04-25 21:49:11,436 - main.py[line:218] - INFO: Epoch 1/150
2021-04-25 21:49:11,436 - main.py[line:219] - INFO: ----------
2021-04-25 21:50:57,733 - main.py[line:217] - INFO: Epoch 1/150
2021-04-25 21:50:57,733 - main.py[line:218] - INFO: ----------
2021-04-25 21:53:06,507 - main.py[line:221] - INFO: 0.491477513402801 0.5395174763496198 -0.06995072503492072
2021-04-25 21:53:06,508 - main.py[line:217] - INFO: Epoch 2/150
2021-04-25 21:53:06,508 - main.py[line:218] - INFO: ----------
2021-04-25 21:55:11,715 - main.py[line:221] - INFO: 0.4773418085507478 0.5574527236777052 -0.009288723859536052
2021-04-25 21:55:11,715 - main.py[line:217] - INFO: Epoch 3/150
2021-04-25 21:55:11,715 - main.py[line:218] - INFO: ----------
2021-04-25 21:57:18,885 - main.py[line:221] - INFO: 0.47092758914802035 0.5821386500393774 0.017653411842204703
2021-04-25 21:57:18,885 - main.py[line:217] - INFO: Epoch 4/150
2021-04-25 21:57:18,885 - main.py[line:218] - INFO: ----------
2021-04-25 21:59:27,351 - main.py[line:221] - INFO: 0.4696331039999095 0.5910524387021768 0.02304653539777146
2021-04-25 21:59:27,351 - main.py[line:217] - INFO: Epoch 5/150
2021-04-25 21:59:27,351 - main.py[line:218] - INFO: ----------
2021-04-25 22:01:30,975 - main.py[line:221] - INFO: 0.4691819510137979 0.5943050260219462 0.024922654279718293
2021-04-25 22:01:41,952 - main.py[line:226] - INFO: Testing
2021-04-25 22:01:41,952 - main.py[line:228] - INFO: 0.4694428017998559 0.5861437888702193 0.020300344518107805
2021-04-25 22:01:41,953 - main.py[line:217] - INFO: Epoch 6/150
2021-04-25 22:01:41,953 - main.py[line:218] - INFO: ----------
2021-04-25 22:03:39,609 - main.py[line:221] - INFO: 0.46888343276153527 0.5964514237017272 0.026163050611000438
2021-04-25 22:03:39,610 - main.py[line:217] - INFO: Epoch 7/150
2021-04-25 22:03:39,610 - main.py[line:218] - INFO: ----------
2021-04-25 22:05:37,513 - main.py[line:221] - INFO: 0.46861754386170873 0.5984322569491625 0.02726720145454664
2021-04-25 22:05:37,514 - main.py[line:217] - INFO: Epoch 8/150
2021-04-25 22:05:37,514 - main.py[line:218] - INFO: ----------
2021-04-25 22:07:34,847 - main.py[line:221] - INFO: 0.4683540477919289 0.600431428495166 0.028360797769397816
2021-04-25 22:07:34,848 - main.py[line:217] - INFO: Epoch 9/150
2021-04-25 22:07:34,848 - main.py[line:218] - INFO: ----------
2021-04-25 22:09:33,684 - main.py[line:221] - INFO: 0.4680810270812937 0.6025048037063898 0.02949327567455262
2021-04-25 22:09:33,685 - main.py[line:217] - INFO: Epoch 10/150
2021-04-25 22:09:33,685 - main.py[line:218] - INFO: ----------
2021-04-25 22:11:30,785 - main.py[line:221] - INFO: 0.46779165173519227 0.604690434404614 0.030692871013134337
2021-04-25 22:11:41,983 - main.py[line:226] - INFO: Testing
2021-04-25 22:11:41,983 - main.py[line:228] - INFO: 0.46822231549176696 0.595664770052948 0.025387889457371582
2021-04-25 22:11:41,984 - main.py[line:217] - INFO: Epoch 11/150
2021-04-25 22:11:41,984 - main.py[line:218] - INFO: ----------
2021-04-25 22:13:38,786 - main.py[line:221] - INFO: 0.46748066648423164 0.6070251487097718 0.03198122244809065
2021-04-25 22:13:38,787 - main.py[line:217] - INFO: Epoch 12/150
2021-04-25 22:13:38,787 - main.py[line:218] - INFO: ----------
2021-04-25 22:15:35,836 - main.py[line:221] - INFO: 0.467143238956168 0.6095268683829945 0.03337814995181654
2021-04-25 22:15:35,837 - main.py[line:217] - INFO: Epoch 13/150
2021-04-25 22:15:35,837 - main.py[line:218] - INFO: ----------
2021-04-25 22:17:32,376 - main.py[line:221] - INFO: 0.46677449981884456 0.612209677698629 0.034903552025575046
2021-04-25 22:17:32,376 - main.py[line:217] - INFO: Epoch 14/150
2021-04-25 22:17:32,376 - main.py[line:218] - INFO: ----------
2021-04-25 22:19:29,564 - main.py[line:221] - INFO: 0.46636928904259195 0.6150772879301124 0.0365784410203609
2021-04-25 22:19:29,564 - main.py[line:217] - INFO: Epoch 15/150
2021-04-25 22:19:29,564 - main.py[line:218] - INFO: ----------
2021-04-25 22:21:27,209 - main.py[line:221] - INFO: 0.46592192905229723 0.6181416213305017 0.038425859171643206
2021-04-25 22:21:36,911 - main.py[line:226] - INFO: Testing
2021-04-25 22:21:36,912 - main.py[line:228] - INFO: 0.466381907932928 0.6080322960654188 0.03303450639559902
2021-04-25 22:21:36,912 - main.py[line:217] - INFO: Epoch 16/150
2021-04-25 22:21:36,912 - main.py[line:218] - INFO: ----------
2021-04-25 22:23:34,339 - main.py[line:221] - INFO: 0.4654258976206482 0.6214239097228347 0.04047219814270897
2021-04-25 22:23:34,339 - main.py[line:217] - INFO: Epoch 17/150
2021-04-25 22:23:34,339 - main.py[line:218] - INFO: ----------
2021-04-25 22:25:32,697 - main.py[line:221] - INFO: 0.46487324232710525 0.6249250900575742 0.04274956725672585
2021-04-25 22:25:32,698 - main.py[line:217] - INFO: Epoch 18/150
2021-04-25 22:25:32,698 - main.py[line:218] - INFO: ----------
2021-04-25 22:27:30,946 - main.py[line:221] - INFO: 0.46425349513902764 0.6286421574219629 0.045300188636038574
2021-04-25 22:27:30,946 - main.py[line:217] - INFO: Epoch 19/150
2021-04-25 22:27:30,946 - main.py[line:218] - INFO: ----------
2021-04-25 22:29:28,904 - main.py[line:221] - INFO: 0.4635519015569851 0.6326304271862869 0.048183549335168
2021-04-25 22:29:28,904 - main.py[line:217] - INFO: Epoch 20/150
2021-04-25 22:29:28,904 - main.py[line:218] - INFO: ----------
2021-04-25 22:31:26,097 - main.py[line:221] - INFO: 0.4627482041726907 0.6369506068021288 0.051481170343473215
2021-04-25 22:31:37,749 - main.py[line:226] - INFO: Testing
2021-04-25 22:31:37,750 - main.py[line:228] - INFO: 0.4632140392539378 0.6260797775111453 0.04612599338920986
2021-04-25 22:31:37,750 - main.py[line:217] - INFO: Epoch 21/150
2021-04-25 22:31:37,750 - main.py[line:218] - INFO: ----------
2021-04-25 22:33:35,269 - main.py[line:221] - INFO: 0.4618251402801311 0.6415936573904094 0.05526149939897829
2021-04-25 22:33:35,269 - main.py[line:217] - INFO: Epoch 22/150
2021-04-25 22:33:35,269 - main.py[line:218] - INFO: ----------
2021-04-25 22:35:33,380 - main.py[line:221] - INFO: 0.4608116368534712 0.6462487723386274 0.05940352192171605
2021-04-25 22:35:33,381 - main.py[line:217] - INFO: Epoch 23/150
2021-04-25 22:35:33,381 - main.py[line:218] - INFO: ----------
2021-04-25 22:37:32,830 - main.py[line:221] - INFO: 0.4598570125541711 0.6501896118614757 0.06329659281525579
2021-04-25 22:37:32,831 - main.py[line:217] - INFO: Epoch 24/150
2021-04-25 22:37:32,831 - main.py[line:218] - INFO: ----------
2021-04-25 22:39:32,383 - main.py[line:221] - INFO: 0.45893895762465264 0.6542717319679028 0.0670329141634406
2021-04-25 22:39:32,384 - main.py[line:217] - INFO: Epoch 25/150
2021-04-25 22:39:32,384 - main.py[line:218] - INFO: ----------
2021-04-25 22:41:32,491 - main.py[line:221] - INFO: 0.45797961218752464 0.6585457766317916 0.07092930268553166
2021-04-25 22:41:44,002 - main.py[line:226] - INFO: Testing
2021-04-25 22:41:44,002 - main.py[line:228] - INFO: 0.4584542473671811 0.6488767743013399 0.06562848930354115
2021-04-25 22:41:44,002 - main.py[line:217] - INFO: Epoch 26/150
2021-04-25 22:41:44,002 - main.py[line:218] - INFO: ----------
2021-04-25 22:43:43,245 - main.py[line:221] - INFO: 0.45696221314810354 0.6630047178732332 0.07505256796699233
2021-04-25 22:43:43,245 - main.py[line:217] - INFO: Epoch 27/150
2021-04-25 22:43:43,245 - main.py[line:218] - INFO: ----------
2021-04-25 22:45:40,475 - main.py[line:221] - INFO: 0.45587646913008933 0.667639663494428 0.07944270375578677
2021-04-25 22:45:40,476 - main.py[line:217] - INFO: Epoch 28/150
2021-04-25 22:45:40,476 - main.py[line:218] - INFO: ----------
2021-04-25 22:47:37,738 - main.py[line:221] - INFO: 0.45471304553914693 0.6724393536954454 0.08413534100566233
2021-04-25 22:47:37,739 - main.py[line:217] - INFO: Epoch 29/150
2021-04-25 22:47:37,739 - main.py[line:218] - INFO: ----------
2021-04-25 22:49:35,302 - main.py[line:221] - INFO: 0.4534639368893738 0.6773730721208481 0.08916023817947771
2021-04-25 22:49:35,302 - main.py[line:217] - INFO: Epoch 30/150
2021-04-25 22:49:35,302 - main.py[line:218] - INFO: ----------
2021-04-25 22:51:32,876 - main.py[line:221] - INFO: 0.45212201501557203 0.6824836040604098 0.09454310186079651
2021-04-25 22:51:44,128 - main.py[line:226] - INFO: Testing
2021-04-25 22:51:44,128 - main.py[line:228] - INFO: 0.4523746761051389 0.674284158827727 0.09024561559029842
2021-04-25 22:51:44,129 - main.py[line:217] - INFO: Epoch 31/150
2021-04-25 22:51:44,129 - main.py[line:218] - INFO: ----------
2021-04-25 22:53:41,602 - main.py[line:221] - INFO: 0.45068156673075543 0.6877525387931414 0.10030343256059404
2021-04-25 22:53:41,602 - main.py[line:217] - INFO: Epoch 32/150
2021-04-25 22:53:41,602 - main.py[line:218] - INFO: ----------
2021-04-25 22:55:39,467 - main.py[line:221] - INFO: 0.4491422791087153 0.6931570155758547 0.10643870352091456
2021-04-25 22:55:39,467 - main.py[line:217] - INFO: Epoch 33/150
2021-04-25 22:55:39,468 - main.py[line:218] - INFO: ----------
2021-04-25 22:57:36,384 - main.py[line:221] - INFO: 0.4475155133384503 0.6986663354491855 0.11289982974395019
2021-04-25 22:57:36,384 - main.py[line:217] - INFO: Epoch 34/150
2021-04-25 22:57:36,384 - main.py[line:218] - INFO: ----------
2021-04-25 22:59:34,640 - main.py[line:221] - INFO: 0.44582850891653114 0.7041394831780927 0.11957544701167389
2021-04-25 22:59:34,641 - main.py[line:217] - INFO: Epoch 35/150
2021-04-25 22:59:34,641 - main.py[line:218] - INFO: ----------
2021-04-25 23:01:32,181 - main.py[line:221] - INFO: 0.4441083456516124 0.7094187926480018 0.12635631569369665
2021-04-25 23:01:42,154 - main.py[line:226] - INFO: Testing
2021-04-25 23:01:42,154 - main.py[line:228] - INFO: 0.4440822701799552 0.7038066497839047 0.12329303688618964
2021-04-25 23:01:42,154 - main.py[line:217] - INFO: Epoch 36/150
2021-04-25 23:01:42,154 - main.py[line:218] - INFO: ----------
2021-04-25 23:03:40,940 - main.py[line:221] - INFO: 0.4423787876062439 0.7144115587526858 0.13314778982948328
2021-04-25 23:03:40,940 - main.py[line:217] - INFO: Epoch 37/150
2021-04-25 23:03:40,940 - main.py[line:218] - INFO: ----------
2021-04-25 23:05:39,106 - main.py[line:221] - INFO: 0.4406891681795689 0.7190151627949155 0.13975684675568778
2021-04-25 23:05:39,107 - main.py[line:217] - INFO: Epoch 38/150
2021-04-25 23:05:39,107 - main.py[line:218] - INFO: ----------
2021-04-25 23:07:35,821 - main.py[line:221] - INFO: 0.439093761429846 0.7231540640159503 0.14597416973692268
2021-04-25 23:07:35,821 - main.py[line:217] - INFO: Epoch 39/150
2021-04-25 23:07:35,821 - main.py[line:218] - INFO: ----------
2021-04-25 23:09:33,152 - main.py[line:221] - INFO: 0.43759106308363066 0.7269138310587311 0.15180958504205377
2021-04-25 23:09:33,153 - main.py[line:217] - INFO: Epoch 40/150
2021-04-25 23:09:33,153 - main.py[line:218] - INFO: ----------
2021-04-25 23:11:30,268 - main.py[line:221] - INFO: 0.43610537524306103 0.7305957096409453 0.15755927738578024
2021-04-25 23:11:41,594 - main.py[line:226] - INFO: Testing
2021-04-25 23:11:41,595 - main.py[line:228] - INFO: 0.4362237913128641 0.7244428747375313 0.15404690650363795
2021-04-25 23:11:41,595 - main.py[line:217] - INFO: Epoch 41/150
2021-04-25 23:11:41,595 - main.py[line:218] - INFO: ----------
2021-04-25 23:13:38,522 - main.py[line:221] - INFO: 0.43489293006979174 0.7334397782783489 0.16223701536786084
2021-04-25 23:13:38,523 - main.py[line:217] - INFO: Epoch 42/150
2021-04-25 23:13:38,523 - main.py[line:218] - INFO: ----------
2021-04-25 23:15:36,391 - main.py[line:221] - INFO: 0.4334904954741197 0.7368710778885846 0.16763150813224792
2021-04-25 23:15:36,392 - main.py[line:217] - INFO: Epoch 43/150
2021-04-25 23:15:36,392 - main.py[line:218] - INFO: ----------
2021-04-25 23:17:33,633 - main.py[line:221] - INFO: 0.43262011243348264 0.7388581953587013 0.17097069136301768
2021-04-25 23:17:33,633 - main.py[line:217] - INFO: Epoch 44/150
2021-04-25 23:17:33,633 - main.py[line:218] - INFO: ----------
2021-04-25 23:19:30,950 - main.py[line:221] - INFO: 0.431435034495139 0.7417187562408202 0.1755063968539562
2021-04-25 23:19:30,950 - main.py[line:217] - INFO: Epoch 45/150
2021-04-25 23:19:30,950 - main.py[line:218] - INFO: ----------
2021-04-25 23:21:28,232 - main.py[line:221] - INFO: 0.4303027359668918 0.7444786851506833 0.17982847429672033
2021-04-25 23:21:37,879 - main.py[line:226] - INFO: Testing
2021-04-25 23:21:37,879 - main.py[line:228] - INFO: 0.43260924080021546 0.7341850642882076 0.16800796057814538
2021-04-25 23:21:37,879 - main.py[line:217] - INFO: Epoch 46/150
2021-04-25 23:21:37,879 - main.py[line:218] - INFO: ----------
2021-04-25 23:23:34,479 - main.py[line:221] - INFO: 0.4299044044727056 0.7452660279204673 0.18134623799547533
2021-04-25 23:23:34,479 - main.py[line:217] - INFO: Epoch 47/150
2021-04-25 23:23:34,479 - main.py[line:218] - INFO: ----------
2021-04-25 23:25:31,807 - main.py[line:221] - INFO: 0.4286581828821822 0.7483809707363226 0.18608564169858843
2021-04-25 23:25:31,808 - main.py[line:217] - INFO: Epoch 48/150
2021-04-25 23:25:31,808 - main.py[line:218] - INFO: ----------
2021-04-25 23:27:29,459 - main.py[line:221] - INFO: 0.4280291140926798 0.7497909995445646 0.1884727764689048
2021-04-25 23:27:29,460 - main.py[line:217] - INFO: Epoch 49/150
2021-04-25 23:27:29,460 - main.py[line:218] - INFO: ----------
2021-04-25 23:29:32,847 - main.py[line:221] - INFO: 0.4273443456524525 0.7513899415866743 0.19106729023873315
2021-04-25 23:29:32,847 - main.py[line:217] - INFO: Epoch 50/150
2021-04-25 23:29:32,847 - main.py[line:218] - INFO: ----------
2021-04-25 23:31:32,399 - main.py[line:221] - INFO: 0.4264956218302602 0.7534141976014583 0.1942772482004761
2021-04-25 23:31:43,593 - main.py[line:226] - INFO: Testing
2021-04-25 23:31:43,594 - main.py[line:228] - INFO: 0.4279317450377142 0.7469857206487159 0.1859021713873369
2021-04-25 23:31:43,594 - main.py[line:217] - INFO: Epoch 51/150
2021-04-25 23:31:43,594 - main.py[line:218] - INFO: ----------
2021-04-25 23:33:41,085 - main.py[line:221] - INFO: 0.42568744320075413 0.7553297422200783 0.19732792875970528
2021-04-25 23:33:41,085 - main.py[line:217] - INFO: Epoch 52/150
2021-04-25 23:33:41,085 - main.py[line:218] - INFO: ----------
2021-04-25 23:35:38,735 - main.py[line:221] - INFO: 0.42499600356760014 0.75707967095271 0.1999333546494868
2021-04-25 23:35:38,736 - main.py[line:217] - INFO: Epoch 53/150
2021-04-25 23:35:38,736 - main.py[line:218] - INFO: ----------
2021-04-25 23:37:36,176 - main.py[line:221] - INFO: 0.42459925747958516 0.7579330711174774 0.2014264282177074
2021-04-25 23:37:36,176 - main.py[line:217] - INFO: Epoch 54/150
2021-04-25 23:37:36,176 - main.py[line:218] - INFO: ----------
2021-04-25 23:39:36,533 - main.py[line:221] - INFO: 0.4241019616196594 0.7590334072962649 0.2032959311143825
2021-04-25 23:39:36,533 - main.py[line:217] - INFO: Epoch 55/150
2021-04-25 23:39:36,533 - main.py[line:218] - INFO: ----------
2021-04-25 23:41:33,805 - main.py[line:221] - INFO: 0.42364147158388854 0.7601458739133538 0.2050251148591392
2021-04-25 23:41:43,595 - main.py[line:226] - INFO: Testing
2021-04-25 23:41:43,595 - main.py[line:228] - INFO: 0.42603678040928106 0.7515839941712562 0.19309617346682206
2021-04-25 23:41:43,596 - main.py[line:217] - INFO: Epoch 56/150
2021-04-25 23:41:43,596 - main.py[line:218] - INFO: ----------
2021-04-25 23:43:40,693 - main.py[line:221] - INFO: 0.4230979165137002 0.7613546153040729 0.20706379825745114
2021-04-25 23:43:40,694 - main.py[line:217] - INFO: Epoch 57/150
2021-04-25 23:43:40,694 - main.py[line:218] - INFO: ----------
2021-04-25 23:45:38,032 - main.py[line:221] - INFO: 0.42255762631485255 0.7625270185697997 0.2090876423888528
2021-04-25 23:45:38,032 - main.py[line:217] - INFO: Epoch 58/150
2021-04-25 23:45:38,032 - main.py[line:218] - INFO: ----------
2021-04-25 23:47:34,843 - main.py[line:221] - INFO: 0.42207046347895194 0.7636217126446593 0.21091026243819777
2021-04-25 23:47:34,844 - main.py[line:217] - INFO: Epoch 59/150
2021-04-25 23:47:34,844 - main.py[line:218] - INFO: ----------
2021-04-25 23:49:31,630 - main.py[line:221] - INFO: 0.4215748329294544 0.7648274253157119 0.21276240507601907
2021-04-25 23:49:31,631 - main.py[line:217] - INFO: Epoch 60/150
2021-04-25 23:49:31,631 - main.py[line:218] - INFO: ----------
2021-04-25 23:51:29,594 - main.py[line:221] - INFO: 0.42109882785493663 0.7658419027945875 0.21453915978375815
2021-04-25 23:51:40,911 - main.py[line:226] - INFO: Testing
2021-04-25 23:51:40,912 - main.py[line:228] - INFO: 0.4232767814646051 0.7584172069173598 0.20351705747501148
2021-04-25 23:51:40,912 - main.py[line:217] - INFO: Epoch 61/150
2021-04-25 23:51:40,912 - main.py[line:218] - INFO: ----------
2021-04-25 23:53:38,980 - main.py[line:221] - INFO: 0.4205225125470981 0.7671659858557754 0.21668764993423806
2021-04-25 23:53:38,981 - main.py[line:217] - INFO: Epoch 62/150
2021-04-25 23:53:38,981 - main.py[line:218] - INFO: ----------
2021-04-25 23:55:38,661 - main.py[line:221] - INFO: 0.420145305370801 0.7680521049944863 0.2180922763819868
2021-04-25 23:55:38,662 - main.py[line:217] - INFO: Epoch 63/150
2021-04-25 23:55:38,662 - main.py[line:218] - INFO: ----------
2021-04-25 23:57:36,880 - main.py[line:221] - INFO: 0.4196288447209086 0.7692122852320671 0.22001340398562974
2021-04-25 23:57:36,880 - main.py[line:217] - INFO: Epoch 64/150
2021-04-25 23:57:36,880 - main.py[line:218] - INFO: ----------
2021-04-25 23:59:34,606 - main.py[line:221] - INFO: 0.419135356091194 0.7703255866602983 0.22184687272460646
2021-04-25 23:59:34,607 - main.py[line:217] - INFO: Epoch 65/150
2021-04-25 23:59:34,607 - main.py[line:218] - INFO: ----------
2021-04-26 00:01:32,790 - main.py[line:221] - INFO: 0.4188704866922279 0.7708543403847568 0.22283005786343568
2021-04-26 00:01:42,524 - main.py[line:226] - INFO: Testing
2021-04-26 00:01:42,524 - main.py[line:228] - INFO: 0.42188869063211726 0.7613604761105597 0.20873245263033313
2021-04-26 00:01:42,525 - main.py[line:217] - INFO: Epoch 66/150
2021-04-26 00:01:42,525 - main.py[line:218] - INFO: ----------
2021-04-26 00:03:40,679 - main.py[line:221] - INFO: 0.41862888701484924 0.7713191415054479 0.22372632467235476
2021-04-26 00:03:40,679 - main.py[line:217] - INFO: Epoch 67/150
2021-04-26 00:03:40,679 - main.py[line:218] - INFO: ----------
2021-04-26 00:05:39,270 - main.py[line:221] - INFO: 0.41827307225477184 0.7720463533982755 0.2250453557165163
2021-04-26 00:05:39,270 - main.py[line:217] - INFO: Epoch 68/150
2021-04-26 00:05:39,270 - main.py[line:218] - INFO: ----------
2021-04-26 00:07:37,776 - main.py[line:221] - INFO: 0.4180099384007836 0.7725684866984128 0.22602009052079364
2021-04-26 00:07:37,777 - main.py[line:217] - INFO: Epoch 69/150
2021-04-26 00:07:37,777 - main.py[line:218] - INFO: ----------
2021-04-26 00:09:36,791 - main.py[line:221] - INFO: 0.41747413048000404 0.7738510440990705 0.22800300404707252
2021-04-26 00:09:36,791 - main.py[line:217] - INFO: Epoch 70/150
2021-04-26 00:09:36,791 - main.py[line:218] - INFO: ----------
2021-04-26 00:11:36,781 - main.py[line:221] - INFO: 0.4170402471792253 0.7749048886229439 0.2296068521381296
2021-04-26 00:11:48,188 - main.py[line:226] - INFO: Testing
2021-04-26 00:11:48,188 - main.py[line:228] - INFO: 0.42071575474985773 0.7636204768695702 0.21312610412197108
2021-04-26 00:11:48,188 - main.py[line:217] - INFO: Epoch 71/150
2021-04-26 00:11:48,188 - main.py[line:218] - INFO: ----------
2021-04-26 00:13:46,854 - main.py[line:221] - INFO: 0.41677669589289296 0.7754005382891895 0.23058025434978868
2021-04-26 00:13:46,855 - main.py[line:217] - INFO: Epoch 72/150
2021-04-26 00:13:46,855 - main.py[line:218] - INFO: ----------
2021-04-26 00:15:45,416 - main.py[line:221] - INFO: 0.4164136684159555 0.7762550110002939 0.2319200550757936
2021-04-26 00:15:45,416 - main.py[line:217] - INFO: Epoch 73/150
2021-04-26 00:15:45,416 - main.py[line:218] - INFO: ----------
2021-04-26 00:17:44,582 - main.py[line:221] - INFO: 0.4161879160654057 0.7767756498075138 0.23275263509974498
2021-04-26 00:17:44,583 - main.py[line:217] - INFO: Epoch 74/150
2021-04-26 00:17:44,583 - main.py[line:218] - INFO: ----------
2021-04-26 00:19:43,395 - main.py[line:221] - INFO: 0.4158180825175184 0.7775713193526557 0.2341156143177543
2021-04-26 00:19:43,396 - main.py[line:217] - INFO: Epoch 75/150
2021-04-26 00:19:43,396 - main.py[line:218] - INFO: ----------
2021-04-26 00:21:42,208 - main.py[line:221] - INFO: 0.4155740563036596 0.7781925023838039 0.23501428147086512
2021-04-26 00:21:53,449 - main.py[line:226] - INFO: Testing
2021-04-26 00:21:53,449 - main.py[line:228] - INFO: 0.41986172523321047 0.7653174846600297 0.21631748191272226
2021-04-26 00:21:53,449 - main.py[line:217] - INFO: Epoch 76/150
2021-04-26 00:21:53,449 - main.py[line:218] - INFO: ----------
2021-04-26 00:23:50,550 - main.py[line:221] - INFO: 0.4151923636023913 0.7789851683851692 0.23641887046764298
2021-04-26 00:23:50,550 - main.py[line:217] - INFO: Epoch 77/150
2021-04-26 00:23:50,550 - main.py[line:218] - INFO: ----------
2021-04-26 00:25:51,818 - main.py[line:221] - INFO: 0.4149629248262349 0.7794779888690408 0.2372625599381879
2021-04-26 00:25:51,819 - main.py[line:217] - INFO: Epoch 78/150
2021-04-26 00:25:51,819 - main.py[line:218] - INFO: ----------
2021-04-26 00:27:57,100 - main.py[line:221] - INFO: 0.4146926323540946 0.7800368532250372 0.23825587781062818
2021-04-26 00:27:57,101 - main.py[line:217] - INFO: Epoch 79/150
2021-04-26 00:27:57,102 - main.py[line:218] - INFO: ----------
2021-04-26 00:29:54,667 - main.py[line:221] - INFO: 0.41449253852048995 0.7803919527090217 0.2389908005823177
2021-04-26 00:29:54,667 - main.py[line:217] - INFO: Epoch 80/150
2021-04-26 00:29:54,667 - main.py[line:218] - INFO: ----------
2021-04-26 00:31:53,213 - main.py[line:221] - INFO: 0.4143622931764709 0.7805770240486543 0.23946898690866858
2021-04-26 00:32:02,926 - main.py[line:226] - INFO: Testing
2021-04-26 00:32:02,927 - main.py[line:228] - INFO: 0.41877633668129216 0.7678638728039018 0.22036405503565915
2021-04-26 00:32:02,933 - main.py[line:217] - INFO: Epoch 81/150
2021-04-26 00:32:02,933 - main.py[line:218] - INFO: ----------
2021-04-26 00:34:07,012 - main.py[line:221] - INFO: 0.4139414413731879 0.7816242930908431 0.24101308641661578
2021-04-26 00:34:07,013 - main.py[line:217] - INFO: Epoch 82/150
2021-04-26 00:34:07,013 - main.py[line:218] - INFO: ----------
2021-04-26 00:36:05,958 - main.py[line:221] - INFO: 0.4136665635936521 0.7822784969061063 0.2420207621250252
2021-04-26 00:36:05,959 - main.py[line:217] - INFO: Epoch 83/150
2021-04-26 00:36:05,959 - main.py[line:218] - INFO: ----------
2021-04-26 00:38:04,448 - main.py[line:221] - INFO: 0.4133997517700911 0.7828454981498131 0.24299822861390385
2021-04-26 00:38:04,449 - main.py[line:217] - INFO: Epoch 84/150
2021-04-26 00:38:04,449 - main.py[line:218] - INFO: ----------
2021-04-26 00:40:04,771 - main.py[line:221] - INFO: 0.4131227533110481 0.7834364471408167 0.24401234665558036
2021-04-26 00:40:04,772 - main.py[line:217] - INFO: Epoch 85/150
2021-04-26 00:40:04,772 - main.py[line:218] - INFO: ----------
2021-04-26 00:42:04,038 - main.py[line:221] - INFO: 0.41288606830083135 0.7839478920068448 0.2448783347317145
2021-04-26 00:42:13,880 - main.py[line:226] - INFO: Testing
2021-04-26 00:42:13,880 - main.py[line:228] - INFO: 0.4184348527990068 0.7683722823321877 0.2216350177829085
2021-04-26 00:42:13,880 - main.py[line:217] - INFO: Epoch 86/150
2021-04-26 00:42:13,880 - main.py[line:218] - INFO: ----------
2021-04-26 00:44:13,360 - main.py[line:221] - INFO: 0.41266233650015577 0.7844211301225394 0.24569647304916042
2021-04-26 00:44:13,361 - main.py[line:217] - INFO: Epoch 87/150
2021-04-26 00:44:13,361 - main.py[line:218] - INFO: ----------
2021-04-26 00:46:12,696 - main.py[line:221] - INFO: 0.41243729917279703 0.7849047293523839 0.24651893805631264
2021-04-26 00:46:12,696 - main.py[line:217] - INFO: Epoch 88/150
2021-04-26 00:46:12,696 - main.py[line:218] - INFO: ----------
2021-04-26 00:48:12,195 - main.py[line:221] - INFO: 0.41224431930956396 0.7852692308960245 0.24722388232107073
2021-04-26 00:48:12,195 - main.py[line:217] - INFO: Epoch 89/150
2021-04-26 00:48:12,195 - main.py[line:218] - INFO: ----------
2021-04-26 00:50:10,976 - main.py[line:221] - INFO: 0.4120313638394976 0.7858188842152647 0.24800141340600823
2021-04-26 00:50:10,977 - main.py[line:217] - INFO: Epoch 90/150
2021-04-26 00:50:10,977 - main.py[line:218] - INFO: ----------
2021-04-26 00:52:11,810 - main.py[line:221] - INFO: 0.41176934464032783 0.786434607116756 0.2489575319661369
2021-04-26 00:52:21,757 - main.py[line:226] - INFO: Testing
2021-04-26 00:52:21,757 - main.py[line:228] - INFO: 0.41799287562247667 0.7692158964265283 0.22327846534621199
2021-04-26 00:52:21,758 - main.py[line:217] - INFO: Epoch 91/150
2021-04-26 00:52:21,758 - main.py[line:218] - INFO: ----------
2021-04-26 00:54:21,125 - main.py[line:221] - INFO: 0.411485382006004 0.7870857702254237 0.2499930362551258
2021-04-26 00:54:21,126 - main.py[line:217] - INFO: Epoch 92/150
2021-04-26 00:54:21,126 - main.py[line:218] - INFO: ----------
2021-04-26 00:56:20,212 - main.py[line:221] - INFO: 0.4113555771073464 0.7873198853006058 0.2504661477031145
2021-04-26 00:56:20,212 - main.py[line:217] - INFO: Epoch 93/150
2021-04-26 00:56:20,213 - main.py[line:218] - INFO: ----------
2021-04-26 00:58:20,120 - main.py[line:221] - INFO: 0.4109761985390483 0.7880669567635186 0.251848046816192
2021-04-26 00:58:20,121 - main.py[line:217] - INFO: Epoch 94/150
2021-04-26 00:58:20,121 - main.py[line:218] - INFO: ----------
2021-04-26 01:00:19,936 - main.py[line:221] - INFO: 0.41101020547240896 0.7878540303717858 0.2517242274498068
2021-04-26 01:00:19,936 - main.py[line:217] - INFO: Epoch 95/150
2021-04-26 01:00:19,936 - main.py[line:218] - INFO: ----------
2021-04-26 01:02:19,692 - main.py[line:221] - INFO: 0.41084882019989816 0.7881639725898048 0.2523117407485306
2021-04-26 01:02:31,209 - main.py[line:226] - INFO: Testing
2021-04-26 01:02:31,209 - main.py[line:228] - INFO: 0.41788522029179304 0.7696003311098458 0.2236785077894029
2021-04-26 01:02:31,210 - main.py[line:217] - INFO: Epoch 96/150
2021-04-26 01:02:31,210 - main.py[line:218] - INFO: ----------
2021-04-26 01:04:30,760 - main.py[line:221] - INFO: 0.4105181627258284 0.7889636913796814 0.25351475856093886
2021-04-26 01:04:30,761 - main.py[line:217] - INFO: Epoch 97/150
2021-04-26 01:04:30,761 - main.py[line:218] - INFO: ----------
2021-04-26 01:06:31,065 - main.py[line:221] - INFO: 0.4103244318187769 0.7894542888391454 0.25421915194621725
2021-04-26 01:06:31,065 - main.py[line:217] - INFO: Epoch 98/150
2021-04-26 01:06:31,065 - main.py[line:218] - INFO: ----------
2021-04-26 01:08:30,522 - main.py[line:221] - INFO: 0.41005539962000176 0.7899826812862437 0.25519678462208384
2021-04-26 01:08:30,522 - main.py[line:217] - INFO: Epoch 99/150
2021-04-26 01:08:30,522 - main.py[line:218] - INFO: ----------
2021-04-26 01:10:30,001 - main.py[line:221] - INFO: 0.4097917929753433 0.7906555224055062 0.2561540795100945
2021-04-26 01:10:30,001 - main.py[line:217] - INFO: Epoch 100/150
2021-04-26 01:10:30,002 - main.py[line:218] - INFO: ----------
2021-04-26 01:12:29,751 - main.py[line:221] - INFO: 0.40952745748961084 0.7913391486890546 0.2571134030485628
2021-04-26 01:12:41,248 - main.py[line:226] - INFO: Testing
2021-04-26 01:12:41,248 - main.py[line:228] - INFO: 0.4183723211057701 0.7683548917303069 0.22186764106041512
2021-04-26 01:12:41,249 - main.py[line:217] - INFO: Epoch 101/150
2021-04-26 01:12:41,249 - main.py[line:218] - INFO: ----------
2021-04-26 01:14:40,842 - main.py[line:221] - INFO: 0.4091992323880681 0.7920722310050885 0.258303732591042
2021-04-26 01:14:40,842 - main.py[line:217] - INFO: Epoch 102/150
2021-04-26 01:14:40,842 - main.py[line:218] - INFO: ----------
2021-04-26 01:16:40,184 - main.py[line:221] - INFO: 0.4093316638019156 0.7917557274960391 0.25782357636428155
2021-04-26 01:16:40,188 - main.py[line:217] - INFO: Epoch 103/150
2021-04-26 01:16:40,188 - main.py[line:218] - INFO: ----------
2021-04-26 01:18:40,040 - main.py[line:221] - INFO: 0.4090865393897453 0.7923021486851064 0.2587122009367224
2021-04-26 01:18:40,041 - main.py[line:217] - INFO: Epoch 104/150
2021-04-26 01:18:40,041 - main.py[line:218] - INFO: ----------
2021-04-26 01:20:40,033 - main.py[line:221] - INFO: 0.4088510763285154 0.7927998726577041 0.25956529995042865
2021-04-26 01:20:40,034 - main.py[line:217] - INFO: Epoch 105/150
2021-04-26 01:20:40,034 - main.py[line:218] - INFO: ----------
2021-04-26 01:22:40,115 - main.py[line:221] - INFO: 0.4085579564634135 0.7935266424365273 0.26062660726501585
2021-04-26 01:22:51,806 - main.py[line:226] - INFO: Testing
2021-04-26 01:22:51,806 - main.py[line:228] - INFO: 0.41912491454843215 0.7659416795927753 0.21906561997433505
2021-04-26 01:22:51,806 - main.py[line:217] - INFO: Epoch 106/150
2021-04-26 01:22:51,807 - main.py[line:218] - INFO: ----------
2021-04-26 01:24:51,845 - main.py[line:221] - INFO: 0.40840722541089375 0.7938152959687222 0.2611720670692095
2021-04-26 01:24:51,845 - main.py[line:217] - INFO: Epoch 107/150
2021-04-26 01:24:51,846 - main.py[line:218] - INFO: ----------
2021-04-26 01:26:52,351 - main.py[line:221] - INFO: 0.4080666193054511 0.7946259103094794 0.26240389820792354
2021-04-26 01:26:52,351 - main.py[line:217] - INFO: Epoch 108/150
2021-04-26 01:26:52,351 - main.py[line:218] - INFO: ----------
2021-04-26 01:28:52,769 - main.py[line:221] - INFO: 0.407900584308542 0.7949802785574019 0.2630040053763214
2021-04-26 01:28:52,769 - main.py[line:217] - INFO: Epoch 109/150
2021-04-26 01:28:52,769 - main.py[line:218] - INFO: ----------
2021-04-26 01:30:53,550 - main.py[line:221] - INFO: 0.4082859552843297 0.7940185296762013 0.2616107686838557
2021-04-26 01:30:53,551 - main.py[line:217] - INFO: Epoch 110/150
2021-04-26 01:30:53,551 - main.py[line:218] - INFO: ----------
2021-04-26 01:32:53,895 - main.py[line:221] - INFO: 0.40762391615393234 0.7955221999067275 0.26400343601466425
2021-04-26 01:33:05,406 - main.py[line:226] - INFO: Testing
2021-04-26 01:33:05,407 - main.py[line:228] - INFO: 0.41847374072937693 0.7679309867369664 0.22149033380365435
2021-04-26 01:33:05,407 - main.py[line:217] - INFO: Epoch 111/150
2021-04-26 01:33:05,407 - main.py[line:218] - INFO: ----------
2021-04-26 01:35:05,748 - main.py[line:221] - INFO: 0.40737654213841684 0.7961107970889632 0.2648964708590812
2021-04-26 01:35:05,748 - main.py[line:217] - INFO: Epoch 112/150
2021-04-26 01:35:05,748 - main.py[line:218] - INFO: ----------
2021-04-26 01:37:06,243 - main.py[line:221] - INFO: 0.40714486411032513 0.7965492943129189 0.265732350645704
2021-04-26 01:37:06,243 - main.py[line:217] - INFO: Epoch 113/150
2021-04-26 01:37:06,243 - main.py[line:218] - INFO: ----------
2021-04-26 01:39:06,696 - main.py[line:221] - INFO: 0.40686322366889033 0.7972076565574796 0.2667478513034113
2021-04-26 01:39:06,696 - main.py[line:217] - INFO: Epoch 114/150
2021-04-26 01:39:06,696 - main.py[line:218] - INFO: ----------
2021-04-26 01:41:05,407 - main.py[line:221] - INFO: 0.40670958755347286 0.7976264933145757 0.2673015152154382
2021-04-26 01:41:05,407 - main.py[line:217] - INFO: Epoch 115/150
2021-04-26 01:41:05,407 - main.py[line:218] - INFO: ----------
2021-04-26 01:43:04,252 - main.py[line:221] - INFO: 0.4066818781879947 0.7975963758715237 0.2674013501792898
2021-04-26 01:43:14,123 - main.py[line:226] - INFO: Testing
2021-04-26 01:43:14,123 - main.py[line:228] - INFO: 0.4190773531805397 0.7658069761078709 0.21924284732897636
2021-04-26 01:43:14,123 - main.py[line:217] - INFO: Epoch 116/150
2021-04-26 01:43:14,123 - main.py[line:218] - INFO: ----------
2021-04-26 01:45:13,455 - main.py[line:221] - INFO: 0.40656068780925125 0.7976861376691273 0.26783791096002396
2021-04-26 01:45:13,456 - main.py[line:217] - INFO: Epoch 117/150
2021-04-26 01:45:13,456 - main.py[line:218] - INFO: ----------
2021-04-26 01:47:13,150 - main.py[line:221] - INFO: 0.4064304152401918 0.7978851051317273 0.2683070431607223
2021-04-26 01:47:13,151 - main.py[line:217] - INFO: Epoch 118/150
2021-04-26 01:47:13,151 - main.py[line:218] - INFO: ----------
2021-04-26 01:49:12,665 - main.py[line:221] - INFO: 0.40610749208418623 0.7986184643157712 0.26946929245801976
2021-04-26 01:49:12,666 - main.py[line:217] - INFO: Epoch 119/150
2021-04-26 01:49:12,666 - main.py[line:218] - INFO: ----------
2021-04-26 01:51:12,580 - main.py[line:221] - INFO: 0.4056046081893198 0.799722165549424 0.271277408170166
2021-04-26 01:51:12,580 - main.py[line:217] - INFO: Epoch 120/150
2021-04-26 01:51:12,580 - main.py[line:218] - INFO: ----------
2021-04-26 01:53:12,048 - main.py[line:221] - INFO: 0.40542324995923634 0.8000307855323723 0.27192893081292946
2021-04-26 01:53:23,557 - main.py[line:226] - INFO: Testing
2021-04-26 01:53:23,557 - main.py[line:228] - INFO: 0.41891889783841463 0.7670342314544389 0.21983315244631474
2021-04-26 01:53:23,557 - main.py[line:217] - INFO: Epoch 121/150
2021-04-26 01:53:23,557 - main.py[line:218] - INFO: ----------
2021-04-26 01:55:23,696 - main.py[line:221] - INFO: 0.40524671477271673 0.800414218343587 0.272562846992089
2021-04-26 01:55:23,697 - main.py[line:217] - INFO: Epoch 122/150
2021-04-26 01:55:23,697 - main.py[line:218] - INFO: ----------
2021-04-26 01:57:22,567 - main.py[line:221] - INFO: 0.40537353451000846 0.8000768457913996 0.27210748081453195
2021-04-26 01:57:22,567 - main.py[line:217] - INFO: Epoch 123/150
2021-04-26 01:57:22,567 - main.py[line:218] - INFO: ----------
2021-04-26 01:59:22,177 - main.py[line:221] - INFO: 0.40487259548752597 0.8012115518681417 0.2739053508824495
2021-04-26 01:59:22,178 - main.py[line:217] - INFO: Epoch 124/150
2021-04-26 01:59:22,178 - main.py[line:218] - INFO: ----------
2021-04-26 02:01:22,370 - main.py[line:221] - INFO: 0.4047253112674335 0.8014816168454082 0.2744335310241146
2021-04-26 02:01:22,371 - main.py[line:217] - INFO: Epoch 125/150
2021-04-26 02:01:22,371 - main.py[line:218] - INFO: ----------
2021-04-26 02:03:22,611 - main.py[line:221] - INFO: 0.40455628486293127 0.801805781137373 0.275039444609791
2021-04-26 02:03:34,060 - main.py[line:226] - INFO: Testing
2021-04-26 02:03:34,060 - main.py[line:228] - INFO: 0.4194736774668437 0.7656184485231972 0.21776541441397967
2021-04-26 02:03:34,060 - main.py[line:217] - INFO: Epoch 126/150
2021-04-26 02:03:34,060 - main.py[line:218] - INFO: ----------
2021-04-26 02:05:33,315 - main.py[line:221] - INFO: 0.4044191094552988 0.8020940161955239 0.2755309949992363
2021-04-26 02:05:33,315 - main.py[line:217] - INFO: Epoch 127/150
2021-04-26 02:05:33,315 - main.py[line:218] - INFO: ----------
2021-04-26 02:07:32,498 - main.py[line:221] - INFO: 0.4040778311954376 0.8028578018115933 0.276753198370416
2021-04-26 02:07:32,499 - main.py[line:217] - INFO: Epoch 128/150
2021-04-26 02:07:32,499 - main.py[line:218] - INFO: ----------
2021-04-26 02:09:31,694 - main.py[line:221] - INFO: 0.4039197875958861 0.8032161173986587 0.27731884273683016
2021-04-26 02:09:31,694 - main.py[line:217] - INFO: Epoch 129/150
2021-04-26 02:09:31,695 - main.py[line:218] - INFO: ----------
2021-04-26 02:11:31,024 - main.py[line:221] - INFO: 0.40370446664333354 0.8036754297746562 0.2780891289382321
2021-04-26 02:11:31,025 - main.py[line:217] - INFO: Epoch 130/150
2021-04-26 02:11:31,025 - main.py[line:218] - INFO: ----------
2021-04-26 02:13:30,101 - main.py[line:221] - INFO: 0.403720101912177 0.8036728142534494 0.27803320937301623
2021-04-26 02:13:41,566 - main.py[line:226] - INFO: Testing
2021-04-26 02:13:41,566 - main.py[line:228] - INFO: 0.4201977228707775 0.7640825231896045 0.21506268387334326
2021-04-26 02:13:41,566 - main.py[line:217] - INFO: Epoch 131/150
2021-04-26 02:13:41,566 - main.py[line:218] - INFO: ----------
2021-04-26 02:15:40,601 - main.py[line:221] - INFO: 0.4033643734451867 0.8042578284123718 0.27930493694446157
2021-04-26 02:15:40,601 - main.py[line:217] - INFO: Epoch 132/150
2021-04-26 02:15:40,602 - main.py[line:218] - INFO: ----------
2021-04-26 02:17:40,103 - main.py[line:221] - INFO: 0.40329223238978873 0.8044667919053268 0.2795627041473985
2021-04-26 02:17:40,103 - main.py[line:217] - INFO: Epoch 133/150
2021-04-26 02:17:40,103 - main.py[line:218] - INFO: ----------
2021-04-26 02:19:39,177 - main.py[line:221] - INFO: 0.4033061730985121 0.804555577185585 0.27951289619537345
2021-04-26 02:19:39,178 - main.py[line:217] - INFO: Epoch 134/150
2021-04-26 02:19:39,178 - main.py[line:218] - INFO: ----------
2021-04-26 02:21:37,994 - main.py[line:221] - INFO: 0.4033330181175018 0.8044274069967996 0.2794169783295859
2021-04-26 02:21:37,994 - main.py[line:217] - INFO: Epoch 135/150
2021-04-26 02:21:37,995 - main.py[line:218] - INFO: ----------
2021-04-26 02:23:36,501 - main.py[line:221] - INFO: 0.40323069769056374 0.8046349257476012 0.2797825373435283
2021-04-26 02:23:47,911 - main.py[line:226] - INFO: Testing
2021-04-26 02:23:47,911 - main.py[line:228] - INFO: 0.420471661873609 0.7638573355695444 0.21403890376014179
2021-04-26 02:23:47,911 - main.py[line:217] - INFO: Epoch 136/150
2021-04-26 02:23:47,911 - main.py[line:218] - INFO: ----------
2021-04-26 02:25:47,329 - main.py[line:221] - INFO: 0.40320305604591666 0.8047422175441118 0.2798812764173858
2021-04-26 02:25:47,330 - main.py[line:217] - INFO: Epoch 137/150
2021-04-26 02:25:47,330 - main.py[line:218] - INFO: ----------
2021-04-26 02:27:46,848 - main.py[line:221] - INFO: 0.4027583984169751 0.8057080274900273 0.28146871339504165
2021-04-26 02:27:46,848 - main.py[line:217] - INFO: Epoch 138/150
2021-04-26 02:27:46,848 - main.py[line:218] - INFO: ----------
2021-04-26 02:29:45,614 - main.py[line:221] - INFO: 0.40244069268418914 0.8064108638791568 0.2826018566034877
2021-04-26 02:29:45,614 - main.py[line:217] - INFO: Epoch 139/150
2021-04-26 02:29:45,614 - main.py[line:218] - INFO: ----------
2021-04-26 02:31:43,960 - main.py[line:221] - INFO: 0.40233693583787367 0.8066122232850335 0.2829717266235462
2021-04-26 02:31:43,960 - main.py[line:217] - INFO: Epoch 140/150
2021-04-26 02:31:43,960 - main.py[line:218] - INFO: ----------
2021-04-26 02:33:42,515 - main.py[line:221] - INFO: 0.402293550274774 0.8064266352386402 0.28312635820391086
2021-04-26 02:33:53,845 - main.py[line:226] - INFO: Testing
2021-04-26 02:33:53,845 - main.py[line:228] - INFO: 0.4208336480043785 0.7621607627090863 0.21268504565877677
2021-04-26 02:33:53,845 - main.py[line:217] - INFO: Epoch 141/150
2021-04-26 02:33:53,845 - main.py[line:218] - INFO: ----------
2021-04-26 02:35:52,294 - main.py[line:221] - INFO: 0.40239983327645873 0.8062841728239925 0.28274752266433156
2021-04-26 02:35:52,295 - main.py[line:217] - INFO: Epoch 142/150
2021-04-26 02:35:52,295 - main.py[line:218] - INFO: ----------
2021-04-26 02:37:52,520 - main.py[line:221] - INFO: 0.4023001561271629 0.806451100393883 0.2831028151949013
2021-04-26 02:37:52,521 - main.py[line:217] - INFO: Epoch 143/150
2021-04-26 02:37:52,521 - main.py[line:218] - INFO: ----------
2021-04-26 02:39:52,366 - main.py[line:221] - INFO: 0.40137968925584816 0.8084652220778659 0.28637959842500793
2021-04-26 02:39:52,367 - main.py[line:217] - INFO: Epoch 144/150
2021-04-26 02:39:52,367 - main.py[line:218] - INFO: ----------
2021-04-26 02:41:51,852 - main.py[line:221] - INFO: 0.40111465526677 0.8088799082856513 0.28732170498195375
2021-04-26 02:41:51,852 - main.py[line:217] - INFO: Epoch 145/150
2021-04-26 02:41:51,852 - main.py[line:218] - INFO: ----------
2021-04-26 02:43:50,917 - main.py[line:221] - INFO: 0.40102520751079296 0.8089968149014615 0.28763952117543934
2021-04-26 02:44:02,310 - main.py[line:226] - INFO: Testing
2021-04-26 02:44:02,311 - main.py[line:228] - INFO: 0.42104360054993567 0.7617488009705659 0.2118992719302919
2021-04-26 02:44:02,311 - main.py[line:217] - INFO: Epoch 146/150
2021-04-26 02:44:02,311 - main.py[line:218] - INFO: ----------
2021-04-26 02:46:01,270 - main.py[line:221] - INFO: 0.40082231100132587 0.8093240947265066 0.2883601685984354
2021-04-26 02:46:01,270 - main.py[line:217] - INFO: Epoch 147/150
2021-04-26 02:46:01,271 - main.py[line:218] - INFO: ----------
2021-04-26 02:47:59,955 - main.py[line:221] - INFO: 0.400641222273729 0.8098338433252099 0.28900305117640734
2021-04-26 02:47:59,955 - main.py[line:217] - INFO: Epoch 148/150
2021-04-26 02:47:59,955 - main.py[line:218] - INFO: ----------
2021-04-26 02:49:58,639 - main.py[line:221] - INFO: 0.40034304838961715 0.810316441429445 0.29006096444222806
2021-04-26 02:49:58,639 - main.py[line:217] - INFO: Epoch 149/150
2021-04-26 02:49:58,639 - main.py[line:218] - INFO: ----------
2021-04-26 02:51:59,793 - main.py[line:221] - INFO: 0.4004214138556464 0.8101857453709971 0.289783002086058
2021-04-26 02:51:59,794 - main.py[line:217] - INFO: Epoch 150/150
2021-04-26 02:51:59,794 - main.py[line:218] - INFO: ----------
2021-04-26 02:54:05,710 - main.py[line:221] - INFO: 0.40026834292393915 0.8104749422549926 0.2903258941223219
2021-04-26 02:54:17,543 - main.py[line:226] - INFO: Testing
2021-04-26 02:54:17,544 - main.py[line:228] - INFO: 0.42131688266167777 0.761147237793651 0.21087589227979497
