2021-04-25 21:36:31,316 - main.py[line:217] - INFO: Epoch 1/150
2021-04-25 21:36:31,316 - main.py[line:218] - INFO: ----------
2021-04-25 21:38:01,701 - main.py[line:221] - INFO: 0.4908000223885905 0.5275467919022272 -0.06623945524087449
2021-04-25 21:38:01,701 - main.py[line:217] - INFO: Epoch 2/150
2021-04-25 21:38:01,701 - main.py[line:218] - INFO: ----------
2021-04-25 21:39:35,116 - main.py[line:221] - INFO: 0.4765467267464766 0.5538942252689839 -0.005209497207780078
2021-04-25 21:39:35,153 - main.py[line:217] - INFO: Epoch 3/150
2021-04-25 21:39:35,153 - main.py[line:218] - INFO: ----------
2021-04-25 21:41:14,238 - main.py[line:221] - INFO: 0.4707230822206107 0.584147677752088 0.0192087313882372
2021-04-25 21:41:14,238 - main.py[line:217] - INFO: Epoch 4/150
2021-04-25 21:41:14,239 - main.py[line:218] - INFO: ----------
2021-04-25 21:42:45,993 - main.py[line:221] - INFO: 0.46957403604851156 0.592294099739572 0.02399115659617712
2021-04-25 21:42:45,993 - main.py[line:217] - INFO: Epoch 5/150
2021-04-25 21:42:45,993 - main.py[line:218] - INFO: ----------
2021-04-25 21:44:16,286 - main.py[line:221] - INFO: 0.4691657986977941 0.5952711724746234 0.025687460203374424
2021-04-25 21:44:26,232 - main.py[line:226] - INFO: Testing
2021-04-25 21:44:26,232 - main.py[line:228] - INFO: 0.46962099515454925 0.5873930282590838 0.021483399077901755
2021-04-25 21:44:26,232 - main.py[line:217] - INFO: Epoch 6/150
2021-04-25 21:44:26,232 - main.py[line:218] - INFO: ----------
2021-04-25 22:02:04,909 - main.py[line:217] - INFO: Epoch 1/150
2021-04-25 22:02:04,909 - main.py[line:218] - INFO: ----------
2021-04-25 22:04:04,929 - main.py[line:221] - INFO: 0.49076187919137093 0.5307662890856024 -0.06696294817119064
2021-04-25 22:04:04,929 - main.py[line:217] - INFO: Epoch 2/150
2021-04-25 22:04:04,930 - main.py[line:218] - INFO: ----------
2021-04-25 22:06:04,010 - main.py[line:221] - INFO: 0.4760682829779106 0.5583519579283888 -0.004028853609810756
2021-04-25 22:06:04,010 - main.py[line:217] - INFO: Epoch 3/150
2021-04-25 22:06:04,010 - main.py[line:218] - INFO: ----------
2021-04-25 22:08:02,803 - main.py[line:221] - INFO: 0.47056447042755345 0.5847366015333969 0.019052052684425225
2021-04-25 22:08:02,804 - main.py[line:217] - INFO: Epoch 4/150
2021-04-25 22:08:02,804 - main.py[line:218] - INFO: ----------
2021-04-25 22:10:01,865 - main.py[line:221] - INFO: 0.46947608071513686 0.5920699149516794 0.023584562082106686
2021-04-25 22:10:01,865 - main.py[line:217] - INFO: Epoch 5/150
2021-04-25 22:10:01,865 - main.py[line:218] - INFO: ----------
2021-04-25 22:12:00,841 - main.py[line:221] - INFO: 0.46907439822333113 0.5948325628600657 0.025254684227874358
2021-04-25 22:12:10,628 - main.py[line:226] - INFO: Testing
2021-04-25 22:12:10,628 - main.py[line:228] - INFO: 0.4693392123972613 0.5869433146512059 0.019740490609569172
2021-04-25 22:12:10,629 - main.py[line:217] - INFO: Epoch 6/150
2021-04-25 22:12:10,629 - main.py[line:218] - INFO: ----------
2021-04-25 22:14:09,319 - main.py[line:221] - INFO: 0.4687947050166944 0.5968027507971571 0.02641675303459179
2021-04-25 22:14:09,320 - main.py[line:217] - INFO: Epoch 7/150
2021-04-25 22:14:09,320 - main.py[line:218] - INFO: ----------
2021-04-25 22:16:08,820 - main.py[line:221] - INFO: 0.4685381671259837 0.5986668131231434 0.027482006766133993
2021-04-25 22:16:08,820 - main.py[line:217] - INFO: Epoch 8/150
2021-04-25 22:16:08,820 - main.py[line:218] - INFO: ----------
2021-04-25 22:18:08,055 - main.py[line:221] - INFO: 0.46827904177187274 0.6005674440382136 0.028557412790833347
2021-04-25 22:18:08,055 - main.py[line:217] - INFO: Epoch 9/150
2021-04-25 22:18:08,055 - main.py[line:218] - INFO: ----------
2021-04-25 22:20:06,938 - main.py[line:221] - INFO: 0.46800706743316095 0.6025938685238399 0.029685503977698202
2021-04-25 22:20:06,939 - main.py[line:217] - INFO: Epoch 10/150
2021-04-25 22:20:06,939 - main.py[line:218] - INFO: ----------
2021-04-25 22:22:06,346 - main.py[line:221] - INFO: 0.46771601050675576 0.604762689182289 0.030892019673762983
2021-04-25 22:22:17,700 - main.py[line:226] - INFO: Testing
2021-04-25 22:22:17,700 - main.py[line:228] - INFO: 0.4680756688218271 0.5960339390471312 0.025011447339850057
2021-04-25 22:22:17,700 - main.py[line:217] - INFO: Epoch 11/150
2021-04-25 22:22:17,700 - main.py[line:218] - INFO: ----------
2021-04-25 22:24:16,764 - main.py[line:221] - INFO: 0.46740070739610623 0.6070901570335203 0.03219819589530604
2021-04-25 22:24:16,764 - main.py[line:217] - INFO: Epoch 12/150
2021-04-25 22:24:16,764 - main.py[line:218] - INFO: ----------
2021-04-25 22:26:16,286 - main.py[line:221] - INFO: 0.46705613726716005 0.6095869143339354 0.033624606541358126
2021-04-25 22:26:16,286 - main.py[line:217] - INFO: Epoch 13/150
2021-04-25 22:26:16,286 - main.py[line:218] - INFO: ----------
2021-04-25 22:28:16,796 - main.py[line:221] - INFO: 0.46667705807883625 0.612279294131571 0.035192658457423476
2021-04-25 22:28:16,796 - main.py[line:217] - INFO: Epoch 14/150
2021-04-25 22:28:16,796 - main.py[line:218] - INFO: ----------
2021-04-25 22:30:18,880 - main.py[line:221] - INFO: 0.4662578124838569 0.6151970527263879 0.036925375036848895
2021-04-25 22:30:18,881 - main.py[line:217] - INFO: Epoch 15/150
2021-04-25 22:30:18,881 - main.py[line:218] - INFO: ----------
2021-04-25 22:32:20,477 - main.py[line:221] - INFO: 0.46579217254115535 0.6183392493645835 0.03884801129220239
2021-04-25 22:32:32,128 - main.py[line:226] - INFO: Testing
2021-04-25 22:32:32,128 - main.py[line:228] - INFO: 0.46609015533479126 0.607459788408044 0.03326544231096251
2021-04-25 22:32:32,128 - main.py[line:217] - INFO: Epoch 16/150
2021-04-25 22:32:32,128 - main.py[line:218] - INFO: ----------
2021-04-25 22:34:34,026 - main.py[line:221] - INFO: 0.46527317140885044 0.6216954180341963 0.04098871304015006
2021-04-25 22:34:34,026 - main.py[line:217] - INFO: Epoch 17/150
2021-04-25 22:34:34,026 - main.py[line:218] - INFO: ----------
2021-04-25 22:36:35,926 - main.py[line:221] - INFO: 0.46469291558785614 0.6252855660214645 0.04337924367732293
2021-04-25 22:36:35,926 - main.py[line:217] - INFO: Epoch 18/150
2021-04-25 22:36:35,926 - main.py[line:218] - INFO: ----------
2021-04-25 22:38:36,355 - main.py[line:221] - INFO: 0.4640424782612968 0.62914775540998 0.04605536100126961
2021-04-25 22:38:36,356 - main.py[line:217] - INFO: Epoch 19/150
2021-04-25 22:38:36,356 - main.py[line:218] - INFO: ----------
2021-04-25 22:40:36,480 - main.py[line:221] - INFO: 0.4633124308860176 0.6332155852593258 0.04905455608755005
2021-04-25 22:40:36,480 - main.py[line:217] - INFO: Epoch 20/150
2021-04-25 22:40:36,481 - main.py[line:218] - INFO: ----------
2021-04-25 22:42:36,671 - main.py[line:221] - INFO: 0.4624963112093136 0.6374172086456834 0.05240176502808658
2021-04-25 22:42:48,176 - main.py[line:226] - INFO: Testing
2021-04-25 22:42:48,176 - main.py[line:228] - INFO: 0.46261790455882185 0.6282395628569675 0.047615633322962814
2021-04-25 22:42:48,176 - main.py[line:217] - INFO: Epoch 21/150
2021-04-25 22:42:48,176 - main.py[line:218] - INFO: ----------
2021-04-25 22:44:49,040 - main.py[line:221] - INFO: 0.4616041754945044 0.6416117202717505 0.05605399252135823
2021-04-25 22:44:49,040 - main.py[line:217] - INFO: Epoch 22/150
2021-04-25 22:44:49,040 - main.py[line:218] - INFO: ----------
2021-04-25 22:46:51,453 - main.py[line:221] - INFO: 0.4606872511246535 0.6456801054807895 0.05980035145071483
2021-04-25 22:46:51,454 - main.py[line:217] - INFO: Epoch 23/150
2021-04-25 22:46:51,454 - main.py[line:218] - INFO: ----------
2021-04-25 22:48:53,070 - main.py[line:221] - INFO: 0.45977495293381637 0.6497494571970094 0.06352041595586067
2021-04-25 22:48:53,070 - main.py[line:217] - INFO: Epoch 24/150
2021-04-25 22:48:53,070 - main.py[line:218] - INFO: ----------
2021-04-25 22:50:54,668 - main.py[line:221] - INFO: 0.4588292143812213 0.6540178633587557 0.06736905517490299
2021-04-25 22:50:54,669 - main.py[line:217] - INFO: Epoch 25/150
2021-04-25 22:50:54,669 - main.py[line:218] - INFO: ----------
2021-04-25 22:52:55,716 - main.py[line:221] - INFO: 0.4578371540620311 0.6584805807778953 0.07139768230771215
2021-04-25 22:53:07,337 - main.py[line:226] - INFO: Testing
2021-04-25 22:53:07,337 - main.py[line:228] - INFO: 0.458011200806018 0.6513857172156157 0.06648869543010849
2021-04-25 22:53:07,337 - main.py[line:217] - INFO: Epoch 26/150
2021-04-25 22:53:07,337 - main.py[line:218] - INFO: ----------
2021-04-25 22:55:09,055 - main.py[line:221] - INFO: 0.4567826955710474 0.6631434366348431 0.0756701403599257
2021-04-25 22:55:09,055 - main.py[line:217] - INFO: Epoch 27/150
2021-04-25 22:55:09,055 - main.py[line:218] - INFO: ----------
2021-04-25 22:57:10,729 - main.py[line:221] - INFO: 0.45565141555190986 0.6680154669071386 0.08024291002581208
2021-04-25 22:57:10,730 - main.py[line:217] - INFO: Epoch 28/150
2021-04-25 22:57:10,730 - main.py[line:218] - INFO: ----------
2021-04-25 22:59:11,967 - main.py[line:221] - INFO: 0.45443015369218376 0.673100316554085 0.08516666928013894
2021-04-25 22:59:11,968 - main.py[line:217] - INFO: Epoch 29/150
2021-04-25 22:59:11,968 - main.py[line:218] - INFO: ----------
2021-04-25 23:01:13,264 - main.py[line:221] - INFO: 0.45310503506901695 0.6783727904442116 0.09049419957014848
2021-04-25 23:01:13,264 - main.py[line:217] - INFO: Epoch 30/150
2021-04-25 23:01:13,264 - main.py[line:218] - INFO: ----------
2021-04-25 23:03:12,187 - main.py[line:221] - INFO: 0.45166160542033756 0.6838128134662146 0.09627968624585503
2021-04-25 23:03:23,564 - main.py[line:226] - INFO: Testing
2021-04-25 23:03:23,564 - main.py[line:228] - INFO: 0.45164470372082677 0.6766368534877236 0.09226051434035898
2021-04-25 23:03:23,564 - main.py[line:217] - INFO: Epoch 31/150
2021-04-25 23:03:23,564 - main.py[line:218] - INFO: ----------
2021-04-25 23:05:23,116 - main.py[line:221] - INFO: 0.450089106206301 0.6894461632077072 0.10256149379936974
2021-04-25 23:05:23,117 - main.py[line:217] - INFO: Epoch 32/150
2021-04-25 23:05:23,117 - main.py[line:218] - INFO: ----------
2021-04-25 23:07:23,342 - main.py[line:221] - INFO: 0.44838825638485463 0.6952162683933837 0.10933137121458736
2021-04-25 23:07:23,342 - main.py[line:217] - INFO: Epoch 33/150
2021-04-25 23:07:23,342 - main.py[line:218] - INFO: ----------
2021-04-25 23:09:24,090 - main.py[line:221] - INFO: 0.44657925487611005 0.701024824750205 0.11650359605585847
2021-04-25 23:09:24,091 - main.py[line:217] - INFO: Epoch 34/150
2021-04-25 23:09:24,091 - main.py[line:218] - INFO: ----------
2021-04-25 23:11:24,259 - main.py[line:221] - INFO: 0.4447076889277157 0.7067044149015204 0.12389335677831725
2021-04-25 23:11:24,259 - main.py[line:217] - INFO: Epoch 35/150
2021-04-25 23:11:24,259 - main.py[line:218] - INFO: ----------
2021-04-25 23:13:24,134 - main.py[line:221] - INFO: 0.4428371616560987 0.7120908666985949 0.13124800745192333
2021-04-25 23:13:33,955 - main.py[line:226] - INFO: Testing
2021-04-25 23:13:33,955 - main.py[line:228] - INFO: 0.4423550281835146 0.7071214511351498 0.12921824684202265
2021-04-25 23:13:33,955 - main.py[line:217] - INFO: Epoch 36/150
2021-04-25 23:13:33,956 - main.py[line:218] - INFO: ----------
2021-04-25 23:15:34,150 - main.py[line:221] - INFO: 0.4410237445275499 0.7170779707227183 0.13834851405025228
2021-04-25 23:15:34,150 - main.py[line:217] - INFO: Epoch 37/150
2021-04-25 23:15:34,151 - main.py[line:218] - INFO: ----------
2021-04-25 23:17:34,479 - main.py[line:221] - INFO: 0.43931401099558387 0.7215699927000219 0.14501635841089344
2021-04-25 23:17:34,480 - main.py[line:217] - INFO: Epoch 38/150
2021-04-25 23:17:34,480 - main.py[line:218] - INFO: ----------
2021-04-25 23:19:34,127 - main.py[line:221] - INFO: 0.4376915827088851 0.725684864470148 0.15131976860295937
2021-04-25 23:19:34,127 - main.py[line:217] - INFO: Epoch 39/150
2021-04-25 23:19:34,127 - main.py[line:218] - INFO: ----------
2021-04-25 23:21:33,842 - main.py[line:221] - INFO: 0.4361782177466373 0.7294574798802954 0.1571784260075687
2021-04-25 23:21:33,842 - main.py[line:217] - INFO: Epoch 40/150
2021-04-25 23:21:33,842 - main.py[line:218] - INFO: ----------
2021-04-25 23:23:33,369 - main.py[line:221] - INFO: 0.4348254176093182 0.7327416755117603 0.16239831542914906
2021-04-25 23:23:43,555 - main.py[line:226] - INFO: Testing
2021-04-25 23:23:43,555 - main.py[line:228] - INFO: 0.43502308456022204 0.7272570496701816 0.15784507933339398
2021-04-25 23:23:43,555 - main.py[line:217] - INFO: Epoch 41/150
2021-04-25 23:23:43,555 - main.py[line:218] - INFO: ----------
2021-04-25 23:25:46,730 - main.py[line:221] - INFO: 0.43361422429483854 0.7356252805934704 0.1670580459466252
2021-04-25 23:25:46,731 - main.py[line:217] - INFO: Epoch 42/150
2021-04-25 23:25:46,731 - main.py[line:218] - INFO: ----------
2021-04-25 23:27:46,138 - main.py[line:221] - INFO: 0.4325047033231853 0.7383128524669702 0.17131521348222833
2021-04-25 23:27:46,138 - main.py[line:217] - INFO: Epoch 43/150
2021-04-25 23:27:46,138 - main.py[line:218] - INFO: ----------
2021-04-25 23:29:45,648 - main.py[line:221] - INFO: 0.43149908669001646 0.7407442550453895 0.1751642833311271
2021-04-25 23:29:45,648 - main.py[line:217] - INFO: Epoch 44/150
2021-04-25 23:29:45,648 - main.py[line:218] - INFO: ----------
2021-04-25 23:31:45,982 - main.py[line:221] - INFO: 0.4306003733680791 0.7430222681159296 0.1785965913043298
2021-04-25 23:31:45,983 - main.py[line:217] - INFO: Epoch 45/150
2021-04-25 23:31:45,983 - main.py[line:218] - INFO: ----------
2021-04-25 23:33:47,037 - main.py[line:221] - INFO: 0.4296988207521894 0.745117722401213 0.1820325528175114
2021-04-25 23:33:58,576 - main.py[line:226] - INFO: Testing
2021-04-25 23:33:58,576 - main.py[line:228] - INFO: 0.43027723604396795 0.7396344628230203 0.17611968944294865
2021-04-25 23:33:58,577 - main.py[line:217] - INFO: Epoch 46/150
2021-04-25 23:33:58,577 - main.py[line:218] - INFO: ----------
2021-04-25 23:36:03,901 - main.py[line:221] - INFO: 0.4288273495502182 0.7473427810184212 0.18534702421180382
2021-04-25 23:36:03,902 - main.py[line:217] - INFO: Epoch 47/150
2021-04-25 23:36:03,902 - main.py[line:218] - INFO: ----------
2021-04-25 23:38:02,644 - main.py[line:221] - INFO: 0.42809099231063286 0.7489968297785484 0.18814237101718423
2021-04-25 23:38:02,644 - main.py[line:217] - INFO: Epoch 48/150
2021-04-25 23:38:02,644 - main.py[line:218] - INFO: ----------
2021-04-25 23:40:01,747 - main.py[line:221] - INFO: 0.42736189465920865 0.7507526002212813 0.1909054257778614
2021-04-25 23:40:01,748 - main.py[line:217] - INFO: Epoch 49/150
2021-04-25 23:40:01,748 - main.py[line:218] - INFO: ----------
2021-04-25 23:42:00,930 - main.py[line:221] - INFO: 0.4266649338333862 0.7524285577870033 0.19354228885406666
2021-04-25 23:42:00,931 - main.py[line:217] - INFO: Epoch 50/150
2021-04-25 23:42:00,931 - main.py[line:218] - INFO: ----------
2021-04-25 23:44:00,045 - main.py[line:221] - INFO: 0.42609525053633696 0.7536922191032676 0.19569441685336786
2021-04-25 23:44:11,437 - main.py[line:226] - INFO: Testing
2021-04-25 23:44:11,437 - main.py[line:228] - INFO: 0.42723588939551127 0.7480083081520233 0.187725462744314
2021-04-25 23:44:11,437 - main.py[line:217] - INFO: Epoch 51/150
2021-04-25 23:44:11,438 - main.py[line:218] - INFO: ----------
2021-04-25 23:46:11,459 - main.py[line:221] - INFO: 0.42550408354494745 0.7550378964695558 0.19792466499654982
2021-04-25 23:46:11,459 - main.py[line:217] - INFO: Epoch 52/150
2021-04-25 23:46:11,459 - main.py[line:218] - INFO: ----------
2021-04-25 23:48:11,530 - main.py[line:221] - INFO: 0.4249042191431796 0.7563873061618895 0.20018456008514707
2021-04-25 23:48:11,531 - main.py[line:217] - INFO: Epoch 53/150
2021-04-25 23:48:11,531 - main.py[line:218] - INFO: ----------
2021-04-25 23:50:11,445 - main.py[line:221] - INFO: 0.4244129026801286 0.7574451672254989 0.20203314282076323
2021-04-25 23:50:11,446 - main.py[line:217] - INFO: Epoch 54/150
2021-04-25 23:50:11,446 - main.py[line:218] - INFO: ----------
2021-04-25 23:52:11,106 - main.py[line:221] - INFO: 0.423715697128525 0.7591652376093285 0.20465271422886067
2021-04-25 23:52:11,107 - main.py[line:217] - INFO: Epoch 55/150
2021-04-25 23:52:11,107 - main.py[line:218] - INFO: ----------
2021-04-25 23:54:11,411 - main.py[line:221] - INFO: 0.4232629647753251 0.7601077042294274 0.20635143382615517
2021-04-25 23:54:22,765 - main.py[line:226] - INFO: Testing
2021-04-25 23:54:22,766 - main.py[line:228] - INFO: 0.4247619437979871 0.7538246942967609 0.19710531546063081
2021-04-25 23:54:22,766 - main.py[line:217] - INFO: Epoch 56/150
2021-04-25 23:54:22,766 - main.py[line:218] - INFO: ----------
2021-04-25 23:56:22,527 - main.py[line:221] - INFO: 0.4226687332575683 0.7616578261864833 0.20857832338127857
2021-04-25 23:56:22,528 - main.py[line:217] - INFO: Epoch 57/150
2021-04-25 23:56:22,528 - main.py[line:218] - INFO: ----------
2021-04-25 23:58:24,621 - main.py[line:221] - INFO: 0.4221374534816656 0.7628644492082174 0.21056665155518084
2021-04-25 23:58:24,622 - main.py[line:217] - INFO: Epoch 58/150
2021-04-25 23:58:24,622 - main.py[line:218] - INFO: ----------
2021-04-26 00:00:27,122 - main.py[line:221] - INFO: 0.4216330249618016 0.7640367456957747 0.21245217378145365
2021-04-26 00:00:27,122 - main.py[line:217] - INFO: Epoch 59/150
2021-04-26 00:00:27,122 - main.py[line:218] - INFO: ----------
2021-04-26 00:02:27,538 - main.py[line:221] - INFO: 0.4212270077666761 0.7649393215745057 0.21396820304335717
2021-04-26 00:02:27,538 - main.py[line:217] - INFO: Epoch 60/150
2021-04-26 00:02:27,538 - main.py[line:218] - INFO: ----------
2021-04-26 00:04:27,192 - main.py[line:221] - INFO: 0.42076206013402634 0.7660787017855938 0.21570247894809258
2021-04-26 00:04:37,125 - main.py[line:226] - INFO: Testing
2021-04-26 00:04:37,126 - main.py[line:228] - INFO: 0.42213572227026436 0.7606427200987301 0.20700291040889274
2021-04-26 00:04:37,126 - main.py[line:217] - INFO: Epoch 61/150
2021-04-26 00:04:37,126 - main.py[line:218] - INFO: ----------
2021-04-26 00:06:39,412 - main.py[line:221] - INFO: 0.42029818218434595 0.7671928285423701 0.21743085615168722
2021-04-26 00:06:39,412 - main.py[line:217] - INFO: Epoch 62/150
2021-04-26 00:06:39,412 - main.py[line:218] - INFO: ----------
2021-04-26 00:08:40,774 - main.py[line:221] - INFO: 0.4198521327480471 0.7682482632817859 0.2190910075136716
2021-04-26 00:08:40,774 - main.py[line:217] - INFO: Epoch 63/150
2021-04-26 00:08:40,775 - main.py[line:218] - INFO: ----------
2021-04-26 00:10:41,951 - main.py[line:221] - INFO: 0.4194139149463272 0.7692791841287167 0.22072029366754897
2021-04-26 00:10:41,952 - main.py[line:217] - INFO: Epoch 64/150
2021-04-26 00:10:41,952 - main.py[line:218] - INFO: ----------
2021-04-26 00:12:46,597 - main.py[line:221] - INFO: 0.4189847927591654 0.7702769028266004 0.2223141136467428
2021-04-26 00:12:46,597 - main.py[line:217] - INFO: Epoch 65/150
2021-04-26 00:12:46,597 - main.py[line:218] - INFO: ----------
2021-04-26 00:14:53,439 - main.py[line:221] - INFO: 0.41855848050190486 0.7712525150524738 0.22389588159537843
2021-04-26 00:15:03,854 - main.py[line:226] - INFO: Testing
2021-04-26 00:15:03,854 - main.py[line:228] - INFO: 0.42055902136700185 0.7641235609904442 0.21291562594057034
2021-04-26 00:15:03,854 - main.py[line:217] - INFO: Epoch 66/150
2021-04-26 00:15:03,854 - main.py[line:218] - INFO: ----------
2021-04-26 00:17:09,796 - main.py[line:221] - INFO: 0.4181236292353796 0.7722388150648422 0.22550767330942167
2021-04-26 00:17:09,796 - main.py[line:217] - INFO: Epoch 67/150
2021-04-26 00:17:09,796 - main.py[line:218] - INFO: ----------
2021-04-26 00:19:16,286 - main.py[line:221] - INFO: 0.4176919856792274 0.7732191305224979 0.2271059186206258
2021-04-26 00:19:16,287 - main.py[line:217] - INFO: Epoch 68/150
2021-04-26 00:19:16,287 - main.py[line:218] - INFO: ----------
2021-04-26 00:21:22,475 - main.py[line:221] - INFO: 0.41729001277547734 0.7741348816887832 0.22859281802773612
2021-04-26 00:21:22,476 - main.py[line:217] - INFO: Epoch 69/150
2021-04-26 00:21:22,476 - main.py[line:218] - INFO: ----------
2021-04-26 00:23:29,401 - main.py[line:221] - INFO: 0.41694691263934625 0.774902994946306 0.22986081435589245
2021-04-26 00:23:29,401 - main.py[line:217] - INFO: Epoch 70/150
2021-04-26 00:23:29,401 - main.py[line:218] - INFO: ----------
2021-04-26 00:25:35,398 - main.py[line:221] - INFO: 0.41665055589033534 0.7755608208870075 0.23095522146560976
2021-04-26 00:25:47,503 - main.py[line:226] - INFO: Testing
2021-04-26 00:25:47,503 - main.py[line:228] - INFO: 0.41936672077174975 0.7664816607203297 0.21737212722645005
2021-04-26 00:25:47,503 - main.py[line:217] - INFO: Epoch 71/150
2021-04-26 00:25:47,504 - main.py[line:218] - INFO: ----------
2021-04-26 00:27:51,626 - main.py[line:221] - INFO: 0.4163803963733927 0.7761642316843687 0.2319522075719802
2021-04-26 00:27:51,627 - main.py[line:217] - INFO: Epoch 72/150
2021-04-26 00:27:51,627 - main.py[line:218] - INFO: ----------
2021-04-26 00:29:53,871 - main.py[line:221] - INFO: 0.4160982985421097 0.7768121436822785 0.23299256020761783
2021-04-26 00:29:53,872 - main.py[line:217] - INFO: Epoch 73/150
2021-04-26 00:29:53,872 - main.py[line:218] - INFO: ----------
2021-04-26 00:31:56,062 - main.py[line:221] - INFO: 0.4158252913294121 0.7774108066243364 0.2339987160583039
2021-04-26 00:31:56,062 - main.py[line:217] - INFO: Epoch 74/150
2021-04-26 00:31:56,062 - main.py[line:218] - INFO: ----------
2021-04-26 00:33:55,545 - main.py[line:221] - INFO: 0.4155452490033947 0.777994089359835 0.23503011339131186
2021-04-26 00:33:55,546 - main.py[line:217] - INFO: Epoch 75/150
2021-04-26 00:33:55,546 - main.py[line:218] - INFO: ----------
2021-04-26 00:35:56,014 - main.py[line:221] - INFO: 0.415255980299741 0.7786066766199211 0.2360947619646191
2021-04-26 00:36:07,583 - main.py[line:226] - INFO: Testing
2021-04-26 00:36:07,583 - main.py[line:228] - INFO: 0.41797097281320506 0.7694919783671044 0.22257298559134164
2021-04-26 00:36:07,583 - main.py[line:217] - INFO: Epoch 76/150
2021-04-26 00:36:07,583 - main.py[line:218] - INFO: ----------
2021-04-26 00:38:09,478 - main.py[line:221] - INFO: 0.41496017294132453 0.7792705011168457 0.23718270923999263
2021-04-26 00:38:09,479 - main.py[line:217] - INFO: Epoch 77/150
2021-04-26 00:38:09,479 - main.py[line:218] - INFO: ----------
2021-04-26 00:40:11,007 - main.py[line:221] - INFO: 0.41466102983005665 0.7799567101013952 0.2382821366134268
2021-04-26 00:40:11,008 - main.py[line:217] - INFO: Epoch 78/150
2021-04-26 00:40:11,008 - main.py[line:218] - INFO: ----------
2021-04-26 00:42:12,923 - main.py[line:221] - INFO: 0.4143728989076577 0.7806104439745909 0.2393403417636748
2021-04-26 00:42:12,923 - main.py[line:217] - INFO: Epoch 79/150
2021-04-26 00:42:12,923 - main.py[line:218] - INFO: ----------
2021-04-26 00:44:14,879 - main.py[line:221] - INFO: 0.4141074766622573 0.7812034472507148 0.24031449491808354
2021-04-26 00:44:14,879 - main.py[line:217] - INFO: Epoch 80/150
2021-04-26 00:44:14,879 - main.py[line:218] - INFO: ----------
2021-04-26 00:46:16,129 - main.py[line:221] - INFO: 0.4138596366678906 0.7817519557394522 0.24122355413454144
2021-04-26 00:46:27,534 - main.py[line:226] - INFO: Testing
2021-04-26 00:46:27,534 - main.py[line:228] - INFO: 0.41711806135876434 0.7711492215325872 0.22574258306054007
2021-04-26 00:46:27,534 - main.py[line:217] - INFO: Epoch 81/150
2021-04-26 00:46:27,534 - main.py[line:218] - INFO: ----------
2021-04-26 00:48:29,045 - main.py[line:221] - INFO: 0.41363632539519746 0.7822318015568812 0.24204217767019465
2021-04-26 00:48:29,046 - main.py[line:217] - INFO: Epoch 82/150
2021-04-26 00:48:29,046 - main.py[line:218] - INFO: ----------
2021-04-26 00:50:40,102 - main.py[line:221] - INFO: 0.4134306282624363 0.7826771203868463 0.24279583964363183
2021-04-26 00:50:40,102 - main.py[line:217] - INFO: Epoch 83/150
2021-04-26 00:50:40,102 - main.py[line:218] - INFO: ----------
2021-04-26 00:52:52,579 - main.py[line:221] - INFO: 0.41321725542458504 0.7831705467633834 0.24357722881473354
2021-04-26 00:52:52,580 - main.py[line:217] - INFO: Epoch 84/150
2021-04-26 00:52:52,580 - main.py[line:218] - INFO: ----------
2021-04-26 00:55:03,853 - main.py[line:221] - INFO: 0.4129483170557437 0.7838009317235326 0.24456152897647332
2021-04-26 00:55:03,854 - main.py[line:217] - INFO: Epoch 85/150
2021-04-26 00:55:03,854 - main.py[line:218] - INFO: ----------
2021-04-26 00:57:06,051 - main.py[line:221] - INFO: 0.4126597388408102 0.7844679154247007 0.24561699719639185
2021-04-26 00:57:17,521 - main.py[line:226] - INFO: Testing
2021-04-26 00:57:17,521 - main.py[line:228] - INFO: 0.41743409439747486 0.7700064735160511 0.22456889319681295
2021-04-26 00:57:17,521 - main.py[line:217] - INFO: Epoch 86/150
2021-04-26 00:57:17,521 - main.py[line:218] - INFO: ----------
2021-04-26 00:59:17,191 - main.py[line:221] - INFO: 0.4123903488158812 0.7850588357662069 0.24660161916613377
2021-04-26 00:59:17,192 - main.py[line:217] - INFO: Epoch 87/150
2021-04-26 00:59:17,192 - main.py[line:218] - INFO: ----------
2021-04-26 01:01:16,517 - main.py[line:221] - INFO: 0.4121479895212546 0.7855610531777832 0.24748689422773418
2021-04-26 01:01:16,518 - main.py[line:217] - INFO: Epoch 88/150
2021-04-26 01:01:16,518 - main.py[line:218] - INFO: ----------
2021-04-26 01:03:16,626 - main.py[line:221] - INFO: 0.4120238399281336 0.7857411834899334 0.24794017861774653
2021-04-26 01:03:16,626 - main.py[line:217] - INFO: Epoch 89/150
2021-04-26 01:03:16,626 - main.py[line:218] - INFO: ----------
2021-04-26 01:05:15,721 - main.py[line:221] - INFO: 0.41188820391334496 0.7860409760538878 0.2484352451512567
2021-04-26 01:05:15,722 - main.py[line:217] - INFO: Epoch 90/150
2021-04-26 01:05:15,722 - main.py[line:218] - INFO: ----------
2021-04-26 01:07:14,808 - main.py[line:221] - INFO: 0.4117639225011264 0.7862662686595132 0.24888872469412027
2021-04-26 01:07:26,203 - main.py[line:226] - INFO: Testing
2021-04-26 01:07:26,203 - main.py[line:228] - INFO: 0.4169556934904483 0.7704206385736465 0.2263452424515744
2021-04-26 01:07:26,203 - main.py[line:217] - INFO: Epoch 91/150
2021-04-26 01:07:26,203 - main.py[line:218] - INFO: ----------
2021-04-26 01:09:25,533 - main.py[line:221] - INFO: 0.4115994979219959 0.7865987402129389 0.24948846882167863
2021-04-26 01:09:25,533 - main.py[line:217] - INFO: Epoch 92/150
2021-04-26 01:09:25,533 - main.py[line:218] - INFO: ----------
2021-04-26 01:11:25,394 - main.py[line:221] - INFO: 0.41133574608970086 0.787165156768566 0.2504500121179355
2021-04-26 01:11:25,395 - main.py[line:217] - INFO: Epoch 93/150
2021-04-26 01:11:25,395 - main.py[line:218] - INFO: ----------
2021-04-26 01:13:26,568 - main.py[line:221] - INFO: 0.4111248978417078 0.7876193126337385 0.25121824487045585
2021-04-26 01:13:26,569 - main.py[line:217] - INFO: Epoch 94/150
2021-04-26 01:13:26,569 - main.py[line:218] - INFO: ----------
2021-04-26 01:15:26,643 - main.py[line:221] - INFO: 0.410899165530494 0.7882079139288155 0.252040271630831
2021-04-26 01:15:26,643 - main.py[line:217] - INFO: Epoch 95/150
2021-04-26 01:15:26,643 - main.py[line:218] - INFO: ----------
2021-04-26 01:17:25,106 - main.py[line:221] - INFO: 0.41071723141742666 0.7886377725387906 0.2527024743083741
2021-04-26 01:17:34,872 - main.py[line:226] - INFO: Testing
2021-04-26 01:17:34,872 - main.py[line:228] - INFO: 0.4164403874987064 0.7716235539756466 0.22825634516787485
2021-04-26 01:17:34,873 - main.py[line:217] - INFO: Epoch 96/150
2021-04-26 01:17:34,873 - main.py[line:218] - INFO: ----------
2021-04-26 01:19:33,353 - main.py[line:221] - INFO: 0.4105119936295999 0.7890385688133846 0.25344914553826026
2021-04-26 01:19:33,354 - main.py[line:217] - INFO: Epoch 97/150
2021-04-26 01:19:33,354 - main.py[line:218] - INFO: ----------
2021-04-26 01:21:30,899 - main.py[line:221] - INFO: 0.41028573667300994 0.7896065502477221 0.2542718536598443
2021-04-26 01:21:30,899 - main.py[line:217] - INFO: Epoch 98/150
2021-04-26 01:21:30,899 - main.py[line:218] - INFO: ----------
2021-04-26 01:23:29,039 - main.py[line:221] - INFO: 0.41009987399969094 0.7901155745761393 0.25494734208330116
2021-04-26 01:23:29,039 - main.py[line:217] - INFO: Epoch 99/150
2021-04-26 01:23:29,040 - main.py[line:218] - INFO: ----------
2021-04-26 01:25:28,519 - main.py[line:221] - INFO: 0.40989316764792094 0.7905534929527883 0.25569822406964393
2021-04-26 01:25:28,520 - main.py[line:217] - INFO: Epoch 100/150
2021-04-26 01:25:28,520 - main.py[line:218] - INFO: ----------
2021-04-26 01:27:27,397 - main.py[line:221] - INFO: 0.4096751770964466 0.7909951289488597 0.25648968693398033
2021-04-26 01:27:37,468 - main.py[line:226] - INFO: Testing
2021-04-26 01:27:37,468 - main.py[line:228] - INFO: 0.41653214350347384 0.7718046896389354 0.22791622486370355
2021-04-26 01:27:37,468 - main.py[line:217] - INFO: Epoch 101/150
2021-04-26 01:27:37,468 - main.py[line:218] - INFO: ----------
2021-04-26 01:29:36,300 - main.py[line:221] - INFO: 0.40965021618642933 0.7910861011980301 0.25658028616811424
2021-04-26 01:29:36,300 - main.py[line:217] - INFO: Epoch 102/150
2021-04-26 01:29:36,300 - main.py[line:218] - INFO: ----------
2021-04-26 01:31:36,114 - main.py[line:221] - INFO: 0.409518075142462 0.7913993729864157 0.25705981923879295
2021-04-26 01:31:36,114 - main.py[line:217] - INFO: Epoch 103/150
2021-04-26 01:31:36,115 - main.py[line:218] - INFO: ----------
2021-04-26 01:33:36,075 - main.py[line:221] - INFO: 0.4093095445258726 0.7918411196850813 0.25781625143812015
2021-04-26 01:33:36,075 - main.py[line:217] - INFO: Epoch 104/150
2021-04-26 01:33:36,075 - main.py[line:218] - INFO: ----------
2021-04-26 01:35:36,200 - main.py[line:221] - INFO: 0.4089954886863011 0.7924821756097662 0.2589547429373058
2021-04-26 01:35:36,200 - main.py[line:217] - INFO: Epoch 105/150
2021-04-26 01:35:36,200 - main.py[line:218] - INFO: ----------
2021-04-26 01:37:36,317 - main.py[line:221] - INFO: 0.4088235879420858 0.79276287739886 0.2595775344570276
2021-04-26 01:37:47,868 - main.py[line:226] - INFO: Testing
2021-04-26 01:37:47,868 - main.py[line:228] - INFO: 0.41657165628360254 0.7710252597307583 0.2277697361765808
2021-04-26 01:37:47,868 - main.py[line:217] - INFO: Epoch 106/150
2021-04-26 01:37:47,868 - main.py[line:218] - INFO: ----------
2021-04-26 01:39:47,329 - main.py[line:221] - INFO: 0.408763271744794 0.7929030364525599 0.25979599627962513
2021-04-26 01:39:47,330 - main.py[line:217] - INFO: Epoch 107/150
2021-04-26 01:39:47,330 - main.py[line:218] - INFO: ----------
2021-04-26 01:41:46,762 - main.py[line:221] - INFO: 0.408522855293566 0.7934960691755066 0.2606664506417431
2021-04-26 01:41:46,763 - main.py[line:217] - INFO: Epoch 108/150
2021-04-26 01:41:46,763 - main.py[line:218] - INFO: ----------
2021-04-26 01:43:46,959 - main.py[line:221] - INFO: 0.4081129097033744 0.7944440118973652 0.26214952290211335
2021-04-26 01:43:46,959 - main.py[line:217] - INFO: Epoch 109/150
2021-04-26 01:43:46,959 - main.py[line:218] - INFO: ----------
2021-04-26 01:45:47,161 - main.py[line:221] - INFO: 0.40779975085762954 0.7951380992669042 0.26328144373323903
2021-04-26 01:45:47,161 - main.py[line:217] - INFO: Epoch 110/150
2021-04-26 01:45:47,161 - main.py[line:218] - INFO: ----------
2021-04-26 01:47:46,905 - main.py[line:221] - INFO: 0.4075193989339135 0.7957601400987565 0.26429404596461725
2021-04-26 01:47:58,406 - main.py[line:226] - INFO: Testing
2021-04-26 01:47:58,407 - main.py[line:228] - INFO: 0.41706939817282335 0.7702994386443731 0.22592323040377416
2021-04-26 01:47:58,407 - main.py[line:217] - INFO: Epoch 111/150
2021-04-26 01:47:58,407 - main.py[line:218] - INFO: ----------
2021-04-26 01:49:58,271 - main.py[line:221] - INFO: 0.40744128555806625 0.7958907954841566 0.26457605937584705
2021-04-26 01:49:58,272 - main.py[line:217] - INFO: Epoch 112/150
2021-04-26 01:49:58,272 - main.py[line:218] - INFO: ----------
2021-04-26 01:51:58,192 - main.py[line:221] - INFO: 0.4072077088362845 0.7964707195358511 0.26541902095629377
2021-04-26 01:51:58,193 - main.py[line:217] - INFO: Epoch 113/150
2021-04-26 01:51:58,193 - main.py[line:218] - INFO: ----------
2021-04-26 01:53:57,707 - main.py[line:221] - INFO: 0.40710958283805015 0.7967000487737432 0.2657730064307715
2021-04-26 01:53:57,708 - main.py[line:217] - INFO: Epoch 114/150
2021-04-26 01:53:57,708 - main.py[line:218] - INFO: ----------
2021-04-26 01:55:57,636 - main.py[line:221] - INFO: 0.4069553868545583 0.7969262669900494 0.26632908969503033
2021-04-26 01:55:57,636 - main.py[line:217] - INFO: Epoch 115/150
2021-04-26 01:55:57,636 - main.py[line:218] - INFO: ----------
2021-04-26 01:57:57,666 - main.py[line:221] - INFO: 0.40680838510479955 0.7971146637674393 0.2668590319536519
2021-04-26 01:58:09,159 - main.py[line:226] - INFO: Testing
2021-04-26 01:58:09,159 - main.py[line:228] - INFO: 0.41761931263659724 0.76884299976402 0.22388061282133997
2021-04-26 01:58:09,159 - main.py[line:217] - INFO: Epoch 116/150
2021-04-26 01:58:09,159 - main.py[line:218] - INFO: ----------
2021-04-26 02:00:08,883 - main.py[line:221] - INFO: 0.406447988328618 0.7979499641989086 0.26815745456423157
2021-04-26 02:00:08,883 - main.py[line:217] - INFO: Epoch 117/150
2021-04-26 02:00:08,883 - main.py[line:218] - INFO: ----------
2021-04-26 02:02:10,671 - main.py[line:221] - INFO: 0.40617465072288067 0.7986048009009512 0.2691414566067084
2021-04-26 02:02:10,671 - main.py[line:217] - INFO: Epoch 118/150
2021-04-26 02:02:10,671 - main.py[line:218] - INFO: ----------
2021-04-26 02:04:11,259 - main.py[line:221] - INFO: 0.4059051514728846 0.7991885412877571 0.27011099266691785
2021-04-26 02:04:11,259 - main.py[line:217] - INFO: Epoch 119/150
2021-04-26 02:04:11,259 - main.py[line:218] - INFO: ----------
2021-04-26 02:06:11,173 - main.py[line:221] - INFO: 0.4056763282659938 0.7996644149403083 0.27093368962662867
2021-04-26 02:06:11,174 - main.py[line:217] - INFO: Epoch 120/150
2021-04-26 02:06:11,174 - main.py[line:218] - INFO: ----------
2021-04-26 02:08:11,264 - main.py[line:221] - INFO: 0.4054822551571696 0.800087405221539 0.27163108462376073
2021-04-26 02:08:21,704 - main.py[line:226] - INFO: Testing
2021-04-26 02:08:21,704 - main.py[line:228] - INFO: 0.4173118279393434 0.76958893809301 0.2250230742587589
2021-04-26 02:08:21,704 - main.py[line:217] - INFO: Epoch 121/150
2021-04-26 02:08:21,704 - main.py[line:218] - INFO: ----------
2021-04-26 02:10:21,112 - main.py[line:221] - INFO: 0.4053468004256871 0.8003313896764801 0.2721176387717167
2021-04-26 02:10:21,113 - main.py[line:217] - INFO: Epoch 122/150
2021-04-26 02:10:21,113 - main.py[line:218] - INFO: ----------
2021-04-26 02:12:20,977 - main.py[line:221] - INFO: 0.40540267855867423 0.8000792985481244 0.2719169439061975
2021-04-26 02:12:20,978 - main.py[line:217] - INFO: Epoch 123/150
2021-04-26 02:12:20,978 - main.py[line:218] - INFO: ----------
2021-04-26 02:14:20,678 - main.py[line:221] - INFO: 0.4048089024797471 0.8015354712057167 0.27404816664301745
2021-04-26 02:14:20,679 - main.py[line:217] - INFO: Epoch 124/150
2021-04-26 02:14:20,679 - main.py[line:218] - INFO: ----------
2021-04-26 02:16:20,768 - main.py[line:221] - INFO: 0.40471226086930584 0.8017714399802762 0.2743947439015856
2021-04-26 02:16:20,768 - main.py[line:217] - INFO: Epoch 125/150
2021-04-26 02:16:20,768 - main.py[line:218] - INFO: ----------
2021-04-26 02:18:20,675 - main.py[line:221] - INFO: 0.40478519822224523 0.8016033097353277 0.2741331827840192
2021-04-26 02:18:32,206 - main.py[line:226] - INFO: Testing
2021-04-26 02:18:32,206 - main.py[line:228] - INFO: 0.41777433779827206 0.7686976248853081 0.22330429672884178
2021-04-26 02:18:32,206 - main.py[line:217] - INFO: Epoch 126/150
2021-04-26 02:18:32,206 - main.py[line:218] - INFO: ----------
2021-04-26 02:20:32,523 - main.py[line:221] - INFO: 0.4043399602652823 0.8025590069439127 0.2757291191943654
2021-04-26 02:20:32,523 - main.py[line:217] - INFO: Epoch 127/150
2021-04-26 02:20:32,523 - main.py[line:218] - INFO: ----------
2021-04-26 02:22:32,565 - main.py[line:221] - INFO: 0.4043088333788345 0.802620737692084 0.2758406264997393
2021-04-26 02:22:32,566 - main.py[line:217] - INFO: Epoch 128/150
2021-04-26 02:22:32,566 - main.py[line:218] - INFO: ----------
2021-04-26 02:24:32,719 - main.py[line:221] - INFO: 0.40392097365042334 0.8034003426981631 0.2772293546807765
2021-04-26 02:24:32,719 - main.py[line:217] - INFO: Epoch 129/150
2021-04-26 02:24:32,719 - main.py[line:218] - INFO: ----------
2021-04-26 02:26:32,331 - main.py[line:221] - INFO: 0.40380188145209694 0.8035502226954093 0.27765549573935777
2021-04-26 02:26:32,331 - main.py[line:217] - INFO: Epoch 130/150
2021-04-26 02:26:32,331 - main.py[line:218] - INFO: ----------
2021-04-26 02:28:32,521 - main.py[line:221] - INFO: 0.40417981300995226 0.8026422561006319 0.2763027306844348
2021-04-26 02:28:44,068 - main.py[line:226] - INFO: Testing
2021-04-26 02:28:44,068 - main.py[line:228] - INFO: 0.41877307741861586 0.7659984189407969 0.21958628954892268
2021-04-26 02:28:44,069 - main.py[line:217] - INFO: Epoch 131/150
2021-04-26 02:28:44,069 - main.py[line:218] - INFO: ----------
2021-04-26 02:30:44,611 - main.py[line:221] - INFO: 0.40374748471993094 0.8035331031788457 0.27785009876482225
2021-04-26 02:30:44,611 - main.py[line:217] - INFO: Epoch 132/150
2021-04-26 02:30:44,611 - main.py[line:218] - INFO: ----------
2021-04-26 02:32:45,246 - main.py[line:221] - INFO: 0.40356418424482526 0.8039133936865477 0.278505658871383
2021-04-26 02:32:45,247 - main.py[line:217] - INFO: Epoch 133/150
2021-04-26 02:32:45,247 - main.py[line:218] - INFO: ----------
2021-04-26 02:34:45,169 - main.py[line:221] - INFO: 0.4035852722902684 0.8038293535955517 0.27843025424644197
2021-04-26 02:34:45,169 - main.py[line:217] - INFO: Epoch 134/150
2021-04-26 02:34:45,169 - main.py[line:218] - INFO: ----------
2021-04-26 02:36:45,373 - main.py[line:221] - INFO: 0.40316428018336226 0.804677559021617 0.27993485191052603
2021-04-26 02:36:45,374 - main.py[line:217] - INFO: Epoch 135/150
2021-04-26 02:36:45,374 - main.py[line:218] - INFO: ----------
2021-04-26 02:38:45,492 - main.py[line:221] - INFO: 0.40289924429899804 0.8052538350249461 0.2808812669755204
2021-04-26 02:38:56,985 - main.py[line:226] - INFO: Testing
2021-04-26 02:38:56,985 - main.py[line:228] - INFO: 0.41857838006660986 0.7665559767890033 0.22031178586099165
2021-04-26 02:38:56,985 - main.py[line:217] - INFO: Epoch 136/150
2021-04-26 02:38:56,985 - main.py[line:218] - INFO: ----------
2021-04-26 02:40:57,069 - main.py[line:221] - INFO: 0.40278403412433944 0.8056544748653921 0.2812924762316209
2021-04-26 02:40:57,069 - main.py[line:217] - INFO: Epoch 137/150
2021-04-26 02:40:57,069 - main.py[line:218] - INFO: ----------
2021-04-26 02:42:57,315 - main.py[line:221] - INFO: 0.4025457580917567 0.8060444895735865 0.28214256019327544
2021-04-26 02:42:57,315 - main.py[line:217] - INFO: Epoch 138/150
2021-04-26 02:42:57,315 - main.py[line:218] - INFO: ----------
2021-04-26 02:44:57,027 - main.py[line:221] - INFO: 0.4022822405849995 0.80661460232666 0.2830821109482351
2021-04-26 02:44:57,028 - main.py[line:217] - INFO: Epoch 139/150
2021-04-26 02:44:57,028 - main.py[line:218] - INFO: ----------
2021-04-26 02:46:57,257 - main.py[line:221] - INFO: 0.40230515162872593 0.8065502679689761 0.28300044786107637
2021-04-26 02:46:57,258 - main.py[line:217] - INFO: Epoch 140/150
2021-04-26 02:46:57,258 - main.py[line:218] - INFO: ----------
2021-04-26 02:48:57,379 - main.py[line:221] - INFO: 0.4022266772350287 0.8067951493936176 0.2832801391214135
2021-04-26 02:49:08,876 - main.py[line:226] - INFO: Testing
2021-04-26 02:49:08,876 - main.py[line:228] - INFO: 0.42033884227865725 0.762055165867549 0.21373954908377557
2021-04-26 02:49:08,877 - main.py[line:217] - INFO: Epoch 141/150
2021-04-26 02:49:08,877 - main.py[line:218] - INFO: ----------
2021-04-26 02:51:09,441 - main.py[line:221] - INFO: 0.4020458115406657 0.807142013123715 0.2839245563012964
2021-04-26 02:51:09,442 - main.py[line:217] - INFO: Epoch 142/150
2021-04-26 02:51:09,442 - main.py[line:218] - INFO: ----------
2021-04-26 02:53:10,698 - main.py[line:221] - INFO: 0.4019631837889462 0.8072927846512259 0.28421885920039225
2021-04-26 02:53:10,699 - main.py[line:217] - INFO: Epoch 143/150
2021-04-26 02:53:10,699 - main.py[line:218] - INFO: ----------
2021-04-26 02:55:11,113 - main.py[line:221] - INFO: 0.40149245086547175 0.8081479202544364 0.28589435819581455
2021-04-26 02:55:11,113 - main.py[line:217] - INFO: Epoch 144/150
2021-04-26 02:55:11,113 - main.py[line:218] - INFO: ----------
2021-04-26 02:57:08,985 - main.py[line:221] - INFO: 0.40123099904673964 0.8086930874857104 0.2868241063269975
2021-04-26 02:57:08,985 - main.py[line:217] - INFO: Epoch 145/150
2021-04-26 02:57:08,985 - main.py[line:218] - INFO: ----------
2021-04-26 02:59:05,236 - main.py[line:221] - INFO: 0.40082068218590067 0.8095611013564117 0.2882820119588625
2021-04-26 02:59:14,785 - main.py[line:226] - INFO: Testing
2021-04-26 02:59:14,785 - main.py[line:228] - INFO: 0.42128190030388823 0.7601027759173762 0.21020753660439329
2021-04-26 02:59:14,785 - main.py[line:217] - INFO: Epoch 146/150
2021-04-26 02:59:14,785 - main.py[line:218] - INFO: ----------
2021-04-26 03:01:14,991 - main.py[line:221] - INFO: 0.40066593145513285 0.8099368500358406 0.28883147271364074
2021-04-26 03:01:14,992 - main.py[line:217] - INFO: Epoch 147/150
2021-04-26 03:01:14,992 - main.py[line:218] - INFO: ----------
2021-04-26 03:03:22,915 - main.py[line:221] - INFO: 0.4009136848637937 0.8093655283177659 0.28795169288610367
2021-04-26 03:03:22,916 - main.py[line:217] - INFO: Epoch 148/150
2021-04-26 03:03:22,916 - main.py[line:218] - INFO: ----------
2021-04-26 03:05:18,512 - main.py[line:221] - INFO: 0.4003701063880574 0.8105760629990473 0.2898812440814218
2021-04-26 03:05:18,513 - main.py[line:217] - INFO: Epoch 149/150
2021-04-26 03:05:18,513 - main.py[line:218] - INFO: ----------
2021-04-26 03:07:13,883 - main.py[line:221] - INFO: 0.40043901174484337 0.8104863542435445 0.2896367942782566
2021-04-26 03:07:13,884 - main.py[line:217] - INFO: Epoch 150/150
2021-04-26 03:07:13,884 - main.py[line:218] - INFO: ----------
2021-04-26 03:09:07,648 - main.py[line:221] - INFO: 0.4003010580412866 0.810700624839556 0.2901261589600225
2021-04-26 03:09:18,618 - main.py[line:226] - INFO: Testing
2021-04-26 03:09:18,618 - main.py[line:228] - INFO: 0.4203964400448657 0.7632618844860588 0.21352405651523076
