2021-04-26 12:23:34,717 - main.py[line:217] - INFO: Epoch 1/150
2021-04-26 12:23:34,717 - main.py[line:218] - INFO: ----------
2021-04-26 12:25:46,802 - main.py[line:221] - INFO: 0.4904372568460803 0.52725385348204 -0.06490683409189146
2021-04-26 12:25:46,802 - main.py[line:217] - INFO: Epoch 2/150
2021-04-26 12:25:46,802 - main.py[line:218] - INFO: ----------
2021-04-26 12:27:57,758 - main.py[line:221] - INFO: 0.4757214934330274 0.5578351142802355 -0.0019596954417375745
2021-04-26 12:27:57,759 - main.py[line:217] - INFO: Epoch 3/150
2021-04-26 12:27:57,759 - main.py[line:218] - INFO: ----------
2021-04-26 12:30:11,180 - main.py[line:221] - INFO: 0.470387954494604 0.5867831864655562 0.02038125032835081
2021-04-26 12:30:11,181 - main.py[line:217] - INFO: Epoch 4/150
2021-04-26 12:30:11,181 - main.py[line:218] - INFO: ----------
2021-04-26 12:32:25,114 - main.py[line:221] - INFO: 0.46933974365310127 0.5942241936924779 0.024742343647401577
2021-04-26 12:32:25,114 - main.py[line:217] - INFO: Epoch 5/150
2021-04-26 12:32:25,114 - main.py[line:218] - INFO: ----------
2021-04-26 12:34:35,888 - main.py[line:221] - INFO: 0.46892092777810873 0.5972797387488249 0.026482111703601707
2021-04-26 12:34:47,623 - main.py[line:226] - INFO: Testing
2021-04-26 12:34:47,623 - main.py[line:228] - INFO: 0.46895485238685986 0.5897710648257872 0.02171442124049683
2021-04-26 12:34:47,624 - main.py[line:217] - INFO: Epoch 6/150
2021-04-26 12:34:47,624 - main.py[line:218] - INFO: ----------
2021-04-26 12:36:57,999 - main.py[line:221] - INFO: 0.4686025493700908 0.5997122695451674 0.027803621733600403
2021-04-26 12:36:58,000 - main.py[line:217] - INFO: Epoch 7/150
2021-04-26 12:36:58,000 - main.py[line:218] - INFO: ----------
2021-04-26 12:39:09,683 - main.py[line:221] - INFO: 0.46829772974358463 0.6020749795041517 0.029068011580619113
2021-04-26 12:39:09,684 - main.py[line:217] - INFO: Epoch 8/150
2021-04-26 12:39:09,684 - main.py[line:218] - INFO: ----------
2021-04-26 12:41:24,704 - main.py[line:221] - INFO: 0.46798447139182925 0.6044984490287836 0.030366547988886716
2021-04-26 12:41:24,705 - main.py[line:217] - INFO: Epoch 9/150
2021-04-26 12:41:24,705 - main.py[line:218] - INFO: ----------
2021-04-26 12:43:35,877 - main.py[line:221] - INFO: 0.4676539134014307 0.6070483046826268 0.03173585362272047
2021-04-26 12:43:35,878 - main.py[line:217] - INFO: Epoch 10/150
2021-04-26 12:43:35,878 - main.py[line:218] - INFO: ----------
2021-04-26 12:45:45,808 - main.py[line:221] - INFO: 0.4673010103677972 0.6097048246810179 0.0331966536544942
2021-04-26 12:45:56,862 - main.py[line:226] - INFO: Testing
2021-04-26 12:45:56,862 - main.py[line:228] - INFO: 0.4674432304637353 0.6004731083055863 0.02801103829463214
2021-04-26 12:45:56,863 - main.py[line:217] - INFO: Epoch 11/150
2021-04-26 12:45:56,863 - main.py[line:218] - INFO: ----------
2021-04-26 12:48:04,952 - main.py[line:221] - INFO: 0.46692243173794196 0.6124957822061776 0.03476250871669251
2021-04-26 12:48:04,952 - main.py[line:217] - INFO: Epoch 12/150
2021-04-26 12:48:04,952 - main.py[line:218] - INFO: ----------
2021-04-26 12:50:13,174 - main.py[line:221] - INFO: 0.46651606054943723 0.6154043129834106 0.03644190551143667
2021-04-26 12:50:13,174 - main.py[line:217] - INFO: Epoch 13/150
2021-04-26 12:50:13,174 - main.py[line:218] - INFO: ----------
2021-04-26 12:52:23,322 - main.py[line:221] - INFO: 0.4660808732623921 0.618399357665531 0.03823876818914951
2021-04-26 12:52:23,322 - main.py[line:217] - INFO: Epoch 14/150
2021-04-26 12:52:23,322 - main.py[line:218] - INFO: ----------
2021-04-26 12:54:34,139 - main.py[line:221] - INFO: 0.46561685930761726 0.6214712665861256 0.040152807200518614
2021-04-26 12:54:34,139 - main.py[line:217] - INFO: Epoch 15/150
2021-04-26 12:54:34,139 - main.py[line:218] - INFO: ----------
2021-04-26 12:56:42,220 - main.py[line:221] - INFO: 0.4651248302553025 0.6245601589155833 0.04218032473549882
2021-04-26 12:56:51,877 - main.py[line:226] - INFO: Testing
2021-04-26 12:56:51,878 - main.py[line:228] - INFO: 0.4652968170562956 0.6159847200910624 0.03691693348439673
2021-04-26 12:56:51,878 - main.py[line:217] - INFO: Epoch 16/150
2021-04-26 12:56:51,878 - main.py[line:218] - INFO: ----------
2021-04-26 12:59:00,659 - main.py[line:221] - INFO: 0.4646060661087389 0.6276565350368583 0.04431568875823044
2021-04-26 12:59:00,659 - main.py[line:217] - INFO: Epoch 17/150
2021-04-26 12:59:00,659 - main.py[line:218] - INFO: ----------
2021-04-26 13:01:11,627 - main.py[line:221] - INFO: 0.4640617999641544 0.6307588169000373 0.04655346389152326
2021-04-26 13:01:11,627 - main.py[line:217] - INFO: Epoch 18/150
2021-04-26 13:01:11,627 - main.py[line:218] - INFO: ----------
2021-04-26 13:03:21,409 - main.py[line:221] - INFO: 0.4634925940440817 0.6339208295099296 0.04889097401450282
2021-04-26 13:03:21,409 - main.py[line:217] - INFO: Epoch 19/150
2021-04-26 13:03:21,410 - main.py[line:218] - INFO: ----------
2021-04-26 13:05:32,336 - main.py[line:221] - INFO: 0.4628976658169576 0.6371396914157291 0.05133104949095135
2021-04-26 13:05:32,336 - main.py[line:217] - INFO: Epoch 20/150
2021-04-26 13:05:32,337 - main.py[line:218] - INFO: ----------
2021-04-26 13:07:44,991 - main.py[line:221] - INFO: 0.46227423237542165 0.6404287576817157 0.05388467514186701
2021-04-26 13:07:56,391 - main.py[line:226] - INFO: Testing
2021-04-26 13:07:56,391 - main.py[line:228] - INFO: 0.46247890272732656 0.6318978687914341 0.04854679040341947
2021-04-26 13:07:56,392 - main.py[line:217] - INFO: Epoch 21/150
2021-04-26 13:07:56,392 - main.py[line:218] - INFO: ----------
2021-04-26 13:10:07,188 - main.py[line:221] - INFO: 0.46161707745332925 0.6438193055368158 0.05657270044246021
2021-04-26 13:10:07,189 - main.py[line:217] - INFO: Epoch 22/150
2021-04-26 13:10:07,189 - main.py[line:218] - INFO: ----------
2021-04-26 13:12:17,003 - main.py[line:221] - INFO: 0.4609200370223381 0.6473609457948777 0.05941969424442273
2021-04-26 13:12:17,003 - main.py[line:217] - INFO: Epoch 23/150
2021-04-26 13:12:17,003 - main.py[line:218] - INFO: ----------
2021-04-26 13:14:28,618 - main.py[line:221] - INFO: 0.46018950388815244 0.6509537375636297 0.06239886848581555
2021-04-26 13:14:28,618 - main.py[line:217] - INFO: Epoch 24/150
2021-04-26 13:14:28,618 - main.py[line:218] - INFO: ----------
2021-04-26 13:16:40,628 - main.py[line:221] - INFO: 0.45948122235693906 0.6543023292014977 0.0652827870004874
2021-04-26 13:16:40,629 - main.py[line:217] - INFO: Epoch 25/150
2021-04-26 13:16:40,629 - main.py[line:218] - INFO: ----------
2021-04-26 13:18:53,501 - main.py[line:221] - INFO: 0.45885170940448866 0.6572178614666161 0.0678422539964113
2021-04-26 13:19:04,849 - main.py[line:226] - INFO: Testing
2021-04-26 13:19:04,849 - main.py[line:228] - INFO: 0.45919809619496355 0.6498925532255042 0.061998049994441695
2021-04-26 13:19:04,849 - main.py[line:217] - INFO: Epoch 26/150
2021-04-26 13:19:04,849 - main.py[line:218] - INFO: ----------
2021-04-26 13:21:17,841 - main.py[line:221] - INFO: 0.4582638534716725 0.6600152376845663 0.07022918394567157
2021-04-26 13:21:17,841 - main.py[line:217] - INFO: Epoch 27/150
2021-04-26 13:21:17,842 - main.py[line:218] - INFO: ----------
2021-04-26 13:23:27,476 - main.py[line:221] - INFO: 0.457689743560492 0.6627847053908551 0.0725573460815141
2021-04-26 13:23:27,477 - main.py[line:217] - INFO: Epoch 28/150
2021-04-26 13:23:27,477 - main.py[line:218] - INFO: ----------
2021-04-26 13:25:37,047 - main.py[line:221] - INFO: 0.457125604487606 0.6655187881703937 0.07484223098164666
2021-04-26 13:25:37,048 - main.py[line:217] - INFO: Epoch 29/150
2021-04-26 13:25:37,048 - main.py[line:218] - INFO: ----------
2021-04-26 13:27:49,461 - main.py[line:221] - INFO: 0.4565696519069331 0.6682099326218711 0.07709120182768159
2021-04-26 13:27:49,461 - main.py[line:217] - INFO: Epoch 30/150
2021-04-26 13:27:49,461 - main.py[line:218] - INFO: ----------
2021-04-26 13:30:02,853 - main.py[line:221] - INFO: 0.4560200744564893 0.6708545555664017 0.07931169368641378
2021-04-26 13:30:14,010 - main.py[line:226] - INFO: Testing
2021-04-26 13:30:14,010 - main.py[line:228] - INFO: 0.45651643634585376 0.6638031565001284 0.07292169001114257
2021-04-26 13:30:14,010 - main.py[line:217] - INFO: Epoch 31/150
2021-04-26 13:30:14,010 - main.py[line:218] - INFO: ----------
2021-04-26 13:32:25,219 - main.py[line:221] - INFO: 0.45547606379841526 0.6734525148007754 0.08150705974858352
2021-04-26 13:32:25,220 - main.py[line:217] - INFO: Epoch 32/150
2021-04-26 13:32:25,220 - main.py[line:218] - INFO: ----------
2021-04-26 13:34:35,891 - main.py[line:221] - INFO: 0.4549376165054388 0.6760175094801334 0.08367739426715115
2021-04-26 13:34:35,892 - main.py[line:217] - INFO: Epoch 33/150
2021-04-26 13:34:35,892 - main.py[line:218] - INFO: ----------
2021-04-26 13:36:43,430 - main.py[line:221] - INFO: 0.45440498386761613 0.67853207097452 0.0858217657197835
2021-04-26 13:36:43,431 - main.py[line:217] - INFO: Epoch 34/150
2021-04-26 13:36:43,431 - main.py[line:218] - INFO: ----------
2021-04-26 13:38:51,081 - main.py[line:221] - INFO: 0.45388042116015814 0.6809842389243302 0.08793119248784653
2021-04-26 13:38:51,082 - main.py[line:217] - INFO: Epoch 35/150
2021-04-26 13:38:51,082 - main.py[line:218] - INFO: ----------
2021-04-26 13:41:01,828 - main.py[line:221] - INFO: 0.45336831574535996 0.6833513263346931 0.08998817426853656
2021-04-26 13:41:13,162 - main.py[line:226] - INFO: Testing
2021-04-26 13:41:13,162 - main.py[line:228] - INFO: 0.4539524557907181 0.6760501218126235 0.08330613817244736
2021-04-26 13:41:13,162 - main.py[line:217] - INFO: Epoch 36/150
2021-04-26 13:41:13,162 - main.py[line:218] - INFO: ----------
2021-04-26 13:43:24,744 - main.py[line:221] - INFO: 0.45287275135086 0.6856111164101283 0.09197650460666351
2021-04-26 13:43:24,745 - main.py[line:217] - INFO: Epoch 37/150
2021-04-26 13:43:24,745 - main.py[line:218] - INFO: ----------
2021-04-26 13:45:34,946 - main.py[line:221] - INFO: 0.45239638605411725 0.6877611690629172 0.09388575344498551
2021-04-26 13:45:34,946 - main.py[line:217] - INFO: Epoch 38/150
2021-04-26 13:45:34,946 - main.py[line:218] - INFO: ----------
2021-04-26 13:47:48,758 - main.py[line:221] - INFO: 0.45194047213697774 0.6898021620803015 0.09571115235253591
2021-04-26 13:47:48,758 - main.py[line:217] - INFO: Epoch 39/150
2021-04-26 13:47:48,758 - main.py[line:218] - INFO: ----------
2021-04-26 13:50:03,468 - main.py[line:221] - INFO: 0.4515052660541628 0.6917317719268756 0.09745192372204403
2021-04-26 13:50:03,468 - main.py[line:217] - INFO: Epoch 40/150
2021-04-26 13:50:03,468 - main.py[line:218] - INFO: ----------
2021-04-26 13:52:16,238 - main.py[line:221] - INFO: 0.4510903310263368 0.6935585170812433 0.09911005157296426
2021-04-26 13:52:28,025 - main.py[line:226] - INFO: Testing
2021-04-26 13:52:28,025 - main.py[line:228] - INFO: 0.4517931657398679 0.685873990831059 0.09200616938175099
2021-04-26 13:52:28,025 - main.py[line:217] - INFO: Epoch 41/150
2021-04-26 13:52:28,025 - main.py[line:218] - INFO: ----------
2021-04-26 13:54:45,531 - main.py[line:221] - INFO: 0.4506945625081362 0.695288131105755 0.10069016733606662
2021-04-26 13:54:45,532 - main.py[line:217] - INFO: Epoch 42/150
2021-04-26 13:54:45,532 - main.py[line:218] - INFO: ----------
2021-04-26 13:57:00,210 - main.py[line:221] - INFO: 0.4503218331633202 0.6968977668969975 0.10217703043979953
2021-04-26 13:57:00,211 - main.py[line:217] - INFO: Epoch 43/150
2021-04-26 13:57:00,211 - main.py[line:218] - INFO: ----------
2021-04-26 13:59:28,551 - main.py[line:221] - INFO: 0.44998178001179034 0.6983744832251682 0.10353247107736419
2021-04-26 13:59:28,551 - main.py[line:217] - INFO: Epoch 44/150
2021-04-26 13:59:28,551 - main.py[line:218] - INFO: ----------
2021-04-26 14:02:10,728 - main.py[line:221] - INFO: 0.4496602106696061 0.6997671329452457 0.10481329390718519
2021-04-26 14:02:10,729 - main.py[line:217] - INFO: Epoch 45/150
2021-04-26 14:02:10,729 - main.py[line:218] - INFO: ----------
2021-04-26 14:04:38,242 - main.py[line:221] - INFO: 0.44935795298245146 0.7010669064660894 0.10601636287865035
2021-04-26 14:04:52,907 - main.py[line:226] - INFO: Testing
2021-04-26 14:04:52,907 - main.py[line:228] - INFO: 0.450255212265912 0.69278195966414 0.09817746869979849
2021-04-26 14:04:52,907 - main.py[line:217] - INFO: Epoch 46/150
2021-04-26 14:04:52,907 - main.py[line:218] - INFO: ----------
2021-04-26 14:07:33,750 - main.py[line:221] - INFO: 0.4490763511178511 0.7022755625004032 0.1071364880501946
2021-04-26 14:07:33,751 - main.py[line:217] - INFO: Epoch 47/150
2021-04-26 14:07:33,751 - main.py[line:218] - INFO: ----------
2021-04-26 14:10:08,677 - main.py[line:221] - INFO: 0.4488132653950493 0.7034036989260082 0.1081823272947775
2021-04-26 14:10:08,678 - main.py[line:217] - INFO: Epoch 48/150
2021-04-26 14:10:08,678 - main.py[line:218] - INFO: ----------
2021-04-26 14:12:45,953 - main.py[line:221] - INFO: 0.4485650184041931 0.7044650399453927 0.1091686164397091
2021-04-26 14:12:45,954 - main.py[line:217] - INFO: Epoch 49/150
2021-04-26 14:12:45,954 - main.py[line:218] - INFO: ----------
2021-04-26 14:15:24,104 - main.py[line:221] - INFO: 0.4483311529912847 0.7054660271862674 0.11009726817029497
2021-04-26 14:15:24,104 - main.py[line:217] - INFO: Epoch 50/150
2021-04-26 14:15:24,104 - main.py[line:218] - INFO: ----------
2021-04-26 14:17:51,378 - main.py[line:221] - INFO: 0.4481098095338881 0.7064081657024622 0.11097575061572662
2021-04-26 14:18:01,722 - main.py[line:226] - INFO: Testing
2021-04-26 14:18:01,722 - main.py[line:228] - INFO: 0.4491323452849778 0.6978150304898161 0.10266987233281755
2021-04-26 14:18:01,722 - main.py[line:217] - INFO: Epoch 51/150
2021-04-26 14:18:01,722 - main.py[line:218] - INFO: ----------
2021-04-26 14:20:30,500 - main.py[line:221] - INFO: 0.44790022817353137 0.7072980434156295 0.11180715102659167
2021-04-26 14:20:30,501 - main.py[line:217] - INFO: Epoch 52/150
2021-04-26 14:20:30,501 - main.py[line:218] - INFO: ----------
2021-04-26 14:23:03,092 - main.py[line:221] - INFO: 0.44770198487363994 0.7081336660271758 0.11259321588479487
2021-04-26 14:23:03,093 - main.py[line:217] - INFO: Epoch 53/150
2021-04-26 14:23:03,093 - main.py[line:218] - INFO: ----------
2021-04-26 14:25:35,502 - main.py[line:221] - INFO: 0.4475144626401541 0.7089222417745723 0.11333644980945423
2021-04-26 14:25:35,502 - main.py[line:217] - INFO: Epoch 54/150
2021-04-26 14:25:35,502 - main.py[line:218] - INFO: ----------
2021-04-26 14:28:02,705 - main.py[line:221] - INFO: 0.447336983611551 0.709665775987975 0.11403959124651486
2021-04-26 14:28:02,705 - main.py[line:217] - INFO: Epoch 55/150
2021-04-26 14:28:02,705 - main.py[line:218] - INFO: ----------
2021-04-26 14:30:24,707 - main.py[line:221] - INFO: 0.4471684152760477 0.710370787817806 0.1147071717880701
2021-04-26 14:30:36,693 - main.py[line:226] - INFO: Testing
2021-04-26 14:30:36,693 - main.py[line:228] - INFO: 0.44826661812496266 0.7017948062130606 0.10612584413009662
2021-04-26 14:30:36,693 - main.py[line:217] - INFO: Epoch 56/150
2021-04-26 14:30:36,693 - main.py[line:218] - INFO: ----------
2021-04-26 14:32:58,915 - main.py[line:221] - INFO: 0.4470072795090195 0.7110420484651017 0.11534508194397441
2021-04-26 14:32:58,915 - main.py[line:217] - INFO: Epoch 57/150
2021-04-26 14:32:58,916 - main.py[line:218] - INFO: ----------
2021-04-26 14:35:32,471 - main.py[line:221] - INFO: 0.4468522559792495 0.7116840166929087 0.11595857775764806
2021-04-26 14:35:32,471 - main.py[line:217] - INFO: Epoch 58/150
2021-04-26 14:35:32,471 - main.py[line:218] - INFO: ----------
2021-04-26 14:38:06,009 - main.py[line:221] - INFO: 0.446702774305707 0.7122980001269739 0.11654994050155087
2021-04-26 14:38:06,009 - main.py[line:217] - INFO: Epoch 59/150
2021-04-26 14:38:06,009 - main.py[line:218] - INFO: ----------
2021-04-26 14:40:39,563 - main.py[line:221] - INFO: 0.44655842879459073 0.7128863345413661 0.11712079635590844
2021-04-26 14:40:39,564 - main.py[line:217] - INFO: Epoch 60/150
2021-04-26 14:40:39,564 - main.py[line:218] - INFO: ----------
2021-04-26 14:43:07,440 - main.py[line:221] - INFO: 0.44641879126849987 0.7134497742065911 0.11767285756338675
2021-04-26 14:43:19,238 - main.py[line:226] - INFO: Testing
2021-04-26 14:43:19,238 - main.py[line:228] - INFO: 0.44757415267229406 0.7049323518067493 0.10888535760160689
2021-04-26 14:43:19,238 - main.py[line:217] - INFO: Epoch 61/150
2021-04-26 14:43:19,238 - main.py[line:218] - INFO: ----------
2021-04-26 14:45:49,351 - main.py[line:221] - INFO: 0.44628351093810453 0.7139897655650163 0.11820752780732702
2021-04-26 14:45:49,351 - main.py[line:217] - INFO: Epoch 62/150
2021-04-26 14:45:49,351 - main.py[line:218] - INFO: ----------
2021-04-26 14:48:14,393 - main.py[line:221] - INFO: 0.44615241976662245 0.7145067414629613 0.11872548658421167
2021-04-26 14:48:14,393 - main.py[line:217] - INFO: Epoch 63/150
2021-04-26 14:48:14,394 - main.py[line:218] - INFO: ----------
2021-04-26 14:50:47,803 - main.py[line:221] - INFO: 0.4460254835243005 0.7150020978457333 0.11922688367006118
2021-04-26 14:50:47,804 - main.py[line:217] - INFO: Epoch 64/150
2021-04-26 14:50:47,804 - main.py[line:218] - INFO: ----------
2021-04-26 14:53:10,320 - main.py[line:221] - INFO: 0.4459024492048838 0.7154780432723629 0.11971273203013688
2021-04-26 14:53:10,320 - main.py[line:217] - INFO: Epoch 65/150
2021-04-26 14:53:10,320 - main.py[line:218] - INFO: ----------
2021-04-26 14:55:30,965 - main.py[line:221] - INFO: 0.44578216881880217 0.7159392985809468 0.12018757585356654
2021-04-26 14:55:41,460 - main.py[line:226] - INFO: Testing
2021-04-26 14:55:41,460 - main.py[line:228] - INFO: 0.4470186192927917 0.7073122715158466 0.11109610502389988
2021-04-26 14:55:41,460 - main.py[line:217] - INFO: Epoch 66/150
2021-04-26 14:55:41,460 - main.py[line:218] - INFO: ----------
2021-04-26 14:58:04,710 - main.py[line:221] - INFO: 0.4456617976016725 0.7163980797347385 0.12066265001086984
2021-04-26 14:58:04,711 - main.py[line:217] - INFO: Epoch 67/150
2021-04-26 14:58:04,711 - main.py[line:218] - INFO: ----------
2021-04-26 15:00:37,812 - main.py[line:221] - INFO: 0.4455346780723872 0.7168783101353934 0.12116421872753613
2021-04-26 15:00:37,812 - main.py[line:217] - INFO: Epoch 68/150
2021-04-26 15:00:37,812 - main.py[line:218] - INFO: ----------
2021-04-26 15:02:58,432 - main.py[line:221] - INFO: 0.4453838841268943 0.7174214210788383 0.12175901277966727
2021-04-26 15:02:58,433 - main.py[line:217] - INFO: Epoch 69/150
2021-04-26 15:02:58,433 - main.py[line:218] - INFO: ----------
2021-04-26 15:05:24,595 - main.py[line:221] - INFO: 0.4452515614773387 0.7178028936803763 0.12228078249548391
2021-04-26 15:05:24,595 - main.py[line:217] - INFO: Epoch 70/150
2021-04-26 15:05:24,595 - main.py[line:218] - INFO: ----------
2021-04-26 15:07:47,197 - main.py[line:221] - INFO: 0.44514913650561333 0.7181088221090337 0.12268455435635173
2021-04-26 15:08:02,008 - main.py[line:226] - INFO: Testing
2021-04-26 15:08:02,009 - main.py[line:228] - INFO: 0.4461546248746867 0.7101159770438801 0.11452891864805237
2021-04-26 15:08:02,009 - main.py[line:217] - INFO: Epoch 71/150
2021-04-26 15:08:02,009 - main.py[line:218] - INFO: ----------
2021-04-26 15:10:24,754 - main.py[line:221] - INFO: 0.44503883528124116 0.7184697728526233 0.1231192714924163
2021-04-26 15:10:24,754 - main.py[line:217] - INFO: Epoch 72/150
2021-04-26 15:10:24,754 - main.py[line:218] - INFO: ----------
2021-04-26 15:12:47,448 - main.py[line:221] - INFO: 0.444939416461341 0.7187979122759698 0.12351100678721816
2021-04-26 15:12:47,448 - main.py[line:217] - INFO: Epoch 73/150
2021-04-26 15:12:47,448 - main.py[line:218] - INFO: ----------
2021-04-26 15:15:11,063 - main.py[line:221] - INFO: 0.44483869288440614 0.719124831756049 0.12390779390334739
2021-04-26 15:15:11,063 - main.py[line:217] - INFO: Epoch 74/150
2021-04-26 15:15:11,063 - main.py[line:218] - INFO: ----------
2021-04-26 15:17:40,300 - main.py[line:221] - INFO: 0.4447355737203895 0.7194745999154795 0.12431392505223049
2021-04-26 15:17:40,301 - main.py[line:217] - INFO: Epoch 75/150
2021-04-26 15:17:40,301 - main.py[line:218] - INFO: ----------
2021-04-26 15:20:10,819 - main.py[line:221] - INFO: 0.4446545952316355 0.7197327986296274 0.1246327899385814
2021-04-26 15:20:23,789 - main.py[line:226] - INFO: Testing
2021-04-26 15:20:23,789 - main.py[line:228] - INFO: 0.44564540039924183 0.7124168750540654 0.11654905337013177
2021-04-26 15:20:23,789 - main.py[line:217] - INFO: Epoch 76/150
2021-04-26 15:20:23,789 - main.py[line:218] - INFO: ----------
2021-04-26 15:22:58,249 - main.py[line:221] - INFO: 0.4445540988678216 0.7201714569058995 0.12502842862699504
2021-04-26 15:22:58,250 - main.py[line:217] - INFO: Epoch 77/150
2021-04-26 15:22:58,250 - main.py[line:218] - INFO: ----------
2021-04-26 15:25:23,100 - main.py[line:221] - INFO: 0.44452813582803985 0.7201414420699608 0.1251306265750587
2021-04-26 15:25:23,101 - main.py[line:217] - INFO: Epoch 78/150
2021-04-26 15:25:23,101 - main.py[line:218] - INFO: ----------
2021-04-26 15:27:44,080 - main.py[line:221] - INFO: 0.44451092743128584 0.7203064236458883 0.12519836045585897
2021-04-26 15:27:44,080 - main.py[line:217] - INFO: Epoch 79/150
2021-04-26 15:27:44,080 - main.py[line:218] - INFO: ----------
2021-04-26 15:30:02,305 - main.py[line:221] - INFO: 0.4444318483884962 0.7206515492611365 0.1255095893528292
2021-04-26 15:30:02,306 - main.py[line:217] - INFO: Epoch 80/150
2021-04-26 15:30:02,306 - main.py[line:218] - INFO: ----------
2021-04-26 15:32:23,984 - main.py[line:221] - INFO: 0.4443618609324668 0.7209330775838138 0.12578499058857662
2021-04-26 15:32:36,042 - main.py[line:226] - INFO: Testing
2021-04-26 15:32:36,042 - main.py[line:228] - INFO: 0.4454327525907721 0.713936213814238 0.11739196159349885
2021-04-26 15:32:36,042 - main.py[line:217] - INFO: Epoch 81/150
2021-04-26 15:32:36,042 - main.py[line:218] - INFO: ----------
2021-04-26 15:34:56,986 - main.py[line:221] - INFO: 0.44430787389240184 0.7211101223241188 0.1259974004188028
2021-04-26 15:34:56,987 - main.py[line:217] - INFO: Epoch 82/150
2021-04-26 15:34:56,987 - main.py[line:218] - INFO: ----------
2021-04-26 15:37:21,115 - main.py[line:221] - INFO: 0.4442146206790714 0.7215141265062675 0.12636424063255558
2021-04-26 15:37:21,115 - main.py[line:217] - INFO: Epoch 83/150
2021-04-26 15:37:21,116 - main.py[line:218] - INFO: ----------
2021-04-26 15:39:48,029 - main.py[line:221] - INFO: 0.4440854713106784 0.7220376161897415 0.12687216225175857
2021-04-26 15:39:48,030 - main.py[line:217] - INFO: Epoch 84/150
2021-04-26 15:39:48,030 - main.py[line:218] - INFO: ----------
2021-04-26 15:42:08,012 - main.py[line:221] - INFO: 0.4439994922093844 0.7222848325979134 0.12721022095646417
2021-04-26 15:42:08,012 - main.py[line:217] - INFO: Epoch 85/150
2021-04-26 15:42:08,012 - main.py[line:218] - INFO: ----------
2021-04-26 15:44:28,580 - main.py[line:221] - INFO: 0.44397714759495366 0.7224995638713717 0.12729806637387409
2021-04-26 15:44:40,552 - main.py[line:226] - INFO: Testing
2021-04-26 15:44:40,552 - main.py[line:228] - INFO: 0.4451587680812029 0.7146959456959696 0.11847740740964385
2021-04-26 15:44:40,552 - main.py[line:217] - INFO: Epoch 86/150
2021-04-26 15:44:40,552 - main.py[line:218] - INFO: ----------
2021-04-26 15:47:06,692 - main.py[line:221] - INFO: 0.44383288803539794 0.7228753933425459 0.1278651007083954
2021-04-26 15:47:06,693 - main.py[line:217] - INFO: Epoch 87/150
2021-04-26 15:47:06,693 - main.py[line:218] - INFO: ----------
2021-04-26 15:49:26,324 - main.py[line:221] - INFO: 0.4437966610487699 0.7230006883529971 0.1280074674899191
2021-04-26 15:49:26,324 - main.py[line:217] - INFO: Epoch 88/150
2021-04-26 15:49:26,324 - main.py[line:218] - INFO: ----------
2021-04-26 15:51:51,976 - main.py[line:221] - INFO: 0.4436617312826319 0.7235065890652463 0.12853761957427456
2021-04-26 15:51:51,976 - main.py[line:217] - INFO: Epoch 89/150
2021-04-26 15:51:51,976 - main.py[line:218] - INFO: ----------
2021-04-26 15:54:10,308 - main.py[line:221] - INFO: 0.4437286480191288 0.7231940314052563 0.1282747174027643
2021-04-26 15:54:10,309 - main.py[line:217] - INFO: Epoch 90/150
2021-04-26 15:54:10,309 - main.py[line:218] - INFO: ----------
2021-04-26 15:56:39,523 - main.py[line:221] - INFO: 0.44352008527680004 0.7240137925413074 0.1290939869675718
2021-04-26 15:56:52,791 - main.py[line:226] - INFO: Testing
2021-04-26 15:56:52,792 - main.py[line:228] - INFO: 0.4447856619416934 0.7157676600052207 0.11995446989589609
2021-04-26 15:56:52,792 - main.py[line:217] - INFO: Epoch 91/150
2021-04-26 15:56:52,792 - main.py[line:218] - INFO: ----------
2021-04-26 15:59:22,252 - main.py[line:221] - INFO: 0.4436018993707588 0.723675770682228 0.1287726533434871
2021-04-26 15:59:22,252 - main.py[line:217] - INFO: Epoch 92/150
2021-04-26 15:59:22,252 - main.py[line:218] - INFO: ----------
2021-04-26 16:01:48,435 - main.py[line:221] - INFO: 0.4433242192168636 0.7247016801002885 0.1298630311181307
2021-04-26 16:01:48,436 - main.py[line:217] - INFO: Epoch 93/150
2021-04-26 16:01:48,436 - main.py[line:218] - INFO: ----------
2021-04-26 16:04:13,605 - main.py[line:221] - INFO: 0.44312839503762413 0.7251409137949264 0.13063157124012947
2021-04-26 16:04:13,605 - main.py[line:217] - INFO: Epoch 94/150
2021-04-26 16:04:13,605 - main.py[line:218] - INFO: ----------
2021-04-26 16:06:33,189 - main.py[line:221] - INFO: 0.44296747291655175 0.7256234237723901 0.13126287905364475
2021-04-26 16:06:33,190 - main.py[line:217] - INFO: Epoch 95/150
2021-04-26 16:06:33,190 - main.py[line:218] - INFO: ----------
2021-04-26 16:08:51,717 - main.py[line:221] - INFO: 0.4429346153849546 0.7256690517898433 0.1313917530703006
2021-04-26 16:09:03,501 - main.py[line:226] - INFO: Testing
2021-04-26 16:09:03,502 - main.py[line:228] - INFO: 0.44457081322172826 0.7155555854766222 0.12080445678239293
2021-04-26 16:09:03,502 - main.py[line:217] - INFO: Epoch 96/150
2021-04-26 16:09:03,502 - main.py[line:218] - INFO: ----------
2021-04-26 16:11:32,313 - main.py[line:221] - INFO: 0.4429813328340958 0.7254295801420302 0.13120851473134898
2021-04-26 16:11:32,313 - main.py[line:217] - INFO: Epoch 97/150
2021-04-26 16:11:32,313 - main.py[line:218] - INFO: ----------
2021-04-26 16:14:01,277 - main.py[line:221] - INFO: 0.44289647077672506 0.7257432558793709 0.13154135210127604
2021-04-26 16:14:01,278 - main.py[line:217] - INFO: Epoch 98/150
2021-04-26 16:14:01,278 - main.py[line:218] - INFO: ----------
2021-04-26 16:16:25,276 - main.py[line:221] - INFO: 0.44281608819384255 0.7259756928440197 0.13185656172219085
2021-04-26 16:16:25,276 - main.py[line:217] - INFO: Epoch 99/150
2021-04-26 16:16:25,276 - main.py[line:218] - INFO: ----------
2021-04-26 16:18:40,510 - main.py[line:221] - INFO: 0.44275638302056913 0.7261263804992923 0.13209065059780145
2021-04-26 16:18:40,511 - main.py[line:217] - INFO: Epoch 100/150
2021-04-26 16:18:40,511 - main.py[line:218] - INFO: ----------
2021-04-26 16:21:03,843 - main.py[line:221] - INFO: 0.4427028344503467 0.7262673638668291 0.13230057414076557
2021-04-26 16:21:15,899 - main.py[line:226] - INFO: Testing
2021-04-26 16:21:15,899 - main.py[line:228] - INFO: 0.44426083537057737 0.7163653136295561 0.122030070905921
2021-04-26 16:21:15,900 - main.py[line:217] - INFO: Epoch 101/150
2021-04-26 16:21:15,900 - main.py[line:218] - INFO: ----------
2021-04-26 16:23:38,675 - main.py[line:221] - INFO: 0.44263408945166555 0.7264537568000591 0.13257003419332225
2021-04-26 16:23:38,676 - main.py[line:217] - INFO: Epoch 102/150
2021-04-26 16:23:38,676 - main.py[line:218] - INFO: ----------
2021-04-26 16:26:08,413 - main.py[line:221] - INFO: 0.44254897091291756 0.7266605204688916 0.13290361569434073
2021-04-26 16:26:08,413 - main.py[line:217] - INFO: Epoch 103/150
2021-04-26 16:26:08,413 - main.py[line:218] - INFO: ----------
2021-04-26 16:28:31,347 - main.py[line:221] - INFO: 0.44250160386925924 0.7267462000992979 0.13308922043861104
2021-04-26 16:28:31,347 - main.py[line:217] - INFO: Epoch 104/150
2021-04-26 16:28:31,347 - main.py[line:218] - INFO: ----------
2021-04-26 16:30:56,473 - main.py[line:221] - INFO: 0.4424635726525604 0.7267987513107208 0.13323822896026638
2021-04-26 16:30:56,474 - main.py[line:217] - INFO: Epoch 105/150
2021-04-26 16:30:56,474 - main.py[line:218] - INFO: ----------
2021-04-26 16:33:21,390 - main.py[line:221] - INFO: 0.4424206839782504 0.72692548588977 0.13340625391834549
2021-04-26 16:33:32,515 - main.py[line:226] - INFO: Testing
2021-04-26 16:33:32,515 - main.py[line:228] - INFO: 0.4441533334947913 0.7166704802947055 0.12245492039674655
2021-04-26 16:33:32,516 - main.py[line:217] - INFO: Epoch 106/150
2021-04-26 16:33:32,516 - main.py[line:218] - INFO: ----------
2021-04-26 16:35:54,996 - main.py[line:221] - INFO: 0.442553616365797 0.7264524446476834 0.1328854117133067
2021-04-26 16:35:54,997 - main.py[line:217] - INFO: Epoch 107/150
2021-04-26 16:35:54,997 - main.py[line:218] - INFO: ----------
2021-04-26 16:38:17,187 - main.py[line:221] - INFO: 0.4425760779502537 0.7265404152888281 0.13279738955687237
2021-04-26 16:38:17,187 - main.py[line:217] - INFO: Epoch 108/150
2021-04-26 16:38:17,187 - main.py[line:218] - INFO: ----------
2021-04-26 16:40:39,486 - main.py[line:221] - INFO: 0.44261892844391393 0.7264627776338843 0.1326294552253866
2021-04-26 16:40:39,487 - main.py[line:217] - INFO: Epoch 109/150
2021-04-26 16:40:39,487 - main.py[line:218] - INFO: ----------
2021-04-26 16:43:01,985 - main.py[line:221] - INFO: 0.4426082986327987 0.7265793879210924 0.13267111577694946
2021-04-26 16:43:01,985 - main.py[line:217] - INFO: Epoch 110/150
2021-04-26 16:43:01,985 - main.py[line:218] - INFO: ----------
2021-04-26 16:45:22,423 - main.py[line:221] - INFO: 0.44253533876399276 0.726917766813839 0.13295703443786522
2021-04-26 16:45:36,174 - main.py[line:226] - INFO: Testing
2021-04-26 16:45:36,174 - main.py[line:228] - INFO: 0.44366970008607287 0.7199796178491336 0.12436497721063833
2021-04-26 16:45:36,174 - main.py[line:217] - INFO: Epoch 111/150
2021-04-26 16:45:36,174 - main.py[line:218] - INFO: ----------
2021-04-26 16:48:05,819 - main.py[line:221] - INFO: 0.4423594112116914 0.7274832014482687 0.1336462739775337
2021-04-26 16:48:05,819 - main.py[line:217] - INFO: Epoch 112/150
2021-04-26 16:48:05,819 - main.py[line:218] - INFO: ----------
2021-04-26 16:50:23,008 - main.py[line:221] - INFO: 0.44212916995825186 0.7281591897068402 0.1345478867933645
2021-04-26 16:50:23,008 - main.py[line:217] - INFO: Epoch 113/150
2021-04-26 16:50:23,008 - main.py[line:218] - INFO: ----------
2021-04-26 16:52:40,853 - main.py[line:221] - INFO: 0.4419913665688802 0.7285075405619811 0.1350872931783652
2021-04-26 16:52:40,853 - main.py[line:217] - INFO: Epoch 114/150
2021-04-26 16:52:40,853 - main.py[line:218] - INFO: ----------
2021-04-26 16:55:03,521 - main.py[line:221] - INFO: 0.4419176049615906 0.7286902734977557 0.1353759505270996
2021-04-26 16:55:03,521 - main.py[line:217] - INFO: Epoch 115/150
2021-04-26 16:55:03,522 - main.py[line:218] - INFO: ----------
2021-04-26 16:57:28,997 - main.py[line:221] - INFO: 0.44188128666585164 0.7287665338168667 0.13551806019293322
2021-04-26 16:57:39,486 - main.py[line:226] - INFO: Testing
2021-04-26 16:57:39,486 - main.py[line:228] - INFO: 0.4435105653405028 0.7185709972500172 0.12499300732719554
2021-04-26 16:57:39,487 - main.py[line:217] - INFO: Epoch 116/150
2021-04-26 16:57:39,487 - main.py[line:218] - INFO: ----------
2021-04-26 17:00:03,908 - main.py[line:221] - INFO: 0.4418668047053668 0.7287492276761247 0.13557472332177922
2021-04-26 17:00:03,908 - main.py[line:217] - INFO: Epoch 117/150
2021-04-26 17:00:03,908 - main.py[line:218] - INFO: ----------
2021-04-26 17:02:27,494 - main.py[line:221] - INFO: 0.4418545419379806 0.7287455916530376 0.13562270202888183
2021-04-26 17:02:27,494 - main.py[line:217] - INFO: Epoch 118/150
2021-04-26 17:02:27,494 - main.py[line:218] - INFO: ----------
2021-04-26 17:04:56,053 - main.py[line:221] - INFO: 0.44183525861233564 0.7287781276871792 0.13569814633746158
2021-04-26 17:04:56,054 - main.py[line:217] - INFO: Epoch 119/150
2021-04-26 17:04:56,054 - main.py[line:218] - INFO: ----------
2021-04-26 17:07:16,890 - main.py[line:221] - INFO: 0.4418156798106494 0.7288129878602768 0.13577474330129635
2021-04-26 17:07:16,890 - main.py[line:217] - INFO: Epoch 120/150
2021-04-26 17:07:16,890 - main.py[line:218] - INFO: ----------
2021-04-26 17:09:45,948 - main.py[line:221] - INFO: 0.44181932419776765 0.7287838765730074 0.13576048584269274
2021-04-26 17:09:58,162 - main.py[line:226] - INFO: Testing
2021-04-26 17:09:58,162 - main.py[line:228] - INFO: 0.4432629880788652 0.7193786838693915 0.1259696306041992
2021-04-26 17:09:58,162 - main.py[line:217] - INFO: Epoch 121/150
2021-04-26 17:09:58,162 - main.py[line:218] - INFO: ----------
2021-04-26 17:12:19,587 - main.py[line:221] - INFO: 0.44185276301322113 0.7286947857756157 0.13562966205276128
2021-04-26 17:12:19,587 - main.py[line:217] - INFO: Epoch 122/150
2021-04-26 17:12:19,587 - main.py[line:218] - INFO: ----------
2021-04-26 17:14:43,385 - main.py[line:221] - INFO: 0.4419115670865149 0.7285400915507633 0.135399576905755
2021-04-26 17:14:43,386 - main.py[line:217] - INFO: Epoch 123/150
2021-04-26 17:14:43,386 - main.py[line:218] - INFO: ----------
2021-04-26 17:17:04,390 - main.py[line:221] - INFO: 0.4419331391616717 0.728549277925086 0.13531516327221405
2021-04-26 17:17:04,391 - main.py[line:217] - INFO: Epoch 124/150
2021-04-26 17:17:04,391 - main.py[line:218] - INFO: ----------
2021-04-26 17:19:28,401 - main.py[line:221] - INFO: 0.4418160735334705 0.7290179699820768 0.13577320299671547
2021-04-26 17:19:28,402 - main.py[line:217] - INFO: Epoch 125/150
2021-04-26 17:19:28,402 - main.py[line:218] - INFO: ----------
2021-04-26 17:21:50,568 - main.py[line:221] - INFO: 0.44162909450481924 0.7296269796903737 0.13650453942079366
2021-04-26 17:22:03,202 - main.py[line:226] - INFO: Testing
2021-04-26 17:22:03,202 - main.py[line:228] - INFO: 0.44340155190929476 0.7191719362747351 0.12542310211675778
2021-04-26 17:22:03,203 - main.py[line:217] - INFO: Epoch 126/150
2021-04-26 17:22:03,203 - main.py[line:218] - INFO: ----------
2021-04-26 17:24:28,218 - main.py[line:221] - INFO: 0.441475557796282 0.7300695959504082 0.13710484047176863
2021-04-26 17:24:28,218 - main.py[line:217] - INFO: Epoch 127/150
2021-04-26 17:24:28,218 - main.py[line:218] - INFO: ----------
2021-04-26 17:26:50,703 - main.py[line:221] - INFO: 0.44138305919495147 0.7302832441524459 0.13746639269044647
2021-04-26 17:26:50,704 - main.py[line:217] - INFO: Epoch 128/150
2021-04-26 17:26:50,704 - main.py[line:218] - INFO: ----------
2021-04-26 17:29:11,229 - main.py[line:221] - INFO: 0.4413292352070186 0.7303905876925196 0.13767674135191388
2021-04-26 17:29:11,229 - main.py[line:217] - INFO: Epoch 129/150
2021-04-26 17:29:11,229 - main.py[line:218] - INFO: ----------
2021-04-26 17:31:30,494 - main.py[line:221] - INFO: 0.44129634979943594 0.7304488566398574 0.13780524765981972
2021-04-26 17:31:30,495 - main.py[line:217] - INFO: Epoch 130/150
2021-04-26 17:31:30,495 - main.py[line:218] - INFO: ----------
2021-04-26 17:33:54,205 - main.py[line:221] - INFO: 0.4412796446470947 0.7304572028047855 0.13787052271627398
2021-04-26 17:34:06,158 - main.py[line:226] - INFO: Testing
2021-04-26 17:34:06,158 - main.py[line:228] - INFO: 0.44325800495832346 0.7185767227370514 0.1259892820270495
2021-04-26 17:34:06,158 - main.py[line:217] - INFO: Epoch 131/150
2021-04-26 17:34:06,159 - main.py[line:218] - INFO: ----------
2021-04-26 17:36:30,765 - main.py[line:221] - INFO: 0.44127230644738774 0.73043911727913 0.13789919580714327
2021-04-26 17:36:30,766 - main.py[line:217] - INFO: Epoch 132/150
2021-04-26 17:36:30,766 - main.py[line:218] - INFO: ----------
2021-04-26 17:38:51,601 - main.py[line:221] - INFO: 0.44126933764500664 0.730422199355499 0.13791079589295518
2021-04-26 17:38:51,602 - main.py[line:217] - INFO: Epoch 133/150
2021-04-26 17:38:51,602 - main.py[line:218] - INFO: ----------
2021-04-26 17:41:15,460 - main.py[line:221] - INFO: 0.4412661331820936 0.7304346798415351 0.13792331669427071
2021-04-26 17:41:15,461 - main.py[line:217] - INFO: Epoch 134/150
2021-04-26 17:41:15,461 - main.py[line:218] - INFO: ----------
2021-04-26 17:43:39,637 - main.py[line:221] - INFO: 0.4412564512994924 0.7304924554198479 0.1379611461719814
2021-04-26 17:43:39,638 - main.py[line:217] - INFO: Epoch 135/150
2021-04-26 17:43:39,638 - main.py[line:218] - INFO: ----------
2021-04-26 17:46:07,681 - main.py[line:221] - INFO: 0.4412394416768433 0.7305818661660799 0.1380276049079584
2021-04-26 17:46:19,523 - main.py[line:226] - INFO: Testing
2021-04-26 17:46:19,523 - main.py[line:228] - INFO: 0.4430749950743206 0.7191898577106042 0.12671084634470442
2021-04-26 17:46:19,523 - main.py[line:217] - INFO: Epoch 136/150
2021-04-26 17:46:19,523 - main.py[line:218] - INFO: ----------
2021-04-26 17:48:42,996 - main.py[line:221] - INFO: 0.4412165362220073 0.7306892142998436 0.13811709535433603
2021-04-26 17:48:42,997 - main.py[line:217] - INFO: Epoch 137/150
2021-04-26 17:48:42,997 - main.py[line:218] - INFO: ----------
2021-04-26 17:51:00,093 - main.py[line:221] - INFO: 0.44118882159958805 0.7308075531892908 0.13822536876250713
2021-04-26 17:51:00,093 - main.py[line:217] - INFO: Epoch 138/150
2021-04-26 17:51:00,093 - main.py[line:218] - INFO: ----------
2021-04-26 17:53:25,269 - main.py[line:221] - INFO: 0.4411561361898411 0.7309371222763275 0.13835305292929279
2021-04-26 17:53:25,269 - main.py[line:217] - INFO: Epoch 139/150
2021-04-26 17:53:25,269 - main.py[line:218] - INFO: ----------
2021-04-26 17:55:56,586 - main.py[line:221] - INFO: 0.44111522216466365 0.7310930820125119 0.13851286850135136
2021-04-26 17:55:56,586 - main.py[line:217] - INFO: Epoch 140/150
2021-04-26 17:55:56,587 - main.py[line:218] - INFO: ----------
2021-04-26 17:58:29,889 - main.py[line:221] - INFO: 0.44106300571961793 0.7312848548945453 0.138716811284325
2021-04-26 17:58:43,404 - main.py[line:226] - INFO: Testing
2021-04-26 17:58:43,405 - main.py[line:228] - INFO: 0.44309346645273734 0.7196136300762714 0.12663803162555387
2021-04-26 17:58:43,405 - main.py[line:217] - INFO: Epoch 141/150
2021-04-26 17:58:43,405 - main.py[line:218] - INFO: ----------
2021-04-26 18:01:18,229 - main.py[line:221] - INFO: 0.4409961056586671 0.7315249275780913 0.13897806886977349
2021-04-26 18:01:18,230 - main.py[line:217] - INFO: Epoch 142/150
2021-04-26 18:01:18,230 - main.py[line:218] - INFO: ----------
2021-04-26 18:03:48,855 - main.py[line:221] - INFO: 0.4409237718295421 0.731772804136417 0.1392605017740911
2021-04-26 18:03:48,855 - main.py[line:217] - INFO: Epoch 143/150
2021-04-26 18:03:48,855 - main.py[line:218] - INFO: ----------
2021-04-26 18:06:17,847 - main.py[line:221] - INFO: 0.44085911853002097 0.7319785422723131 0.13951290625826218
2021-04-26 18:06:17,848 - main.py[line:217] - INFO: Epoch 144/150
2021-04-26 18:06:17,848 - main.py[line:218] - INFO: ----------
2021-04-26 18:08:45,041 - main.py[line:221] - INFO: 0.44080482200260906 0.7321351755038242 0.13972484962966958
2021-04-26 18:08:45,042 - main.py[line:217] - INFO: Epoch 145/150
2021-04-26 18:08:45,042 - main.py[line:218] - INFO: ----------
2021-04-26 18:11:06,555 - main.py[line:221] - INFO: 0.44075635306031485 0.7322682061878456 0.13991402330541558
2021-04-26 18:11:18,276 - main.py[line:226] - INFO: Testing
2021-04-26 18:11:18,276 - main.py[line:228] - INFO: 0.4432212209037172 0.7190125520344415 0.12613433670688223
2021-04-26 18:11:18,277 - main.py[line:217] - INFO: Epoch 146/150
2021-04-26 18:11:18,277 - main.py[line:218] - INFO: ----------
2021-04-26 18:13:44,403 - main.py[line:221] - INFO: 0.44071275779592156 0.7323782045790336 0.14008415730776747
2021-04-26 18:13:44,403 - main.py[line:217] - INFO: Epoch 147/150
2021-04-26 18:13:44,403 - main.py[line:218] - INFO: ----------
2021-04-26 18:16:16,461 - main.py[line:221] - INFO: 0.44067667069864525 0.7324641533929747 0.1402249773571852
2021-04-26 18:16:16,462 - main.py[line:217] - INFO: Epoch 148/150
2021-04-26 18:16:16,462 - main.py[line:218] - INFO: ----------
2021-04-26 18:18:35,064 - main.py[line:221] - INFO: 0.4406448401523911 0.7325469989177605 0.1403491778064867
2021-04-26 18:18:35,065 - main.py[line:217] - INFO: Epoch 149/150
2021-04-26 18:18:35,065 - main.py[line:218] - INFO: ----------
2021-04-26 18:20:53,675 - main.py[line:221] - INFO: 0.4406118901763866 0.7326431169545266 0.140477736738032
2021-04-26 18:20:53,676 - main.py[line:217] - INFO: Epoch 150/150
2021-04-26 18:20:53,676 - main.py[line:218] - INFO: ----------
2021-04-26 18:23:15,077 - main.py[line:221] - INFO: 0.4405785826063958 0.7327366199409826 0.140607681101799
2021-04-26 18:23:27,615 - main.py[line:226] - INFO: Testing
2021-04-26 18:23:27,616 - main.py[line:228] - INFO: 0.44306051521575357 0.7189137467430196 0.12676792425228334
