2021-04-26 19:06:49,041 - main.py[line:217] - INFO: Epoch 1/100
2021-04-26 19:06:49,041 - main.py[line:218] - INFO: ----------
2021-04-26 19:15:59,546 - main.py[line:221] - INFO: 0.4598254242554948 0.5654742043055415 -0.005789282362522519
2021-04-26 19:15:59,548 - main.py[line:217] - INFO: Epoch 2/100
2021-04-26 19:15:59,548 - main.py[line:218] - INFO: ----------
2021-04-26 19:25:06,175 - main.py[line:221] - INFO: 0.4520118780408045 0.6030643042713608 0.028101889283706938
2021-04-26 19:25:06,175 - main.py[line:217] - INFO: Epoch 3/100
2021-04-26 19:25:06,176 - main.py[line:218] - INFO: ----------
2021-04-26 19:33:58,897 - main.py[line:221] - INFO: 0.451601775261209 0.606070168593953 0.029864662894003247
2021-04-26 19:33:58,898 - main.py[line:217] - INFO: Epoch 4/100
2021-04-26 19:33:58,898 - main.py[line:218] - INFO: ----------
2021-04-26 19:43:09,599 - main.py[line:221] - INFO: 0.45119651708159514 0.6090462899846285 0.03160504079982884
2021-04-26 19:43:09,599 - main.py[line:217] - INFO: Epoch 5/100
2021-04-26 19:43:09,599 - main.py[line:218] - INFO: ----------
2021-04-26 19:52:17,351 - main.py[line:221] - INFO: 0.45076638285008563 0.6121965852676281 0.0334505394157949
2021-04-26 19:53:03,789 - main.py[line:226] - INFO: Testing
2021-04-26 19:53:03,789 - main.py[line:228] - INFO: 0.4506949279692278 0.61623969425426 0.03494031292841859
2021-04-26 19:53:03,789 - main.py[line:217] - INFO: Epoch 6/100
2021-04-26 19:53:03,789 - main.py[line:218] - INFO: ----------
2021-04-26 20:02:29,568 - main.py[line:221] - INFO: 0.4503082592768473 0.6155597829834315 0.03541419108242427
2021-04-26 20:02:29,568 - main.py[line:217] - INFO: Epoch 7/100
2021-04-26 20:02:29,568 - main.py[line:218] - INFO: ----------
2021-04-26 20:11:29,269 - main.py[line:221] - INFO: 0.44983445401913374 0.6190428467525677 0.037442958628641665
2021-04-26 20:11:29,269 - main.py[line:217] - INFO: Epoch 8/100
2021-04-26 20:11:29,270 - main.py[line:218] - INFO: ----------
2021-04-26 20:20:05,632 - main.py[line:221] - INFO: 0.44936468586885875 0.6224645128744983 0.03945233131547432
2021-04-26 20:20:05,633 - main.py[line:217] - INFO: Epoch 9/100
2021-04-26 20:20:05,633 - main.py[line:218] - INFO: ----------
2021-04-26 20:28:24,393 - main.py[line:221] - INFO: 0.4489182636576682 0.6256754063764755 0.04135989916278837
2021-04-26 20:28:24,394 - main.py[line:217] - INFO: Epoch 10/100
2021-04-26 20:28:24,394 - main.py[line:218] - INFO: ----------
2021-04-26 20:36:32,928 - main.py[line:221] - INFO: 0.44850816245374386 0.6285644460563197 0.04311059597579525
2021-04-26 20:37:11,978 - main.py[line:226] - INFO: Testing
2021-04-26 20:37:11,978 - main.py[line:228] - INFO: 0.44854878598651626 0.631177133856191 0.044109370382847235
2021-04-26 20:37:11,979 - main.py[line:217] - INFO: Epoch 11/100
2021-04-26 20:37:11,979 - main.py[line:218] - INFO: ----------
2021-04-26 20:45:18,418 - main.py[line:221] - INFO: 0.4481394733028435 0.6311217835727054 0.04468314143509733
2021-04-26 20:45:18,419 - main.py[line:217] - INFO: Epoch 12/100
2021-04-26 20:45:18,419 - main.py[line:218] - INFO: ----------
2021-04-26 20:53:39,757 - main.py[line:221] - INFO: 0.4478117864688606 0.6333548857568161 0.046079716937949544
2021-04-26 20:53:39,757 - main.py[line:217] - INFO: Epoch 13/100
2021-04-26 20:53:39,757 - main.py[line:218] - INFO: ----------
2021-04-26 21:01:40,061 - main.py[line:221] - INFO: 0.44752220862646824 0.6352866817801535 0.04731302464535647
2021-04-26 21:01:40,061 - main.py[line:217] - INFO: Epoch 14/100
2021-04-26 21:01:40,061 - main.py[line:218] - INFO: ----------
2021-04-26 21:09:56,439 - main.py[line:221] - INFO: 0.44726711466972774 0.6369502864725417 0.04839880506763927
2021-04-26 21:09:56,439 - main.py[line:217] - INFO: Epoch 15/100
2021-04-26 21:09:56,440 - main.py[line:218] - INFO: ----------
2021-04-26 21:18:47,239 - main.py[line:221] - INFO: 0.44704282455606764 0.6383939530355229 0.04935296072913675
2021-04-26 21:19:24,656 - main.py[line:226] - INFO: Testing
2021-04-26 21:19:24,656 - main.py[line:228] - INFO: 0.4472439937621932 0.639534994958477 0.049662499234939816
2021-04-26 21:19:24,656 - main.py[line:217] - INFO: Epoch 16/100
2021-04-26 21:19:24,656 - main.py[line:218] - INFO: ----------
2021-04-26 21:27:36,895 - main.py[line:221] - INFO: 0.4468457598624901 0.6396530105102796 0.05019090137363902
2021-04-26 21:27:36,895 - main.py[line:217] - INFO: Epoch 17/100
2021-04-26 21:27:36,895 - main.py[line:218] - INFO: ----------
2021-04-26 21:36:02,328 - main.py[line:221] - INFO: 0.4466724290081436 0.640756912924405 0.05092761774068921
2021-04-26 21:36:02,328 - main.py[line:217] - INFO: Epoch 18/100
2021-04-26 21:36:02,329 - main.py[line:218] - INFO: ----------
2021-04-26 21:44:19,232 - main.py[line:221] - INFO: 0.4465194623379966 0.6417251595501327 0.05157754182007723
2021-04-26 21:44:19,232 - main.py[line:217] - INFO: Epoch 19/100
2021-04-26 21:44:19,232 - main.py[line:218] - INFO: ----------
2021-04-26 21:52:40,287 - main.py[line:221] - INFO: 0.4463837656874942 0.6425778385496052 0.05215390279044918
2021-04-26 21:52:40,288 - main.py[line:217] - INFO: Epoch 20/100
2021-04-26 21:52:40,288 - main.py[line:218] - INFO: ----------
2021-04-26 22:00:38,458 - main.py[line:221] - INFO: 0.4462626651846419 0.6433353672945511 0.052668119828447324
2021-04-26 22:01:17,886 - main.py[line:226] - INFO: Testing
2021-04-26 22:01:17,886 - main.py[line:228] - INFO: 0.4465386503622979 0.6439735290625042 0.05265766840735864
2021-04-26 22:01:17,886 - main.py[line:217] - INFO: Epoch 21/100
2021-04-26 22:01:17,886 - main.py[line:218] - INFO: ----------
2021-04-26 22:09:28,484 - main.py[line:221] - INFO: 0.4461539567714173 0.6440145283502029 0.05312959873016321
2021-04-26 22:09:28,485 - main.py[line:217] - INFO: Epoch 22/100
2021-04-26 22:09:28,485 - main.py[line:218] - INFO: ----------
2021-04-26 22:17:55,657 - main.py[line:221] - INFO: 0.4460558587951763 0.6446254064562503 0.05354593868218238
2021-04-26 22:17:55,657 - main.py[line:217] - INFO: Epoch 23/100
2021-04-26 22:17:55,657 - main.py[line:218] - INFO: ----------
2021-04-26 22:26:00,415 - main.py[line:221] - INFO: 0.44596692830044177 0.6451774761253933 0.053923291589337286
2021-04-26 22:26:00,416 - main.py[line:217] - INFO: Epoch 24/100
2021-04-26 22:26:00,416 - main.py[line:218] - INFO: ----------
2021-04-26 22:34:19,898 - main.py[line:221] - INFO: 0.44588598280814856 0.6456779227473814 0.05426669685166707
2021-04-26 22:34:19,899 - main.py[line:217] - INFO: Epoch 25/100
2021-04-26 22:34:19,899 - main.py[line:218] - INFO: ----------
2021-04-26 22:42:39,648 - main.py[line:221] - INFO: 0.4458120371269377 0.6461331569169301 0.05458035145041962
2021-04-26 22:43:18,236 - main.py[line:226] - INFO: Testing
2021-04-26 22:43:18,236 - main.py[line:228] - INFO: 0.44612573303398834 0.6465035455454053 0.05440888615112616
2021-04-26 22:43:18,237 - main.py[line:217] - INFO: Epoch 26/100
2021-04-26 22:43:18,237 - main.py[line:218] - INFO: ----------
2021-04-26 22:51:52,845 - main.py[line:221] - INFO: 0.44574425953883084 0.646548416571192 0.05486779722229651
2021-04-26 22:51:52,845 - main.py[line:217] - INFO: Epoch 27/100
2021-04-26 22:51:52,845 - main.py[line:218] - INFO: ----------
2021-04-26 23:00:21,905 - main.py[line:221] - INFO: 0.4456819398775024 0.646926077555297 0.055132057277654245
2021-04-26 23:00:21,905 - main.py[line:217] - INFO: Epoch 28/100
2021-04-26 23:00:21,905 - main.py[line:218] - INFO: ----------
2021-04-26 23:08:54,276 - main.py[line:221] - INFO: 0.44562446771159075 0.6472712914630162 0.0553757292822612
2021-04-26 23:08:54,276 - main.py[line:217] - INFO: Epoch 29/100
2021-04-26 23:08:54,276 - main.py[line:218] - INFO: ----------
2021-04-26 23:17:24,030 - main.py[line:221] - INFO: 0.4455713143714006 0.6475867955638763 0.05560106224475603
2021-04-26 23:17:24,031 - main.py[line:217] - INFO: Epoch 30/100
2021-04-26 23:17:24,031 - main.py[line:218] - INFO: ----------
2021-04-26 23:25:55,059 - main.py[line:221] - INFO: 0.44552202201878877 0.6478772299157305 0.05581000330089325
2021-04-26 23:26:37,134 - main.py[line:226] - INFO: Testing
2021-04-26 23:26:37,134 - main.py[line:228] - INFO: 0.4458596863798363 0.6480751364350585 0.055536354580967284
2021-04-26 23:26:37,134 - main.py[line:217] - INFO: Epoch 31/100
2021-04-26 23:26:37,134 - main.py[line:218] - INFO: ----------
2021-04-26 23:35:06,376 - main.py[line:221] - INFO: 0.4454761900710199 0.6481446633109919 0.05600425560995581
2021-04-26 23:35:06,377 - main.py[line:217] - INFO: Epoch 32/100
2021-04-26 23:35:06,377 - main.py[line:218] - INFO: ----------
2021-04-26 23:43:39,988 - main.py[line:221] - INFO: 0.4454334676391387 0.6483911086721602 0.056185310673789846
2021-04-26 23:43:39,989 - main.py[line:217] - INFO: Epoch 33/100
2021-04-26 23:43:39,989 - main.py[line:218] - INFO: ----------
2021-04-26 23:52:12,041 - main.py[line:221] - INFO: 0.4453935476154766 0.6486199180752545 0.056354473608975164
2021-04-26 23:52:12,042 - main.py[line:217] - INFO: Epoch 34/100
2021-04-26 23:52:12,042 - main.py[line:218] - INFO: ----------
2021-04-27 00:00:20,943 - main.py[line:221] - INFO: 0.4453561585417504 0.6488330467749845 0.05651289777767332
2021-04-27 00:00:20,944 - main.py[line:217] - INFO: Epoch 35/100
2021-04-27 00:00:20,944 - main.py[line:218] - INFO: ----------
2021-04-27 00:08:44,656 - main.py[line:221] - INFO: 0.4453210604845411 0.6490312050971874 0.05666160239887441
2021-04-27 00:09:23,751 - main.py[line:226] - INFO: Testing
2021-04-27 00:09:23,751 - main.py[line:228] - INFO: 0.4456753941332215 0.6490772569358443 0.056316964982986883
2021-04-27 00:09:23,751 - main.py[line:217] - INFO: Epoch 36/100
2021-04-27 00:09:23,751 - main.py[line:218] - INFO: ----------
2021-04-27 00:17:48,761 - main.py[line:221] - INFO: 0.4452880418443348 0.6492169248331371 0.05680148617788772
2021-04-27 00:17:48,762 - main.py[line:217] - INFO: Epoch 37/100
2021-04-27 00:17:48,762 - main.py[line:218] - INFO: ----------
2021-04-27 00:26:07,156 - main.py[line:221] - INFO: 0.44525691402561346 0.6493910663297322 0.05693334997571564
2021-04-27 00:26:07,156 - main.py[line:217] - INFO: Epoch 38/100
2021-04-27 00:26:07,156 - main.py[line:218] - INFO: ----------
2021-04-27 00:34:15,308 - main.py[line:221] - INFO: 0.4452275084086472 0.6495547821795347 0.05705790970782354
2021-04-27 00:34:15,308 - main.py[line:217] - INFO: Epoch 39/100
2021-04-27 00:34:15,308 - main.py[line:218] - INFO: ----------
2021-04-27 00:42:23,523 - main.py[line:221] - INFO: 0.44519967508469815 0.6497092784930784 0.0571758017599141
2021-04-27 00:42:23,524 - main.py[line:217] - INFO: Epoch 40/100
2021-04-27 00:42:23,524 - main.py[line:218] - INFO: ----------
2021-04-27 00:50:34,864 - main.py[line:221] - INFO: 0.445173280862399 0.6498550268232794 0.05728759148123452
2021-04-27 00:51:13,898 - main.py[line:226] - INFO: Testing
2021-04-27 00:51:13,898 - main.py[line:228] - INFO: 0.4455412708662799 0.6497644184496062 0.05688487071918302
2021-04-27 00:51:13,899 - main.py[line:217] - INFO: Epoch 41/100
2021-04-27 00:51:13,899 - main.py[line:218] - INFO: ----------
2021-04-27 00:59:45,262 - main.py[line:221] - INFO: 0.44514820513718034 0.6499934168508176 0.057393790718960114
2021-04-27 00:59:45,263 - main.py[line:217] - INFO: Epoch 42/100
2021-04-27 00:59:45,263 - main.py[line:218] - INFO: ----------
2021-04-27 01:08:15,440 - main.py[line:221] - INFO: 0.4451243410962311 0.650124588979802 0.05749485274713184
2021-04-27 01:08:15,441 - main.py[line:217] - INFO: Epoch 43/100
2021-04-27 01:08:15,441 - main.py[line:218] - INFO: ----------
2021-04-27 01:16:39,382 - main.py[line:221] - INFO: 0.44510159287897333 0.6502495417506418 0.05759118432022248
2021-04-27 01:16:39,383 - main.py[line:217] - INFO: Epoch 44/100
2021-04-27 01:16:39,383 - main.py[line:218] - INFO: ----------
2021-04-27 01:25:02,253 - main.py[line:221] - INFO: 0.4450798737744936 0.6503683970289478 0.05768315332898155
2021-04-27 01:25:02,253 - main.py[line:217] - INFO: Epoch 45/100
2021-04-27 01:25:02,253 - main.py[line:218] - INFO: ----------
2021-04-27 01:33:23,503 - main.py[line:221] - INFO: 0.44505910671180765 0.6504820415531136 0.05777108674335296
2021-04-27 01:34:08,479 - main.py[line:226] - INFO: Testing
2021-04-27 01:34:08,479 - main.py[line:228] - INFO: 0.4454400970469668 0.6502887988267025 0.05731314855589009
2021-04-27 01:34:08,480 - main.py[line:217] - INFO: Epoch 46/100
2021-04-27 01:34:08,480 - main.py[line:218] - INFO: ----------
2021-04-27 01:42:28,115 - main.py[line:221] - INFO: 0.4450392219753052 0.6505906714840866 0.057855280302507306
2021-04-27 01:42:28,115 - main.py[line:217] - INFO: Epoch 47/100
2021-04-27 01:42:28,115 - main.py[line:218] - INFO: ----------
2021-04-27 01:50:32,090 - main.py[line:221] - INFO: 0.4450201563210627 0.6506945215750044 0.057936002269573184
2021-04-27 01:50:32,090 - main.py[line:217] - INFO: Epoch 48/100
2021-04-27 01:50:32,091 - main.py[line:218] - INFO: ----------
2021-04-27 01:58:54,130 - main.py[line:221] - INFO: 0.44500185334183523 0.650794297374324 0.05801349189765592
2021-04-27 01:58:54,131 - main.py[line:217] - INFO: Epoch 49/100
2021-04-27 01:58:54,131 - main.py[line:218] - INFO: ----------
2021-04-27 02:07:26,685 - main.py[line:221] - INFO: 0.44498426144944403 0.6508898187889278 0.05808796798178806
2021-04-27 02:07:26,686 - main.py[line:217] - INFO: Epoch 50/100
2021-04-27 02:07:26,686 - main.py[line:218] - INFO: ----------
2021-04-27 02:15:52,370 - main.py[line:221] - INFO: 0.4449673341733873 0.6509819308950574 0.05815962760264237
2021-04-27 02:16:28,913 - main.py[line:226] - INFO: Testing
2021-04-27 02:16:28,914 - main.py[line:228] - INFO: 0.44536154118881816 0.6506791811510646 0.05764561545857827
2021-04-27 02:16:28,914 - main.py[line:217] - INFO: Epoch 51/100
2021-04-27 02:16:28,914 - main.py[line:218] - INFO: ----------
2021-04-27 02:25:06,157 - main.py[line:221] - INFO: 0.44495102916401247 0.6510702944195316 0.05822865035358549
2021-04-27 02:25:06,157 - main.py[line:217] - INFO: Epoch 52/100
2021-04-27 02:25:06,158 - main.py[line:218] - INFO: ----------
2021-04-27 02:33:43,179 - main.py[line:221] - INFO: 0.44493530678401993 0.6511556268740474 0.05829520430875579
2021-04-27 02:33:43,179 - main.py[line:217] - INFO: Epoch 53/100
2021-04-27 02:33:43,180 - main.py[line:218] - INFO: ----------
2021-04-27 02:42:36,821 - main.py[line:221] - INFO: 0.4449201312627201 0.6512376285952807 0.05835944114164471
2021-04-27 02:42:36,822 - main.py[line:217] - INFO: Epoch 54/100
2021-04-27 02:42:36,822 - main.py[line:218] - INFO: ----------
2021-04-27 02:51:32,711 - main.py[line:221] - INFO: 0.44490547012700293 0.6513169329847596 0.05842149853846024
2021-04-27 02:51:32,711 - main.py[line:217] - INFO: Epoch 55/100
2021-04-27 02:51:32,711 - main.py[line:218] - INFO: ----------
2021-04-27 03:00:15,877 - main.py[line:221] - INFO: 0.4448912925522942 0.6513939444124242 0.05848150718185663
2021-04-27 03:00:54,519 - main.py[line:226] - INFO: Testing
2021-04-27 03:00:54,519 - main.py[line:228] - INFO: 0.4452987590194818 0.650979599841281 0.05791128223487496
2021-04-27 03:00:54,519 - main.py[line:217] - INFO: Epoch 56/100
2021-04-27 03:00:54,519 - main.py[line:218] - INFO: ----------
2021-04-27 03:09:44,433 - main.py[line:221] - INFO: 0.44487756940298173 0.651468234022138 0.058539590582448175
2021-04-27 03:09:44,433 - main.py[line:217] - INFO: Epoch 57/100
2021-04-27 03:09:44,434 - main.py[line:218] - INFO: ----------
2021-04-27 03:18:42,274 - main.py[line:221] - INFO: 0.44486427375058596 0.6515400802814855 0.05859586288818719
2021-04-27 03:18:42,275 - main.py[line:217] - INFO: Epoch 58/100
2021-04-27 03:18:42,275 - main.py[line:218] - INFO: ----------
2021-04-27 03:27:50,067 - main.py[line:221] - INFO: 0.44485137987273404 0.6516100527447048 0.05865043312347651
2021-04-27 03:27:50,068 - main.py[line:217] - INFO: Epoch 59/100
2021-04-27 03:27:50,068 - main.py[line:218] - INFO: ----------
2021-04-27 03:36:48,458 - main.py[line:221] - INFO: 0.44483886409392 0.6516779397879648 0.0587034016327852
2021-04-27 03:36:48,459 - main.py[line:217] - INFO: Epoch 60/100
2021-04-27 03:36:48,459 - main.py[line:218] - INFO: ----------
2021-04-27 03:45:39,309 - main.py[line:221] - INFO: 0.44482670342476405 0.6517439150648141 0.058754865841389003
2021-04-27 03:46:23,480 - main.py[line:226] - INFO: Testing
2021-04-27 03:46:23,480 - main.py[line:228] - INFO: 0.4452469654856119 0.6512273836123794 0.05813042170138749
2021-04-27 03:46:23,480 - main.py[line:217] - INFO: Epoch 61/100
2021-04-27 03:46:23,480 - main.py[line:218] - INFO: ----------
2021-04-27 03:55:17,824 - main.py[line:221] - INFO: 0.4448148780671382 0.6518082081213276 0.058804909655264526
2021-04-27 03:55:17,824 - main.py[line:217] - INFO: Epoch 62/100
2021-04-27 03:55:17,825 - main.py[line:218] - INFO: ----------
2021-04-27 04:04:14,589 - main.py[line:221] - INFO: 0.44480336960140404 0.6518711056625375 0.058853611134728534
2021-04-27 04:04:14,589 - main.py[line:217] - INFO: Epoch 63/100
2021-04-27 04:04:14,590 - main.py[line:218] - INFO: ----------
2021-04-27 04:12:36,404 - main.py[line:221] - INFO: 0.44479216076482053 0.65193214529453 0.05890104343348357
2021-04-27 04:12:36,405 - main.py[line:217] - INFO: Epoch 64/100
2021-04-27 04:12:36,405 - main.py[line:218] - INFO: ----------
2021-04-27 04:20:48,170 - main.py[line:221] - INFO: 0.44478123631476274 0.6519920563000157 0.05894727114702114
2021-04-27 04:20:48,170 - main.py[line:217] - INFO: Epoch 65/100
2021-04-27 04:20:48,170 - main.py[line:218] - INFO: ----------
2021-04-27 04:29:30,615 - main.py[line:221] - INFO: 0.44477058146726434 0.6520506227809632 0.05899235692132243
2021-04-27 04:30:14,764 - main.py[line:226] - INFO: Testing
2021-04-27 04:30:14,764 - main.py[line:228] - INFO: 0.4452027211675687 0.6514310213730216 0.058317600098590106
2021-04-27 04:30:14,764 - main.py[line:217] - INFO: Epoch 66/100
2021-04-27 04:30:14,764 - main.py[line:218] - INFO: ----------
2021-04-27 04:38:58,443 - main.py[line:221] - INFO: 0.4447601827257251 0.6521078227840356 0.05903635794694939
2021-04-27 04:38:58,443 - main.py[line:217] - INFO: Epoch 67/100
2021-04-27 04:38:58,443 - main.py[line:218] - INFO: ----------
2021-04-27 04:47:39,080 - main.py[line:221] - INFO: 0.4447500266343908 0.6521637640971187 0.0590793312343556
2021-04-27 04:47:39,080 - main.py[line:217] - INFO: Epoch 68/100
2021-04-27 04:47:39,080 - main.py[line:218] - INFO: ----------
2021-04-27 04:56:17,688 - main.py[line:221] - INFO: 0.4447401004789167 0.6522182509437168 0.05912133065004199
2021-04-27 04:56:17,689 - main.py[line:217] - INFO: Epoch 69/100
2021-04-27 04:56:17,689 - main.py[line:218] - INFO: ----------
2021-04-27 05:04:26,212 - main.py[line:221] - INFO: 0.4447303918403116 0.6522715734267386 0.05916240880448709
2021-04-27 05:04:26,213 - main.py[line:217] - INFO: Epoch 70/100
2021-04-27 05:04:26,213 - main.py[line:218] - INFO: ----------
2021-04-27 05:12:44,804 - main.py[line:221] - INFO: 0.4447208889722565 0.6523239381947548 0.05920261545612948
2021-04-27 05:13:26,021 - main.py[line:226] - INFO: Testing
2021-04-27 05:13:26,022 - main.py[line:228] - INFO: 0.4451634621204086 0.6516072401676632 0.058483672415572174
2021-04-27 05:13:26,022 - main.py[line:217] - INFO: Epoch 71/100
2021-04-27 05:13:26,022 - main.py[line:218] - INFO: ----------
2021-04-27 05:22:02,105 - main.py[line:221] - INFO: 0.44471158199283584 0.6523752816718525 0.059241992469860505
2021-04-27 05:22:02,106 - main.py[line:217] - INFO: Epoch 72/100
2021-04-27 05:22:02,106 - main.py[line:218] - INFO: ----------
2021-04-27 05:30:27,149 - main.py[line:221] - INFO: 0.44470246124567475 0.6524254561267216 0.059280580751724155
2021-04-27 05:30:27,150 - main.py[line:217] - INFO: Epoch 73/100
2021-04-27 05:30:27,150 - main.py[line:218] - INFO: ----------
2021-04-27 05:38:42,217 - main.py[line:221] - INFO: 0.44469351930245377 0.6524746980708014 0.059318411777163904
2021-04-27 05:38:42,218 - main.py[line:217] - INFO: Epoch 74/100
2021-04-27 05:38:42,218 - main.py[line:218] - INFO: ----------
2021-04-27 05:46:40,667 - main.py[line:221] - INFO: 0.4446847491482962 0.6525229766687853 0.05935551526903948
2021-04-27 05:46:40,668 - main.py[line:217] - INFO: Epoch 75/100
2021-04-27 05:46:40,668 - main.py[line:218] - INFO: ----------
2021-04-27 05:54:46,998 - main.py[line:221] - INFO: 0.4446761464014522 0.6525703945467255 0.05939190980747977
2021-04-27 05:55:26,745 - main.py[line:226] - INFO: Testing
2021-04-27 05:55:26,745 - main.py[line:228] - INFO: 0.4451272286961986 0.6517640939643384 0.05863693284710647
2021-04-27 05:55:26,746 - main.py[line:217] - INFO: Epoch 76/100
2021-04-27 05:55:26,746 - main.py[line:218] - INFO: ----------
2021-04-27 06:03:51,977 - main.py[line:221] - INFO: 0.44466770874166434 0.6526168446856413 0.05942760524932322
2021-04-27 06:03:51,978 - main.py[line:217] - INFO: Epoch 77/100
2021-04-27 06:03:51,978 - main.py[line:218] - INFO: ----------
2021-04-27 06:12:19,913 - main.py[line:221] - INFO: 0.44465943525437435 0.6526624502288796 0.059462605503248
2021-04-27 06:12:19,914 - main.py[line:217] - INFO: Epoch 78/100
2021-04-27 06:12:19,914 - main.py[line:218] - INFO: ----------
2021-04-27 06:20:43,570 - main.py[line:221] - INFO: 0.4446513258619388 0.65270699366145 0.05949691093647591
2021-04-27 06:20:43,571 - main.py[line:217] - INFO: Epoch 79/100
2021-04-27 06:20:43,571 - main.py[line:218] - INFO: ----------
2021-04-27 06:29:11,539 - main.py[line:221] - INFO: 0.44464338055678476 0.6527506593280564 0.05953052161902139
2021-04-27 06:29:11,539 - main.py[line:217] - INFO: Epoch 80/100
2021-04-27 06:29:11,539 - main.py[line:218] - INFO: ----------
2021-04-27 06:37:44,439 - main.py[line:221] - INFO: 0.4446356004466811 0.6527934110110649 0.05956343290207189
2021-04-27 06:38:26,973 - main.py[line:226] - INFO: Testing
2021-04-27 06:38:26,973 - main.py[line:228] - INFO: 0.44509277495981875 0.6519193598416809 0.05878265396976401
2021-04-27 06:38:26,974 - main.py[line:217] - INFO: Epoch 81/100
2021-04-27 06:38:26,974 - main.py[line:218] - INFO: ----------
2021-04-27 06:46:47,669 - main.py[line:221] - INFO: 0.4446279862287503 0.6528352816546144 0.05959564187343058
2021-04-27 06:46:47,669 - main.py[line:217] - INFO: Epoch 82/100
2021-04-27 06:46:47,669 - main.py[line:218] - INFO: ----------
2021-04-27 06:54:56,693 - main.py[line:221] - INFO: 0.4446205377229088 0.6528760933422629 0.05962714933090285
2021-04-27 06:54:56,693 - main.py[line:217] - INFO: Epoch 83/100
2021-04-27 06:54:56,693 - main.py[line:218] - INFO: ----------
2021-04-27 07:03:28,236 - main.py[line:221] - INFO: 0.44461325370700117 0.6529161594079935 0.05965796047935212
2021-04-27 07:03:28,236 - main.py[line:217] - INFO: Epoch 84/100
2021-04-27 07:03:28,236 - main.py[line:218] - INFO: ----------
2021-04-27 07:12:22,911 - main.py[line:221] - INFO: 0.4446061328050491 0.652955055077645 0.059688081173177476
2021-04-27 07:12:22,912 - main.py[line:217] - INFO: Epoch 85/100
2021-04-27 07:12:22,912 - main.py[line:218] - INFO: ----------
2021-04-27 07:20:44,595 - main.py[line:221] - INFO: 0.44459917163254226 0.6529932390532621 0.05971752576132705
2021-04-27 07:21:19,185 - main.py[line:226] - INFO: Testing
2021-04-27 07:21:19,185 - main.py[line:228] - INFO: 0.44506050033409733 0.6520715533396074 0.05891914837231649
2021-04-27 07:21:19,185 - main.py[line:217] - INFO: Epoch 86/100
2021-04-27 07:21:19,185 - main.py[line:218] - INFO: ----------
2021-04-27 07:29:25,755 - main.py[line:221] - INFO: 0.4445923663578947 0.6530305424982535 0.05974631048212453
2021-04-27 07:29:25,755 - main.py[line:217] - INFO: Epoch 87/100
2021-04-27 07:29:25,755 - main.py[line:218] - INFO: ----------
2021-04-27 07:37:45,310 - main.py[line:221] - INFO: 0.44458571109893685 0.6530669827299174 0.05977446024548949
2021-04-27 07:37:45,310 - main.py[line:217] - INFO: Epoch 88/100
2021-04-27 07:37:45,310 - main.py[line:218] - INFO: ----------
2021-04-27 07:45:54,724 - main.py[line:221] - INFO: 0.44457919954326325 0.6531024616225507 0.05980200177892214
2021-04-27 07:45:54,725 - main.py[line:217] - INFO: Epoch 89/100
2021-04-27 07:45:54,725 - main.py[line:218] - INFO: ----------
2021-04-27 07:54:30,309 - main.py[line:221] - INFO: 0.4445728253613718 0.653137468170749 0.05982896188006215
2021-04-27 07:54:30,309 - main.py[line:217] - INFO: Epoch 90/100
2021-04-27 07:54:30,309 - main.py[line:218] - INFO: ----------
2021-04-27 08:03:14,486 - main.py[line:221] - INFO: 0.44456658255582093 0.6531717500044304 0.05985536594001173
2021-04-27 08:03:58,136 - main.py[line:226] - INFO: Testing
2021-04-27 08:03:58,136 - main.py[line:228] - INFO: 0.44503206772301573 0.6522086983035953 0.05903938609790704
2021-04-27 08:03:58,137 - main.py[line:217] - INFO: Epoch 91/100
2021-04-27 08:03:58,137 - main.py[line:218] - INFO: ----------
2021-04-27 08:12:48,185 - main.py[line:221] - INFO: 0.4445604648783293 0.6532051729781371 0.059881240408850234
2021-04-27 08:12:48,186 - main.py[line:217] - INFO: Epoch 92/100
2021-04-27 08:12:48,186 - main.py[line:218] - INFO: ----------
2021-04-27 08:21:36,163 - main.py[line:221] - INFO: 0.4445544676881985 0.653238019206093 0.05990660493567157
2021-04-27 08:21:36,164 - main.py[line:217] - INFO: Epoch 93/100
2021-04-27 08:21:36,164 - main.py[line:218] - INFO: ----------
2021-04-27 08:30:23,009 - main.py[line:221] - INFO: 0.44454858681218945 0.6532702028989794 0.05993147719105196
2021-04-27 08:30:23,009 - main.py[line:217] - INFO: Epoch 94/100
2021-04-27 08:30:23,009 - main.py[line:218] - INFO: ----------
2021-04-27 08:39:14,613 - main.py[line:221] - INFO: 0.4445428185447601 0.6533016416766608 0.05995587286622406
2021-04-27 08:39:14,614 - main.py[line:217] - INFO: Epoch 95/100
2021-04-27 08:39:14,614 - main.py[line:218] - INFO: ----------
2021-04-27 08:47:48,294 - main.py[line:221] - INFO: 0.44453715973480545 0.6533323684041246 0.05997980530640745
2021-04-27 08:48:30,614 - main.py[line:226] - INFO: Testing
2021-04-27 08:48:30,614 - main.py[line:228] - INFO: 0.4450085014893619 0.6523265658754094 0.05913903873945636
2021-04-27 08:48:30,615 - main.py[line:217] - INFO: Epoch 96/100
2021-04-27 08:48:30,615 - main.py[line:218] - INFO: ----------
2021-04-27 08:57:02,085 - main.py[line:221] - INFO: 0.4445316069518828 0.6533626506090355 0.06000328903715768
2021-04-27 08:57:02,086 - main.py[line:217] - INFO: Epoch 97/100
2021-04-27 08:57:02,086 - main.py[line:218] - INFO: ----------
2021-04-27 09:05:54,432 - main.py[line:221] - INFO: 0.44452615668723744 0.653392346558664 0.06002633891416631
2021-04-27 09:05:54,433 - main.py[line:217] - INFO: Epoch 98/100
2021-04-27 09:05:54,433 - main.py[line:218] - INFO: ----------
2021-04-27 09:14:34,881 - main.py[line:221] - INFO: 0.44452080549303813 0.6534214343844794 0.060048969534442276
2021-04-27 09:14:34,882 - main.py[line:217] - INFO: Epoch 99/100
2021-04-27 09:14:34,882 - main.py[line:218] - INFO: ----------
2021-04-27 09:23:08,585 - main.py[line:221] - INFO: 0.44451555032463036 0.6534501371534108 0.06007119378896908
2021-04-27 09:23:08,586 - main.py[line:217] - INFO: Epoch 100/100
2021-04-27 09:23:08,586 - main.py[line:218] - INFO: ----------
2021-04-27 09:32:10,043 - main.py[line:221] - INFO: 0.44451038768357076 0.6534783063708974 0.060093026486906176
2021-04-27 09:32:49,295 - main.py[line:226] - INFO: Testing
2021-04-27 09:32:49,296 - main.py[line:228] - INFO: 0.4449890798871478 0.6524262159719028 0.059221161343947726
