2021-04-27 13:24:21,413 - main.py[line:217] - INFO: Epoch 1/100
2021-04-27 13:24:21,414 - main.py[line:218] - INFO: ----------
2021-04-27 13:27:28,058 - main.py[line:221] - INFO: 0.48944241293405505 0.5232813521704737 -0.06085845785188182
2021-04-27 13:27:28,058 - main.py[line:217] - INFO: Epoch 2/100
2021-04-27 13:27:28,058 - main.py[line:218] - INFO: ----------
2021-04-27 13:30:40,507 - main.py[line:221] - INFO: 0.47423602658112995 0.5645022300522228 0.004036716699427068
2021-04-27 13:30:40,507 - main.py[line:217] - INFO: Epoch 3/100
2021-04-27 13:30:40,507 - main.py[line:218] - INFO: ----------
2021-04-27 13:33:49,605 - main.py[line:221] - INFO: 0.4702395815523572 0.5869795832946999 0.020752195911971305
2021-04-27 13:33:49,605 - main.py[line:217] - INFO: Epoch 4/100
2021-04-27 13:33:49,605 - main.py[line:218] - INFO: ----------
2021-04-27 13:37:11,200 - main.py[line:221] - INFO: 0.4695892571018432 0.591492718544157 0.023458852090673665
2021-04-27 13:37:11,200 - main.py[line:217] - INFO: Epoch 5/100
2021-04-27 13:37:11,200 - main.py[line:218] - INFO: ----------
2021-04-27 13:40:20,476 - main.py[line:221] - INFO: 0.4693464282719459 0.5932652103419565 0.024468547389591255
2021-04-27 13:40:35,705 - main.py[line:226] - INFO: Testing
2021-04-27 13:40:35,706 - main.py[line:228] - INFO: 0.47016290174377284 0.5797410470596658 0.01580047488413261
2021-04-27 13:40:35,706 - main.py[line:217] - INFO: Epoch 6/100
2021-04-27 13:40:35,706 - main.py[line:218] - INFO: ----------
2021-04-27 13:43:45,618 - main.py[line:221] - INFO: 0.4691899201769023 0.5944382609471275 0.0251190396658153
2021-04-27 13:43:45,619 - main.py[line:217] - INFO: Epoch 7/100
2021-04-27 13:43:45,619 - main.py[line:218] - INFO: ----------
2021-04-27 13:46:56,663 - main.py[line:221] - INFO: 0.46906163861092787 0.5953920898446508 0.025652052650880885
2021-04-27 13:46:56,663 - main.py[line:217] - INFO: Epoch 8/100
2021-04-27 13:46:56,663 - main.py[line:218] - INFO: ----------
2021-04-27 13:50:04,808 - main.py[line:221] - INFO: 0.46894575527980503 0.5962802591602996 0.02613342537048491
2021-04-27 13:50:04,809 - main.py[line:217] - INFO: Epoch 9/100
2021-04-27 13:50:04,809 - main.py[line:218] - INFO: ----------
2021-04-27 13:53:17,820 - main.py[line:221] - INFO: 0.4688365946257845 0.597145473214326 0.02658676368478552
2021-04-27 13:53:17,820 - main.py[line:217] - INFO: Epoch 10/100
2021-04-27 13:53:17,820 - main.py[line:218] - INFO: ----------
2021-04-27 13:56:26,007 - main.py[line:221] - INFO: 0.4687316630597269 0.5979897047839744 0.027022439338807325
2021-04-27 13:56:41,804 - main.py[line:226] - INFO: Testing
2021-04-27 13:56:41,805 - main.py[line:228] - INFO: 0.4695636687150789 0.5841972172993963 0.01830764431796339
2021-04-27 13:56:41,805 - main.py[line:217] - INFO: Epoch 11/100
2021-04-27 13:56:41,805 - main.py[line:218] - INFO: ----------
2021-04-27 13:59:55,679 - main.py[line:221] - INFO: 0.4686298818824791 0.5988045469640465 0.027444941411982837
2021-04-27 13:59:55,680 - main.py[line:217] - INFO: Epoch 12/100
2021-04-27 13:59:55,680 - main.py[line:218] - INFO: ----------
2021-04-27 14:03:08,615 - main.py[line:221] - INFO: 0.46853075718834336 0.5996090276303613 0.02785632801244653
2021-04-27 14:03:08,616 - main.py[line:217] - INFO: Epoch 13/100
2021-04-27 14:03:08,616 - main.py[line:218] - INFO: ----------
2021-04-27 14:06:18,253 - main.py[line:221] - INFO: 0.46843404286516743 0.6004083254279391 0.028257627231234372
2021-04-27 14:06:18,253 - main.py[line:217] - INFO: Epoch 14/100
2021-04-27 14:06:18,254 - main.py[line:218] - INFO: ----------
2021-04-27 14:09:24,982 - main.py[line:221] - INFO: 0.46833970210591397 0.6011858308938052 0.028648997940344367
2021-04-27 14:09:24,982 - main.py[line:217] - INFO: Epoch 15/100
2021-04-27 14:09:24,982 - main.py[line:218] - INFO: ----------
2021-04-27 14:12:34,003 - main.py[line:221] - INFO: 0.4682477953764809 0.6019373211160954 0.029030195322581442
2021-04-27 14:12:48,544 - main.py[line:226] - INFO: Testing
2021-04-27 14:12:48,544 - main.py[line:228] - INFO: 0.4690419652091511 0.5875218429108606 0.02048782931614268
2021-04-27 14:12:48,544 - main.py[line:217] - INFO: Epoch 16/100
2021-04-27 14:12:48,544 - main.py[line:218] - INFO: ----------
2021-04-27 14:16:03,283 - main.py[line:221] - INFO: 0.4681584132658019 0.6026523979755105 0.029400849698945186
2021-04-27 14:16:03,283 - main.py[line:217] - INFO: Epoch 17/100
2021-04-27 14:16:03,283 - main.py[line:218] - INFO: ----------
2021-04-27 14:19:17,578 - main.py[line:221] - INFO: 0.46807165492087116 0.6033292765831424 0.02976055603287331
2021-04-27 14:19:17,579 - main.py[line:217] - INFO: Epoch 18/100
2021-04-27 14:19:17,579 - main.py[line:218] - INFO: ----------
2021-04-27 14:22:30,877 - main.py[line:221] - INFO: 0.4679875572460743 0.6039861234783621 0.03010916740622227
2021-04-27 14:22:30,877 - main.py[line:217] - INFO: Epoch 19/100
2021-04-27 14:22:30,877 - main.py[line:218] - INFO: ----------
2021-04-27 14:25:45,808 - main.py[line:221] - INFO: 0.4679061102565477 0.6046161226220989 0.030446731143870975
2021-04-27 14:25:45,808 - main.py[line:217] - INFO: Epoch 20/100
2021-04-27 14:25:45,809 - main.py[line:218] - INFO: ----------
2021-04-27 14:29:01,064 - main.py[line:221] - INFO: 0.46782721819648626 0.6052214750734105 0.030773649748602416
2021-04-27 14:29:16,247 - main.py[line:226] - INFO: Testing
2021-04-27 14:29:16,247 - main.py[line:228] - INFO: 0.4685962353141472 0.590610967172563 0.02234860272325656
2021-04-27 14:29:16,248 - main.py[line:217] - INFO: Epoch 21/100
2021-04-27 14:29:16,248 - main.py[line:218] - INFO: ----------
2021-04-27 14:32:23,370 - main.py[line:221] - INFO: 0.46775086688250084 0.6057959422691158 0.03108998733573909
2021-04-27 14:32:23,371 - main.py[line:217] - INFO: Epoch 22/100
2021-04-27 14:32:23,371 - main.py[line:218] - INFO: ----------
2021-04-27 14:35:33,143 - main.py[line:221] - INFO: 0.46767694992267383 0.6063347154410715 0.03139618975551994
2021-04-27 14:35:33,144 - main.py[line:217] - INFO: Epoch 23/100
2021-04-27 14:35:33,144 - main.py[line:218] - INFO: ----------
2021-04-27 14:38:45,591 - main.py[line:221] - INFO: 0.4676053585322767 0.6068596346556893 0.03169271232738846
2021-04-27 14:38:45,591 - main.py[line:217] - INFO: Epoch 24/100
2021-04-27 14:38:45,591 - main.py[line:218] - INFO: ----------
2021-04-27 14:42:07,116 - main.py[line:221] - INFO: 0.4675359521817703 0.6073615915021142 0.03198014140004113
2021-04-27 14:42:07,116 - main.py[line:217] - INFO: Epoch 25/100
2021-04-27 14:42:07,117 - main.py[line:218] - INFO: ----------
2021-04-27 14:45:24,045 - main.py[line:221] - INFO: 0.4674686159713088 0.6078445360937667 0.03225895672834078
2021-04-27 14:45:39,968 - main.py[line:226] - INFO: Testing
2021-04-27 14:45:39,968 - main.py[line:228] - INFO: 0.4682177378351389 0.5934242478513256 0.02392731427235606
2021-04-27 14:45:39,968 - main.py[line:217] - INFO: Epoch 26/100
2021-04-27 14:45:39,969 - main.py[line:218] - INFO: ----------
2021-04-27 14:48:56,321 - main.py[line:221] - INFO: 0.46740325718507847 0.6083154582454771 0.032529545838110185
2021-04-27 14:48:56,321 - main.py[line:217] - INFO: Epoch 27/100
2021-04-27 14:48:56,321 - main.py[line:218] - INFO: ----------
2021-04-27 14:52:09,129 - main.py[line:221] - INFO: 0.46733978924835595 0.6087654372335978 0.032792270514031774
2021-04-27 14:52:09,129 - main.py[line:217] - INFO: Epoch 28/100
2021-04-27 14:52:09,129 - main.py[line:218] - INFO: ----------
2021-04-27 14:55:28,697 - main.py[line:221] - INFO: 0.46727809946525733 0.6092012093494114 0.033047600354740414
2021-04-27 14:55:28,697 - main.py[line:217] - INFO: Epoch 29/100
2021-04-27 14:55:28,697 - main.py[line:218] - INFO: ----------
2021-04-27 14:58:52,052 - main.py[line:221] - INFO: 0.467218126901233 0.6096219063510294 0.03329579042987951
2021-04-27 14:58:52,053 - main.py[line:217] - INFO: Epoch 30/100
2021-04-27 14:58:52,053 - main.py[line:218] - INFO: ----------
2021-04-27 15:02:08,107 - main.py[line:221] - INFO: 0.4671597243244707 0.6100281532814331 0.03353745266390029
2021-04-27 15:02:23,270 - main.py[line:226] - INFO: Testing
2021-04-27 15:02:23,270 - main.py[line:228] - INFO: 0.467891350696103 0.5952606733476477 0.02528764946674189
2021-04-27 15:02:23,271 - main.py[line:217] - INFO: Epoch 31/100
2021-04-27 15:02:23,271 - main.py[line:218] - INFO: ----------
2021-04-27 15:05:29,126 - main.py[line:221] - INFO: 0.46710289299072827 0.6104214140606071 0.03377258429791419
2021-04-27 15:05:29,127 - main.py[line:217] - INFO: Epoch 32/100
2021-04-27 15:05:29,127 - main.py[line:218] - INFO: ----------
2021-04-27 15:08:41,004 - main.py[line:221] - INFO: 0.4670475713019325 0.6107965998477866 0.03400144251226633
2021-04-27 15:08:41,005 - main.py[line:217] - INFO: Epoch 33/100
2021-04-27 15:08:41,005 - main.py[line:218] - INFO: ----------
2021-04-27 15:11:57,326 - main.py[line:221] - INFO: 0.46699365916989927 0.6111570123153622 0.03422444350482823
2021-04-27 15:11:57,326 - main.py[line:217] - INFO: Epoch 34/100
2021-04-27 15:11:57,326 - main.py[line:218] - INFO: ----------
2021-04-27 15:15:16,910 - main.py[line:221] - INFO: 0.46694111857657367 0.6115121218064565 0.03444174652508669
2021-04-27 15:15:16,911 - main.py[line:217] - INFO: Epoch 35/100
2021-04-27 15:15:16,911 - main.py[line:218] - INFO: ----------
2021-04-27 15:18:39,995 - main.py[line:221] - INFO: 0.46688992168642907 0.6118594997176721 0.034653468593837555
2021-04-27 15:18:58,389 - main.py[line:226] - INFO: Testing
2021-04-27 15:18:58,390 - main.py[line:228] - INFO: 0.4676065398827164 0.5969191822515136 0.026473925405338106
2021-04-27 15:18:58,390 - main.py[line:217] - INFO: Epoch 36/100
2021-04-27 15:18:58,390 - main.py[line:218] - INFO: ----------
2021-04-27 15:22:22,391 - main.py[line:221] - INFO: 0.4668399857866854 0.6121944156542696 0.03485995353806315
2021-04-27 15:22:22,392 - main.py[line:217] - INFO: Epoch 37/100
2021-04-27 15:22:22,392 - main.py[line:218] - INFO: ----------
2021-04-27 15:25:37,338 - main.py[line:221] - INFO: 0.4667912735651805 0.6125239866789158 0.035061357292341944
2021-04-27 15:25:37,339 - main.py[line:217] - INFO: Epoch 38/100
2021-04-27 15:25:37,339 - main.py[line:218] - INFO: ----------
2021-04-27 15:28:42,634 - main.py[line:221] - INFO: 0.46674372897217536 0.6128472559522429 0.03525791314601545
2021-04-27 15:28:42,635 - main.py[line:217] - INFO: Epoch 39/100
2021-04-27 15:28:42,635 - main.py[line:218] - INFO: ----------
2021-04-27 15:32:07,821 - main.py[line:221] - INFO: 0.4666973412499737 0.613156321336682 0.035449667041253186
2021-04-27 15:32:07,822 - main.py[line:217] - INFO: Epoch 40/100
2021-04-27 15:32:07,822 - main.py[line:218] - INFO: ----------
2021-04-27 15:35:45,957 - main.py[line:221] - INFO: 0.4666520751676561 0.6134622965027215 0.035636766017399735
2021-04-27 15:35:59,967 - main.py[line:226] - INFO: Testing
2021-04-27 15:35:59,967 - main.py[line:228] - INFO: 0.46735665631225903 0.5985618680222158 0.02751412972606493
2021-04-27 15:35:59,967 - main.py[line:217] - INFO: Epoch 41/100
2021-04-27 15:35:59,968 - main.py[line:218] - INFO: ----------
2021-04-27 15:39:16,896 - main.py[line:221] - INFO: 0.46660788340586995 0.613760832866175 0.035819406981309254
2021-04-27 15:39:16,897 - main.py[line:217] - INFO: Epoch 42/100
2021-04-27 15:39:16,897 - main.py[line:218] - INFO: ----------
2021-04-27 15:42:29,084 - main.py[line:221] - INFO: 0.4665647229265339 0.6140497873602805 0.035997769042491745
2021-04-27 15:42:29,085 - main.py[line:217] - INFO: Epoch 43/100
2021-04-27 15:42:29,085 - main.py[line:218] - INFO: ----------
2021-04-27 15:45:36,447 - main.py[line:221] - INFO: 0.4665226341835513 0.6143294698583257 0.03617168622940414
2021-04-27 15:45:36,447 - main.py[line:217] - INFO: Epoch 44/100
2021-04-27 15:45:36,448 - main.py[line:218] - INFO: ----------
2021-04-27 15:48:47,841 - main.py[line:221] - INFO: 0.4664815149646954 0.6146023109414801 0.03634158204108329
2021-04-27 15:48:47,841 - main.py[line:217] - INFO: Epoch 45/100
2021-04-27 15:48:47,842 - main.py[line:218] - INFO: ----------
2021-04-27 15:51:59,826 - main.py[line:221] - INFO: 0.46644142425196694 0.6148696773507301 0.03650721386750133
2021-04-27 15:52:15,306 - main.py[line:226] - INFO: Testing
2021-04-27 15:52:15,307 - main.py[line:228] - INFO: 0.4671371229246495 0.5996664942084674 0.02842753481879412
2021-04-27 15:52:15,307 - main.py[line:217] - INFO: Epoch 46/100
2021-04-27 15:52:15,307 - main.py[line:218] - INFO: ----------
2021-04-27 15:55:28,590 - main.py[line:221] - INFO: 0.4664022634501158 0.6151304120224382 0.0366689900916225
2021-04-27 15:55:28,590 - main.py[line:217] - INFO: Epoch 47/100
2021-04-27 15:55:28,590 - main.py[line:218] - INFO: ----------
2021-04-27 15:58:39,450 - main.py[line:221] - INFO: 0.466364108181739 0.6153830296498652 0.03682659931709997
2021-04-27 15:58:39,451 - main.py[line:217] - INFO: Epoch 48/100
2021-04-27 15:58:39,451 - main.py[line:218] - INFO: ----------
2021-04-27 16:02:06,504 - main.py[line:221] - INFO: 0.46632681188106584 0.6156307656332809 0.03698064791433964
2021-04-27 16:02:06,504 - main.py[line:217] - INFO: Epoch 49/100
2021-04-27 16:02:06,504 - main.py[line:218] - INFO: ----------
2021-04-27 16:05:27,621 - main.py[line:221] - INFO: 0.46629042036354784 0.615876911923824 0.03713094752082868
2021-04-27 16:05:27,622 - main.py[line:217] - INFO: Epoch 50/100
2021-04-27 16:05:27,622 - main.py[line:218] - INFO: ----------
2021-04-27 16:08:39,610 - main.py[line:221] - INFO: 0.4662548942102355 0.6161162155927002 0.037277661795821926
2021-04-27 16:08:55,895 - main.py[line:226] - INFO: Testing
2021-04-27 16:08:55,895 - main.py[line:228] - INFO: 0.4669448600058141 0.600835951516417 0.029227124096108947
2021-04-27 16:08:55,895 - main.py[line:217] - INFO: Epoch 51/100
2021-04-27 16:08:55,896 - main.py[line:218] - INFO: ----------
2021-04-27 16:12:06,840 - main.py[line:221] - INFO: 0.46622022549068387 0.6163515466551903 0.0374208243032933
2021-04-27 16:12:06,841 - main.py[line:217] - INFO: Epoch 52/100
2021-04-27 16:12:06,841 - main.py[line:218] - INFO: ----------
2021-04-27 16:15:29,258 - main.py[line:221] - INFO: 0.4661863822404543 0.6165841315310372 0.03756056781394046
2021-04-27 16:15:29,259 - main.py[line:217] - INFO: Epoch 53/100
2021-04-27 16:15:29,259 - main.py[line:218] - INFO: ----------
2021-04-27 16:18:59,987 - main.py[line:221] - INFO: 0.4661532588421575 0.6168125765949638 0.03769732913225887
2021-04-27 16:18:59,987 - main.py[line:217] - INFO: Epoch 54/100
2021-04-27 16:18:59,987 - main.py[line:218] - INFO: ----------
2021-04-27 16:22:21,519 - main.py[line:221] - INFO: 0.4661209122998325 0.6170341659973373 0.03783087355577086
2021-04-27 16:22:21,520 - main.py[line:217] - INFO: Epoch 55/100
2021-04-27 16:22:21,520 - main.py[line:218] - INFO: ----------
2021-04-27 16:25:41,336 - main.py[line:221] - INFO: 0.4660892754352925 0.6172495973553129 0.03796147907246139
2021-04-27 16:25:55,747 - main.py[line:226] - INFO: Testing
2021-04-27 16:25:55,747 - main.py[line:228] - INFO: 0.46677550794335065 0.6020319581368432 0.029931158297913818
2021-04-27 16:25:55,748 - main.py[line:217] - INFO: Epoch 56/100
2021-04-27 16:25:55,748 - main.py[line:218] - INFO: ----------
2021-04-27 16:29:12,144 - main.py[line:221] - INFO: 0.4660584116936333 0.6174615055304389 0.03808888438666691
2021-04-27 16:29:12,144 - main.py[line:217] - INFO: Epoch 57/100
2021-04-27 16:29:12,144 - main.py[line:218] - INFO: ----------
2021-04-27 16:32:19,832 - main.py[line:221] - INFO: 0.46602832304464814 0.6176669131714032 0.03821308200190865
2021-04-27 16:32:19,833 - main.py[line:217] - INFO: Epoch 58/100
2021-04-27 16:32:19,833 - main.py[line:218] - INFO: ----------
2021-04-27 16:35:32,304 - main.py[line:221] - INFO: 0.46599885328217144 0.6178697947953207 0.03833471725219828
2021-04-27 16:35:32,305 - main.py[line:217] - INFO: Epoch 59/100
2021-04-27 16:35:32,305 - main.py[line:218] - INFO: ----------
2021-04-27 16:38:43,564 - main.py[line:221] - INFO: 0.4659701037940502 0.6180674167190889 0.03845337218701095
2021-04-27 16:38:43,564 - main.py[line:217] - INFO: Epoch 60/100
2021-04-27 16:38:43,564 - main.py[line:218] - INFO: ----------
2021-04-27 16:42:05,527 - main.py[line:221] - INFO: 0.4659419386678681 0.6182635166300114 0.038569608243385844
2021-04-27 16:42:20,225 - main.py[line:226] - INFO: Testing
2021-04-27 16:42:20,225 - main.py[line:228] - INFO: 0.46662622966241635 0.6030427045743367 0.03055152955099838
2021-04-27 16:42:20,225 - main.py[line:217] - INFO: Epoch 61/100
2021-04-27 16:42:20,225 - main.py[line:218] - INFO: ----------
2021-04-27 16:45:33,533 - main.py[line:221] - INFO: 0.46591453014366857 0.6184528380124872 0.038682715096090114
2021-04-27 16:45:33,534 - main.py[line:217] - INFO: Epoch 62/100
2021-04-27 16:45:33,534 - main.py[line:218] - INFO: ----------
2021-04-27 16:48:53,663 - main.py[line:221] - INFO: 0.4658876820022148 0.6186362754228281 0.03879350296443851
2021-04-27 16:48:53,664 - main.py[line:217] - INFO: Epoch 63/100
2021-04-27 16:48:53,664 - main.py[line:218] - INFO: ----------
2021-04-27 16:52:17,303 - main.py[line:221] - INFO: 0.46586137391839777 0.6188170648646921 0.03890205611185937
2021-04-27 16:52:17,304 - main.py[line:217] - INFO: Epoch 64/100
2021-04-27 16:52:17,304 - main.py[line:218] - INFO: ----------
2021-04-27 16:55:33,520 - main.py[line:221] - INFO: 0.4658356818809558 0.6189947774632586 0.039008061395192306
2021-04-27 16:55:33,521 - main.py[line:217] - INFO: Epoch 65/100
2021-04-27 16:55:33,521 - main.py[line:218] - INFO: ----------
2021-04-27 16:58:46,290 - main.py[line:221] - INFO: 0.4658105174819624 0.6191689249435054 0.03911188397614607
2021-04-27 16:59:01,890 - main.py[line:226] - INFO: Testing
2021-04-27 16:59:01,890 - main.py[line:228] - INFO: 0.4664938123254405 0.6039624929892853 0.031101663950719338
2021-04-27 16:59:01,891 - main.py[line:217] - INFO: Epoch 66/100
2021-04-27 16:59:01,891 - main.py[line:218] - INFO: ----------
2021-04-27 17:02:25,532 - main.py[line:221] - INFO: 0.4657858580888255 0.6193401063692057 0.03921361757697983
2021-04-27 17:02:25,533 - main.py[line:217] - INFO: Epoch 67/100
2021-04-27 17:02:25,533 - main.py[line:218] - INFO: ----------
2021-04-27 17:05:48,201 - main.py[line:221] - INFO: 0.46576174548519783 0.6195066846480035 0.03931309016145901
2021-04-27 17:05:48,201 - main.py[line:217] - INFO: Epoch 68/100
2021-04-27 17:05:48,201 - main.py[line:218] - INFO: ----------
2021-04-27 17:09:06,592 - main.py[line:221] - INFO: 0.46573807452593563 0.6196710649852482 0.03941073580569965
2021-04-27 17:09:06,592 - main.py[line:217] - INFO: Epoch 69/100
2021-04-27 17:09:06,592 - main.py[line:218] - INFO: ----------
2021-04-27 17:12:36,036 - main.py[line:221] - INFO: 0.4657148900198507 0.6198320194527273 0.039506369959476095
2021-04-27 17:12:36,037 - main.py[line:217] - INFO: Epoch 70/100
2021-04-27 17:12:36,037 - main.py[line:218] - INFO: ----------
2021-04-27 17:15:54,942 - main.py[line:221] - INFO: 0.46569217088713183 0.6199902224036349 0.03960007986851799
2021-04-27 17:16:09,942 - main.py[line:226] - INFO: Testing
2021-04-27 17:16:09,942 - main.py[line:228] - INFO: 0.4663753163754218 0.6047996353879039 0.03159382887993778
2021-04-27 17:16:09,943 - main.py[line:217] - INFO: Epoch 71/100
2021-04-27 17:16:09,943 - main.py[line:218] - INFO: ----------
2021-04-27 17:19:33,081 - main.py[line:221] - INFO: 0.465670014196911 0.620142516643498 0.0396914654602718
2021-04-27 17:19:33,082 - main.py[line:217] - INFO: Epoch 72/100
2021-04-27 17:19:33,082 - main.py[line:218] - INFO: ----------
2021-04-27 17:22:52,460 - main.py[line:221] - INFO: 0.46564827020904553 0.6202905513994766 0.039781144627830334
2021-04-27 17:22:52,461 - main.py[line:217] - INFO: Epoch 73/100
2021-04-27 17:22:52,461 - main.py[line:218] - INFO: ----------
2021-04-27 17:26:09,421 - main.py[line:221] - INFO: 0.46562695470071 0.6204356864065519 0.039869052544014516
2021-04-27 17:26:09,421 - main.py[line:217] - INFO: Epoch 74/100
2021-04-27 17:26:09,421 - main.py[line:218] - INFO: ----------
2021-04-27 17:29:25,784 - main.py[line:221] - INFO: 0.465606134541023 0.6205781957369866 0.03995491369326276
2021-04-27 17:29:25,784 - main.py[line:217] - INFO: Epoch 75/100
2021-04-27 17:29:25,784 - main.py[line:218] - INFO: ----------
2021-04-27 17:32:39,919 - main.py[line:221] - INFO: 0.4655856944363035 0.6207183753526214 0.040039203782717414
2021-04-27 17:32:59,582 - main.py[line:226] - INFO: Testing
2021-04-27 17:32:59,582 - main.py[line:228] - INFO: 0.46626900081230915 0.6055619724770864 0.03203529697964125
2021-04-27 17:32:59,582 - main.py[line:217] - INFO: Epoch 76/100
2021-04-27 17:32:59,582 - main.py[line:218] - INFO: ----------
2021-04-27 17:36:20,149 - main.py[line:221] - INFO: 0.465565681521902 0.6208553269762511 0.0401217286565414
2021-04-27 17:36:20,149 - main.py[line:217] - INFO: Epoch 77/100
2021-04-27 17:36:20,149 - main.py[line:218] - INFO: ----------
2021-04-27 17:39:39,480 - main.py[line:221] - INFO: 0.46554606993475833 0.6209894001706887 0.04020259518353986
2021-04-27 17:39:39,481 - main.py[line:217] - INFO: Epoch 78/100
2021-04-27 17:39:39,481 - main.py[line:218] - INFO: ----------
2021-04-27 17:43:02,440 - main.py[line:221] - INFO: 0.4655267625362983 0.6211223345372167 0.04028220408957173
2021-04-27 17:43:02,441 - main.py[line:217] - INFO: Epoch 79/100
2021-04-27 17:43:02,441 - main.py[line:218] - INFO: ----------
2021-04-27 17:46:11,394 - main.py[line:221] - INFO: 0.4655078281429818 0.6212534462360397 0.040360271801825
2021-04-27 17:46:11,395 - main.py[line:217] - INFO: Epoch 80/100
2021-04-27 17:46:11,395 - main.py[line:218] - INFO: ----------
2021-04-27 17:49:31,623 - main.py[line:221] - INFO: 0.4654892444476978 0.6213812614918351 0.040436890476062026
2021-04-27 17:49:46,307 - main.py[line:226] - INFO: Testing
2021-04-27 17:49:46,307 - main.py[line:228] - INFO: 0.466172582977303 0.6062405023299324 0.032435578410746735
2021-04-27 17:49:46,307 - main.py[line:217] - INFO: Epoch 81/100
2021-04-27 17:49:46,307 - main.py[line:218] - INFO: ----------
2021-04-27 17:53:08,631 - main.py[line:221] - INFO: 0.4654710131896522 0.621506131979274 0.04051205311530792
2021-04-27 17:53:08,632 - main.py[line:217] - INFO: Epoch 82/100
2021-04-27 17:53:08,632 - main.py[line:218] - INFO: ----------
2021-04-27 17:56:27,743 - main.py[line:221] - INFO: 0.46545313417698925 0.6216288258113494 0.040585760681215555
2021-04-27 17:56:27,744 - main.py[line:217] - INFO: Epoch 83/100
2021-04-27 17:56:27,744 - main.py[line:218] - INFO: ----------
2021-04-27 17:59:39,900 - main.py[line:221] - INFO: 0.4654355896994763 0.6217484468227141 0.04065808634872725
2021-04-27 17:59:39,901 - main.py[line:217] - INFO: Epoch 84/100
2021-04-27 17:59:39,901 - main.py[line:218] - INFO: ----------
2021-04-27 18:02:50,395 - main.py[line:221] - INFO: 0.4654183843756114 0.6218679882203777 0.04072901123547734
2021-04-27 18:02:50,396 - main.py[line:217] - INFO: Epoch 85/100
2021-04-27 18:02:50,396 - main.py[line:218] - INFO: ----------
2021-04-27 18:06:18,213 - main.py[line:221] - INFO: 0.46540146945882904 0.6219837975288379 0.040798736431718274
2021-04-27 18:06:35,719 - main.py[line:226] - INFO: Testing
2021-04-27 18:06:35,719 - main.py[line:228] - INFO: 0.46608478439592166 0.6068619379502913 0.03280000474953271
2021-04-27 18:06:35,720 - main.py[line:217] - INFO: Epoch 86/100
2021-04-27 18:06:35,720 - main.py[line:218] - INFO: ----------
2021-04-27 18:09:48,458 - main.py[line:221] - INFO: 0.4653848746185011 0.6220966421906574 0.04086713977405876
2021-04-27 18:09:48,458 - main.py[line:217] - INFO: Epoch 87/100
2021-04-27 18:09:48,458 - main.py[line:218] - INFO: ----------
2021-04-27 18:13:03,287 - main.py[line:221] - INFO: 0.4653685767319591 0.6222063683418819 0.040934316709416385
2021-04-27 18:13:03,287 - main.py[line:217] - INFO: Epoch 88/100
2021-04-27 18:13:03,287 - main.py[line:218] - INFO: ----------
2021-04-27 18:16:18,253 - main.py[line:221] - INFO: 0.46535249131701995 0.6223154221847276 0.041000615568536736
2021-04-27 18:16:18,253 - main.py[line:217] - INFO: Epoch 89/100
2021-04-27 18:16:18,253 - main.py[line:218] - INFO: ----------
2021-04-27 18:19:29,962 - main.py[line:221] - INFO: 0.4653366683906768 0.6224231968113761 0.04106583029900346
2021-04-27 18:19:29,962 - main.py[line:217] - INFO: Epoch 90/100
2021-04-27 18:19:29,962 - main.py[line:218] - INFO: ----------
2021-04-27 18:22:52,664 - main.py[line:221] - INFO: 0.46532114097969035 0.6225294174456123 0.04112982489711503
2021-04-27 18:23:11,515 - main.py[line:226] - INFO: Testing
2021-04-27 18:23:11,516 - main.py[line:228] - INFO: 0.46600436969284553 0.6072078183701621 0.03313372253438207
2021-04-27 18:23:11,516 - main.py[line:217] - INFO: Epoch 91/100
2021-04-27 18:23:11,516 - main.py[line:218] - INFO: ----------
2021-04-27 18:26:23,991 - main.py[line:221] - INFO: 0.4653058355751185 0.62263214332328 0.041192902429204814
2021-04-27 18:26:23,991 - main.py[line:217] - INFO: Epoch 92/100
2021-04-27 18:26:23,991 - main.py[line:218] - INFO: ----------
2021-04-27 18:29:32,173 - main.py[line:221] - INFO: 0.4652907050979952 0.6227367499279919 0.04125525700066679
2021-04-27 18:29:32,173 - main.py[line:217] - INFO: Epoch 93/100
2021-04-27 18:29:32,173 - main.py[line:218] - INFO: ----------
2021-04-27 18:32:41,593 - main.py[line:221] - INFO: 0.4652760074486319 0.6228369984619159 0.04131582589382754
2021-04-27 18:32:41,593 - main.py[line:217] - INFO: Epoch 94/100
2021-04-27 18:32:41,593 - main.py[line:218] - INFO: ----------
2021-04-27 18:35:47,314 - main.py[line:221] - INFO: 0.4652614077222951 0.6229378923528854 0.04137598935278686
2021-04-27 18:35:47,314 - main.py[line:217] - INFO: Epoch 95/100
2021-04-27 18:35:47,314 - main.py[line:218] - INFO: ----------
2021-04-27 18:38:57,882 - main.py[line:221] - INFO: 0.465247042931547 0.6230352156950429 0.04143518283202963
2021-04-27 18:39:11,833 - main.py[line:226] - INFO: Testing
2021-04-27 18:39:11,833 - main.py[line:228] - INFO: 0.46593027746305954 0.6076900970982069 0.03344115134014802
2021-04-27 18:39:11,834 - main.py[line:217] - INFO: Epoch 96/100
2021-04-27 18:39:11,834 - main.py[line:218] - INFO: ----------
2021-04-27 18:42:18,480 - main.py[line:221] - INFO: 0.4652329285440324 0.6231312869399442 0.041493342686099055
2021-04-27 18:42:18,481 - main.py[line:217] - INFO: Epoch 97/100
2021-04-27 18:42:18,481 - main.py[line:218] - INFO: ----------
2021-04-27 18:45:36,280 - main.py[line:221] - INFO: 0.4652190466313181 0.6232261089369219 0.04155054288162097
2021-04-27 18:45:36,281 - main.py[line:217] - INFO: Epoch 98/100
2021-04-27 18:45:36,281 - main.py[line:218] - INFO: ----------
2021-04-27 18:49:04,131 - main.py[line:221] - INFO: 0.4652054643626138 0.623316597736108 0.041606506746937666
2021-04-27 18:49:04,132 - main.py[line:217] - INFO: Epoch 99/100
2021-04-27 18:49:04,132 - main.py[line:218] - INFO: ----------
2021-04-27 18:52:21,750 - main.py[line:221] - INFO: 0.4651920339788664 0.6234088794023334 0.04166184318462529
2021-04-27 18:52:21,751 - main.py[line:217] - INFO: Epoch 100/100
2021-04-27 18:52:21,751 - main.py[line:218] - INFO: ----------
2021-04-27 18:55:29,368 - main.py[line:221] - INFO: 0.4651787000687927 0.6234992621057867 0.04171678054698191
2021-04-27 18:55:44,668 - main.py[line:226] - INFO: Testing
2021-04-27 18:55:44,668 - main.py[line:228] - INFO: 0.46586166797003165 0.6083064637790102 0.033725787189139766
