2021-04-29 15:27:02,128 - fine-tune.py[line:57] - INFO: Epoch 1/100
2021-04-29 15:27:02,128 - fine-tune.py[line:58] - INFO: ----------
2021-04-29 15:27:24,699 - fine-tune.py[line:56] - INFO: Epoch 1/100
2021-04-29 15:27:24,699 - fine-tune.py[line:57] - INFO: ----------
2021-04-29 15:28:09,411 - fine-tune.py[line:60] - INFO: 0.4418702471412281 0.5512848606698831 -0.09848055225721519
2021-04-29 15:28:09,412 - fine-tune.py[line:56] - INFO: Epoch 2/100
2021-04-29 15:28:09,412 - fine-tune.py[line:57] - INFO: ----------
2021-04-29 15:28:52,341 - fine-tune.py[line:60] - INFO: 0.4289248701349962 0.5893670549344858 -0.035059485755653874
2021-04-29 15:28:52,342 - fine-tune.py[line:56] - INFO: Epoch 3/100
2021-04-29 15:28:52,342 - fine-tune.py[line:57] - INFO: ----------
2021-04-29 15:29:34,437 - fine-tune.py[line:60] - INFO: 0.4204218221448691 0.6206224546214296 0.0055719793781529026
2021-04-29 15:29:34,437 - fine-tune.py[line:56] - INFO: Epoch 4/100
2021-04-29 15:29:34,437 - fine-tune.py[line:57] - INFO: ----------
2021-04-29 15:30:16,472 - fine-tune.py[line:60] - INFO: 0.4156092270846542 0.6400906152224969 0.02820823454024235
2021-04-29 15:30:16,473 - fine-tune.py[line:56] - INFO: Epoch 5/100
2021-04-29 15:30:16,473 - fine-tune.py[line:57] - INFO: ----------
2021-04-29 15:30:58,445 - fine-tune.py[line:60] - INFO: 0.4125014074275845 0.6539338761752532 0.04268751645567492
2021-04-29 15:31:08,057 - fine-tune.py[line:65] - INFO: Testing
2021-04-29 15:31:08,057 - fine-tune.py[line:67] - INFO: 0.4107295981441014 0.6603598338135637 0.047793301642413355
2021-04-29 15:31:08,058 - fine-tune.py[line:56] - INFO: Epoch 6/100
2021-04-29 15:31:08,058 - fine-tune.py[line:57] - INFO: ----------
2021-04-29 15:31:51,095 - fine-tune.py[line:60] - INFO: 0.41030236307885937 0.664228312079266 0.052867172734091916
2021-04-29 15:31:51,096 - fine-tune.py[line:56] - INFO: Epoch 7/100
2021-04-29 15:31:51,096 - fine-tune.py[line:57] - INFO: ----------
2021-04-29 15:32:32,908 - fine-tune.py[line:60] - INFO: 0.40865975634037527 0.671857195024219 0.060435506340763445
2021-04-29 15:32:32,908 - fine-tune.py[line:56] - INFO: Epoch 8/100
2021-04-29 15:32:32,908 - fine-tune.py[line:57] - INFO: ----------
2021-04-29 15:33:14,941 - fine-tune.py[line:60] - INFO: 0.40738262358122435 0.6775712938998022 0.06629893454308433
2021-04-29 15:33:14,941 - fine-tune.py[line:56] - INFO: Epoch 9/100
2021-04-29 15:33:14,941 - fine-tune.py[line:57] - INFO: ----------
2021-04-29 15:33:58,472 - fine-tune.py[line:60] - INFO: 0.4063571926376537 0.6819926556156958 0.07099349393774901
2021-04-29 15:33:58,472 - fine-tune.py[line:56] - INFO: Epoch 10/100
2021-04-29 15:33:58,472 - fine-tune.py[line:57] - INFO: ----------
2021-04-29 15:34:40,196 - fine-tune.py[line:60] - INFO: 0.40551259819659824 0.6855371882879427 0.07485127390399016
2021-04-29 15:34:48,824 - fine-tune.py[line:65] - INFO: Testing
2021-04-29 15:34:48,824 - fine-tune.py[line:67] - INFO: 0.40469242304797803 0.6877900643523764 0.07557990356705735
2021-04-29 15:34:48,824 - fine-tune.py[line:56] - INFO: Epoch 11/100
2021-04-29 15:34:48,824 - fine-tune.py[line:57] - INFO: ----------
2021-04-29 15:35:29,412 - fine-tune.py[line:60] - INFO: 0.4048025571146397 0.6884666853534022 0.07808825595740021
2021-04-29 15:35:29,413 - fine-tune.py[line:56] - INFO: Epoch 12/100
2021-04-29 15:35:29,413 - fine-tune.py[line:57] - INFO: ----------
2021-04-29 15:36:11,061 - fine-tune.py[line:60] - INFO: 0.4041953117815411 0.6909427763510494 0.08085210562000256
2021-04-29 15:36:11,061 - fine-tune.py[line:56] - INFO: Epoch 13/100
2021-04-29 15:36:11,061 - fine-tune.py[line:57] - INFO: ----------
2021-04-29 15:36:58,824 - fine-tune.py[line:60] - INFO: 0.4036682096805363 0.6930742479917726 0.08324782308253253
2021-04-29 15:36:58,824 - fine-tune.py[line:56] - INFO: Epoch 14/100
2021-04-29 15:36:58,824 - fine-tune.py[line:57] - INFO: ----------
2021-04-29 15:37:50,760 - fine-tune.py[line:60] - INFO: 0.4032046500585054 0.6949332609249573 0.08535215169643451
2021-04-29 15:37:50,761 - fine-tune.py[line:56] - INFO: Epoch 15/100
2021-04-29 15:37:50,761 - fine-tune.py[line:57] - INFO: ----------
2021-04-29 15:38:43,279 - fine-tune.py[line:60] - INFO: 0.40279222897865175 0.6965724777150686 0.08722230439414869
2021-04-29 15:38:54,462 - fine-tune.py[line:65] - INFO: Testing
2021-04-29 15:38:54,462 - fine-tune.py[line:67] - INFO: 0.4021945399917162 0.6979206009168069 0.08695628205270889
2021-04-29 15:38:54,463 - fine-tune.py[line:56] - INFO: Epoch 16/100
2021-04-29 15:38:54,463 - fine-tune.py[line:57] - INFO: ----------
2021-04-29 15:39:44,876 - fine-tune.py[line:60] - INFO: 0.4024215337003896 0.6980300531020814 0.08890161525336648
2021-04-29 15:39:44,877 - fine-tune.py[line:56] - INFO: Epoch 17/100
2021-04-29 15:39:44,877 - fine-tune.py[line:57] - INFO: ----------
2021-04-29 15:40:32,102 - fine-tune.py[line:60] - INFO: 0.4020853220445373 0.6993361515567561 0.09042337246244314
2021-04-29 15:40:32,103 - fine-tune.py[line:56] - INFO: Epoch 18/100
2021-04-29 15:40:32,103 - fine-tune.py[line:57] - INFO: ----------
2021-04-29 15:41:19,276 - fine-tune.py[line:60] - INFO: 0.4017779515896306 0.7005147338709428 0.091813476037085
2021-04-29 15:41:19,277 - fine-tune.py[line:56] - INFO: Epoch 19/100
2021-04-29 15:41:19,277 - fine-tune.py[line:57] - INFO: ----------
2021-04-29 15:42:01,711 - fine-tune.py[line:60] - INFO: 0.40149497280110874 0.7015849348144153 0.09309232679285917
2021-04-29 15:42:01,712 - fine-tune.py[line:56] - INFO: Epoch 20/100
2021-04-29 15:42:01,712 - fine-tune.py[line:57] - INFO: ----------
2021-04-29 15:42:43,898 - fine-tune.py[line:60] - INFO: 0.4012328369144663 0.7025609738394313 0.09427617941976174
2021-04-29 15:42:53,905 - fine-tune.py[line:65] - INFO: Testing
2021-04-29 15:42:53,906 - fine-tune.py[line:67] - INFO: 0.40072837038431985 0.7035174117734467 0.09360101137698884
2021-04-29 15:42:53,906 - fine-tune.py[line:56] - INFO: Epoch 21/100
2021-04-29 15:42:53,906 - fine-tune.py[line:57] - INFO: ----------
2021-04-29 15:43:39,416 - fine-tune.py[line:60] - INFO: 0.40098868290857587 0.7034569483088295 0.09537812720156869
2021-04-29 15:43:39,417 - fine-tune.py[line:56] - INFO: Epoch 22/100
2021-04-29 15:43:39,417 - fine-tune.py[line:57] - INFO: ----------
2021-04-29 15:44:24,612 - fine-tune.py[line:60] - INFO: 0.4007601811066877 0.7042823624460481 0.09640882378220894
2021-04-29 15:44:24,612 - fine-tune.py[line:56] - INFO: Epoch 23/100
2021-04-29 15:44:24,612 - fine-tune.py[line:57] - INFO: ----------
2021-04-29 15:45:10,289 - fine-tune.py[line:60] - INFO: 0.40054541588782344 0.7050464262373739 0.09737702355867661
2021-04-29 15:45:10,289 - fine-tune.py[line:56] - INFO: Epoch 24/100
2021-04-29 15:45:10,289 - fine-tune.py[line:57] - INFO: ----------
2021-04-29 15:45:54,395 - fine-tune.py[line:60] - INFO: 0.4003427979077451 0.7057572532392047 0.09828998563325664
2021-04-29 15:45:54,395 - fine-tune.py[line:56] - INFO: Epoch 25/100
2021-04-29 15:45:54,395 - fine-tune.py[line:57] - INFO: ----------
2021-04-29 15:46:39,544 - fine-tune.py[line:60] - INFO: 0.4001509968692888 0.7064204950227706 0.09915378280319642
2021-04-29 15:46:49,260 - fine-tune.py[line:65] - INFO: Testing
2021-04-29 15:46:49,260 - fine-tune.py[line:67] - INFO: 0.39970008544581265 0.7071557156033642 0.09824675485710133
2021-04-29 15:46:49,260 - fine-tune.py[line:56] - INFO: Epoch 26/100
2021-04-29 15:46:49,260 - fine-tune.py[line:57] - INFO: ----------
2021-04-29 15:47:32,399 - fine-tune.py[line:60] - INFO: 0.3999688899135662 0.7070411921959303 0.09997353851627755
2021-04-29 15:47:32,400 - fine-tune.py[line:56] - INFO: Epoch 27/100
2021-04-29 15:47:32,400 - fine-tune.py[line:57] - INFO: ----------
2021-04-29 15:48:15,385 - fine-tune.py[line:60] - INFO: 0.39979552267955454 0.7076235317938194 0.1007536055927526
2021-04-29 15:48:15,385 - fine-tune.py[line:56] - INFO: Epoch 28/100
2021-04-29 15:48:15,385 - fine-tune.py[line:57] - INFO: ----------
2021-04-29 15:48:58,804 - fine-tune.py[line:60] - INFO: 0.3996300769925295 0.708172208641951 0.10149771424494147
2021-04-29 15:48:58,805 - fine-tune.py[line:56] - INFO: Epoch 29/100
2021-04-29 15:48:58,805 - fine-tune.py[line:57] - INFO: ----------
2021-04-29 15:49:42,062 - fine-tune.py[line:60] - INFO: 0.39947184712197126 0.708690730498186 0.10220908089684988
2021-04-29 15:49:42,062 - fine-tune.py[line:56] - INFO: Epoch 30/100
2021-04-29 15:49:42,062 - fine-tune.py[line:57] - INFO: ----------
2021-04-29 15:50:24,845 - fine-tune.py[line:60] - INFO: 0.39932021927015865 0.7091818050547125 0.10289050199780314
2021-04-29 15:50:34,346 - fine-tune.py[line:65] - INFO: Testing
2021-04-29 15:50:34,347 - fine-tune.py[line:67] - INFO: 0.3989063505525833 0.7097763637753447 0.10182464918963408
2021-04-29 15:50:34,347 - fine-tune.py[line:56] - INFO: Epoch 31/100
2021-04-29 15:50:34,347 - fine-tune.py[line:57] - INFO: ----------
2021-04-29 15:51:19,700 - fine-tune.py[line:60] - INFO: 0.3991746581993271 0.7096478872753176 0.10354441538590964
2021-04-29 15:51:19,700 - fine-tune.py[line:56] - INFO: Epoch 32/100
2021-04-29 15:51:19,700 - fine-tune.py[line:57] - INFO: ----------
2021-04-29 15:52:04,576 - fine-tune.py[line:60] - INFO: 0.39903469163108596 0.7100914231199003 0.10417297138824533
2021-04-29 15:52:04,576 - fine-tune.py[line:56] - INFO: Epoch 33/100
2021-04-29 15:52:04,576 - fine-tune.py[line:57] - INFO: ----------
2021-04-29 15:52:49,167 - fine-tune.py[line:60] - INFO: 0.3988999031765811 0.710513694258892 0.10477806538060697
2021-04-29 15:52:49,167 - fine-tune.py[line:56] - INFO: Epoch 34/100
2021-04-29 15:52:49,167 - fine-tune.py[line:57] - INFO: ----------
2021-04-29 15:53:33,003 - fine-tune.py[line:60] - INFO: 0.39876992180649284 0.7109171313703629 0.10536138572932152
2021-04-29 15:53:33,004 - fine-tune.py[line:56] - INFO: Epoch 35/100
2021-04-29 15:53:33,004 - fine-tune.py[line:57] - INFO: ----------
2021-04-29 15:54:14,258 - fine-tune.py[line:60] - INFO: 0.3986444162718561 0.711303285435995 0.10592443937045137
2021-04-29 15:54:23,091 - fine-tune.py[line:65] - INFO: Testing
2021-04-29 15:54:23,091 - fine-tune.py[line:67] - INFO: 0.3982590603697404 0.7117952897749708 0.10473715431548325
2021-04-29 15:54:23,092 - fine-tune.py[line:56] - INFO: Epoch 36/100
2021-04-29 15:54:23,092 - fine-tune.py[line:57] - INFO: ----------
2021-04-29 15:55:04,434 - fine-tune.py[line:60] - INFO: 0.39852308960698457 0.7116734799240845 0.10646857692450518
2021-04-29 15:55:04,434 - fine-tune.py[line:56] - INFO: Epoch 37/100
2021-04-29 15:55:04,434 - fine-tune.py[line:57] - INFO: ----------
2021-04-29 15:55:49,274 - fine-tune.py[line:60] - INFO: 0.39840567379602326 0.7120289863034098 0.10699501699295699
2021-04-29 15:55:49,274 - fine-tune.py[line:56] - INFO: Epoch 38/100
2021-04-29 15:55:49,274 - fine-tune.py[line:57] - INFO: ----------
2021-04-29 15:56:32,598 - fine-tune.py[line:60] - INFO: 0.3982919266294914 0.7123713220801875 0.10750486056603037
2021-04-29 15:56:32,598 - fine-tune.py[line:56] - INFO: Epoch 39/100
2021-04-29 15:56:32,598 - fine-tune.py[line:57] - INFO: ----------
2021-04-29 15:57:15,156 - fine-tune.py[line:60] - INFO: 0.39818162798752116 0.7127008712000318 0.10799910794928236
2021-04-29 15:57:15,156 - fine-tune.py[line:56] - INFO: Epoch 40/100
2021-04-29 15:57:15,156 - fine-tune.py[line:57] - INFO: ----------
2021-04-29 15:57:56,332 - fine-tune.py[line:60] - INFO: 0.3980745771011943 0.7130193533023166 0.10847867126030697
2021-04-29 15:58:05,407 - fine-tune.py[line:65] - INFO: Testing
2021-04-29 15:58:05,407 - fine-tune.py[line:67] - INFO: 0.3977126452258818 0.713428533462763 0.10719208700603211
2021-04-29 15:58:05,407 - fine-tune.py[line:56] - INFO: Epoch 41/100
2021-04-29 15:58:05,407 - fine-tune.py[line:57] - INFO: ----------
2021-04-29 15:58:49,424 - fine-tune.py[line:60] - INFO: 0.3979705906638531 0.7133269586458062 0.10894438308222021
2021-04-29 15:58:49,425 - fine-tune.py[line:56] - INFO: Epoch 42/100
2021-04-29 15:58:49,425 - fine-tune.py[line:57] - INFO: ----------
2021-04-29 15:59:30,397 - fine-tune.py[line:60] - INFO: 0.39786950056928094 0.7136243954193425 0.10939700675995179
2021-04-29 15:59:30,398 - fine-tune.py[line:56] - INFO: Epoch 43/100
2021-04-29 15:59:30,398 - fine-tune.py[line:57] - INFO: ----------
2021-04-29 16:00:11,986 - fine-tune.py[line:60] - INFO: 0.39777115265977936 0.7139123998146859 0.10983724214899393
2021-04-29 16:00:11,987 - fine-tune.py[line:56] - INFO: Epoch 44/100
2021-04-29 16:00:11,987 - fine-tune.py[line:57] - INFO: ----------
2021-04-29 16:00:53,392 - fine-tune.py[line:60] - INFO: 0.3976754039038768 0.7141915305891771 0.1102657383725909
2021-04-29 16:00:53,393 - fine-tune.py[line:56] - INFO: Epoch 45/100
2021-04-29 16:00:53,393 - fine-tune.py[line:57] - INFO: ----------
2021-04-29 16:01:38,975 - fine-tune.py[line:60] - INFO: 0.397582123525349 0.7144626371233624 0.11068308887556033
2021-04-29 16:01:48,609 - fine-tune.py[line:65] - INFO: Testing
2021-04-29 16:01:48,609 - fine-tune.py[line:67] - INFO: 0.3972402805486016 0.7148018822537828 0.10931160963685882
2021-04-29 16:01:48,609 - fine-tune.py[line:56] - INFO: Epoch 46/100
2021-04-29 16:01:48,609 - fine-tune.py[line:57] - INFO: ----------
2021-04-29 16:02:33,966 - fine-tune.py[line:60] - INFO: 0.3974911889603304 0.7147261115200483 0.11108984960991919
2021-04-29 16:02:33,967 - fine-tune.py[line:56] - INFO: Epoch 47/100
2021-04-29 16:02:33,967 - fine-tune.py[line:57] - INFO: ----------
2021-04-29 16:03:16,738 - fine-tune.py[line:60] - INFO: 0.3974024875035177 0.7149823176313096 0.11148653175006351
2021-04-29 16:03:16,738 - fine-tune.py[line:56] - INFO: Epoch 48/100
2021-04-29 16:03:16,738 - fine-tune.py[line:57] - INFO: ----------
2021-04-29 16:03:59,214 - fine-tune.py[line:60] - INFO: 0.3973159147195277 0.7152319631503617 0.11187360887453501
2021-04-29 16:03:59,215 - fine-tune.py[line:56] - INFO: Epoch 49/100
2021-04-29 16:03:59,215 - fine-tune.py[line:57] - INFO: ----------
2021-04-29 16:04:42,134 - fine-tune.py[line:60] - INFO: 0.3972313720049769 0.7154750831221541 0.11225152792968962
2021-04-29 16:04:42,134 - fine-tune.py[line:56] - INFO: Epoch 50/100
2021-04-29 16:04:42,134 - fine-tune.py[line:57] - INFO: ----------
2021-04-29 16:05:24,393 - fine-tune.py[line:60] - INFO: 0.3971487686653414 0.7157121836436734 0.11262070000023894
2021-04-29 16:05:33,876 - fine-tune.py[line:65] - INFO: Testing
2021-04-29 16:05:33,877 - fine-tune.py[line:67] - INFO: 0.3968246834770631 0.7159805107856687 0.11117433035373159
2021-04-29 16:05:33,877 - fine-tune.py[line:56] - INFO: Epoch 51/100
2021-04-29 16:05:33,877 - fine-tune.py[line:57] - INFO: ----------
2021-04-29 16:06:16,913 - fine-tune.py[line:60] - INFO: 0.3970680191388244 0.715943758792954 0.11298151277048152
2021-04-29 16:06:16,913 - fine-tune.py[line:56] - INFO: Epoch 52/100
2021-04-29 16:06:16,913 - fine-tune.py[line:57] - INFO: ----------
2021-04-29 16:07:01,080 - fine-tune.py[line:60] - INFO: 0.396989044393234 0.7161703534704358 0.11333432432665425
2021-04-29 16:07:01,080 - fine-tune.py[line:56] - INFO: Epoch 53/100
2021-04-29 16:07:01,080 - fine-tune.py[line:57] - INFO: ----------
2021-04-29 16:07:44,336 - fine-tune.py[line:60] - INFO: 0.39691176933948463 0.7163915612620868 0.11367947475427709
2021-04-29 16:07:44,337 - fine-tune.py[line:56] - INFO: Epoch 54/100
2021-04-29 16:07:44,337 - fine-tune.py[line:57] - INFO: ----------
2021-04-29 16:08:27,553 - fine-tune.py[line:60] - INFO: 0.3968361237347839 0.7166078714961837 0.11401728213742757
2021-04-29 16:08:27,553 - fine-tune.py[line:56] - INFO: Epoch 55/100
2021-04-29 16:08:27,553 - fine-tune.py[line:57] - INFO: ----------
2021-04-29 16:09:10,948 - fine-tune.py[line:60] - INFO: 0.39676204191199765 0.7168195240561314 0.11434804380121011
2021-04-29 16:09:20,168 - fine-tune.py[line:65] - INFO: Testing
2021-04-29 16:09:20,168 - fine-tune.py[line:67] - INFO: 0.39645400283775906 0.7170164282403596 0.11283408892824665
2021-04-29 16:09:20,169 - fine-tune.py[line:56] - INFO: Epoch 56/100
2021-04-29 16:09:20,169 - fine-tune.py[line:57] - INFO: ----------
2021-04-29 16:10:03,180 - fine-tune.py[line:60] - INFO: 0.39668946201827054 0.7170268376506572 0.11467203974152185
2021-04-29 16:10:03,180 - fine-tune.py[line:56] - INFO: Epoch 57/100
2021-04-29 16:10:03,180 - fine-tune.py[line:57] - INFO: ----------
2021-04-29 16:10:45,779 - fine-tune.py[line:60] - INFO: 0.39661832602423486 0.7172303434059045 0.1149895326105339
2021-04-29 16:10:45,779 - fine-tune.py[line:56] - INFO: Epoch 58/100
2021-04-29 16:10:45,780 - fine-tune.py[line:57] - INFO: ----------
2021-04-29 16:11:27,857 - fine-tune.py[line:60] - INFO: 0.3965485783964934 0.7174293660509159 0.115300773665313
2021-04-29 16:11:27,857 - fine-tune.py[line:56] - INFO: Epoch 59/100
2021-04-29 16:11:27,857 - fine-tune.py[line:57] - INFO: ----------
2021-04-29 16:12:12,536 - fine-tune.py[line:60] - INFO: 0.3964801677447803 0.7176247339227465 0.11560599543830707
2021-04-29 16:12:12,536 - fine-tune.py[line:56] - INFO: Epoch 60/100
2021-04-29 16:12:12,536 - fine-tune.py[line:57] - INFO: ----------
2021-04-29 16:12:57,192 - fine-tune.py[line:60] - INFO: 0.3964130449984501 0.7178160249125134 0.11590541989521475
2021-04-29 16:13:07,129 - fine-tune.py[line:65] - INFO: Testing
2021-04-29 16:13:07,129 - fine-tune.py[line:67] - INFO: 0.39611974220881924 0.7179453885147842 0.11432944335049544
2021-04-29 16:13:07,129 - fine-tune.py[line:56] - INFO: Epoch 61/100
2021-04-29 16:13:07,130 - fine-tune.py[line:57] - INFO: ----------
2021-04-29 16:13:51,938 - fine-tune.py[line:60] - INFO: 0.3963471638722246 0.7180041509530037 0.11619925637406059
2021-04-29 16:13:51,939 - fine-tune.py[line:56] - INFO: Epoch 62/100
2021-04-29 16:13:51,939 - fine-tune.py[line:57] - INFO: ----------
2021-04-29 16:14:36,396 - fine-tune.py[line:60] - INFO: 0.3962824802519846 0.7181889700264684 0.11648770434106359
2021-04-29 16:14:36,397 - fine-tune.py[line:56] - INFO: Epoch 63/100
2021-04-29 16:14:36,397 - fine-tune.py[line:57] - INFO: ----------
2021-04-29 16:15:20,000 - fine-tune.py[line:60] - INFO: 0.3962189526231332 0.7183705106314526 0.1167709514949774
2021-04-29 16:15:20,000 - fine-tune.py[line:56] - INFO: Epoch 64/100
2021-04-29 16:15:20,000 - fine-tune.py[line:57] - INFO: ----------
2021-04-29 16:16:03,147 - fine-tune.py[line:60] - INFO: 0.39615654183251614 0.7185490145099612 0.11704917484331312
2021-04-29 16:16:03,148 - fine-tune.py[line:56] - INFO: Epoch 65/100
2021-04-29 16:16:03,148 - fine-tune.py[line:57] - INFO: ----------
2021-04-29 16:16:48,045 - fine-tune.py[line:60] - INFO: 0.39609521018567545 0.7187245062161757 0.11732254473923742
2021-04-29 16:16:56,847 - fine-tune.py[line:65] - INFO: Testing
2021-04-29 16:16:56,848 - fine-tune.py[line:67] - INFO: 0.3958156045614685 0.718788816394833 0.11568894312933287
2021-04-29 16:16:56,848 - fine-tune.py[line:56] - INFO: Epoch 66/100
2021-04-29 16:16:56,848 - fine-tune.py[line:57] - INFO: ----------
2021-04-29 16:17:37,997 - fine-tune.py[line:60] - INFO: 0.3960349223304776 0.7188972728832617 0.11759122095371533
2021-04-29 16:17:37,997 - fine-tune.py[line:56] - INFO: Epoch 67/100
2021-04-29 16:17:37,997 - fine-tune.py[line:57] - INFO: ----------
2021-04-29 16:18:19,688 - fine-tune.py[line:60] - INFO: 0.3959756444784834 0.7190669619140043 0.11785535615704601
2021-04-29 16:18:19,688 - fine-tune.py[line:56] - INFO: Epoch 68/100
2021-04-29 16:18:19,688 - fine-tune.py[line:57] - INFO: ----------
2021-04-29 16:19:02,694 - fine-tune.py[line:60] - INFO: 0.39591734414017465 0.7192340831432428 0.1181150971076087
2021-04-29 16:19:02,695 - fine-tune.py[line:56] - INFO: Epoch 69/100
2021-04-29 16:19:02,695 - fine-tune.py[line:57] - INFO: ----------
2021-04-29 16:19:45,668 - fine-tune.py[line:60] - INFO: 0.3958599911703227 0.7193990370787893 0.11837058000350076
2021-04-29 16:19:45,669 - fine-tune.py[line:56] - INFO: Epoch 70/100
2021-04-29 16:19:45,669 - fine-tune.py[line:57] - INFO: ----------
2021-04-29 16:20:27,817 - fine-tune.py[line:60] - INFO: 0.39580355578339815 0.7195613482699182 0.11862193933209297
2021-04-29 16:20:36,934 - fine-tune.py[line:65] - INFO: Testing
2021-04-29 16:20:36,934 - fine-tune.py[line:67] - INFO: 0.3955367994057236 0.719557093397788 0.11693428892322666
2021-04-29 16:20:36,935 - fine-tune.py[line:56] - INFO: Epoch 71/100
2021-04-29 16:20:36,935 - fine-tune.py[line:57] - INFO: ----------
2021-04-29 16:21:21,486 - fine-tune.py[line:60] - INFO: 0.39574801086307865 0.7197211482229596 0.11886929759010334
2021-04-29 16:21:21,487 - fine-tune.py[line:56] - INFO: Epoch 72/100
2021-04-29 16:21:21,487 - fine-tune.py[line:57] - INFO: ----------
2021-04-29 16:22:03,437 - fine-tune.py[line:60] - INFO: 0.3956933293251547 0.7198786288694179 0.11911277703616319
2021-04-29 16:22:03,438 - fine-tune.py[line:56] - INFO: Epoch 73/100
2021-04-29 16:22:03,438 - fine-tune.py[line:57] - INFO: ----------
2021-04-29 16:22:45,769 - fine-tune.py[line:60] - INFO: 0.3956394862016672 0.7200334765807409 0.119352490415495
2021-04-29 16:22:45,770 - fine-tune.py[line:56] - INFO: Epoch 74/100
2021-04-29 16:22:45,770 - fine-tune.py[line:57] - INFO: ----------
2021-04-29 16:23:27,416 - fine-tune.py[line:60] - INFO: 0.3955864565277377 0.7201862239079988 0.11958855037489369
2021-04-29 16:23:27,416 - fine-tune.py[line:56] - INFO: Epoch 75/100
2021-04-29 16:23:27,416 - fine-tune.py[line:57] - INFO: ----------
2021-04-29 16:24:09,750 - fine-tune.py[line:60] - INFO: 0.3955342177143737 0.7203366477984499 0.11982105890469175
2021-04-29 16:24:19,078 - fine-tune.py[line:65] - INFO: Testing
2021-04-29 16:24:19,078 - fine-tune.py[line:67] - INFO: 0.39527959918135686 0.72026666585243 0.11808235329927419
2021-04-29 16:24:19,078 - fine-tune.py[line:56] - INFO: Epoch 76/100
2021-04-29 16:24:19,078 - fine-tune.py[line:57] - INFO: ----------
2021-04-29 16:25:03,857 - fine-tune.py[line:60] - INFO: 0.39548274733786626 0.720485344615124 0.12005011718507574
2021-04-29 16:25:03,858 - fine-tune.py[line:56] - INFO: Epoch 77/100
2021-04-29 16:25:03,858 - fine-tune.py[line:57] - INFO: ----------
2021-04-29 16:25:45,953 - fine-tune.py[line:60] - INFO: 0.3954320243846048 0.7206317832112263 0.12027582004982185
2021-04-29 16:25:45,953 - fine-tune.py[line:56] - INFO: Epoch 78/100
2021-04-29 16:25:45,953 - fine-tune.py[line:57] - INFO: ----------
2021-04-29 16:26:28,262 - fine-tune.py[line:60] - INFO: 0.39538202796609573 0.7207764129138159 0.12049826170888789
2021-04-29 16:26:28,263 - fine-tune.py[line:56] - INFO: Epoch 79/100
2021-04-29 16:26:28,263 - fine-tune.py[line:57] - INFO: ----------
2021-04-29 16:27:13,069 - fine-tune.py[line:60] - INFO: 0.3953327390515145 0.7209190255389568 0.1207175280435635
2021-04-29 16:27:13,069 - fine-tune.py[line:56] - INFO: Epoch 80/100
2021-04-29 16:27:13,069 - fine-tune.py[line:57] - INFO: ----------
2021-04-29 16:27:57,046 - fine-tune.py[line:60] - INFO: 0.3952841385350729 0.7210595487457773 0.1209337052091366
2021-04-29 16:28:05,924 - fine-tune.py[line:65] - INFO: Testing
2021-04-29 16:28:05,924 - fine-tune.py[line:67] - INFO: 0.39504105055747823 0.7209248058454181 0.1191464950353428
2021-04-29 16:28:05,924 - fine-tune.py[line:56] - INFO: Epoch 81/100
2021-04-29 16:28:05,924 - fine-tune.py[line:57] - INFO: ----------
2021-04-29 16:28:47,804 - fine-tune.py[line:60] - INFO: 0.39523620858279906 0.7211982028610714 0.12114687364674626
2021-04-29 16:28:47,804 - fine-tune.py[line:56] - INFO: Epoch 82/100
2021-04-29 16:28:47,804 - fine-tune.py[line:57] - INFO: ----------
2021-04-29 16:29:30,108 - fine-tune.py[line:60] - INFO: 0.395188931503214 0.7213353477512483 0.12135711310998576
2021-04-29 16:29:30,109 - fine-tune.py[line:56] - INFO: Epoch 83/100
2021-04-29 16:29:30,109 - fine-tune.py[line:57] - INFO: ----------
2021-04-29 16:30:12,736 - fine-tune.py[line:60] - INFO: 0.39514229132004114 0.7214703723909834 0.12156449567406358
2021-04-29 16:30:12,736 - fine-tune.py[line:56] - INFO: Epoch 84/100
2021-04-29 16:30:12,736 - fine-tune.py[line:57] - INFO: ----------
2021-04-29 16:30:56,588 - fine-tune.py[line:60] - INFO: 0.39509627159578986 0.7216038690337334 0.1217690954171261
2021-04-29 16:30:56,588 - fine-tune.py[line:56] - INFO: Epoch 85/100
2021-04-29 16:30:56,588 - fine-tune.py[line:57] - INFO: ----------
2021-04-29 16:31:42,258 - fine-tune.py[line:60] - INFO: 0.3950508572699129 0.7217354204236283 0.12197098024933262
2021-04-29 16:31:52,119 - fine-tune.py[line:65] - INFO: Testing
2021-04-29 16:31:52,119 - fine-tune.py[line:67] - INFO: 0.3948187729377883 0.721541798543924 0.12013747527106244
2021-04-29 16:31:52,120 - fine-tune.py[line:56] - INFO: Epoch 86/100
2021-04-29 16:31:52,120 - fine-tune.py[line:57] - INFO: ----------
2021-04-29 16:32:37,665 - fine-tune.py[line:60] - INFO: 0.3950060330625199 0.7218658390170127 0.12217021901238079
2021-04-29 16:32:37,666 - fine-tune.py[line:56] - INFO: Epoch 87/100
2021-04-29 16:32:37,666 - fine-tune.py[line:57] - INFO: ----------
2021-04-29 16:33:19,035 - fine-tune.py[line:60] - INFO: 0.3949617849056383 0.7219945771874989 0.12236687511924549
2021-04-29 16:33:19,036 - fine-tune.py[line:56] - INFO: Epoch 88/100
2021-04-29 16:33:19,036 - fine-tune.py[line:57] - INFO: ----------
2021-04-29 16:34:00,898 - fine-tune.py[line:60] - INFO: 0.3949180993188472 0.7221212782076482 0.1225610093326246
2021-04-29 16:34:00,898 - fine-tune.py[line:56] - INFO: Epoch 89/100
2021-04-29 16:34:00,898 - fine-tune.py[line:57] - INFO: ----------
2021-04-29 16:34:46,540 - fine-tune.py[line:60] - INFO: 0.39487496264895067 0.7222470574444262 0.12275268314552212
2021-04-29 16:34:46,541 - fine-tune.py[line:56] - INFO: Epoch 90/100
2021-04-29 16:34:46,541 - fine-tune.py[line:57] - INFO: ----------
2021-04-29 16:35:34,230 - fine-tune.py[line:60] - INFO: 0.3948323626462467 0.7223710574013968 0.12294195177881084
2021-04-29 16:35:42,879 - fine-tune.py[line:65] - INFO: Testing
2021-04-29 16:35:42,879 - fine-tune.py[line:67] - INFO: 0.3946108201034407 0.7221190723590318 0.12106408632835242
2021-04-29 16:35:42,879 - fine-tune.py[line:56] - INFO: Epoch 91/100
2021-04-29 16:35:42,879 - fine-tune.py[line:57] - INFO: ----------
2021-04-29 16:36:24,179 - fine-tune.py[line:60] - INFO: 0.3947902862967015 0.7224933915564621 0.12312887381532822
2021-04-29 16:36:24,179 - fine-tune.py[line:56] - INFO: Epoch 92/100
2021-04-29 16:36:24,179 - fine-tune.py[line:57] - INFO: ----------
2021-04-29 16:37:09,371 - fine-tune.py[line:60] - INFO: 0.3947487218749457 0.7226143740544518 0.12331350207993574
2021-04-29 16:37:09,371 - fine-tune.py[line:56] - INFO: Epoch 93/100
2021-04-29 16:37:09,371 - fine-tune.py[line:57] - INFO: ----------
2021-04-29 16:38:00,798 - fine-tune.py[line:60] - INFO: 0.39470765816518844 0.7227341047641802 0.12349588710339543
2021-04-29 16:38:00,799 - fine-tune.py[line:56] - INFO: Epoch 94/100
2021-04-29 16:38:00,799 - fine-tune.py[line:57] - INFO: ----------
2021-04-29 16:38:44,736 - fine-tune.py[line:60] - INFO: 0.3946670837213222 0.7228525716873471 0.12367608040994449
2021-04-29 16:38:44,736 - fine-tune.py[line:56] - INFO: Epoch 95/100
2021-04-29 16:38:44,736 - fine-tune.py[line:57] - INFO: ----------
2021-04-29 16:39:29,972 - fine-tune.py[line:60] - INFO: 0.39462698804786434 0.722969479223827 0.12385412927357897
2021-04-29 16:39:39,847 - fine-tune.py[line:65] - INFO: Testing
2021-04-29 16:39:39,847 - fine-tune.py[line:67] - INFO: 0.3944155791536823 0.7226596025490053 0.12193361053618834
2021-04-29 16:39:39,848 - fine-tune.py[line:56] - INFO: Epoch 96/100
2021-04-29 16:39:39,848 - fine-tune.py[line:57] - INFO: ----------
2021-04-29 16:40:27,549 - fine-tune.py[line:60] - INFO: 0.3945873606418466 0.7230852991484462 0.124030080974738
2021-04-29 16:40:27,549 - fine-tune.py[line:56] - INFO: Epoch 97/100
2021-04-29 16:40:27,549 - fine-tune.py[line:57] - INFO: ----------
2021-04-29 16:41:09,430 - fine-tune.py[line:60] - INFO: 0.39454819107270184 0.7231997490364935 0.12420398244619024
2021-04-29 16:41:09,430 - fine-tune.py[line:56] - INFO: Epoch 98/100
2021-04-29 16:41:09,430 - fine-tune.py[line:57] - INFO: ----------
2021-04-29 16:41:56,356 - fine-tune.py[line:60] - INFO: 0.39450947024719973 0.7233130922310453 0.12437587465862288
2021-04-29 16:41:56,356 - fine-tune.py[line:56] - INFO: Epoch 99/100
2021-04-29 16:41:56,356 - fine-tune.py[line:57] - INFO: ----------
2021-04-29 16:42:38,957 - fine-tune.py[line:60] - INFO: 0.3944711882559708 0.7234249757218645 0.12454580218251865
2021-04-29 16:42:38,957 - fine-tune.py[line:56] - INFO: Epoch 100/100
2021-04-29 16:42:38,957 - fine-tune.py[line:57] - INFO: ----------
2021-04-29 16:43:22,800 - fine-tune.py[line:60] - INFO: 0.39443333623943216 0.7235358613092858 0.12471380490552775
2021-04-29 16:43:33,150 - fine-tune.py[line:65] - INFO: Testing
2021-04-29 16:43:33,150 - fine-tune.py[line:67] - INFO: 0.39423169826338705 0.7231707506487427 0.122752148143906
