2021-05-13 14:12:37,224 - fine-tune.py[line:51] - INFO: Epoch 1/150
2021-05-13 14:12:37,224 - fine-tune.py[line:52] - INFO: ----------
2021-05-13 14:12:37,853 - fine-tune.py[line:55] - INFO: 0.4831239149217977 0.5555016181229774 -0.13189180632444675 0.5803889483213425
2021-05-13 14:12:37,853 - fine-tune.py[line:51] - INFO: Epoch 2/150
2021-05-13 14:12:37,854 - fine-tune.py[line:52] - INFO: ----------
2021-05-13 14:12:37,913 - fine-tune.py[line:55] - INFO: 0.47989401967546214 0.5648952478283087 -0.11680801009108599 0.5737190693616867
2021-05-13 14:12:37,913 - fine-tune.py[line:51] - INFO: Epoch 3/150
2021-05-13 14:12:37,913 - fine-tune.py[line:52] - INFO: ----------
2021-05-13 14:12:37,968 - fine-tune.py[line:55] - INFO: 0.47515685024945553 0.5792511213308351 -0.09486817966569072 0.5640596970915794
2021-05-13 14:12:37,969 - fine-tune.py[line:51] - INFO: Epoch 4/150
2021-05-13 14:12:37,969 - fine-tune.py[line:52] - INFO: ----------
2021-05-13 14:12:38,047 - fine-tune.py[line:55] - INFO: 0.46985939439094593 0.595767330948731 -0.07059121059552087 0.5534463599324226
2021-05-13 14:12:38,047 - fine-tune.py[line:51] - INFO: Epoch 5/150
2021-05-13 14:12:38,047 - fine-tune.py[line:52] - INFO: ----------
2021-05-13 14:12:38,126 - fine-tune.py[line:55] - INFO: 0.4644763760564619 0.6135837165729858 -0.04620093659148239 0.5428425595164299
2021-05-13 14:12:38,133 - fine-tune.py[line:60] - INFO: Testing
2021-05-13 14:12:38,133 - fine-tune.py[line:62] - INFO: 0.4884792624293407 0.5923659673659674 -0.034819596891947135 0.6734236478805542
2021-05-13 14:12:38,133 - fine-tune.py[line:51] - INFO: Epoch 6/150
2021-05-13 14:12:38,133 - fine-tune.py[line:52] - INFO: ----------
2021-05-13 14:12:38,194 - fine-tune.py[line:55] - INFO: 0.4592387473191775 0.6311871912791688 -0.022739175437562098 0.5326735600829124
2021-05-13 14:12:38,194 - fine-tune.py[line:51] - INFO: Epoch 7/150
2021-05-13 14:12:38,194 - fine-tune.py[line:52] - INFO: ----------
2021-05-13 14:12:38,266 - fine-tune.py[line:55] - INFO: 0.4542509379720769 0.6478226310111849 -0.0006438024595623038 0.5231024846434593
2021-05-13 14:12:38,266 - fine-tune.py[line:51] - INFO: Epoch 8/150
2021-05-13 14:12:38,266 - fine-tune.py[line:52] - INFO: ----------
2021-05-13 14:12:38,330 - fine-tune.py[line:55] - INFO: 0.4495519292633936 0.6632941577244081 0.01995148267835911 0.5141685828566551
2021-05-13 14:12:38,330 - fine-tune.py[line:51] - INFO: Epoch 9/150
2021-05-13 14:12:38,330 - fine-tune.py[line:52] - INFO: ----------
2021-05-13 14:12:38,393 - fine-tune.py[line:55] - INFO: 0.4451474424797661 0.6780105603815363 0.03906146511615971 0.5058549270033836
2021-05-13 14:12:38,394 - fine-tune.py[line:51] - INFO: Epoch 10/150
2021-05-13 14:12:38,394 - fine-tune.py[line:52] - INFO: ----------
2021-05-13 14:12:38,446 - fine-tune.py[line:55] - INFO: 0.4410269552797452 0.6908817350820418 0.05676889833373022 0.4981212615966797
2021-05-13 14:12:38,457 - fine-tune.py[line:60] - INFO: Testing
2021-05-13 14:12:38,458 - fine-tune.py[line:62] - INFO: 0.4780754950359518 0.6343240093240093 0.008790743721035388 0.6513662934303284
2021-05-13 14:12:38,458 - fine-tune.py[line:51] - INFO: Epoch 11/150
2021-05-13 14:12:38,458 - fine-tune.py[line:52] - INFO: ----------
2021-05-13 14:12:38,530 - fine-tune.py[line:55] - INFO: 0.4371726688768476 0.7026315789473684 0.07318330066739354 0.490919828414917
2021-05-13 14:12:38,531 - fine-tune.py[line:51] - INFO: Epoch 12/150
2021-05-13 14:12:38,531 - fine-tune.py[line:52] - INFO: ----------
2021-05-13 14:12:38,592 - fine-tune.py[line:55] - INFO: 0.4335642019617273 0.712962016692216 0.08842023188049686 0.48420220240950584
2021-05-13 14:12:38,592 - fine-tune.py[line:51] - INFO: Epoch 13/150
2021-05-13 14:12:38,592 - fine-tune.py[line:52] - INFO: ----------
2021-05-13 14:12:38,657 - fine-tune.py[line:55] - INFO: 0.43018096402453015 0.7231391585760517 0.10259141194092714 0.4779229424893856
2021-05-13 14:12:38,657 - fine-tune.py[line:51] - INFO: Epoch 14/150
2021-05-13 14:12:38,657 - fine-tune.py[line:52] - INFO: ----------
2021-05-13 14:12:38,735 - fine-tune.py[line:55] - INFO: 0.4270033223881688 0.7320047692045648 0.11580032138747498 0.47204050049185753
2021-05-13 14:12:38,735 - fine-tune.py[line:51] - INFO: Epoch 15/150
2021-05-13 14:12:38,735 - fine-tune.py[line:52] - INFO: ----------
2021-05-13 14:12:38,806 - fine-tune.py[line:55] - INFO: 0.42401308998648585 0.7404076534378017 0.1281407636187255 0.46651729196310043
2021-05-13 14:12:38,811 - fine-tune.py[line:60] - INFO: Testing
2021-05-13 14:12:38,811 - fine-tune.py[line:62] - INFO: 0.4698092786150685 0.6783216783216783 0.04277162991476713 0.6341886520385742
2021-05-13 14:12:38,811 - fine-tune.py[line:51] - INFO: Epoch 16/150
2021-05-13 14:12:38,811 - fine-tune.py[line:52] - INFO: ----------
2021-05-13 14:12:38,863 - fine-tune.py[line:55] - INFO: 0.42119370403133266 0.748092318174076 0.13969670568033488 0.46132003888487816
2021-05-13 14:12:38,864 - fine-tune.py[line:51] - INFO: Epoch 17/150
2021-05-13 14:12:38,864 - fine-tune.py[line:52] - INFO: ----------
2021-05-13 14:12:38,940 - fine-tune.py[line:55] - INFO: 0.41853019346479614 0.7554022596945438 0.15054293497196258 0.45641880482435226
2021-05-13 14:12:38,941 - fine-tune.py[line:51] - INFO: Epoch 18/150
2021-05-13 14:12:38,941 - fine-tune.py[line:52] - INFO: ----------
2021-05-13 14:12:39,005 - fine-tune.py[line:55] - INFO: 0.41600909755804744 0.7619003009140976 0.16074584366787104 0.4517872706055641
2021-05-13 14:12:39,005 - fine-tune.py[line:51] - INFO: Epoch 19/150
2021-05-13 14:12:39,005 - fine-tune.py[line:52] - INFO: ----------
2021-05-13 14:12:39,054 - fine-tune.py[line:55] - INFO: 0.4136183330025972 0.7681542042809288 0.1703643526732216 0.44740179926157
2021-05-13 14:12:39,055 - fine-tune.py[line:51] - INFO: Epoch 20/150
2021-05-13 14:12:39,055 - fine-tune.py[line:52] - INFO: ----------
2021-05-13 14:12:39,137 - fine-tune.py[line:55] - INFO: 0.411347052350264 0.7738431840118094 0.1794508054161239 0.44324131309986115
2021-05-13 14:12:39,148 - fine-tune.py[line:60] - INFO: Testing
2021-05-13 14:12:39,148 - fine-tune.py[line:62] - INFO: 0.4631968736909193 0.7051282051282052 0.0695273306890547 0.6205926537513733
2021-05-13 14:12:39,148 - fine-tune.py[line:51] - INFO: Epoch 21/150
2021-05-13 14:12:39,148 - fine-tune.py[line:52] - INFO: ----------
2021-05-13 14:12:39,218 - fine-tune.py[line:55] - INFO: 0.40918551721063967 0.7790211775393177 0.1880517464218432 0.43928707018494606
2021-05-13 14:12:39,219 - fine-tune.py[line:51] - INFO: Epoch 22/150
2021-05-13 14:12:39,219 - fine-tune.py[line:52] - INFO: ----------
2021-05-13 14:12:39,287 - fine-tune.py[line:55] - INFO: 0.40712497800488556 0.7842133651280303 0.19620862705326048 0.43552228063344955
2021-05-13 14:12:39,287 - fine-tune.py[line:51] - INFO: Epoch 23/150
2021-05-13 14:12:39,287 - fine-tune.py[line:52] - INFO: ----------
2021-05-13 14:12:39,362 - fine-tune.py[line:55] - INFO: 0.4051575450119404 0.7889087605745755 0.20395850572631335 0.43193187192082405
2021-05-13 14:12:39,362 - fine-tune.py[line:51] - INFO: Epoch 24/150
2021-05-13 14:12:39,362 - fine-tune.py[line:52] - INFO: ----------
2021-05-13 14:12:39,445 - fine-tune.py[line:55] - INFO: 0.4032761150743696 0.7933089195480612 0.21133449509837132 0.42850225791335106
2021-05-13 14:12:39,446 - fine-tune.py[line:51] - INFO: Epoch 25/150
2021-05-13 14:12:39,446 - fine-tune.py[line:52] - INFO: ----------
2021-05-13 14:12:39,513 - fine-tune.py[line:55] - INFO: 0.4014742507689945 0.7973939703628001 0.2183663695677308 0.42522120103240013
2021-05-13 14:12:39,522 - fine-tune.py[line:60] - INFO: Testing
2021-05-13 14:12:39,522 - fine-tune.py[line:62] - INFO: 0.45780292264359723 0.7226107226107226 0.09107195458581208 0.6095597147941589
2021-05-13 14:12:39,522 - fine-tune.py[line:51] - INFO: Epoch 26/150
2021-05-13 14:12:39,522 - fine-tune.py[line:52] - INFO: ----------
2021-05-13 14:12:39,586 - fine-tune.py[line:55] - INFO: 0.3997461409100464 0.8013512746266962 0.22508083103984944 0.4220776930451393
2021-05-13 14:12:39,586 - fine-tune.py[line:51] - INFO: Epoch 27/150
2021-05-13 14:12:39,586 - fine-tune.py[line:52] - INFO: ----------
2021-05-13 14:12:39,668 - fine-tune.py[line:55] - INFO: 0.39808650651134214 0.8052319309600864 0.23150197010725193 0.41906170174479485
2021-05-13 14:12:39,668 - fine-tune.py[line:51] - INFO: Epoch 28/150
2021-05-13 14:12:39,668 - fine-tune.py[line:52] - INFO: ----------
2021-05-13 14:12:39,723 - fine-tune.py[line:55] - INFO: 0.39649054020446234 0.8086072787145858 0.23765158016264343 0.41616425290703773
2021-05-13 14:12:39,724 - fine-tune.py[line:51] - INFO: Epoch 29/150
2021-05-13 14:12:39,724 - fine-tune.py[line:52] - INFO: ----------
2021-05-13 14:12:39,776 - fine-tune.py[line:55] - INFO: 0.3949538807388795 0.8119428830977119 0.2435493239513793 0.4133770316839218
2021-05-13 14:12:39,777 - fine-tune.py[line:51] - INFO: Epoch 30/150
2021-05-13 14:12:39,777 - fine-tune.py[line:52] - INFO: ----------
2021-05-13 14:12:39,848 - fine-tune.py[line:55] - INFO: 0.39347253681771843 0.8151848066768864 0.24921308486027727 0.4106925502419472
2021-05-13 14:12:39,854 - fine-tune.py[line:60] - INFO: Testing
2021-05-13 14:12:39,854 - fine-tune.py[line:62] - INFO: 0.45332221074523993 0.7395104895104894 0.1087770156699589 0.6004127264022827
2021-05-13 14:12:39,854 - fine-tune.py[line:51] - INFO: Epoch 31/150
2021-05-13 14:12:39,854 - fine-tune.py[line:52] - INFO: ----------
2021-05-13 14:12:39,927 - fine-tune.py[line:55] - INFO: 0.39204286538597577 0.8181116220973145 0.254659099298967 0.4081040285527706
2021-05-13 14:12:39,928 - fine-tune.py[line:51] - INFO: Epoch 32/150
2021-05-13 14:12:39,928 - fine-tune.py[line:52] - INFO: ----------
2021-05-13 14:12:40,000 - fine-tune.py[line:55] - INFO: 0.390661537610524 0.8209078521546584 0.2599021295789391 0.40560512989759445
2021-05-13 14:12:40,001 - fine-tune.py[line:51] - INFO: Epoch 33/150
2021-05-13 14:12:40,001 - fine-tune.py[line:52] - INFO: ----------
2021-05-13 14:12:40,061 - fine-tune.py[line:55] - INFO: 0.38932548849351517 0.8235025265428945 0.2649556921540863 0.4031902253627777
2021-05-13 14:12:40,061 - fine-tune.py[line:51] - INFO: Epoch 34/150
2021-05-13 14:12:40,062 - fine-tune.py[line:52] - INFO: ----------
2021-05-13 14:12:40,141 - fine-tune.py[line:55] - INFO: 0.3880319165942021 0.8259666155680464 0.26983209029557575 0.40085403248667717
2021-05-13 14:12:40,141 - fine-tune.py[line:51] - INFO: Epoch 35/150
2021-05-13 14:12:40,141 - fine-tune.py[line:52] - INFO: ----------
2021-05-13 14:12:40,209 - fine-tune.py[line:55] - INFO: 0.38677823237926157 0.8283427014137285 0.274542636878092 0.3985917307436466
2021-05-13 14:12:40,217 - fine-tune.py[line:60] - INFO: Testing
2021-05-13 14:12:40,218 - fine-tune.py[line:62] - INFO: 0.44954104021983154 0.7485431235431236 0.12358243193611351 0.5926930904388428
2021-05-13 14:12:40,218 - fine-tune.py[line:51] - INFO: Epoch 36/150
2021-05-13 14:12:40,218 - fine-tune.py[line:52] - INFO: ----------
2021-05-13 14:12:40,294 - fine-tune.py[line:55] - INFO: 0.3855620622083197 0.8307954351899165 0.27909766313879203 0.3963989242911339
2021-05-13 14:12:40,294 - fine-tune.py[line:51] - INFO: Epoch 37/150
2021-05-13 14:12:40,294 - fine-tune.py[line:52] - INFO: ----------
2021-05-13 14:12:40,355 - fine-tune.py[line:55] - INFO: 0.3843812115212993 0.8330522909214784 0.28350667797598206 0.39427148178219795
2021-05-13 14:12:40,355 - fine-tune.py[line:51] - INFO: Epoch 38/150
2021-05-13 14:12:40,355 - fine-tune.py[line:52] - INFO: ----------
2021-05-13 14:12:40,408 - fine-tune.py[line:55] - INFO: 0.3832336508666169 0.8353148242775223 0.2877784382128097 0.39220568910241127
2021-05-13 14:12:40,408 - fine-tune.py[line:51] - INFO: Epoch 39/150
2021-05-13 14:12:40,408 - fine-tune.py[line:52] - INFO: ----------
2021-05-13 14:12:40,482 - fine-tune.py[line:55] - INFO: 0.3821175040447401 0.8373928348379038 0.29192100876152305 0.39019808173179626
2021-05-13 14:12:40,483 - fine-tune.py[line:51] - INFO: Epoch 40/150
2021-05-13 14:12:40,483 - fine-tune.py[line:52] - INFO: ----------
2021-05-13 14:12:40,554 - fine-tune.py[line:55] - INFO: 0.38103104226476525 0.8393800034065748 0.2959417986475138 0.38824545964598656
2021-05-13 14:12:40,565 - fine-tune.py[line:60] - INFO: Testing
2021-05-13 14:12:40,565 - fine-tune.py[line:62] - INFO: 0.4463067064815075 0.756993006993007 0.13614826884891795 0.5860798954963684
2021-05-13 14:12:40,565 - fine-tune.py[line:51] - INFO: Epoch 41/150
2021-05-13 14:12:40,565 - fine-tune.py[line:52] - INFO: ----------
2021-05-13 14:12:40,634 - fine-tune.py[line:55] - INFO: 0.3799726536399634 0.8413387838528359 0.29984768654003546 0.386344812810421
2021-05-13 14:12:40,634 - fine-tune.py[line:51] - INFO: Epoch 42/150
2021-05-13 14:12:40,634 - fine-tune.py[line:52] - INFO: ----------
2021-05-13 14:12:40,709 - fine-tune.py[line:55] - INFO: 0.3789408363092112 0.8430818145687845 0.30364505671602926 0.3844933845102787
2021-05-13 14:12:40,709 - fine-tune.py[line:51] - INFO: Epoch 43/150
2021-05-13 14:12:40,709 - fine-tune.py[line:52] - INFO: ----------
2021-05-13 14:12:40,777 - fine-tune.py[line:55] - INFO: 0.37793420916561604 0.8449270425254074 0.307339769369226 0.38268863409757614
2021-05-13 14:12:40,777 - fine-tune.py[line:51] - INFO: Epoch 44/150
2021-05-13 14:12:40,777 - fine-tune.py[line:52] - INFO: ----------
2021-05-13 14:12:40,852 - fine-tune.py[line:55] - INFO: 0.3769514759008983 0.8465167773803439 0.31093730158001753 0.3809281885623932
2021-05-13 14:12:40,852 - fine-tune.py[line:51] - INFO: Epoch 45/150
2021-05-13 14:12:40,852 - fine-tune.py[line:52] - INFO: ----------
2021-05-13 14:12:40,925 - fine-tune.py[line:55] - INFO: 0.37599143596119017 0.8481831601657865 0.31444271459371886 0.37920981645584106
2021-05-13 14:12:40,931 - fine-tune.py[line:60] - INFO: Testing
2021-05-13 14:12:40,931 - fine-tune.py[line:62] - INFO: 0.4435076213787656 0.7663170163170163 0.1469498635984514 0.5803426504135132
2021-05-13 14:12:40,932 - fine-tune.py[line:51] - INFO: Epoch 46/150
2021-05-13 14:12:40,932 - fine-tune.py[line:52] - INFO: ----------
2021-05-13 14:12:41,002 - fine-tune.py[line:55] - INFO: 0.37505296367348223 0.8498580593879521 0.31786073703062323 0.377531498670578
2021-05-13 14:12:41,003 - fine-tune.py[line:51] - INFO: Epoch 47/150
2021-05-13 14:12:41,003 - fine-tune.py[line:52] - INFO: ----------
2021-05-13 14:12:41,062 - fine-tune.py[line:55] - INFO: 0.37413501595104265 0.8514563106796116 0.32119574283204644 0.3758912459015846
2021-05-13 14:12:41,063 - fine-tune.py[line:51] - INFO: Epoch 48/150
2021-05-13 14:12:41,063 - fine-tune.py[line:52] - INFO: ----------
2021-05-13 14:12:41,131 - fine-tune.py[line:55] - INFO: 0.37323660782971585 0.8529608811673196 0.3244518457094736 0.37428728863596916
2021-05-13 14:12:41,131 - fine-tune.py[line:51] - INFO: Epoch 49/150
2021-05-13 14:12:41,131 - fine-tune.py[line:52] - INFO: ----------
2021-05-13 14:12:41,214 - fine-tune.py[line:55] - INFO: 0.3723568248546641 0.8544824845284733 0.32763285891467786 0.37271804362535477
2021-05-13 14:12:41,214 - fine-tune.py[line:51] - INFO: Epoch 50/150
2021-05-13 14:12:41,214 - fine-tune.py[line:52] - INFO: ----------
2021-05-13 14:12:41,281 - fine-tune.py[line:55] - INFO: 0.37149481537072293 0.8558876965877477 0.3307423277854443 0.37118180841207504
2021-05-13 14:12:41,286 - fine-tune.py[line:60] - INFO: Testing
2021-05-13 14:12:41,286 - fine-tune.py[line:62] - INFO: 0.4410604001345022 0.7730186480186481 0.15633794509896326 0.5753112435340881
2021-05-13 14:12:41,286 - fine-tune.py[line:51] - INFO: Epoch 51/150
2021-05-13 14:12:41,287 - fine-tune.py[line:52] - INFO: ----------
2021-05-13 14:12:41,349 - fine-tune.py[line:55] - INFO: 0.3706497732155353 0.8572673593368535 0.33378359614643494 0.36967723816633224
2021-05-13 14:12:41,349 - fine-tune.py[line:51] - INFO: Epoch 52/150
2021-05-13 14:12:41,350 - fine-tune.py[line:52] - INFO: ----------
2021-05-13 14:12:41,419 - fine-tune.py[line:55] - INFO: 0.3698209415772184 0.858666893771646 0.3367597957340783 0.3682028539478779
2021-05-13 14:12:41,420 - fine-tune.py[line:51] - INFO: Epoch 53/150
2021-05-13 14:12:41,420 - fine-tune.py[line:52] - INFO: ----------
2021-05-13 14:12:41,481 - fine-tune.py[line:55] - INFO: 0.369007615780876 0.859964230965764 0.33967383946565866 0.3667573481798172
2021-05-13 14:12:41,481 - fine-tune.py[line:51] - INFO: Epoch 54/150
2021-05-13 14:12:41,481 - fine-tune.py[line:52] - INFO: ----------
2021-05-13 14:12:41,541 - fine-tune.py[line:55] - INFO: 0.3682091355476841 0.8612133083517856 0.34252845226472606 0.36533962562680244
2021-05-13 14:12:41,541 - fine-tune.py[line:51] - INFO: Epoch 55/150
2021-05-13 14:12:41,541 - fine-tune.py[line:52] - INFO: ----------
2021-05-13 14:12:41,620 - fine-tune.py[line:55] - INFO: 0.3674248732881608 0.8624652245500483 0.34532621550325737 0.3639484904706478
2021-05-13 14:12:41,630 - fine-tune.py[line:60] - INFO: Testing
2021-05-13 14:12:41,631 - fine-tune.py[line:62] - INFO: 0.4389015377657595 0.7788461538461539 0.16457669322428314 0.5708572864532471
2021-05-13 14:12:41,631 - fine-tune.py[line:51] - INFO: Epoch 56/150
2021-05-13 14:12:41,631 - fine-tune.py[line:52] - INFO: ----------
2021-05-13 14:12:41,706 - fine-tune.py[line:55] - INFO: 0.36665424298102545 0.8637370124339976 0.3480695375788082 0.36258284375071526
2021-05-13 14:12:41,706 - fine-tune.py[line:51] - INFO: Epoch 57/150
2021-05-13 14:12:41,706 - fine-tune.py[line:52] - INFO: ----------
2021-05-13 14:12:41,773 - fine-tune.py[line:55] - INFO: 0.3658966908915272 0.8650059615057061 0.3507606892264675 0.361241701990366
2021-05-13 14:12:41,774 - fine-tune.py[line:51] - INFO: Epoch 58/150
2021-05-13 14:12:41,774 - fine-tune.py[line:52] - INFO: ----------
2021-05-13 14:12:41,850 - fine-tune.py[line:55] - INFO: 0.3651516956299603 0.8660279339124511 0.3534018052363146 0.3599241152405739
2021-05-13 14:12:41,851 - fine-tune.py[line:51] - INFO: Epoch 59/150
2021-05-13 14:12:41,851 - fine-tune.py[line:52] - INFO: ----------
2021-05-13 14:12:41,912 - fine-tune.py[line:55] - INFO: 0.3644187677437475 0.8672259126781354 0.3559948877323995 0.35862917453050613
2021-05-13 14:12:41,912 - fine-tune.py[line:51] - INFO: Epoch 60/150
2021-05-13 14:12:41,912 - fine-tune.py[line:52] - INFO: ----------
2021-05-13 14:12:41,967 - fine-tune.py[line:55] - INFO: 0.3636974383852679 0.8683018225174588 0.35854184788520094 0.35735609009861946
2021-05-13 14:12:41,973 - fine-tune.py[line:60] - INFO: Testing
2021-05-13 14:12:41,973 - fine-tune.py[line:62] - INFO: 0.4369818128307243 0.7837995337995338 0.17186887790734495 0.5668821930885315
2021-05-13 14:12:41,973 - fine-tune.py[line:51] - INFO: Epoch 61/150
2021-05-13 14:12:41,973 - fine-tune.py[line:52] - INFO: ----------
2021-05-13 14:12:42,045 - fine-tune.py[line:55] - INFO: 0.3629872747831761 0.8694685743484927 0.36104445271513375 0.35610397905111313
2021-05-13 14:12:42,045 - fine-tune.py[line:51] - INFO: Epoch 62/150
2021-05-13 14:12:42,045 - fine-tune.py[line:52] - INFO: ----------
2021-05-13 14:12:42,113 - fine-tune.py[line:55] - INFO: 0.3622878582557548 0.8705615170612616 0.3635044040887264 0.35487210005521774
2021-05-13 14:12:42,113 - fine-tune.py[line:51] - INFO: Epoch 63/150
2021-05-13 14:12:42,113 - fine-tune.py[line:52] - INFO: ----------
2021-05-13 14:12:42,179 - fine-tune.py[line:55] - INFO: 0.36159879935794975 0.8717112360188498 0.3659232865272871 0.3536597602069378
2021-05-13 14:12:42,179 - fine-tune.py[line:51] - INFO: Epoch 64/150
2021-05-13 14:12:42,179 - fine-tune.py[line:52] - INFO: ----------
2021-05-13 14:12:42,252 - fine-tune.py[line:55] - INFO: 0.36091972920159104 0.8726991426787033 0.3683025989811187 0.35246628522872925
2021-05-13 14:12:42,252 - fine-tune.py[line:51] - INFO: Epoch 65/150
2021-05-13 14:12:42,252 - fine-tune.py[line:52] - INFO: ----------
2021-05-13 14:12:42,327 - fine-tune.py[line:55] - INFO: 0.36025029284606047 0.8736955657752796 0.37064377897374456 0.351291012018919
2021-05-13 14:12:42,336 - fine-tune.py[line:60] - INFO: Testing
2021-05-13 14:12:42,336 - fine-tune.py[line:62] - INFO: 0.4352624944484524 0.7870046620046619 0.17837267273606938 0.563308596611023
2021-05-13 14:12:42,336 - fine-tune.py[line:51] - INFO: Epoch 66/150
2021-05-13 14:12:42,336 - fine-tune.py[line:52] - INFO: ----------
2021-05-13 14:12:42,394 - fine-tune.py[line:55] - INFO: 0.35959015859268467 0.8746749559984104 0.37294817098415556 0.35013335570693016
2021-05-13 14:12:42,395 - fine-tune.py[line:51] - INFO: Epoch 67/150
2021-05-13 14:12:42,395 - fine-tune.py[line:52] - INFO: ----------
2021-05-13 14:12:42,468 - fine-tune.py[line:55] - INFO: 0.35893901240529236 0.8756259580991312 0.3752170469298781 0.3489927612245083
2021-05-13 14:12:42,468 - fine-tune.py[line:51] - INFO: Epoch 68/150
2021-05-13 14:12:42,468 - fine-tune.py[line:52] - INFO: ----------
2021-05-13 14:12:42,537 - fine-tune.py[line:55] - INFO: 0.35829655276275274 0.8766025095100209 0.37745162489886297 0.3478685952723026
2021-05-13 14:12:42,538 - fine-tune.py[line:51] - INFO: Epoch 69/150
2021-05-13 14:12:42,538 - fine-tune.py[line:52] - INFO: ----------
2021-05-13 14:12:42,589 - fine-tune.py[line:55] - INFO: 0.35766249457047056 0.8775052518026457 0.3796530562347221 0.3467603921890259
2021-05-13 14:12:42,590 - fine-tune.py[line:51] - INFO: Epoch 70/150
2021-05-13 14:12:42,590 - fine-tune.py[line:52] - INFO: ----------
2021-05-13 14:12:42,640 - fine-tune.py[line:55] - INFO: 0.35703657361628965 0.8784221881564754 0.38182241085496593 0.34566764906048775
2021-05-13 14:12:42,649 - fine-tune.py[line:60] - INFO: Testing
2021-05-13 14:12:42,649 - fine-tune.py[line:62] - INFO: 0.43371270608157747 0.7913752913752913 0.18421320142052888 0.5600749850273132
2021-05-13 14:12:42,649 - fine-tune.py[line:51] - INFO: Epoch 71/150
2021-05-13 14:12:42,649 - fine-tune.py[line:52] - INFO: ----------
2021-05-13 14:12:42,741 - fine-tune.py[line:55] - INFO: 0.35641852477391345 0.8793334468858229 0.3839607534523549 0.34458985179662704
2021-05-13 14:12:42,741 - fine-tune.py[line:51] - INFO: Epoch 72/150
2021-05-13 14:12:42,742 - fine-tune.py[line:52] - INFO: ----------
2021-05-13 14:12:42,812 - fine-tune.py[line:55] - INFO: 0.3558081084146175 0.8801794129336286 0.3860690525285242 0.3435266241431236
2021-05-13 14:12:42,813 - fine-tune.py[line:51] - INFO: Epoch 73/150
2021-05-13 14:12:42,813 - fine-tune.py[line:52] - INFO: ----------
2021-05-13 14:12:42,880 - fine-tune.py[line:55] - INFO: 0.35520509106251363 0.881099188099699 0.3881482479824705 0.3424775004386902
2021-05-13 14:12:42,880 - fine-tune.py[line:51] - INFO: Epoch 74/150
2021-05-13 14:12:42,881 - fine-tune.py[line:52] - INFO: ----------
2021-05-13 14:12:42,964 - fine-tune.py[line:55] - INFO: 0.35460925117511893 0.8820047692045649 0.3901992315819306 0.3414420261979103
2021-05-13 14:12:42,964 - fine-tune.py[line:51] - INFO: Epoch 75/150
2021-05-13 14:12:42,964 - fine-tune.py[line:52] - INFO: ----------
2021-05-13 14:12:43,028 - fine-tune.py[line:55] - INFO: 0.3540203753043544 0.8828677681258161 0.3922228606505629 0.3404199033975601
2021-05-13 14:12:43,037 - fine-tune.py[line:60] - INFO: Testing
2021-05-13 14:12:43,037 - fine-tune.py[line:62] - INFO: 0.4323075462362276 0.7942890442890443 0.18949067613461046 0.557132363319397
2021-05-13 14:12:43,037 - fine-tune.py[line:51] - INFO: Epoch 76/150
2021-05-13 14:12:43,037 - fine-tune.py[line:52] - INFO: ----------
2021-05-13 14:12:43,097 - fine-tune.py[line:55] - INFO: 0.3534382683585561 0.8836853460512122 0.39421992327088273 0.3394106924533844
2021-05-13 14:12:43,098 - fine-tune.py[line:51] - INFO: Epoch 77/150
2021-05-13 14:12:43,098 - fine-tune.py[line:52] - INFO: ----------
2021-05-13 14:12:43,177 - fine-tune.py[line:55] - INFO: 0.35286272734037316 0.8845029239766082 0.3961912288165048 0.3384139947593212
2021-05-13 14:12:43,178 - fine-tune.py[line:51] - INFO: Epoch 78/150
2021-05-13 14:12:43,178 - fine-tune.py[line:52] - INFO: ----------
2021-05-13 14:12:43,257 - fine-tune.py[line:55] - INFO: 0.3522935757167277 0.8853176630897633 0.3981374904240852 0.33742955327033997
2021-05-13 14:12:43,257 - fine-tune.py[line:51] - INFO: Epoch 79/150
2021-05-13 14:12:43,257 - fine-tune.py[line:52] - INFO: ----------
2021-05-13 14:12:43,326 - fine-tune.py[line:55] - INFO: 0.3517306347594337 0.8861295633906774 0.40005942361065705 0.3364569917321205
2021-05-13 14:12:43,326 - fine-tune.py[line:51] - INFO: Epoch 80/150
2021-05-13 14:12:43,326 - fine-tune.py[line:52] - INFO: ----------
2021-05-13 14:12:43,401 - fine-tune.py[line:55] - INFO: 0.35117374041747484 0.8869712712201215 0.4019576888558901 0.3354960195720196
2021-05-13 14:12:43,412 - fine-tune.py[line:60] - INFO: Testing
2021-05-13 14:12:43,412 - fine-tune.py[line:62] - INFO: 0.4310267094492855 0.7963286713286714 0.1942863003886437 0.554440438747406
2021-05-13 14:12:43,412 - fine-tune.py[line:51] - INFO: Epoch 81/150
2021-05-13 14:12:43,412 - fine-tune.py[line:52] - INFO: ----------
2021-05-13 14:12:43,482 - fine-tune.py[line:55] - INFO: 0.35062273508490704 0.8878073014250838 0.40383292009461724 0.33454635739326477
2021-05-13 14:12:43,482 - fine-tune.py[line:51] - INFO: Epoch 82/150
2021-05-13 14:12:43,482 - fine-tune.py[line:52] - INFO: ----------
2021-05-13 14:12:43,547 - fine-tune.py[line:55] - INFO: 0.35007745325585304 0.8885453926077329 0.40568577368819103 0.33360765501856804
2021-05-13 14:12:43,547 - fine-tune.py[line:51] - INFO: Epoch 83/150
2021-05-13 14:12:43,547 - fine-tune.py[line:52] - INFO: ----------
2021-05-13 14:12:43,623 - fine-tune.py[line:55] - INFO: 0.3495377578552101 0.8892749673536593 0.40751680514196975 0.3326796926558018
2021-05-13 14:12:43,623 - fine-tune.py[line:51] - INFO: Epoch 84/150
2021-05-13 14:12:43,623 - fine-tune.py[line:52] - INFO: ----------
2021-05-13 14:12:43,693 - fine-tune.py[line:55] - INFO: 0.3490035068237317 0.8900868676545732 0.4093265830391062 0.3317621536552906
2021-05-13 14:12:43,693 - fine-tune.py[line:51] - INFO: Epoch 85/150
2021-05-13 14:12:43,693 - fine-tune.py[line:52] - INFO: ----------
2021-05-13 14:12:43,751 - fine-tune.py[line:55] - INFO: 0.348474564714245 0.8907653437801623 0.411115649793353 0.3308548592031002
2021-05-13 14:12:43,759 - fine-tune.py[line:60] - INFO: Testing
2021-05-13 14:12:43,759 - fine-tune.py[line:62] - INFO: 0.42985348453815514 0.7998251748251748 0.19866652493116654 0.5519663095474243
2021-05-13 14:12:43,759 - fine-tune.py[line:51] - INFO: Epoch 86/150
2021-05-13 14:12:43,759 - fine-tune.py[line:52] - INFO: ----------
2021-05-13 14:12:43,836 - fine-tune.py[line:55] - INFO: 0.34795079725806294 0.8914977573383296 0.41288454022779264 0.3299574591219425
2021-05-13 14:12:43,836 - fine-tune.py[line:51] - INFO: Epoch 87/150
2021-05-13 14:12:43,836 - fine-tune.py[line:52] - INFO: ----------
2021-05-13 14:12:43,900 - fine-tune.py[line:55] - INFO: 0.3474320867704463 0.8921535229659912 0.41463372976196666 0.3290697932243347
2021-05-13 14:12:43,900 - fine-tune.py[line:51] - INFO: Epoch 88/150
2021-05-13 14:12:43,900 - fine-tune.py[line:52] - INFO: ----------
2021-05-13 14:12:43,962 - fine-tune.py[line:55] - INFO: 0.3469183106085686 0.892837676716062 0.4163637073738595 0.3281916305422783
2021-05-13 14:12:43,962 - fine-tune.py[line:51] - INFO: Epoch 89/150
2021-05-13 14:12:43,962 - fine-tune.py[line:52] - INFO: ----------
2021-05-13 14:12:44,038 - fine-tune.py[line:55] - INFO: 0.34640935279631907 0.8935246692783738 0.4180749364780999 0.3273227736353874
2021-05-13 14:12:44,038 - fine-tune.py[line:51] - INFO: Epoch 90/150
2021-05-13 14:12:44,038 - fine-tune.py[line:52] - INFO: ----------
2021-05-13 14:12:44,108 - fine-tune.py[line:55] - INFO: 0.3459051061772226 0.8942372111508545 0.41976784792419874 0.32646292820572853
2021-05-13 14:12:44,114 - fine-tune.py[line:60] - INFO: Testing
2021-05-13 14:12:44,114 - fine-tune.py[line:62] - INFO: 0.4287739987082532 0.8041958041958043 0.2026862292961371 0.5496827363967896
2021-05-13 14:12:44,114 - fine-tune.py[line:51] - INFO: Epoch 91/150
2021-05-13 14:12:44,114 - fine-tune.py[line:52] - INFO: ----------
2021-05-13 14:12:44,188 - fine-tune.py[line:55] - INFO: 0.3454054653710407 0.8949469142110941 0.4214428638593032 0.3256119452416897
2021-05-13 14:12:44,189 - fine-tune.py[line:51] - INFO: Epoch 92/150
2021-05-13 14:12:44,189 - fine-tune.py[line:52] - INFO: ----------
2021-05-13 14:12:44,255 - fine-tune.py[line:55] - INFO: 0.34491032188724535 0.895633906773406 0.42310041416573474 0.32476959750056267
2021-05-13 14:12:44,255 - fine-tune.py[line:51] - INFO: Epoch 93/150
2021-05-13 14:12:44,255 - fine-tune.py[line:52] - INFO: ----------
2021-05-13 14:12:44,337 - fine-tune.py[line:55] - INFO: 0.34441958662831434 0.8962385737807302 0.42474086126225064 0.32393579185009
2021-05-13 14:12:44,337 - fine-tune.py[line:51] - INFO: Epoch 94/150
2021-05-13 14:12:44,337 - fine-tune.py[line:52] - INFO: ----------
2021-05-13 14:12:44,397 - fine-tune.py[line:55] - INFO: 0.34393315544444325 0.8969511156532107 0.42636461550871085 0.3231102228164673
2021-05-13 14:12:44,398 - fine-tune.py[line:51] - INFO: Epoch 95/150
2021-05-13 14:12:44,398 - fine-tune.py[line:52] - INFO: ----------
2021-05-13 14:12:44,472 - fine-tune.py[line:55] - INFO: 0.34345094608487775 0.8976920456481009 0.42797201180466704 0.32229282706975937
2021-05-13 14:12:44,482 - fine-tune.py[line:60] - INFO: Testing
2021-05-13 14:12:44,482 - fine-tune.py[line:62] - INFO: 0.4277766724720024 0.8062354312354313 0.20639101153467931 0.5475665926933289
2021-05-13 14:12:44,482 - fine-tune.py[line:51] - INFO: Epoch 96/150
2021-05-13 14:12:44,482 - fine-tune.py[line:52] - INFO: ----------
2021-05-13 14:12:44,547 - fine-tune.py[line:55] - INFO: 0.34297286210039346 0.8983421336512804 0.4295634302156951 0.3214832954108715
2021-05-13 14:12:44,547 - fine-tune.py[line:51] - INFO: Epoch 97/150
2021-05-13 14:12:44,548 - fine-tune.py[line:52] - INFO: ----------
2021-05-13 14:12:44,612 - fine-tune.py[line:55] - INFO: 0.3424988288247989 0.8989524782830864 0.43113917615605 0.320681631565094
2021-05-13 14:12:44,612 - fine-tune.py[line:51] - INFO: Epoch 98/150
2021-05-13 14:12:44,612 - fine-tune.py[line:52] - INFO: ----------
2021-05-13 14:12:44,685 - fine-tune.py[line:55] - INFO: 0.3420287539368548 0.89958553341282 0.43269961175003113 0.31988755986094475
2021-05-13 14:12:44,685 - fine-tune.py[line:51] - INFO: Epoch 99/150
2021-05-13 14:12:44,685 - fine-tune.py[line:52] - INFO: ----------
2021-05-13 14:12:44,763 - fine-tune.py[line:55] - INFO: 0.34156256219207126 0.9002370408221199 0.4342450404043038 0.319100983440876
2021-05-13 14:12:44,764 - fine-tune.py[line:51] - INFO: Epoch 100/150
2021-05-13 14:12:44,764 - fine-tune.py[line:52] - INFO: ----------
2021-05-13 14:12:44,832 - fine-tune.py[line:55] - INFO: 0.3411001807688378 0.9009112587293475 0.4357757557046824 0.31832171604037285
2021-05-13 14:12:44,841 - fine-tune.py[line:60] - INFO: Testing
2021-05-13 14:12:44,841 - fine-tune.py[line:62] - INFO: 0.42685172553922296 0.8082750582750583 0.20981921443820895 0.5455987453460693
2021-05-13 14:12:44,841 - fine-tune.py[line:51] - INFO: Epoch 101/150
2021-05-13 14:12:44,842 - fine-tune.py[line:52] - INFO: ----------
2021-05-13 14:12:44,913 - fine-tune.py[line:55] - INFO: 0.34064153303905875 0.9015528302958044 0.4372920620787384 0.31754961609840393
2021-05-13 14:12:44,914 - fine-tune.py[line:51] - INFO: Epoch 102/150
2021-05-13 14:12:44,914 - fine-tune.py[line:52] - INFO: ----------
2021-05-13 14:12:44,982 - fine-tune.py[line:55] - INFO: 0.34018654535903253 0.902123431556237 0.4387942523326408 0.3167845904827118
2021-05-13 14:12:44,983 - fine-tune.py[line:51] - INFO: Epoch 103/150
2021-05-13 14:12:44,983 - fine-tune.py[line:52] - INFO: ----------
2021-05-13 14:12:45,041 - fine-tune.py[line:55] - INFO: 0.33973515386121045 0.9026855163799467 0.4402825853649551 0.3160264268517494
2021-05-13 14:12:45,042 - fine-tune.py[line:51] - INFO: Epoch 104/150
2021-05-13 14:12:45,042 - fine-tune.py[line:52] - INFO: ----------
2021-05-13 14:12:45,107 - fine-tune.py[line:55] - INFO: 0.3392872867473965 0.9033157326974393 0.44175734467223493 0.3152751065790653
2021-05-13 14:12:45,107 - fine-tune.py[line:51] - INFO: Epoch 105/150
2021-05-13 14:12:45,107 - fine-tune.py[line:52] - INFO: ----------
2021-05-13 14:12:45,189 - fine-tune.py[line:55] - INFO: 0.33884288085266906 0.903815363651848 0.4432187837650432 0.31453038565814495
2021-05-13 14:12:45,198 - fine-tune.py[line:60] - INFO: Testing
2021-05-13 14:12:45,198 - fine-tune.py[line:62] - INFO: 0.42599089183539735 0.8094405594405595 0.2130031226488176 0.5437629222869873
2021-05-13 14:12:45,198 - fine-tune.py[line:51] - INFO: Epoch 106/150
2021-05-13 14:12:45,198 - fine-tune.py[line:52] - INFO: ----------
2021-05-13 14:12:45,258 - fine-tune.py[line:55] - INFO: 0.3384018765544051 0.9043348662919435 0.44466714308592803 0.313792172819376
2021-05-13 14:12:45,258 - fine-tune.py[line:51] - INFO: Epoch 107/150
2021-05-13 14:12:45,258 - fine-tune.py[line:52] - INFO: ----------
2021-05-13 14:12:45,312 - fine-tune.py[line:55] - INFO: 0.33796420813813294 0.9049366944870267 0.44610268168486633 0.3130604401230812
2021-05-13 14:12:45,313 - fine-tune.py[line:51] - INFO: Epoch 108/150
2021-05-13 14:12:45,313 - fine-tune.py[line:52] - INFO: ----------
2021-05-13 14:12:45,379 - fine-tune.py[line:55] - INFO: 0.3375298185243534 0.9055527167433146 0.4475256289002285 0.312334967777133
2021-05-13 14:12:45,379 - fine-tune.py[line:51] - INFO: Epoch 109/150
2021-05-13 14:12:45,379 - fine-tune.py[line:52] - INFO: ----------
2021-05-13 14:12:45,447 - fine-tune.py[line:55] - INFO: 0.33709865228442426 0.9061375120649521 0.4489362073946085 0.3116156682372093
2021-05-13 14:12:45,448 - fine-tune.py[line:51] - INFO: Epoch 110/150
2021-05-13 14:12:45,448 - fine-tune.py[line:52] - INFO: ----------
2021-05-13 14:12:45,498 - fine-tune.py[line:55] - INFO: 0.33667065297174276 0.9067166297621075 0.45033464192157135 0.31090245582163334
2021-05-13 14:12:45,504 - fine-tune.py[line:60] - INFO: Testing
2021-05-13 14:12:45,505 - fine-tune.py[line:62] - INFO: 0.4251870868179055 0.8111888111888113 0.21597029978728455 0.5420446991920471
2021-05-13 14:12:45,505 - fine-tune.py[line:51] - INFO: Epoch 111/150
2021-05-13 14:12:45,505 - fine-tune.py[line:52] - INFO: ----------
2021-05-13 14:12:45,567 - fine-tune.py[line:55] - INFO: 0.3362457648007347 0.9071907114063475 0.4517211538463737 0.31019521318376064
2021-05-13 14:12:45,568 - fine-tune.py[line:51] - INFO: Epoch 112/150
2021-05-13 14:12:45,568 - fine-tune.py[line:52] - INFO: ----------
2021-05-13 14:12:45,640 - fine-tune.py[line:55] - INFO: 0.3358239381423525 0.9077130528586839 0.4530959432773489 0.3094938322901726
2021-05-13 14:12:45,640 - fine-tune.py[line:51] - INFO: Epoch 113/150
2021-05-13 14:12:45,640 - fine-tune.py[line:52] - INFO: ----------
2021-05-13 14:12:45,715 - fine-tune.py[line:55] - INFO: 0.3354051183617482 0.9082921705558396 0.4544592255189701 0.30879821442067623
2021-05-13 14:12:45,716 - fine-tune.py[line:51] - INFO: Epoch 114/150
2021-05-13 14:12:45,716 - fine-tune.py[line:52] - INFO: ----------
2021-05-13 14:12:45,784 - fine-tune.py[line:55] - INFO: 0.33498926324847617 0.908879804689718 0.45581117435491625 0.30810829997062683
2021-05-13 14:12:45,785 - fine-tune.py[line:51] - INFO: Epoch 115/150
2021-05-13 14:12:45,785 - fine-tune.py[line:52] - INFO: ----------
2021-05-13 14:12:45,854 - fine-tune.py[line:55] - INFO: 0.334576315417888 0.9093453698972349 0.45715201186979837 0.30742390640079975
2021-05-13 14:12:45,861 - fine-tune.py[line:60] - INFO: Testing
2021-05-13 14:12:45,861 - fine-tune.py[line:62] - INFO: 0.4244342776169219 0.8132284382284383 0.21874414820947097 0.5404324531555176
2021-05-13 14:12:45,861 - fine-tune.py[line:51] - INFO: Epoch 116/150
2021-05-13 14:12:45,861 - fine-tune.py[line:52] - INFO: ----------
2021-05-13 14:12:45,923 - fine-tune.py[line:55] - INFO: 0.3341662362078174 0.9098847442230171 0.45848189829994823 0.30674500204622746
2021-05-13 14:12:45,923 - fine-tune.py[line:51] - INFO: Epoch 117/150
2021-05-13 14:12:45,923 - fine-tune.py[line:52] - INFO: ----------
2021-05-13 14:12:45,995 - fine-tune.py[line:55] - INFO: 0.3337589771282291 0.9103559870550162 0.4598010248384231 0.3060715142637491
2021-05-13 14:12:45,995 - fine-tune.py[line:51] - INFO: Epoch 118/150
2021-05-13 14:12:45,995 - fine-tune.py[line:52] - INFO: ----------
2021-05-13 14:12:46,078 - fine-tune.py[line:55] - INFO: 0.3333544911668417 0.9108783285073525 0.46110957690028953 0.30540335550904274
2021-05-13 14:12:46,078 - fine-tune.py[line:51] - INFO: Epoch 119/150
2021-05-13 14:12:46,078 - fine-tune.py[line:52] - INFO: ----------
2021-05-13 14:12:46,138 - fine-tune.py[line:55] - INFO: 0.332952742343686 0.9114290580820985 0.46240770331059156 0.3047403898090124
2021-05-13 14:12:46,138 - fine-tune.py[line:51] - INFO: Epoch 120/150
2021-05-13 14:12:46,138 - fine-tune.py[line:52] - INFO: ----------
2021-05-13 14:12:46,197 - fine-tune.py[line:55] - INFO: 0.3325536816374291 0.9119570771589167 0.4636955941769123 0.304082527756691
2021-05-13 14:12:46,203 - fine-tune.py[line:60] - INFO: Testing
2021-05-13 14:12:46,203 - fine-tune.py[line:62] - INFO: 0.42372720387971186 0.8146853146853148 0.22134500017713066 0.5389155149459839
2021-05-13 14:12:46,203 - fine-tune.py[line:51] - INFO: Epoch 121/150
2021-05-13 14:12:46,203 - fine-tune.py[line:52] - INFO: ----------
2021-05-13 14:12:46,275 - fine-tune.py[line:55] - INFO: 0.33215727171312304 0.9125049679214218 0.4649734009870853 0.3034297898411751
2021-05-13 14:12:46,276 - fine-tune.py[line:51] - INFO: Epoch 122/150
2021-05-13 14:12:46,276 - fine-tune.py[line:52] - INFO: ----------
2021-05-13 14:12:46,336 - fine-tune.py[line:55] - INFO: 0.33176347000818485 0.913027309373758 0.4662412912693894 0.3027819860726595
2021-05-13 14:12:46,337 - fine-tune.py[line:51] - INFO: Epoch 123/150
2021-05-13 14:12:46,337 - fine-tune.py[line:52] - INFO: ----------
2021-05-13 14:12:46,412 - fine-tune.py[line:55] - INFO: 0.3313722382412413 0.9134871969567933 0.46749941794230965 0.3021390940994024
2021-05-13 14:12:46,412 - fine-tune.py[line:51] - INFO: Epoch 124/150
2021-05-13 14:12:46,412 - fine-tune.py[line:52] - INFO: ----------
2021-05-13 14:12:46,484 - fine-tune.py[line:55] - INFO: 0.3309835425103184 0.9139839890989611 0.4687479190907149 0.3015010114759207
2021-05-13 14:12:46,484 - fine-tune.py[line:51] - INFO: Epoch 125/150
2021-05-13 14:12:46,484 - fine-tune.py[line:52] - INFO: ----------
2021-05-13 14:12:46,556 - fine-tune.py[line:55] - INFO: 0.330597340912064 0.914463748367683 0.4699869577550263 0.3008677065372467
2021-05-13 14:12:46,565 - fine-tune.py[line:60] - INFO: Testing
2021-05-13 14:12:46,565 - fine-tune.py[line:62] - INFO: 0.42306134938950984 0.8173076923076923 0.2237902694671301 0.5374847650527954
2021-05-13 14:12:46,566 - fine-tune.py[line:51] - INFO: Epoch 126/150
2021-05-13 14:12:46,566 - fine-tune.py[line:52] - INFO: ----------
2021-05-13 14:12:46,629 - fine-tune.py[line:55] - INFO: 0.3302136009644723 0.9149094418895134 0.47121666599128786 0.3002390917390585
2021-05-13 14:12:46,629 - fine-tune.py[line:51] - INFO: Epoch 127/150
2021-05-13 14:12:46,629 - fine-tune.py[line:52] - INFO: ----------
2021-05-13 14:12:46,695 - fine-tune.py[line:55] - INFO: 0.32983228672549325 0.9153551354113438 0.47243718626269693 0.2996150776743889
2021-05-13 14:12:46,695 - fine-tune.py[line:51] - INFO: Epoch 128/150
2021-05-13 14:12:46,695 - fine-tune.py[line:52] - INFO: ----------
2021-05-13 14:12:46,765 - fine-tune.py[line:55] - INFO: 0.3294533613142441 0.9157809572474876 0.4736486633276994 0.2989955823868513
2021-05-13 14:12:46,765 - fine-tune.py[line:51] - INFO: Epoch 129/150
2021-05-13 14:12:46,765 - fine-tune.py[line:52] - INFO: ----------
2021-05-13 14:12:46,831 - fine-tune.py[line:55] - INFO: 0.32907679664202427 0.9162238119570771 0.47485121317325585 0.2983806151896715
2021-05-13 14:12:46,831 - fine-tune.py[line:51] - INFO: Epoch 130/150
2021-05-13 14:12:46,832 - fine-tune.py[line:52] - INFO: ----------
2021-05-13 14:12:46,903 - fine-tune.py[line:55] - INFO: 0.3287025523267735 0.9166382785442571 0.47604499040399817 0.29777003452181816
2021-05-13 14:12:46,910 - fine-tune.py[line:60] - INFO: Testing
2021-05-13 14:12:46,911 - fine-tune.py[line:62] - INFO: 0.4224327507344561 0.8190559440559441 0.22609519241125042 0.5361324548721313
2021-05-13 14:12:46,911 - fine-tune.py[line:51] - INFO: Epoch 131/150
2021-05-13 14:12:46,911 - fine-tune.py[line:52] - INFO: ----------
2021-05-13 14:12:46,976 - fine-tune.py[line:55] - INFO: 0.3283306008111982 0.9170470675069552 0.47723010804042976 0.2971637826412916
2021-05-13 14:12:46,976 - fine-tune.py[line:51] - INFO: Epoch 132/150
2021-05-13 14:12:46,976 - fine-tune.py[line:52] - INFO: ----------
2021-05-13 14:12:47,041 - fine-tune.py[line:55] - INFO: 0.3279609123628198 0.917526826775677 0.4784066854700997 0.29656186141073704
2021-05-13 14:12:47,041 - fine-tune.py[line:51] - INFO: Epoch 133/150
2021-05-13 14:12:47,041 - fine-tune.py[line:52] - INFO: ----------
2021-05-13 14:12:47,115 - fine-tune.py[line:55] - INFO: 0.327593450752686 0.9179327769261342 0.47957486214480016 0.2959641497582197
2021-05-13 14:12:47,116 - fine-tune.py[line:51] - INFO: Epoch 134/150
2021-05-13 14:12:47,116 - fine-tune.py[line:52] - INFO: ----------
2021-05-13 14:12:47,194 - fine-tune.py[line:55] - INFO: 0.3272281927715536 0.9184011809458922 0.48073473553308554 0.29537057504057884
2021-05-13 14:12:47,194 - fine-tune.py[line:51] - INFO: Epoch 135/150
2021-05-13 14:12:47,194 - fine-tune.py[line:52] - INFO: ----------
2021-05-13 14:12:47,258 - fine-tune.py[line:55] - INFO: 0.3268651045474803 0.9188809402146143 0.48188643643521056 0.2947811633348465
2021-05-13 14:12:47,266 - fine-tune.py[line:60] - INFO: Testing
2021-05-13 14:12:47,267 - fine-tune.py[line:62] - INFO: 0.4218379416090039 0.8210955710955711 0.2282730612377526 0.5348514318466187
2021-05-13 14:12:47,267 - fine-tune.py[line:51] - INFO: Epoch 136/150
2021-05-13 14:12:47,267 - fine-tune.py[line:52] - INFO: ----------
2021-05-13 14:12:47,346 - fine-tune.py[line:55] - INFO: 0.3265041565299758 0.9192301141202521 0.4830300813511583 0.29419579915702343
2021-05-13 14:12:47,346 - fine-tune.py[line:51] - INFO: Epoch 137/150
2021-05-13 14:12:47,346 - fine-tune.py[line:52] - INFO: ----------
2021-05-13 14:12:47,425 - fine-tune.py[line:55] - INFO: 0.3261453258157262 0.9196502583319139 0.48416576520614196 0.29361442662775517
2021-05-13 14:12:47,425 - fine-tune.py[line:51] - INFO: Epoch 138/150
2021-05-13 14:12:47,425 - fine-tune.py[line:52] - INFO: ----------
2021-05-13 14:12:47,483 - fine-tune.py[line:55] - INFO: 0.3257885813939321 0.9200022710497928 0.48529360809284194 0.29303700663149357
2021-05-13 14:12:47,484 - fine-tune.py[line:51] - INFO: Epoch 139/150
2021-05-13 14:12:47,484 - fine-tune.py[line:52] - INFO: ----------
2021-05-13 14:12:47,557 - fine-tune.py[line:55] - INFO: 0.32543389600975453 0.9204025435757679 0.48641371769183794 0.2924634423106909
2021-05-13 14:12:47,557 - fine-tune.py[line:51] - INFO: Epoch 140/150
2021-05-13 14:12:47,558 - fine-tune.py[line:52] - INFO: ----------
2021-05-13 14:12:47,624 - fine-tune.py[line:55] - INFO: 0.325081244751948 0.9208113325384659 0.4875261937951184 0.29189377650618553
2021-05-13 14:12:47,633 - fine-tune.py[line:60] - INFO: Testing
2021-05-13 14:12:47,633 - fine-tune.py[line:62] - INFO: 0.42127389651925734 0.8219696969696969 0.23033545407788447 0.5336354374885559
2021-05-13 14:12:47,634 - fine-tune.py[line:51] - INFO: Epoch 141/150
2021-05-13 14:12:47,634 - fine-tune.py[line:52] - INFO: ----------
2021-05-13 14:12:47,694 - fine-tune.py[line:55] - INFO: 0.3247306011549398 0.9212513484358145 0.48863114062782476 0.2913278751075268
2021-05-13 14:12:47,694 - fine-tune.py[line:51] - INFO: Epoch 142/150
2021-05-13 14:12:47,694 - fine-tune.py[line:52] - INFO: ----------
2021-05-13 14:12:47,750 - fine-tune.py[line:55] - INFO: 0.3243819367829249 0.9216714926474763 0.48972866813533833 0.2907657064497471
2021-05-13 14:12:47,750 - fine-tune.py[line:51] - INFO: Epoch 143/150
2021-05-13 14:12:47,750 - fine-tune.py[line:52] - INFO: ----------
2021-05-13 14:12:47,833 - fine-tune.py[line:55] - INFO: 0.32403523580035315 0.9221058309203429 0.4908188461638525 0.2902072723954916
2021-05-13 14:12:47,834 - fine-tune.py[line:51] - INFO: Epoch 144/150
2021-05-13 14:12:47,834 - fine-tune.py[line:52] - INFO: ----------
2021-05-13 14:12:47,902 - fine-tune.py[line:55] - INFO: 0.32369046457575645 0.9224975870095952 0.4919018001024442 0.289652444422245
2021-05-13 14:12:47,902 - fine-tune.py[line:51] - INFO: Epoch 145/150
2021-05-13 14:12:47,902 - fine-tune.py[line:52] - INFO: ----------
2021-05-13 14:12:47,968 - fine-tune.py[line:55] - INFO: 0.3233476065746737 0.9228637937886788 0.4929776011631062 0.2891012169420719
2021-05-13 14:12:47,975 - fine-tune.py[line:60] - INFO: Testing
2021-05-13 14:12:47,975 - fine-tune.py[line:62] - INFO: 0.4207379317120198 0.822843822843823 0.23229261640833576 0.5324793457984924
2021-05-13 14:12:47,975 - fine-tune.py[line:51] - INFO: Epoch 146/150
2021-05-13 14:12:47,975 - fine-tune.py[line:52] - INFO: ----------
2021-05-13 14:12:48,055 - fine-tune.py[line:55] - INFO: 0.32300663412983305 0.9232441946289671 0.4940463551073785 0.28855353966355324
2021-05-13 14:12:48,055 - fine-tune.py[line:51] - INFO: Epoch 147/150
2021-05-13 14:12:48,055 - fine-tune.py[line:52] - INFO: ----------
2021-05-13 14:12:48,118 - fine-tune.py[line:55] - INFO: 0.32266752185160386 0.9237125986487253 0.49510816009850245 0.288009375333786
2021-05-13 14:12:48,118 - fine-tune.py[line:51] - INFO: Epoch 148/150
2021-05-13 14:12:48,118 - fine-tune.py[line:52] - INFO: ----------
2021-05-13 14:12:48,174 - fine-tune.py[line:55] - INFO: 0.32233025475736093 0.9240560949298814 0.49616308132955134 0.2874686848372221
2021-05-13 14:12:48,175 - fine-tune.py[line:51] - INFO: Epoch 149/150
2021-05-13 14:12:48,175 - fine-tune.py[line:52] - INFO: ----------
2021-05-13 14:12:48,251 - fine-tune.py[line:55] - INFO: 0.3219948049245741 0.9244081076477602 0.49721122410879126 0.2869314346462488
2021-05-13 14:12:48,252 - fine-tune.py[line:51] - INFO: Epoch 150/150
2021-05-13 14:12:48,252 - fine-tune.py[line:52] - INFO: ----------
2021-05-13 14:12:48,322 - fine-tune.py[line:55] - INFO: 0.3216611505030543 0.9247288934309884 0.4982526743399872 0.28639751859009266
2021-05-13 14:12:48,330 - fine-tune.py[line:60] - INFO: Testing
2021-05-13 14:12:48,330 - fine-tune.py[line:62] - INFO: 0.42022766233536346 0.8240093240093241 0.23415363244539367 0.5313780307769775
