2021-04-29 17:00:26,642 - fine-tune.py[line:55] - INFO: Epoch 1/150
2021-04-29 17:00:26,642 - fine-tune.py[line:56] - INFO: ----------
2021-04-29 17:01:11,556 - fine-tune.py[line:59] - INFO: 0.44580174219897917 0.5435326765605291 -0.11429019848294897
2021-04-29 17:01:11,556 - fine-tune.py[line:55] - INFO: Epoch 2/150
2021-04-29 17:01:11,556 - fine-tune.py[line:56] - INFO: ----------
2021-04-29 17:01:56,956 - fine-tune.py[line:59] - INFO: 0.4438447107595362 0.547921186807457 -0.10452839542123149
2021-04-29 17:01:56,956 - fine-tune.py[line:55] - INFO: Epoch 3/150
2021-04-29 17:01:56,956 - fine-tune.py[line:56] - INFO: ----------
2021-04-29 17:02:41,164 - fine-tune.py[line:59] - INFO: 0.4414986657094616 0.5535906645924618 -0.0928827683751654
2021-04-29 17:02:41,164 - fine-tune.py[line:55] - INFO: Epoch 4/150
2021-04-29 17:02:41,164 - fine-tune.py[line:56] - INFO: ----------
2021-04-29 17:03:25,690 - fine-tune.py[line:59] - INFO: 0.4392598334567933 0.5594578366940639 -0.08182689171323121
2021-04-29 17:03:25,690 - fine-tune.py[line:55] - INFO: Epoch 5/150
2021-04-29 17:03:25,690 - fine-tune.py[line:56] - INFO: ----------
2021-04-29 17:04:10,102 - fine-tune.py[line:59] - INFO: 0.43722651045359806 0.5651914478741041 -0.07183457213180944
2021-04-29 17:04:19,375 - fine-tune.py[line:64] - INFO: Testing
2021-04-29 17:04:19,375 - fine-tune.py[line:66] - INFO: 0.4317704068263369 0.5672121059190475 -0.07555396682344306
2021-04-29 17:04:19,375 - fine-tune.py[line:55] - INFO: Epoch 6/150
2021-04-29 17:04:19,375 - fine-tune.py[line:56] - INFO: ----------
2021-04-29 17:05:01,037 - fine-tune.py[line:59] - INFO: 0.43539748501996495 0.5706797739044139 -0.06288583639228418
2021-04-29 17:05:01,038 - fine-tune.py[line:55] - INFO: Epoch 7/150
2021-04-29 17:05:01,038 - fine-tune.py[line:56] - INFO: ----------
2021-04-29 17:05:44,834 - fine-tune.py[line:59] - INFO: 0.4337503088642365 0.5758821837830144 -0.054858925041122886
2021-04-29 17:05:44,834 - fine-tune.py[line:55] - INFO: Epoch 8/150
2021-04-29 17:05:44,834 - fine-tune.py[line:56] - INFO: ----------
2021-04-29 17:06:28,742 - fine-tune.py[line:59] - INFO: 0.43226079472199797 0.5807901090638417 -0.0476265176888413
2021-04-29 17:06:28,743 - fine-tune.py[line:55] - INFO: Epoch 9/150
2021-04-29 17:06:28,743 - fine-tune.py[line:56] - INFO: ----------
2021-04-29 17:07:13,127 - fine-tune.py[line:59] - INFO: 0.43090739250830196 0.585408316364662 -0.041076581095304876
2021-04-29 17:07:13,128 - fine-tune.py[line:55] - INFO: Epoch 10/150
2021-04-29 17:07:13,128 - fine-tune.py[line:56] - INFO: ----------
2021-04-29 17:07:57,323 - fine-tune.py[line:59] - INFO: 0.4296717701383185 0.5897483555552161 -0.035114589271192154
2021-04-29 17:08:06,945 - fine-tune.py[line:64] - INFO: Testing
2021-04-29 17:08:06,945 - fine-tune.py[line:66] - INFO: 0.4246074248262923 0.5898971450120113 -0.04016354516775156
2021-04-29 17:08:06,945 - fine-tune.py[line:55] - INFO: Epoch 11/150
2021-04-29 17:08:06,945 - fine-tune.py[line:56] - INFO: ----------
2021-04-29 17:08:51,164 - fine-tune.py[line:59] - INFO: 0.4285385181810872 0.5938252837696822 -0.029661595745656966
2021-04-29 17:08:51,164 - fine-tune.py[line:55] - INFO: Epoch 12/150
2021-04-29 17:08:51,165 - fine-tune.py[line:56] - INFO: ----------
2021-04-29 17:09:35,606 - fine-tune.py[line:59] - INFO: 0.4274946939217927 0.5976572754023317 -0.024651652705482974
2021-04-29 17:09:35,606 - fine-tune.py[line:55] - INFO: Epoch 13/150
2021-04-29 17:09:35,606 - fine-tune.py[line:56] - INFO: ----------
2021-04-29 17:10:18,855 - fine-tune.py[line:59] - INFO: 0.42652939893346364 0.6012590705608981 -0.02002949284486988
2021-04-29 17:10:18,855 - fine-tune.py[line:55] - INFO: Epoch 14/150
2021-04-29 17:10:18,855 - fine-tune.py[line:56] - INFO: ----------
2021-04-29 17:11:03,644 - fine-tune.py[line:59] - INFO: 0.4256334206843484 0.6046457938081199 -0.015748595277902178
2021-04-29 17:11:03,644 - fine-tune.py[line:55] - INFO: Epoch 15/150
2021-04-29 17:11:03,644 - fine-tune.py[line:56] - INFO: ----------
2021-04-29 17:11:48,581 - fine-tune.py[line:59] - INFO: 0.424798935952816 0.6078285786500278 -0.011769604266686162
2021-04-29 17:11:59,404 - fine-tune.py[line:64] - INFO: Testing
2021-04-29 17:11:59,404 - fine-tune.py[line:66] - INFO: 0.41987067731336203 0.6067752455842939 -0.01708570883925775
2021-04-29 17:11:59,405 - fine-tune.py[line:55] - INFO: Epoch 16/150
2021-04-29 17:11:59,405 - fine-tune.py[line:56] - INFO: ----------
2021-04-29 17:12:44,211 - fine-tune.py[line:59] - INFO: 0.42401926677808405 0.6108224844038126 -0.008059041040653137
2021-04-29 17:12:44,211 - fine-tune.py[line:55] - INFO: Epoch 17/150
2021-04-29 17:12:44,211 - fine-tune.py[line:56] - INFO: ----------
2021-04-29 17:13:28,438 - fine-tune.py[line:59] - INFO: 0.4232886875754381 0.6136388301723625 -0.0045882906904382015
2021-04-29 17:13:28,438 - fine-tune.py[line:55] - INFO: Epoch 18/150
2021-04-29 17:13:28,438 - fine-tune.py[line:56] - INFO: ----------
2021-04-29 17:14:11,200 - fine-tune.py[line:59] - INFO: 0.4226022624651057 0.6162945727798856 -0.001332755992921042
2021-04-29 17:14:11,200 - fine-tune.py[line:55] - INFO: Epoch 19/150
2021-04-29 17:14:11,200 - fine-tune.py[line:56] - INFO: ----------
2021-04-29 17:14:54,550 - fine-tune.py[line:59] - INFO: 0.42195571618485517 0.6188038447834039 0.0017288117552436422
2021-04-29 17:14:54,550 - fine-tune.py[line:55] - INFO: Epoch 20/150
2021-04-29 17:14:54,550 - fine-tune.py[line:56] - INFO: ----------
2021-04-29 17:15:39,200 - fine-tune.py[line:59] - INFO: 0.4213453294561669 0.6211798884381178 0.004614852837390826
2021-04-29 17:15:48,348 - fine-tune.py[line:64] - INFO: Testing
2021-04-29 17:15:48,348 - fine-tune.py[line:66] - INFO: 0.41645516126336873 0.6195455854814583 -0.0006056671562417737
2021-04-29 17:15:48,349 - fine-tune.py[line:55] - INFO: Epoch 21/150
2021-04-29 17:15:48,349 - fine-tune.py[line:56] - INFO: ----------
2021-04-29 17:16:29,785 - fine-tune.py[line:59] - INFO: 0.42076785053675786 0.6234342168901947 0.007341452567435236
2021-04-29 17:16:29,786 - fine-tune.py[line:55] - INFO: Epoch 22/150
2021-04-29 17:16:29,786 - fine-tune.py[line:56] - INFO: ----------
2021-04-29 17:17:12,562 - fine-tune.py[line:59] - INFO: 0.4202204232962388 0.6255779945138686 0.009922708888465248
2021-04-29 17:17:12,562 - fine-tune.py[line:55] - INFO: Epoch 23/150
2021-04-29 17:17:12,562 - fine-tune.py[line:56] - INFO: ----------
2021-04-29 17:17:53,850 - fine-tune.py[line:59] - INFO: 0.41970052985597484 0.62762366341889 0.012371025284373172
2021-04-29 17:17:53,851 - fine-tune.py[line:55] - INFO: Epoch 24/150
2021-04-29 17:17:53,851 - fine-tune.py[line:56] - INFO: ----------
2021-04-29 17:18:35,894 - fine-tune.py[line:59] - INFO: 0.41920594069478245 0.6295763482166559 0.014697363882477665
2021-04-29 17:18:35,894 - fine-tune.py[line:55] - INFO: Epoch 25/150
2021-04-29 17:18:35,894 - fine-tune.py[line:56] - INFO: ----------
2021-04-29 17:19:16,436 - fine-tune.py[line:59] - INFO: 0.41873467391632796 0.6314474483530716 0.01691145176077813
2021-04-29 17:19:25,435 - fine-tune.py[line:64] - INFO: Testing
2021-04-29 17:19:25,435 - fine-tune.py[line:66] - INFO: 0.41384494739858924 0.6295456437093547 0.011898007003257938
2021-04-29 17:19:25,436 - fine-tune.py[line:55] - INFO: Epoch 26/150
2021-04-29 17:19:25,436 - fine-tune.py[line:56] - INFO: ----------
2021-04-29 17:20:08,236 - fine-tune.py[line:59] - INFO: 0.41828496138041665 0.633241467015473 0.019021952106118678
2021-04-29 17:20:08,236 - fine-tune.py[line:55] - INFO: Epoch 27/150
2021-04-29 17:20:08,236 - fine-tune.py[line:56] - INFO: ----------
2021-04-29 17:20:53,246 - fine-tune.py[line:59] - INFO: 0.4178552200537075 0.6349645813128594 0.02103660857310863
2021-04-29 17:20:53,246 - fine-tune.py[line:55] - INFO: Epoch 28/150
2021-04-29 17:20:53,246 - fine-tune.py[line:56] - INFO: ----------
2021-04-29 17:21:34,164 - fine-tune.py[line:59] - INFO: 0.41744402723980656 0.6366235491783422 0.022962369602724686
2021-04-29 17:21:34,165 - fine-tune.py[line:55] - INFO: Epoch 29/150
2021-04-29 17:21:34,165 - fine-tune.py[line:56] - INFO: ----------
2021-04-29 17:22:15,415 - fine-tune.py[line:59] - INFO: 0.4170501011758369 0.6382219762343284 0.024805486113670283
2021-04-29 17:22:15,416 - fine-tune.py[line:55] - INFO: Epoch 30/150
2021-04-29 17:22:15,416 - fine-tune.py[line:56] - INFO: ----------
2021-04-29 17:22:57,895 - fine-tune.py[line:59] - INFO: 0.4166722832732322 0.6397637359404852 0.026571600313582855
2021-04-29 17:23:08,672 - fine-tune.py[line:64] - INFO: Testing
2021-04-29 17:23:08,673 - fine-tune.py[line:66] - INFO: 0.4117689793184616 0.6377539662086387 0.02178636411708801
2021-04-29 17:23:08,673 - fine-tune.py[line:55] - INFO: Epoch 31/150
2021-04-29 17:23:08,673 - fine-tune.py[line:56] - INFO: ----------
2021-04-29 17:23:57,644 - fine-tune.py[line:59] - INFO: 0.41630952287194184 0.6412526639311993 0.028265821767900046
2021-04-29 17:23:57,644 - fine-tune.py[line:55] - INFO: Epoch 32/150
2021-04-29 17:23:57,644 - fine-tune.py[line:56] - INFO: ----------
2021-04-29 17:24:41,398 - fine-tune.py[line:59] - INFO: 0.415960864481919 0.642692351302665 0.02989279103944198
2021-04-29 17:24:41,398 - fine-tune.py[line:55] - INFO: Epoch 33/150
2021-04-29 17:24:41,398 - fine-tune.py[line:56] - INFO: ----------
2021-04-29 17:25:23,190 - fine-tune.py[line:59] - INFO: 0.41562543747801683 0.6440857529967822 0.03145673121986836
2021-04-29 17:25:23,190 - fine-tune.py[line:55] - INFO: Epoch 34/150
2021-04-29 17:25:23,191 - fine-tune.py[line:56] - INFO: ----------
2021-04-29 17:26:04,710 - fine-tune.py[line:59] - INFO: 0.4153024463701486 0.6454350845875146 0.03296149623924749
2021-04-29 17:26:04,711 - fine-tune.py[line:55] - INFO: Epoch 35/150
2021-04-29 17:26:04,711 - fine-tune.py[line:56] - INFO: ----------
2021-04-29 17:26:44,958 - fine-tune.py[line:59] - INFO: 0.41499116229637284 0.6467436262856091 0.0344106130145343
2021-04-29 17:26:53,556 - fine-tune.py[line:64] - INFO: Testing
2021-04-29 17:26:53,556 - fine-tune.py[line:66] - INFO: 0.4100699226681719 0.6446850244561008 0.029842393006996315
2021-04-29 17:26:53,557 - fine-tune.py[line:55] - INFO: Epoch 36/150
2021-04-29 17:26:53,557 - fine-tune.py[line:56] - INFO: ----------
2021-04-29 17:27:34,014 - fine-tune.py[line:59] - INFO: 0.4146909161606231 0.6480122559680785 0.03580731555627181
2021-04-29 17:27:34,014 - fine-tune.py[line:55] - INFO: Epoch 37/150
2021-04-29 17:27:34,014 - fine-tune.py[line:56] - INFO: ----------
2021-04-29 17:28:14,187 - fine-tune.py[line:59] - INFO: 0.41440109208406317 0.6492431441817049 0.0371545772982681
2021-04-29 17:28:14,187 - fine-tune.py[line:55] - INFO: Epoch 38/150
2021-04-29 17:28:14,187 - fine-tune.py[line:56] - INFO: ----------
2021-04-29 17:28:55,596 - fine-tune.py[line:59] - INFO: 0.4141211219036376 0.6504389073790557 0.03845513828389113
2021-04-29 17:28:55,596 - fine-tune.py[line:55] - INFO: Epoch 39/150
2021-04-29 17:28:55,596 - fine-tune.py[line:56] - INFO: ----------
2021-04-29 17:29:36,234 - fine-tune.py[line:59] - INFO: 0.4138504814710236 0.6516002750739085 0.03971152376451004
2021-04-29 17:29:36,235 - fine-tune.py[line:55] - INFO: Epoch 40/150
2021-04-29 17:29:36,235 - fine-tune.py[line:56] - INFO: ----------
2021-04-29 17:30:17,119 - fine-tune.py[line:59] - INFO: 0.4135886843209676 0.6527297995953911 0.04092607482055699
2021-04-29 17:30:25,915 - fine-tune.py[line:64] - INFO: Testing
2021-04-29 17:30:25,915 - fine-tune.py[line:66] - INFO: 0.4086491504759997 0.6506404016401327 0.03655337103621037
2021-04-29 17:30:25,915 - fine-tune.py[line:55] - INFO: Epoch 41/150
2021-04-29 17:30:25,915 - fine-tune.py[line:56] - INFO: ----------
2021-04-29 17:31:07,296 - fine-tune.py[line:59] - INFO: 0.41333528129078523 0.6538269918263151 0.04210095119364676
2021-04-29 17:31:07,296 - fine-tune.py[line:55] - INFO: Epoch 42/150
2021-04-29 17:31:07,296 - fine-tune.py[line:56] - INFO: ----------
2021-04-29 17:31:48,281 - fine-tune.py[line:59] - INFO: 0.4130898530039888 0.6548948178684663 0.04323816708666006
2021-04-29 17:31:48,281 - fine-tune.py[line:55] - INFO: Epoch 43/150
2021-04-29 17:31:48,281 - fine-tune.py[line:56] - INFO: ----------
2021-04-29 17:32:31,587 - fine-tune.py[line:59] - INFO: 0.4128520101851102 0.6559336135385179 0.04433959051504366
2021-04-29 17:32:31,588 - fine-tune.py[line:55] - INFO: Epoch 44/150
2021-04-29 17:32:31,588 - fine-tune.py[line:56] - INFO: ----------
2021-04-29 17:33:19,717 - fine-tune.py[line:59] - INFO: 0.41262138947791854 0.6569448619179655 0.045406963410264733
2021-04-29 17:33:19,718 - fine-tune.py[line:55] - INFO: Epoch 45/150
2021-04-29 17:33:19,718 - fine-tune.py[line:56] - INFO: ----------
2021-04-29 17:34:04,728 - fine-tune.py[line:59] - INFO: 0.4123976529937202 0.6579303054587411 0.04644190435652096
2021-04-29 17:34:14,288 - fine-tune.py[line:64] - INFO: Testing
2021-04-29 17:34:14,289 - fine-tune.py[line:66] - INFO: 0.4074410508906109 0.6558263959719515 0.04224147282290569
2021-04-29 17:34:14,289 - fine-tune.py[line:55] - INFO: Epoch 46/150
2021-04-29 17:34:14,289 - fine-tune.py[line:56] - INFO: ----------
2021-04-29 17:35:00,539 - fine-tune.py[line:59] - INFO: 0.41218048275971036 0.6588896058959325 0.047445934847621274
2021-04-29 17:35:00,539 - fine-tune.py[line:55] - INFO: Epoch 47/150
2021-04-29 17:35:00,539 - fine-tune.py[line:56] - INFO: ----------
2021-04-29 17:35:41,500 - fine-tune.py[line:59] - INFO: 0.41196958308624554 0.6598246134447561 0.04842046884098061
2021-04-29 17:35:41,500 - fine-tune.py[line:55] - INFO: Epoch 48/150
2021-04-29 17:35:41,500 - fine-tune.py[line:56] - INFO: ----------
2021-04-29 17:36:22,702 - fine-tune.py[line:59] - INFO: 0.4117646751316544 0.6607349859843252 0.04936683833836519
2021-04-29 17:36:22,702 - fine-tune.py[line:55] - INFO: Epoch 49/150
2021-04-29 17:36:22,702 - fine-tune.py[line:56] - INFO: ----------
2021-04-29 17:37:04,599 - fine-tune.py[line:59] - INFO: 0.411565498013641 0.6616216395025609 0.050286288647820476
2021-04-29 17:37:04,600 - fine-tune.py[line:55] - INFO: Epoch 50/150
2021-04-29 17:37:04,600 - fine-tune.py[line:56] - INFO: ----------
2021-04-29 17:37:46,676 - fine-tune.py[line:59] - INFO: 0.41137180629809955 0.6624859745345273 0.051179990345719184
2021-04-29 17:37:55,747 - fine-tune.py[line:64] - INFO: Testing
2021-04-29 17:37:55,747 - fine-tune.py[line:66] - INFO: 0.4063998890519231 0.6603766793059832 0.047130069806279096
2021-04-29 17:37:55,748 - fine-tune.py[line:55] - INFO: Epoch 51/150
2021-04-29 17:37:55,748 - fine-tune.py[line:56] - INFO: ----------
2021-04-29 17:38:38,197 - fine-tune.py[line:59] - INFO: 0.4111833686316236 0.6633288875434459 0.052049045909122404
2021-04-29 17:38:38,197 - fine-tune.py[line:55] - INFO: Epoch 52/150
2021-04-29 17:38:38,197 - fine-tune.py[line:56] - INFO: ----------
2021-04-29 17:39:18,870 - fine-tune.py[line:59] - INFO: 0.41099996786543525 0.66415099103771 0.052894489437021575
2021-04-29 17:39:18,871 - fine-tune.py[line:55] - INFO: Epoch 53/150
2021-04-29 17:39:18,871 - fine-tune.py[line:56] - INFO: ----------
2021-04-29 17:40:00,367 - fine-tune.py[line:59] - INFO: 0.4108213981972744 0.6649513216967939 0.05371730009257891
2021-04-29 17:40:00,367 - fine-tune.py[line:55] - INFO: Epoch 54/150
2021-04-29 17:40:00,368 - fine-tune.py[line:56] - INFO: ----------
2021-04-29 17:40:46,357 - fine-tune.py[line:59] - INFO: 0.4106474661387382 0.6657321831496286 0.05451839787936352
2021-04-29 17:40:46,358 - fine-tune.py[line:55] - INFO: Epoch 55/150
2021-04-29 17:40:46,358 - fine-tune.py[line:56] - INFO: ----------
2021-04-29 17:41:28,909 - fine-tune.py[line:59] - INFO: 0.41047798803415686 0.6664940533127124 0.05529865528793998
2021-04-29 17:41:37,971 - fine-tune.py[line:64] - INFO: Testing
2021-04-29 17:41:37,971 - fine-tune.py[line:66] - INFO: 0.4054925757348027 0.6643765348304168 0.05138000450125357
2021-04-29 17:41:37,971 - fine-tune.py[line:55] - INFO: Epoch 56/150
2021-04-29 17:41:37,971 - fine-tune.py[line:56] - INFO: ----------
2021-04-29 17:42:20,193 - fine-tune.py[line:59] - INFO: 0.41031279139298177 0.6672376415630642 0.05605889135505249
2021-04-29 17:42:20,194 - fine-tune.py[line:55] - INFO: Epoch 57/150
2021-04-29 17:42:20,194 - fine-tune.py[line:56] - INFO: ----------
2021-04-29 17:43:02,570 - fine-tune.py[line:59] - INFO: 0.4101517103878808 0.6679628972017511 0.05679989255980333
2021-04-29 17:43:02,571 - fine-tune.py[line:55] - INFO: Epoch 58/150
2021-04-29 17:43:02,571 - fine-tune.py[line:56] - INFO: ----------
2021-04-29 17:43:43,897 - fine-tune.py[line:59] - INFO: 0.40999459023955437 0.6686706640548727 0.057522392804257194
2021-04-29 17:43:43,897 - fine-tune.py[line:55] - INFO: Epoch 59/150
2021-04-29 17:43:43,898 - fine-tune.py[line:56] - INFO: ----------
2021-04-29 17:44:27,912 - fine-tune.py[line:59] - INFO: 0.40984128349606386 0.6693614097155236 0.05822709068284504
2021-04-29 17:44:27,912 - fine-tune.py[line:55] - INFO: Epoch 60/150
2021-04-29 17:44:27,912 - fine-tune.py[line:56] - INFO: ----------
2021-04-29 17:45:12,911 - fine-tune.py[line:59] - INFO: 0.40969164905829486 0.6700350824238678 0.0589146540883797
2021-04-29 17:45:21,967 - fine-tune.py[line:64] - INFO: Testing
2021-04-29 17:45:21,967 - fine-tune.py[line:66] - INFO: 0.4046944366657772 0.6679168139403676 0.05511070433484766
2021-04-29 17:45:21,967 - fine-tune.py[line:55] - INFO: Epoch 61/150
2021-04-29 17:45:21,967 - fine-tune.py[line:56] - INFO: ----------
2021-04-29 17:46:02,464 - fine-tune.py[line:59] - INFO: 0.40954555400077064 0.6706929866828264 0.05958571196388951
2021-04-29 17:46:02,465 - fine-tune.py[line:55] - INFO: Epoch 62/150
2021-04-29 17:46:02,465 - fine-tune.py[line:56] - INFO: ----------
2021-04-29 17:46:43,160 - fine-tune.py[line:59] - INFO: 0.40940287176825807 0.6713347857576368 0.06024086270416262
2021-04-29 17:46:43,161 - fine-tune.py[line:55] - INFO: Epoch 63/150
2021-04-29 17:46:43,161 - fine-tune.py[line:56] - INFO: ----------
2021-04-29 17:47:24,396 - fine-tune.py[line:59] - INFO: 0.4092634806573534 0.6719613038884934 0.06088068122578094
2021-04-29 17:47:24,396 - fine-tune.py[line:55] - INFO: Epoch 64/150
2021-04-29 17:47:24,396 - fine-tune.py[line:56] - INFO: ----------
2021-04-29 17:48:05,567 - fine-tune.py[line:59] - INFO: 0.40912726616150963 0.6725731728432636 0.0615057082932301
2021-04-29 17:48:05,568 - fine-tune.py[line:55] - INFO: Epoch 65/150
2021-04-29 17:48:05,568 - fine-tune.py[line:56] - INFO: ----------
2021-04-29 17:48:50,465 - fine-tune.py[line:59] - INFO: 0.4089941185413635 0.6731708053949079 0.06211646175990704
2021-04-29 17:49:01,098 - fine-tune.py[line:64] - INFO: Testing
2021-04-29 17:49:01,099 - fine-tune.py[line:66] - INFO: 0.4039866096433935 0.6710553862962225 0.05841311336743871
2021-04-29 17:49:01,099 - fine-tune.py[line:55] - INFO: Epoch 66/150
2021-04-29 17:49:01,099 - fine-tune.py[line:56] - INFO: ----------
2021-04-29 17:49:46,782 - fine-tune.py[line:59] - INFO: 0.40886393287942385 0.6737543393792373 0.06271343639223859
2021-04-29 17:49:46,782 - fine-tune.py[line:55] - INFO: Epoch 67/150
2021-04-29 17:49:46,782 - fine-tune.py[line:56] - INFO: ----------
2021-04-29 17:50:33,045 - fine-tune.py[line:59] - INFO: 0.4087366093116757 0.6743241279138081 0.06329710287963197
2021-04-29 17:50:33,045 - fine-tune.py[line:55] - INFO: Epoch 68/150
2021-04-29 17:50:33,045 - fine-tune.py[line:56] - INFO: ----------
2021-04-29 17:51:17,362 - fine-tune.py[line:59] - INFO: 0.40861205244713267 0.6748803582888426 0.06386791056362007
2021-04-29 17:51:17,362 - fine-tune.py[line:55] - INFO: Epoch 69/150
2021-04-29 17:51:17,362 - fine-tune.py[line:56] - INFO: ----------
2021-04-29 17:52:02,369 - fine-tune.py[line:59] - INFO: 0.40849017137412647 0.6754243836047903 0.06442628747110901
2021-04-29 17:52:02,369 - fine-tune.py[line:55] - INFO: Epoch 70/150
2021-04-29 17:52:02,369 - fine-tune.py[line:56] - INFO: ----------
2021-04-29 17:52:45,795 - fine-tune.py[line:59] - INFO: 0.40837087857117116 0.675956375646365 0.06497264536091041
2021-04-29 17:52:55,241 - fine-tune.py[line:64] - INFO: Testing
2021-04-29 17:52:55,241 - fine-tune.py[line:66] - INFO: 0.40335437685126313 0.6738405629506198 0.06135794506669856
2021-04-29 17:52:55,241 - fine-tune.py[line:55] - INFO: Epoch 71/150
2021-04-29 17:52:55,241 - fine-tune.py[line:56] - INFO: ----------
2021-04-29 17:53:39,164 - fine-tune.py[line:59] - INFO: 0.40825409043579247 0.6764762608644106 0.06550737735177892
2021-04-29 17:53:39,164 - fine-tune.py[line:55] - INFO: Epoch 72/150
2021-04-29 17:53:39,164 - fine-tune.py[line:56] - INFO: ----------
2021-04-29 17:54:23,028 - fine-tune.py[line:59] - INFO: 0.4081397267116173 0.6769836155913065 0.06603086059456176
2021-04-29 17:54:23,028 - fine-tune.py[line:55] - INFO: Epoch 73/150
2021-04-29 17:54:23,028 - fine-tune.py[line:56] - INFO: ----------
2021-04-29 17:55:05,388 - fine-tune.py[line:59] - INFO: 0.4080277111824276 0.677480558981235 0.06654345314069154
2021-04-29 17:55:05,389 - fine-tune.py[line:55] - INFO: Epoch 74/150
2021-04-29 17:55:05,389 - fine-tune.py[line:56] - INFO: ----------
2021-04-29 17:55:49,547 - fine-tune.py[line:59] - INFO: 0.4079179701800133 0.6779662222360671 0.06704550081392169
2021-04-29 17:55:49,547 - fine-tune.py[line:55] - INFO: Epoch 75/150
2021-04-29 17:55:49,547 - fine-tune.py[line:56] - INFO: ----------
2021-04-29 17:56:33,522 - fine-tune.py[line:59] - INFO: 0.4078104337577274 0.6784412622589154 0.06753733187874267
2021-04-29 17:56:42,468 - fine-tune.py[line:64] - INFO: Testing
2021-04-29 17:56:42,468 - fine-tune.py[line:66] - INFO: 0.4027860559373012 0.6763249785645902 0.0640011497980566
2021-04-29 17:56:42,468 - fine-tune.py[line:55] - INFO: Epoch 76/150
2021-04-29 17:56:42,468 - fine-tune.py[line:56] - INFO: ----------
2021-04-29 17:57:24,066 - fine-tune.py[line:59] - INFO: 0.40770503412778764 0.6789054673179798 0.0680192642252655
2021-04-29 17:57:24,067 - fine-tune.py[line:55] - INFO: Epoch 77/150
2021-04-29 17:57:24,067 - fine-tune.py[line:56] - INFO: ----------
2021-04-29 17:58:05,206 - fine-tune.py[line:59] - INFO: 0.40760170632218107 0.6793601750898093 0.06849160237796281
2021-04-29 17:58:05,207 - fine-tune.py[line:55] - INFO: Epoch 78/150
2021-04-29 17:58:05,207 - fine-tune.py[line:56] - INFO: ----------
2021-04-29 17:58:46,230 - fine-tune.py[line:59] - INFO: 0.40750038793901844 0.6798054083430186 0.06895463868671892
2021-04-29 17:58:46,231 - fine-tune.py[line:55] - INFO: Epoch 79/150
2021-04-29 17:58:46,231 - fine-tune.py[line:56] - INFO: ----------
2021-04-29 17:59:27,886 - fine-tune.py[line:59] - INFO: 0.40740101910644216 0.6802408162654762 0.069408653520868
2021-04-29 17:59:27,886 - fine-tune.py[line:55] - INFO: Epoch 80/150
2021-04-29 17:59:27,886 - fine-tune.py[line:56] - INFO: ----------
2021-04-29 18:00:08,355 - fine-tune.py[line:59] - INFO: 0.40730354226768534 0.6806674984425654 0.0698539162785724
2021-04-29 18:00:17,235 - fine-tune.py[line:64] - INFO: Testing
2021-04-29 18:00:17,236 - fine-tune.py[line:66] - INFO: 0.4022722379587451 0.6785505530774418 0.06638765884714837
2021-04-29 18:00:17,236 - fine-tune.py[line:55] - INFO: Epoch 81/150
2021-04-29 18:00:17,236 - fine-tune.py[line:56] - INFO: ----------
2021-04-29 18:00:59,871 - fine-tune.py[line:59] - INFO: 0.4072079022593129 0.6810848006642349 0.07029068505485592
2021-04-29 18:00:59,871 - fine-tune.py[line:55] - INFO: Epoch 82/150
2021-04-29 18:00:59,871 - fine-tune.py[line:56] - INFO: ----------
2021-04-29 18:01:40,373 - fine-tune.py[line:59] - INFO: 0.40711404626724096 0.6814937754484895 0.07071920686700539
2021-04-29 18:01:40,374 - fine-tune.py[line:55] - INFO: Epoch 83/150
2021-04-29 18:01:40,374 - fine-tune.py[line:56] - INFO: ----------
2021-04-29 18:02:24,142 - fine-tune.py[line:59] - INFO: 0.40702192233169654 0.6818944870819843 0.0711397245015275
2021-04-29 18:02:24,142 - fine-tune.py[line:55] - INFO: Epoch 84/150
2021-04-29 18:02:24,142 - fine-tune.py[line:56] - INFO: ----------
2021-04-29 18:03:03,936 - fine-tune.py[line:59] - INFO: 0.4069314813598552 0.6822872935175452 0.07155246734489473
2021-04-29 18:03:03,936 - fine-tune.py[line:55] - INFO: Epoch 85/150
2021-04-29 18:03:03,936 - fine-tune.py[line:56] - INFO: ----------
2021-04-29 18:03:44,777 - fine-tune.py[line:59] - INFO: 0.40684267573716865 0.6826723191052714 0.07195765774311924
2021-04-29 18:03:53,650 - fine-tune.py[line:64] - INFO: Testing
2021-04-29 18:03:53,651 - fine-tune.py[line:66] - INFO: 0.40180525560559294 0.6805547993917909 0.0685539899553207
2021-04-29 18:03:53,651 - fine-tune.py[line:55] - INFO: Epoch 86/150
2021-04-29 18:03:53,651 - fine-tune.py[line:56] - INFO: ----------
2021-04-29 18:04:34,943 - fine-tune.py[line:59] - INFO: 0.4067554600285811 0.6830495072908603 0.07235550781972955
2021-04-29 18:04:34,943 - fine-tune.py[line:55] - INFO: Epoch 87/150
2021-04-29 18:04:34,943 - fine-tune.py[line:56] - INFO: ----------
2021-04-29 18:05:16,710 - fine-tune.py[line:59] - INFO: 0.40666979003020093 0.6834190957574375 0.07274622381943996
2021-04-29 18:05:16,710 - fine-tune.py[line:55] - INFO: Epoch 88/150
2021-04-29 18:05:16,710 - fine-tune.py[line:56] - INFO: ----------
2021-04-29 18:05:59,957 - fine-tune.py[line:59] - INFO: 0.40658562229385775 0.6837814837514472 0.07313000828962479
2021-04-29 18:05:59,958 - fine-tune.py[line:55] - INFO: Epoch 89/150
2021-04-29 18:05:59,958 - fine-tune.py[line:56] - INFO: ----------
2021-04-29 18:06:41,989 - fine-tune.py[line:59] - INFO: 0.40650291666412663 0.6841371674695669 0.07350704852671097
2021-04-29 18:06:41,989 - fine-tune.py[line:55] - INFO: Epoch 90/150
2021-04-29 18:06:41,989 - fine-tune.py[line:56] - INFO: ----------
2021-04-29 18:07:23,962 - fine-tune.py[line:59] - INFO: 0.4064216338799928 0.6844858397191081 0.07387752752868282
2021-04-29 18:07:32,847 - fine-tune.py[line:64] - INFO: Testing
2021-04-29 18:07:32,847 - fine-tune.py[line:66] - INFO: 0.40137878889445655 0.6823702699658452 0.07053017073078327
2021-04-29 18:07:32,847 - fine-tune.py[line:55] - INFO: Epoch 91/150
2021-04-29 18:07:32,847 - fine-tune.py[line:56] - INFO: ----------
2021-04-29 18:08:14,954 - fine-tune.py[line:59] - INFO: 0.40634173524345113 0.6848283209454961 0.07424162551562585
2021-04-29 18:08:14,954 - fine-tune.py[line:55] - INFO: Epoch 92/150
2021-04-29 18:08:14,954 - fine-tune.py[line:56] - INFO: ----------
2021-04-29 18:08:56,791 - fine-tune.py[line:59] - INFO: 0.4062631836503209 0.6851643374561018 0.07459951524233299
2021-04-29 18:08:56,791 - fine-tune.py[line:55] - INFO: Epoch 93/150
2021-04-29 18:08:56,791 - fine-tune.py[line:56] - INFO: ----------
2021-04-29 18:09:38,687 - fine-tune.py[line:59] - INFO: 0.4061859436811386 0.6854943306478708 0.07495136159712934
2021-04-29 18:09:38,687 - fine-tune.py[line:55] - INFO: Epoch 94/150
2021-04-29 18:09:38,687 - fine-tune.py[line:56] - INFO: ----------
2021-04-29 18:10:21,290 - fine-tune.py[line:59] - INFO: 0.4061099810562465 0.6858183622980139 0.07529732409607681
2021-04-29 18:10:21,291 - fine-tune.py[line:55] - INFO: Epoch 95/150
2021-04-29 18:10:21,291 - fine-tune.py[line:56] - INFO: ----------
2021-04-29 18:11:07,687 - fine-tune.py[line:59] - INFO: 0.40603526245025867 0.6861362583980006 0.07563755773764591
2021-04-29 18:11:17,490 - fine-tune.py[line:64] - INFO: Testing
2021-04-29 18:11:17,490 - fine-tune.py[line:66] - INFO: 0.4009875842432843 0.6840159834180218 0.07234110709490982
2021-04-29 18:11:17,490 - fine-tune.py[line:55] - INFO: Epoch 96/150
2021-04-29 18:11:17,490 - fine-tune.py[line:56] - INFO: ----------
2021-04-29 18:11:58,734 - fine-tune.py[line:59] - INFO: 0.40596175559435127 0.6864484365356605 0.07597221254583764
2021-04-29 18:11:58,735 - fine-tune.py[line:55] - INFO: Epoch 97/150
2021-04-29 18:11:58,735 - fine-tune.py[line:56] - INFO: ----------
2021-04-29 18:12:40,532 - fine-tune.py[line:59] - INFO: 0.4058894292498916 0.6867549364336579 0.07630143369908127
2021-04-29 18:12:40,532 - fine-tune.py[line:55] - INFO: Epoch 98/150
2021-04-29 18:12:40,532 - fine-tune.py[line:56] - INFO: ----------
2021-04-29 18:13:23,441 - fine-tune.py[line:59] - INFO: 0.40581825361450363 0.6870564408036173 0.0766253596907972
2021-04-29 18:13:23,442 - fine-tune.py[line:55] - INFO: Epoch 99/150
2021-04-29 18:13:23,442 - fine-tune.py[line:56] - INFO: ----------
2021-04-29 18:14:07,430 - fine-tune.py[line:59] - INFO: 0.40574819932480155 0.6873523952828021 0.07694412687657859
2021-04-29 18:14:07,431 - fine-tune.py[line:55] - INFO: Epoch 100/150
2021-04-29 18:14:07,431 - fine-tune.py[line:56] - INFO: ----------
2021-04-29 18:14:50,950 - fine-tune.py[line:59] - INFO: 0.4056792385208373 0.6876438132786113 0.07725786463738038
2021-04-29 18:15:00,491 - fine-tune.py[line:64] - INFO: Testing
2021-04-29 18:15:00,491 - fine-tune.py[line:66] - INFO: 0.4006272361912575 0.6855256948380997 0.07400764185810604
2021-04-29 18:15:00,491 - fine-tune.py[line:55] - INFO: Epoch 101/150
2021-04-29 18:15:00,492 - fine-tune.py[line:56] - INFO: ----------
2021-04-29 18:15:44,570 - fine-tune.py[line:59] - INFO: 0.4056113437991392 0.6879300796711972 0.07756670015084632
2021-04-29 18:15:44,570 - fine-tune.py[line:55] - INFO: Epoch 102/150
2021-04-29 18:15:44,570 - fine-tune.py[line:56] - INFO: ----------
2021-04-29 18:16:29,225 - fine-tune.py[line:59] - INFO: 0.4055444892284891 0.6882118050715688 0.0778707537770329
2021-04-29 18:16:29,226 - fine-tune.py[line:55] - INFO: Epoch 103/150
2021-04-29 18:16:29,226 - fine-tune.py[line:56] - INFO: ----------
2021-04-29 18:17:13,434 - fine-tune.py[line:59] - INFO: 0.40547864859513183 0.6884889009759152 0.0781701470458871
2021-04-29 18:17:13,434 - fine-tune.py[line:55] - INFO: Epoch 104/150
2021-04-29 18:17:13,434 - fine-tune.py[line:56] - INFO: ----------
2021-04-29 18:17:54,128 - fine-tune.py[line:59] - INFO: 0.4054137979928036 0.6887612651294878 0.0784649908845596
2021-04-29 18:17:54,128 - fine-tune.py[line:55] - INFO: Epoch 105/150
2021-04-29 18:17:54,128 - fine-tune.py[line:56] - INFO: ----------
2021-04-29 18:18:35,352 - fine-tune.py[line:59] - INFO: 0.4053499127728565 0.6890291629213072 0.07875539949160693
2021-04-29 18:18:44,258 - fine-tune.py[line:64] - INFO: Testing
2021-04-29 18:18:44,258 - fine-tune.py[line:66] - INFO: 0.40029402673362235 0.6869124556986126 0.07554733297392824
2021-04-29 18:18:44,258 - fine-tune.py[line:55] - INFO: Epoch 106/150
2021-04-29 18:18:44,258 - fine-tune.py[line:56] - INFO: ----------
2021-04-29 18:19:25,819 - fine-tune.py[line:59] - INFO: 0.4052869696371734 0.6892930490504132 0.07904148082527174
2021-04-29 18:19:25,819 - fine-tune.py[line:55] - INFO: Epoch 107/150
2021-04-29 18:19:25,819 - fine-tune.py[line:56] - INFO: ----------
2021-04-29 18:20:10,908 - fine-tune.py[line:59] - INFO: 0.40522494692067784 0.6895527589951992 0.07932333532708402
2021-04-29 18:20:10,908 - fine-tune.py[line:55] - INFO: Epoch 108/150
2021-04-29 18:20:10,908 - fine-tune.py[line:56] - INFO: ----------
2021-04-29 18:20:54,037 - fine-tune.py[line:59] - INFO: 0.40516382232824233 0.6898080605606731 0.07960106621188634
2021-04-29 18:20:54,038 - fine-tune.py[line:55] - INFO: Epoch 109/150
2021-04-29 18:20:54,038 - fine-tune.py[line:56] - INFO: ----------
2021-04-29 18:21:36,763 - fine-tune.py[line:59] - INFO: 0.40510357419347354 0.6900597575646427 0.07987477374967478
2021-04-29 18:21:36,763 - fine-tune.py[line:55] - INFO: Epoch 110/150
2021-04-29 18:21:36,763 - fine-tune.py[line:56] - INFO: ----------
2021-04-29 18:22:18,043 - fine-tune.py[line:59] - INFO: 0.4050441822968936 0.6903073836177307 0.08014455155373068
2021-04-29 18:22:26,991 - fine-tune.py[line:64] - INFO: Testing
2021-04-29 18:22:26,991 - fine-tune.py[line:66] - INFO: 0.39998479559498923 0.6881907028874843 0.076975079146537
2021-04-29 18:22:26,991 - fine-tune.py[line:55] - INFO: Epoch 111/150
2021-04-29 18:22:26,991 - fine-tune.py[line:56] - INFO: ----------
2021-04-29 18:23:09,581 - fine-tune.py[line:59] - INFO: 0.40498562745064914 0.6905515179526931 0.08041048847345245
2021-04-29 18:23:09,582 - fine-tune.py[line:55] - INFO: Epoch 112/150
2021-04-29 18:23:09,582 - fine-tune.py[line:56] - INFO: ----------
2021-04-29 18:23:54,949 - fine-tune.py[line:59] - INFO: 0.4049278897576416 0.6907920006995756 0.08067267650437515
2021-04-29 18:23:54,950 - fine-tune.py[line:55] - INFO: Epoch 113/150
2021-04-29 18:23:54,950 - fine-tune.py[line:56] - INFO: ----------
2021-04-29 18:24:36,629 - fine-tune.py[line:59] - INFO: 0.4048709504221338 0.6910287772422643 0.08093120256742836
2021-04-29 18:24:36,629 - fine-tune.py[line:55] - INFO: Epoch 114/150
2021-04-29 18:24:36,629 - fine-tune.py[line:56] - INFO: ----------
2021-04-29 18:25:22,004 - fine-tune.py[line:59] - INFO: 0.40481479115037977 0.6912622947514664 0.08118615123500095
2021-04-29 18:25:22,005 - fine-tune.py[line:55] - INFO: Epoch 115/150
2021-04-29 18:25:22,005 - fine-tune.py[line:56] - INFO: ----------
2021-04-29 18:26:06,159 - fine-tune.py[line:59] - INFO: 0.4047593946183701 0.6914922514206179 0.08143760261116018
2021-04-29 18:26:15,726 - fine-tune.py[line:64] - INFO: Testing
2021-04-29 18:26:15,726 - fine-tune.py[line:66] - INFO: 0.3996968420919708 0.6893759811193245 0.07830359258153308
2021-04-29 18:26:15,727 - fine-tune.py[line:55] - INFO: Epoch 116/150
2021-04-29 18:26:15,727 - fine-tune.py[line:56] - INFO: ----------
2021-04-29 18:26:59,725 - fine-tune.py[line:59] - INFO: 0.40470474388831196 0.6917188023456088 0.08168563498432957
2021-04-29 18:26:59,725 - fine-tune.py[line:55] - INFO: Epoch 117/150
2021-04-29 18:26:59,725 - fine-tune.py[line:56] - INFO: ----------
2021-04-29 18:27:42,016 - fine-tune.py[line:59] - INFO: 0.40465082181952267 0.6919427059294276 0.08193032750304519
2021-04-29 18:27:42,016 - fine-tune.py[line:55] - INFO: Epoch 118/150
2021-04-29 18:27:42,017 - fine-tune.py[line:56] - INFO: ----------
2021-04-29 18:28:28,161 - fine-tune.py[line:59] - INFO: 0.4045976128764466 0.6921628732365266 0.08217175197379134
2021-04-29 18:28:28,161 - fine-tune.py[line:55] - INFO: Epoch 119/150
2021-04-29 18:28:28,162 - fine-tune.py[line:56] - INFO: ----------
2021-04-29 18:29:11,831 - fine-tune.py[line:59] - INFO: 0.40454510067365196 0.6923800721160137 0.08240998400399668
2021-04-29 18:29:11,832 - fine-tune.py[line:55] - INFO: Epoch 120/150
2021-04-29 18:29:11,832 - fine-tune.py[line:56] - INFO: ----------
2021-04-29 18:29:57,177 - fine-tune.py[line:59] - INFO: 0.40449327029338406 0.6925940041072499 0.08264509248878216
2021-04-29 18:30:09,135 - fine-tune.py[line:64] - INFO: Testing
2021-04-29 18:30:09,135 - fine-tune.py[line:66] - INFO: 0.3994278473610597 0.6904731380839313 0.07954377275029201
2021-04-29 18:30:09,136 - fine-tune.py[line:55] - INFO: Epoch 121/150
2021-04-29 18:30:09,136 - fine-tune.py[line:56] - INFO: ----------
2021-04-29 18:31:00,790 - fine-tune.py[line:59] - INFO: 0.40444210666795916 0.6928051695077115 0.082877146952684
2021-04-29 18:31:00,791 - fine-tune.py[line:55] - INFO: Epoch 122/150
2021-04-29 18:31:00,791 - fine-tune.py[line:56] - INFO: ----------
2021-04-29 18:31:48,668 - fine-tune.py[line:59] - INFO: 0.40439159570637995 0.6930138443358541 0.08310621244151328
2021-04-29 18:31:48,669 - fine-tune.py[line:55] - INFO: Epoch 123/150
2021-04-29 18:31:48,669 - fine-tune.py[line:56] - INFO: ----------
2021-04-29 18:32:30,855 - fine-tune.py[line:59] - INFO: 0.40434172332488066 0.693219170239364 0.08333235392182847
2021-04-29 18:32:30,855 - fine-tune.py[line:55] - INFO: Epoch 124/150
2021-04-29 18:32:30,855 - fine-tune.py[line:56] - INFO: ----------
2021-04-29 18:33:12,923 - fine-tune.py[line:59] - INFO: 0.40429247551436703 0.6934215008458477 0.08355563597623195
2021-04-29 18:33:12,923 - fine-tune.py[line:55] - INFO: Epoch 125/150
2021-04-29 18:33:12,923 - fine-tune.py[line:56] - INFO: ----------
2021-04-29 18:33:54,128 - fine-tune.py[line:59] - INFO: 0.40424383955222837 0.6936218343428233 0.08377611731139634
2021-04-29 18:34:02,919 - fine-tune.py[line:64] - INFO: Testing
2021-04-29 18:34:02,919 - fine-tune.py[line:66] - INFO: 0.39917580757938287 0.6914959227649811 0.0807050257501043
2021-04-29 18:34:02,919 - fine-tune.py[line:55] - INFO: Epoch 126/150
2021-04-29 18:34:02,919 - fine-tune.py[line:56] - INFO: ----------
2021-04-29 18:34:44,391 - fine-tune.py[line:59] - INFO: 0.4041958021353304 0.6938191671362467 0.08399385922468405
2021-04-29 18:34:44,392 - fine-tune.py[line:55] - INFO: Epoch 127/150
2021-04-29 18:34:44,392 - fine-tune.py[line:56] - INFO: ----------
2021-04-29 18:35:25,504 - fine-tune.py[line:59] - INFO: 0.4041483509633183 0.6940137428054166 0.08420891842801015
2021-04-29 18:35:25,504 - fine-tune.py[line:55] - INFO: Epoch 128/150
2021-04-29 18:35:25,504 - fine-tune.py[line:56] - INFO: ----------
2021-04-29 18:36:06,630 - fine-tune.py[line:59] - INFO: 0.40410147390908047 0.6942052858215255 0.08442135081034474
2021-04-29 18:36:06,630 - fine-tune.py[line:55] - INFO: Epoch 129/150
2021-04-29 18:36:06,630 - fine-tune.py[line:56] - INFO: ----------
2021-04-29 18:36:49,859 - fine-tune.py[line:59] - INFO: 0.4040551587963802 0.6943947730112136 0.08463121244649474
2021-04-29 18:36:49,859 - fine-tune.py[line:55] - INFO: Epoch 130/150
2021-04-29 18:36:49,859 - fine-tune.py[line:56] - INFO: ----------
2021-04-29 18:37:41,765 - fine-tune.py[line:59] - INFO: 0.40400939440600836 0.694581852991093 0.08483855503947835
2021-04-29 18:37:53,001 - fine-tune.py[line:64] - INFO: Testing
2021-04-29 18:37:53,002 - fine-tune.py[line:66] - INFO: 0.39893898524743066 0.692452393324906 0.08179549763863103
2021-04-29 18:37:53,002 - fine-tune.py[line:55] - INFO: Epoch 131/150
2021-04-29 18:37:53,002 - fine-tune.py[line:56] - INFO: ----------
2021-04-29 18:38:41,050 - fine-tune.py[line:59] - INFO: 0.4039641692155083 0.6947667323720659 0.08504343163261852
2021-04-29 18:38:41,051 - fine-tune.py[line:55] - INFO: Epoch 132/150
2021-04-29 18:38:41,051 - fine-tune.py[line:56] - INFO: ----------
2021-04-29 18:39:25,214 - fine-tune.py[line:59] - INFO: 0.4039194724515472 0.6949490004825764 0.08524589184287024
2021-04-29 18:39:25,214 - fine-tune.py[line:55] - INFO: Epoch 133/150
2021-04-29 18:39:25,214 - fine-tune.py[line:56] - INFO: ----------
2021-04-29 18:40:09,392 - fine-tune.py[line:59] - INFO: 0.40387529315172993 0.6951291672498372 0.08544598611230958
2021-04-29 18:40:09,392 - fine-tune.py[line:55] - INFO: Epoch 134/150
2021-04-29 18:40:09,392 - fine-tune.py[line:56] - INFO: ----------
2021-04-29 18:40:50,913 - fine-tune.py[line:59] - INFO: 0.40383162136378986 0.6953072579111041 0.08564376027788445
2021-04-29 18:40:50,914 - fine-tune.py[line:55] - INFO: Epoch 135/150
2021-04-29 18:40:50,914 - fine-tune.py[line:56] - INFO: ----------
2021-04-29 18:41:33,043 - fine-tune.py[line:59] - INFO: 0.4037884467662419 0.6954829495233564 0.08583926182005774
2021-04-29 18:41:42,195 - fine-tune.py[line:64] - INFO: Testing
2021-04-29 18:41:42,195 - fine-tune.py[line:66] - INFO: 0.3987158692234736 0.693347892714225 0.08282226542625593
2021-04-29 18:41:42,196 - fine-tune.py[line:55] - INFO: Epoch 136/150
2021-04-29 18:41:42,196 - fine-tune.py[line:56] - INFO: ----------
2021-04-29 18:42:24,068 - fine-tune.py[line:59] - INFO: 0.4037457594948118 0.6956563900825934 0.08603253612087958
2021-04-29 18:42:24,069 - fine-tune.py[line:55] - INFO: Epoch 137/150
2021-04-29 18:42:24,069 - fine-tune.py[line:56] - INFO: ----------
2021-04-29 18:43:05,786 - fine-tune.py[line:59] - INFO: 0.40370354979574574 0.6958280578521473 0.08622362803508954
2021-04-29 18:43:05,786 - fine-tune.py[line:55] - INFO: Epoch 138/150
2021-04-29 18:43:05,786 - fine-tune.py[line:56] - INFO: ----------
2021-04-29 18:43:48,333 - fine-tune.py[line:59] - INFO: 0.40366180871965635 0.6959971481981317 0.08641257875022057
2021-04-29 18:43:48,333 - fine-tune.py[line:55] - INFO: Epoch 139/150
2021-04-29 18:43:48,333 - fine-tune.py[line:56] - INFO: ----------
2021-04-29 18:44:36,144 - fine-tune.py[line:59] - INFO: 0.40362052686581507 0.6961643291631436 0.08659943147235216
2021-04-29 18:44:36,145 - fine-tune.py[line:55] - INFO: Epoch 140/150
2021-04-29 18:44:36,145 - fine-tune.py[line:56] - INFO: ----------
2021-04-29 18:45:23,276 - fine-tune.py[line:59] - INFO: 0.40357969533401816 0.6963295498034265 0.08678422711780176
2021-04-29 18:45:33,730 - fine-tune.py[line:64] - INFO: Testing
2021-04-29 18:45:33,730 - fine-tune.py[line:66] - INFO: 0.3985051356028963 0.6941920958346797 0.08379152259592804
2021-04-29 18:45:33,730 - fine-tune.py[line:55] - INFO: Epoch 141/150
2021-04-29 18:45:33,730 - fine-tune.py[line:56] - INFO: ----------
2021-04-29 18:46:20,203 - fine-tune.py[line:59] - INFO: 0.40353930581507463 0.6964926633266981 0.08696700390526568
2021-04-29 18:46:20,203 - fine-tune.py[line:55] - INFO: Epoch 142/150
2021-04-29 18:46:20,203 - fine-tune.py[line:56] - INFO: ----------
2021-04-29 18:47:02,185 - fine-tune.py[line:59] - INFO: 0.40349934950287664 0.6966540516581181 0.08714780228011942
2021-04-29 18:47:02,185 - fine-tune.py[line:55] - INFO: Epoch 143/150
2021-04-29 18:47:02,185 - fine-tune.py[line:56] - INFO: ----------
2021-04-29 18:47:43,956 - fine-tune.py[line:59] - INFO: 0.4034598181361018 0.6968133462766307 0.0873266602008207
2021-04-29 18:47:43,957 - fine-tune.py[line:55] - INFO: Epoch 144/150
2021-04-29 18:47:43,957 - fine-tune.py[line:56] - INFO: ----------
2021-04-29 18:48:25,331 - fine-tune.py[line:59] - INFO: 0.40342070399370217 0.6969706950558235 0.08750361316093191
2021-04-29 18:48:25,331 - fine-tune.py[line:55] - INFO: Epoch 145/150
2021-04-29 18:48:25,331 - fine-tune.py[line:56] - INFO: ----------
2021-04-29 18:49:10,394 - fine-tune.py[line:59] - INFO: 0.4033819988979236 0.6971265054845434 0.08767869870038825
2021-04-29 18:49:19,391 - fine-tune.py[line:64] - INFO: Testing
2021-04-29 18:49:19,391 - fine-tune.py[line:66] - INFO: 0.39830562655586643 0.6949873601677494 0.08470868078079452
2021-04-29 18:49:19,391 - fine-tune.py[line:55] - INFO: Epoch 146/150
2021-04-29 18:49:19,391 - fine-tune.py[line:56] - INFO: ----------
2021-04-29 18:50:01,442 - fine-tune.py[line:59] - INFO: 0.40334369545361304 0.6972805912926666 0.08785195079957131
2021-04-29 18:50:01,443 - fine-tune.py[line:55] - INFO: Epoch 147/150
2021-04-29 18:50:01,443 - fine-tune.py[line:56] - INFO: ----------
2021-04-29 18:50:42,833 - fine-tune.py[line:59] - INFO: 0.40330578644052023 0.6974328451861544 0.0880234026296638
2021-04-29 18:50:42,833 - fine-tune.py[line:55] - INFO: Epoch 148/150
2021-04-29 18:50:42,833 - fine-tune.py[line:56] - INFO: ----------
2021-04-29 18:51:25,220 - fine-tune.py[line:59] - INFO: 0.403268263979279 0.697583196227305 0.08819309032485279
2021-04-29 18:51:25,220 - fine-tune.py[line:55] - INFO: Epoch 149/150
2021-04-29 18:51:25,220 - fine-tune.py[line:56] - INFO: ----------
2021-04-29 18:52:07,776 - fine-tune.py[line:59] - INFO: 0.4032311214718064 0.6977316197705203 0.08836104420742763
2021-04-29 18:52:07,776 - fine-tune.py[line:55] - INFO: Epoch 150/150
2021-04-29 18:52:07,776 - fine-tune.py[line:56] - INFO: ----------
2021-04-29 18:52:50,186 - fine-tune.py[line:59] - INFO: 0.40319435187851105 0.6978787223464127 0.08852729657994596
2021-04-29 18:53:00,539 - fine-tune.py[line:64] - INFO: Testing
2021-04-29 18:53:00,539 - fine-tune.py[line:66] - INFO: 0.3981163205747619 0.6957357372911508 0.08557851004694661
