2021-05-09 20:57:42,461 - fine-tune.py[line:55] - INFO: Epoch 1/150
2021-05-09 20:57:42,461 - fine-tune.py[line:56] - INFO: ----------
2021-05-09 20:59:01,082 - fine-tune.py[line:55] - INFO: Epoch 1/150
2021-05-09 20:59:01,082 - fine-tune.py[line:56] - INFO: ----------
2021-05-09 20:59:34,037 - fine-tune.py[line:59] - INFO: 0.45549289029743184 0.5267158420883765 -0.1699430302952627
2021-05-09 20:59:34,037 - fine-tune.py[line:55] - INFO: Epoch 2/150
2021-05-09 20:59:34,038 - fine-tune.py[line:56] - INFO: ----------
2021-05-09 21:00:07,025 - fine-tune.py[line:59] - INFO: 0.4478908619004955 0.5414282693661041 -0.1312169740126321
2021-05-09 21:00:07,025 - fine-tune.py[line:55] - INFO: Epoch 3/150
2021-05-09 21:00:07,026 - fine-tune.py[line:56] - INFO: ----------
2021-05-09 21:00:43,401 - fine-tune.py[line:59] - INFO: 0.4397732376337413 0.5594805358485727 -0.09058395317970591
2021-05-09 21:00:43,401 - fine-tune.py[line:55] - INFO: Epoch 4/150
2021-05-09 21:00:43,402 - fine-tune.py[line:56] - INFO: ----------
2021-05-09 21:01:19,406 - fine-tune.py[line:59] - INFO: 0.43322660864143764 0.5763675160944541 -0.05835594938104238
2021-05-09 21:01:19,407 - fine-tune.py[line:55] - INFO: Epoch 5/150
2021-05-09 21:01:19,407 - fine-tune.py[line:56] - INFO: ----------
2021-05-09 21:01:55,582 - fine-tune.py[line:59] - INFO: 0.4282544628973878 0.5909640371417046 -0.034201836072706326
2021-05-09 21:02:03,238 - fine-tune.py[line:64] - INFO: Testing
2021-05-09 21:02:03,238 - fine-tune.py[line:66] - INFO: 0.42319711379156444 0.6005205913790927 -0.024572184282907417
2021-05-09 21:02:03,239 - fine-tune.py[line:55] - INFO: Epoch 6/150
2021-05-09 21:02:03,239 - fine-tune.py[line:56] - INFO: ----------
2021-05-09 21:02:38,045 - fine-tune.py[line:59] - INFO: 0.42447942282692486 0.6032939849945429 -0.016049329757812147
2021-05-09 21:02:38,045 - fine-tune.py[line:55] - INFO: Epoch 7/150
2021-05-09 21:02:38,045 - fine-tune.py[line:56] - INFO: ----------
2021-05-09 21:03:12,472 - fine-tune.py[line:59] - INFO: 0.42156210847219644 0.6136861543533503 -0.002131342932505609
2021-05-09 21:03:12,472 - fine-tune.py[line:55] - INFO: Epoch 8/150
2021-05-09 21:03:12,472 - fine-tune.py[line:56] - INFO: ----------
2021-05-09 21:03:47,525 - fine-tune.py[line:59] - INFO: 0.41925808472586445 0.6224816917737926 0.008792906139604373
2021-05-09 21:03:47,525 - fine-tune.py[line:55] - INFO: Epoch 9/150
2021-05-09 21:03:47,525 - fine-tune.py[line:56] - INFO: ----------
2021-05-09 21:04:23,655 - fine-tune.py[line:59] - INFO: 0.4173995172570137 0.6299752661734642 0.017561452494110008
2021-05-09 21:04:23,655 - fine-tune.py[line:55] - INFO: Epoch 10/150
2021-05-09 21:04:23,655 - fine-tune.py[line:56] - INFO: ----------
2021-05-09 21:04:57,821 - fine-tune.py[line:59] - INFO: 0.41587111889647116 0.63640742020976 0.024743101083105512
2021-05-09 21:05:05,041 - fine-tune.py[line:64] - INFO: Testing
2021-05-09 21:05:05,041 - fine-tune.py[line:66] - INFO: 0.41258737695962694 0.6409176502267534 0.026156790614936254
2021-05-09 21:05:05,041 - fine-tune.py[line:55] - INFO: Epoch 11/150
2021-05-09 21:05:05,041 - fine-tune.py[line:56] - INFO: ----------
2021-05-09 21:05:38,556 - fine-tune.py[line:59] - INFO: 0.4145924349116916 0.6419692261608879 0.03073114963143253
2021-05-09 21:05:38,556 - fine-tune.py[line:55] - INFO: Epoch 12/150
2021-05-09 21:05:38,556 - fine-tune.py[line:56] - INFO: ----------
2021-05-09 21:06:11,424 - fine-tune.py[line:59] - INFO: 0.4135061875997801 0.6468162398228884 0.035803535528665664
2021-05-09 21:06:11,424 - fine-tune.py[line:55] - INFO: Epoch 13/150
2021-05-09 21:06:11,424 - fine-tune.py[line:56] - INFO: ----------
2021-05-09 21:06:45,006 - fine-tune.py[line:59] - INFO: 0.41257077491045285 0.6510695952527603 0.04016091393928045
2021-05-09 21:06:45,007 - fine-tune.py[line:55] - INFO: Epoch 14/150
2021-05-09 21:06:45,007 - fine-tune.py[line:56] - INFO: ----------
2021-05-09 21:07:20,916 - fine-tune.py[line:59] - INFO: 0.41175541085528655 0.6548282718815783 0.04395102701752285
2021-05-09 21:07:20,917 - fine-tune.py[line:55] - INFO: Epoch 15/150
2021-05-09 21:07:20,917 - fine-tune.py[line:56] - INFO: ----------
2021-05-09 21:07:58,459 - fine-tune.py[line:59] - INFO: 0.41103692089564436 0.6581716952268731 0.04728461904297632
2021-05-09 21:08:06,478 - fine-tune.py[line:64] - INFO: Testing
2021-05-09 21:08:06,478 - fine-tune.py[line:66] - INFO: 0.4082519120914279 0.6606071409211657 0.046515534258939506
2021-05-09 21:08:06,479 - fine-tune.py[line:55] - INFO: Epoch 16/150
2021-05-09 21:08:06,479 - fine-tune.py[line:56] - INFO: ----------
2021-05-09 21:08:41,974 - fine-tune.py[line:59] - INFO: 0.410397590215694 0.6611634585788748 0.050246039009442245
2021-05-09 21:08:41,975 - fine-tune.py[line:55] - INFO: Epoch 17/150
2021-05-09 21:08:41,975 - fine-tune.py[line:56] - INFO: ----------
2021-05-09 21:09:15,610 - fine-tune.py[line:59] - INFO: 0.4098236877585694 0.6638564294216934 0.0529004650245285
2021-05-09 21:09:15,611 - fine-tune.py[line:55] - INFO: Epoch 18/150
2021-05-09 21:09:15,611 - fine-tune.py[line:56] - INFO: ----------
2021-05-09 21:09:49,787 - fine-tune.py[line:59] - INFO: 0.40930443363227054 0.6662911485246157 0.05529892956286475
2021-05-09 21:09:49,787 - fine-tune.py[line:55] - INFO: Epoch 19/150
2021-05-09 21:09:49,787 - fine-tune.py[line:56] - INFO: ----------
2021-05-09 21:10:25,258 - fine-tune.py[line:59] - INFO: 0.4088312687270984 0.6685041596441441 0.05748185740409373
2021-05-09 21:10:25,259 - fine-tune.py[line:55] - INFO: Epoch 20/150
2021-05-09 21:10:25,259 - fine-tune.py[line:56] - INFO: ----------
2021-05-09 21:10:59,788 - fine-tune.py[line:59] - INFO: 0.40839732539320855 0.6705249534186586 0.059481618358737665
2021-05-09 21:11:07,032 - fine-tune.py[line:64] - INFO: Testing
2021-05-09 21:11:07,032 - fine-tune.py[line:66] - INFO: 0.40582043261824463 0.6719724442176954 0.05783929737803617
2021-05-09 21:11:07,033 - fine-tune.py[line:55] - INFO: Epoch 21/150
2021-05-09 21:11:07,033 - fine-tune.py[line:56] - INFO: ----------
2021-05-09 21:11:40,790 - fine-tune.py[line:59] - INFO: 0.40799703841539414 0.6723780641812812 0.061324396147732885
2021-05-09 21:11:40,791 - fine-tune.py[line:55] - INFO: Epoch 22/150
2021-05-09 21:11:40,791 - fine-tune.py[line:56] - INFO: ----------
2021-05-09 21:12:14,857 - fine-tune.py[line:59] - INFO: 0.407625858239 0.6740852431775142 0.06303156191026749
2021-05-09 21:12:14,857 - fine-tune.py[line:55] - INFO: Epoch 23/150
2021-05-09 21:12:14,857 - fine-tune.py[line:56] - INFO: ----------
2021-05-09 21:12:48,502 - fine-tune.py[line:59] - INFO: 0.4072800352055278 0.675663431679628 0.064620704562254
2021-05-09 21:12:48,503 - fine-tune.py[line:55] - INFO: Epoch 24/150
2021-05-09 21:12:48,503 - fine-tune.py[line:56] - INFO: ----------
2021-05-09 21:13:22,111 - fine-tune.py[line:59] - INFO: 0.4069564540299388 0.6771256262375611 0.06610641891515368
2021-05-09 21:13:22,111 - fine-tune.py[line:55] - INFO: Epoch 25/150
2021-05-09 21:13:22,111 - fine-tune.py[line:56] - INFO: ----------
2021-05-09 21:14:01,779 - fine-tune.py[line:59] - INFO: 0.4066525075979241 0.6784860978046182 0.06750090531371455
2021-05-09 21:14:09,900 - fine-tune.py[line:64] - INFO: Testing
2021-05-09 21:14:09,900 - fine-tune.py[line:66] - INFO: 0.4041876670465068 0.6793744091098946 0.06540536751527326
2021-05-09 21:14:09,901 - fine-tune.py[line:55] - INFO: Epoch 26/150
2021-05-09 21:14:09,901 - fine-tune.py[line:56] - INFO: ----------
2021-05-09 21:14:48,094 - fine-tune.py[line:59] - INFO: 0.4063659984995223 0.679755225885608 0.06881443641007245
2021-05-09 21:14:48,095 - fine-tune.py[line:55] - INFO: Epoch 27/150
2021-05-09 21:14:48,095 - fine-tune.py[line:56] - INFO: ----------
2021-05-09 21:15:22,251 - fine-tune.py[line:59] - INFO: 0.4060950629143834 0.6809429942795976 0.07005571743081707
2021-05-09 21:15:22,251 - fine-tune.py[line:55] - INFO: Epoch 28/150
2021-05-09 21:15:22,251 - fine-tune.py[line:56] - INFO: ----------
2021-05-09 21:15:55,590 - fine-tune.py[line:59] - INFO: 0.405838110124708 0.682056246237436 0.07123217192254094
2021-05-09 21:15:55,591 - fine-tune.py[line:55] - INFO: Epoch 29/150
2021-05-09 21:15:55,591 - fine-tune.py[line:56] - INFO: ----------
2021-05-09 21:16:29,169 - fine-tune.py[line:59] - INFO: 0.40559377442294375 0.6831037574692068 0.07235016858771848
2021-05-09 21:16:29,169 - fine-tune.py[line:55] - INFO: Epoch 30/150
2021-05-09 21:16:29,169 - fine-tune.py[line:56] - INFO: ----------
2021-05-09 21:17:03,083 - fine-tune.py[line:59] - INFO: 0.40536087586234926 0.6840907523382047 0.07341520604568763
2021-05-09 21:17:10,488 - fine-tune.py[line:64] - INFO: Testing
2021-05-09 21:17:10,488 - fine-tune.py[line:66] - INFO: 0.4029684610368558 0.6846074890306451 0.07103515252053039
2021-05-09 21:17:10,489 - fine-tune.py[line:55] - INFO: Epoch 31/150
2021-05-09 21:17:10,489 - fine-tune.py[line:56] - INFO: ----------
2021-05-09 21:17:44,625 - fine-tune.py[line:59] - INFO: 0.40513839021775827 0.6850229192159962 0.07443205425855293
2021-05-09 21:17:44,626 - fine-tune.py[line:55] - INFO: Epoch 32/150
2021-05-09 21:17:44,626 - fine-tune.py[line:56] - INFO: ----------
2021-05-09 21:18:22,829 - fine-tune.py[line:59] - INFO: 0.40492542305786466 0.685905257463018 0.07540487625246939
2021-05-09 21:18:22,829 - fine-tune.py[line:55] - INFO: Epoch 33/150
2021-05-09 21:18:22,830 - fine-tune.py[line:56] - INFO: ----------
2021-05-09 21:19:04,824 - fine-tune.py[line:59] - INFO: 0.4047211889286906 0.6867414015862588 0.07633732577365782
2021-05-09 21:19:04,825 - fine-tune.py[line:55] - INFO: Epoch 34/150
2021-05-09 21:19:04,825 - fine-tune.py[line:56] - INFO: ----------
2021-05-09 21:19:44,184 - fine-tune.py[line:59] - INFO: 0.40452499635407635 0.6875356900256434 0.07723261784151869
2021-05-09 21:19:44,185 - fine-tune.py[line:55] - INFO: Epoch 35/150
2021-05-09 21:19:44,185 - fine-tune.py[line:56] - INFO: ----------
2021-05-09 21:20:23,051 - fine-tune.py[line:59] - INFO: 0.4043362315619645 0.6882917468557241 0.0780936046984343
2021-05-09 21:20:30,779 - fine-tune.py[line:64] - INFO: Testing
2021-05-09 21:20:30,779 - fine-tune.py[line:66] - INFO: 0.40199760259322914 0.6885306491620454 0.07550600819454445
2021-05-09 21:20:30,780 - fine-tune.py[line:55] - INFO: Epoch 36/150
2021-05-09 21:20:30,780 - fine-tune.py[line:56] - INFO: ----------
2021-05-09 21:21:04,975 - fine-tune.py[line:59] - INFO: 0.4041543491510368 0.6890125652451752 0.07892281974942827
2021-05-09 21:21:04,976 - fine-tune.py[line:55] - INFO: Epoch 37/150
2021-05-09 21:21:04,976 - fine-tune.py[line:56] - INFO: ----------
2021-05-09 21:21:40,066 - fine-tune.py[line:59] - INFO: 0.40397886131568433 0.6897011509115234 0.07972252782390865
2021-05-09 21:21:40,066 - fine-tune.py[line:55] - INFO: Epoch 38/150
2021-05-09 21:21:40,066 - fine-tune.py[line:56] - INFO: ----------
2021-05-09 21:22:13,733 - fine-tune.py[line:59] - INFO: 0.4038093305099074 0.6903596592218231 0.08049475954293028
2021-05-09 21:22:13,733 - fine-tune.py[line:55] - INFO: Epoch 39/150
2021-05-09 21:22:13,733 - fine-tune.py[line:56] - INFO: ----------
2021-05-09 21:22:48,093 - fine-tune.py[line:59] - INFO: 0.40364536235653187 0.6909901770268191 0.08124134440196085
2021-05-09 21:22:48,094 - fine-tune.py[line:55] - INFO: Epoch 40/150
2021-05-09 21:22:48,094 - fine-tune.py[line:56] - INFO: ----------
2021-05-09 21:23:21,847 - fine-tune.py[line:59] - INFO: 0.40348660021939214 0.6915944587502287 0.08196393614008202
2021-05-09 21:23:29,015 - fine-tune.py[line:64] - INFO: Testing
2021-05-09 21:23:29,015 - fine-tune.py[line:66] - INFO: 0.4011923300590916 0.691606841846482 0.07920614950086002
2021-05-09 21:23:29,015 - fine-tune.py[line:55] - INFO: Epoch 41/150
2021-05-09 21:23:29,015 - fine-tune.py[line:56] - INFO: ----------
2021-05-09 21:24:03,864 - fine-tune.py[line:59] - INFO: 0.40333272080549215 0.6921754400326795 0.08266403331107486
2021-05-09 21:24:03,865 - fine-tune.py[line:55] - INFO: Epoch 42/150
2021-05-09 21:24:03,865 - fine-tune.py[line:56] - INFO: ----------
2021-05-09 21:24:38,103 - fine-tune.py[line:59] - INFO: 0.40318342938028207 0.6927342357125646 0.08334300152305707
2021-05-09 21:24:38,103 - fine-tune.py[line:55] - INFO: Epoch 43/150
2021-05-09 21:24:38,103 - fine-tune.py[line:56] - INFO: ----------
2021-05-09 21:25:12,018 - fine-tune.py[line:59] - INFO: 0.4030384572087354 0.6932721829588941 0.08400208547565724
2021-05-09 21:25:12,019 - fine-tune.py[line:55] - INFO: Epoch 44/150
2021-05-09 21:25:12,019 - fine-tune.py[line:56] - INFO: ----------
2021-05-09 21:25:46,696 - fine-tune.py[line:59] - INFO: 0.40289755786913767 0.6937907351084243 0.08464242606393846
2021-05-09 21:25:46,697 - fine-tune.py[line:55] - INFO: Epoch 45/150
2021-05-09 21:25:46,697 - fine-tune.py[line:56] - INFO: ----------
2021-05-09 21:26:20,687 - fine-tune.py[line:59] - INFO: 0.40276050495603677 0.6942908808055464 0.08526507111168569
2021-05-09 21:26:27,883 - fine-tune.py[line:64] - INFO: Testing
2021-05-09 21:26:27,883 - fine-tune.py[line:66] - INFO: 0.4005057127744293 0.694101112137194 0.08235522245712523
2021-05-09 21:26:27,883 - fine-tune.py[line:55] - INFO: Epoch 46/150
2021-05-09 21:26:27,883 - fine-tune.py[line:56] - INFO: ----------
2021-05-09 21:27:01,428 - fine-tune.py[line:59] - INFO: 0.40262709077843445 0.6947743686377994 0.08587098154308148
2021-05-09 21:27:01,428 - fine-tune.py[line:55] - INFO: Epoch 47/150
2021-05-09 21:27:01,428 - fine-tune.py[line:56] - INFO: ----------
2021-05-09 21:27:35,655 - fine-tune.py[line:59] - INFO: 0.40249712285626704 0.6952419907435147 0.08646104751894512
2021-05-09 21:27:35,655 - fine-tune.py[line:55] - INFO: Epoch 48/150
2021-05-09 21:27:35,656 - fine-tune.py[line:56] - INFO: ----------
2021-05-09 21:28:10,744 - fine-tune.py[line:59] - INFO: 0.4023704233773131 0.6956940577014602 0.08703609109274602
2021-05-09 21:28:10,744 - fine-tune.py[line:55] - INFO: Epoch 49/150
2021-05-09 21:28:10,745 - fine-tune.py[line:56] - INFO: ----------
2021-05-09 21:28:45,992 - fine-tune.py[line:59] - INFO: 0.4022468282534795 0.6961324916453235 0.08759687066676713
2021-05-09 21:28:45,992 - fine-tune.py[line:55] - INFO: Epoch 50/150
2021-05-09 21:28:45,992 - fine-tune.py[line:56] - INFO: ----------
2021-05-09 21:29:21,892 - fine-tune.py[line:59] - INFO: 0.40212618396816113 0.696557794144423 0.08814409544702184
2021-05-09 21:29:29,031 - fine-tune.py[line:64] - INFO: Testing
2021-05-09 21:29:29,031 - fine-tune.py[line:66] - INFO: 0.39990840868640964 0.69618906583314 0.0850902858462006
2021-05-09 21:29:29,031 - fine-tune.py[line:55] - INFO: Epoch 51/150
2021-05-09 21:29:29,031 - fine-tune.py[line:56] - INFO: ----------
2021-05-09 21:30:03,075 - fine-tune.py[line:59] - INFO: 0.40200834873048386 0.6969710183404061 0.08867842033628237
2021-05-09 21:30:03,076 - fine-tune.py[line:55] - INFO: Epoch 52/150
2021-05-09 21:30:03,076 - fine-tune.py[line:56] - INFO: ----------
2021-05-09 21:30:37,016 - fine-tune.py[line:59] - INFO: 0.4018931899508975 0.6973728075597376 0.08920045750199046
2021-05-09 21:30:37,016 - fine-tune.py[line:55] - INFO: Epoch 53/150
2021-05-09 21:30:37,016 - fine-tune.py[line:56] - INFO: ----------
2021-05-09 21:31:11,171 - fine-tune.py[line:59] - INFO: 0.40178058398338584 0.6977633400944685 0.08971077764659585
2021-05-09 21:31:11,172 - fine-tune.py[line:55] - INFO: Epoch 54/150
2021-05-09 21:31:11,172 - fine-tune.py[line:56] - INFO: ----------
2021-05-09 21:31:45,176 - fine-tune.py[line:59] - INFO: 0.40167041551929533 0.6981435261105586 0.09020991284813329
2021-05-09 21:31:45,176 - fine-tune.py[line:55] - INFO: Epoch 55/150
2021-05-09 21:31:45,176 - fine-tune.py[line:56] - INFO: ----------
2021-05-09 21:32:18,738 - fine-tune.py[line:59] - INFO: 0.4015625761910846 0.6985135635677677 0.09069836296902767
2021-05-09 21:32:25,931 - fine-tune.py[line:64] - INFO: Testing
2021-05-09 21:32:25,931 - fine-tune.py[line:66] - INFO: 0.3993806907569175 0.6979724856754018 0.08750331687743085
2021-05-09 21:32:25,931 - fine-tune.py[line:55] - INFO: Epoch 56/150
2021-05-09 21:32:25,931 - fine-tune.py[line:56] - INFO: ----------
2021-05-09 21:32:59,957 - fine-tune.py[line:59] - INFO: 0.4014569648287282 0.6988745963143592 0.09117659456748595
2021-05-09 21:32:59,957 - fine-tune.py[line:55] - INFO: Epoch 57/150
2021-05-09 21:32:59,957 - fine-tune.py[line:56] - INFO: ----------
2021-05-09 21:33:36,744 - fine-tune.py[line:59] - INFO: 0.40135348647372726 0.6992270946223421 0.09164504543034457
2021-05-09 21:33:36,745 - fine-tune.py[line:55] - INFO: Epoch 58/150
2021-05-09 21:33:36,745 - fine-tune.py[line:56] - INFO: ----------
2021-05-09 21:34:13,329 - fine-tune.py[line:59] - INFO: 0.40125205182136536 0.6995709009362702 0.09210412715741378
2021-05-09 21:34:13,330 - fine-tune.py[line:55] - INFO: Epoch 59/150
2021-05-09 21:34:13,330 - fine-tune.py[line:56] - INFO: ----------
2021-05-09 21:34:47,579 - fine-tune.py[line:59] - INFO: 0.40115257657770226 0.6999070850512092 0.09255422812461556
2021-05-09 21:34:47,579 - fine-tune.py[line:55] - INFO: Epoch 60/150
2021-05-09 21:34:47,579 - fine-tune.py[line:56] - INFO: ----------
2021-05-09 21:35:21,192 - fine-tune.py[line:59] - INFO: 0.4010549825000463 0.700235560749912 0.09299570882554264
2021-05-09 21:35:28,382 - fine-tune.py[line:64] - INFO: Testing
2021-05-09 21:35:28,382 - fine-tune.py[line:66] - INFO: 0.3989085839102465 0.6995278053754063 0.08965936157499155
2021-05-09 21:35:28,382 - fine-tune.py[line:55] - INFO: Epoch 61/150
2021-05-09 21:35:28,382 - fine-tune.py[line:56] - INFO: ----------
2021-05-09 21:36:02,332 - fine-tune.py[line:59] - INFO: 0.4009591949771068 0.7005568895026952 0.09342891286495436
2021-05-09 21:36:02,332 - fine-tune.py[line:55] - INFO: Epoch 62/150
2021-05-09 21:36:02,332 - fine-tune.py[line:56] - INFO: ----------
2021-05-09 21:36:36,539 - fine-tune.py[line:59] - INFO: 0.40086514404143053 0.700871557251601 0.09385416241711686
2021-05-09 21:36:36,540 - fine-tune.py[line:55] - INFO: Epoch 63/150
2021-05-09 21:36:36,540 - fine-tune.py[line:56] - INFO: ----------
2021-05-09 21:37:12,250 - fine-tune.py[line:59] - INFO: 0.40077276319460425 0.7011800483139471 0.09427176357486089
2021-05-09 21:37:12,251 - fine-tune.py[line:55] - INFO: Epoch 64/150
2021-05-09 21:37:12,251 - fine-tune.py[line:56] - INFO: ----------
2021-05-09 21:37:46,395 - fine-tune.py[line:59] - INFO: 0.4006819902580936 0.701481999927404 0.09468200253592407
2021-05-09 21:37:46,396 - fine-tune.py[line:55] - INFO: Epoch 65/150
2021-05-09 21:37:46,396 - fine-tune.py[line:56] - INFO: ----------
2021-05-09 21:38:21,171 - fine-tune.py[line:59] - INFO: 0.40059276567816815 0.7017777124307052 0.09508515329510858
2021-05-09 21:38:28,473 - fine-tune.py[line:64] - INFO: Testing
2021-05-09 21:38:28,473 - fine-tune.py[line:66] - INFO: 0.3984818203875686 0.7009093003290888 0.09160613524290884
2021-05-09 21:38:28,474 - fine-tune.py[line:55] - INFO: Epoch 66/150
2021-05-09 21:38:28,474 - fine-tune.py[line:56] - INFO: ----------
2021-05-09 21:39:02,882 - fine-tune.py[line:59] - INFO: 0.40050503440011986 0.7020679020704811 0.09548146920268452
2021-05-09 21:39:02,882 - fine-tune.py[line:55] - INFO: Epoch 67/150
2021-05-09 21:39:02,882 - fine-tune.py[line:56] - INFO: ----------
2021-05-09 21:39:37,094 - fine-tune.py[line:59] - INFO: 0.4004187426429098 0.7023528613397596 0.09587119756191198
2021-05-09 21:39:37,094 - fine-tune.py[line:55] - INFO: Epoch 68/150
2021-05-09 21:39:37,094 - fine-tune.py[line:56] - INFO: ----------
2021-05-09 21:40:12,678 - fine-tune.py[line:59] - INFO: 0.40033384105523817 0.702632463723869 0.09625456539471045
2021-05-09 21:40:12,678 - fine-tune.py[line:55] - INFO: Epoch 69/150
2021-05-09 21:40:12,678 - fine-tune.py[line:56] - INFO: ----------
2021-05-09 21:40:47,540 - fine-tune.py[line:59] - INFO: 0.40025028136351715 0.7029065949576992 0.09663179460221039
2021-05-09 21:40:47,541 - fine-tune.py[line:55] - INFO: Epoch 70/150
2021-05-09 21:40:47,541 - fine-tune.py[line:56] - INFO: ----------
2021-05-09 21:41:22,343 - fine-tune.py[line:59] - INFO: 0.4001680189382267 0.7031763742835007 0.09700309039515898
2021-05-09 21:41:29,524 - fine-tune.py[line:64] - INFO: Testing
2021-05-09 21:41:29,524 - fine-tune.py[line:66] - INFO: 0.3980926490066495 0.7021481059563282 0.09337960768862108
2021-05-09 21:41:29,525 - fine-tune.py[line:55] - INFO: Epoch 71/150
2021-05-09 21:41:29,525 - fine-tune.py[line:56] - INFO: ----------
2021-05-09 21:42:03,922 - fine-tune.py[line:59] - INFO: 0.40008701089434057 0.7034412003610906 0.097368649888954
2021-05-09 21:42:03,922 - fine-tune.py[line:55] - INFO: Epoch 72/150
2021-05-09 21:42:03,922 - fine-tune.py[line:56] - INFO: ----------
2021-05-09 21:42:38,894 - fine-tune.py[line:59] - INFO: 0.4000072164470542 0.7037020953768541 0.09772866051312312
2021-05-09 21:42:38,895 - fine-tune.py[line:55] - INFO: Epoch 73/150
2021-05-09 21:42:38,895 - fine-tune.py[line:56] - INFO: ----------
2021-05-09 21:43:17,640 - fine-tune.py[line:59] - INFO: 0.3999285970184568 0.7039583928947701 0.09808329954546713
2021-05-09 21:43:17,641 - fine-tune.py[line:55] - INFO: Epoch 74/150
2021-05-09 21:43:17,641 - fine-tune.py[line:56] - INFO: ----------
2021-05-09 21:43:56,032 - fine-tune.py[line:59] - INFO: 0.3998511153922806 0.7042102939530221 0.09843273793886109
2021-05-09 21:43:56,033 - fine-tune.py[line:55] - INFO: Epoch 75/150
2021-05-09 21:43:56,033 - fine-tune.py[line:56] - INFO: ----------
2021-05-09 21:44:34,360 - fine-tune.py[line:59] - INFO: 0.399774737036222 0.7044584755055799 0.09877713437026014
2021-05-09 21:44:42,634 - fine-tune.py[line:64] - INFO: Testing
2021-05-09 21:44:42,635 - fine-tune.py[line:66] - INFO: 0.3977350944381301 0.7032746933362449 0.09500747339229842
2021-05-09 21:44:42,635 - fine-tune.py[line:55] - INFO: Epoch 76/150
2021-05-09 21:44:42,635 - fine-tune.py[line:56] - INFO: ----------
2021-05-09 21:45:20,352 - fine-tune.py[line:59] - INFO: 0.3996994282463314 0.704703038370827 0.09911664362152284
2021-05-09 21:45:20,352 - fine-tune.py[line:55] - INFO: Epoch 77/150
2021-05-09 21:45:20,352 - fine-tune.py[line:56] - INFO: ----------
2021-05-09 21:45:57,143 - fine-tune.py[line:59] - INFO: 0.39962515764794027 0.7049437612015325 0.09945140982248202
2021-05-09 21:45:57,144 - fine-tune.py[line:55] - INFO: Epoch 78/150
2021-05-09 21:45:57,144 - fine-tune.py[line:56] - INFO: ----------
2021-05-09 21:46:32,944 - fine-tune.py[line:59] - INFO: 0.39955189433799126 0.7051808911694833 0.09978157483548977
2021-05-09 21:46:32,944 - fine-tune.py[line:55] - INFO: Epoch 79/150
2021-05-09 21:46:32,944 - fine-tune.py[line:56] - INFO: ----------
2021-05-09 21:47:09,446 - fine-tune.py[line:59] - INFO: 0.3994796095605962 0.7054146271109352 0.10010727071202574
2021-05-09 21:47:09,447 - fine-tune.py[line:55] - INFO: Epoch 80/150
2021-05-09 21:47:09,447 - fine-tune.py[line:56] - INFO: ----------
2021-05-09 21:47:46,110 - fine-tune.py[line:59] - INFO: 0.39940827582677724 0.7056448744712426 0.10042862366993499
2021-05-09 21:47:53,123 - fine-tune.py[line:64] - INFO: Testing
2021-05-09 21:47:53,124 - fine-tune.py[line:66] - INFO: 0.39740447244463384 0.7043140906247022 0.096511419492735
2021-05-09 21:47:53,124 - fine-tune.py[line:55] - INFO: Epoch 81/150
2021-05-09 21:47:53,124 - fine-tune.py[line:56] - INFO: ----------
2021-05-09 21:48:26,875 - fine-tune.py[line:59] - INFO: 0.39933786654245595 0.7058717546985042 0.10074575577701983
2021-05-09 21:48:26,876 - fine-tune.py[line:55] - INFO: Epoch 82/150
2021-05-09 21:48:26,876 - fine-tune.py[line:56] - INFO: ----------
2021-05-09 21:49:01,789 - fine-tune.py[line:59] - INFO: 0.39926835657185616 0.7060958222083161 0.10105878242048427
2021-05-09 21:49:01,789 - fine-tune.py[line:55] - INFO: Epoch 83/150
2021-05-09 21:49:01,789 - fine-tune.py[line:56] - INFO: ----------
2021-05-09 21:49:38,925 - fine-tune.py[line:59] - INFO: 0.3991997215555819 0.7063165808186012 0.10136781538543771
2021-05-09 21:49:38,925 - fine-tune.py[line:55] - INFO: Epoch 84/150
2021-05-09 21:49:38,925 - fine-tune.py[line:56] - INFO: ----------
2021-05-09 21:50:12,703 - fine-tune.py[line:59] - INFO: 0.39913193823522825 0.7065343400392309 0.10167296139917203
2021-05-09 21:50:12,703 - fine-tune.py[line:55] - INFO: Epoch 85/150
2021-05-09 21:50:12,703 - fine-tune.py[line:56] - INFO: ----------
2021-05-09 21:50:46,850 - fine-tune.py[line:59] - INFO: 0.3990649847229385 0.706749407114014 0.10197432092450753
2021-05-09 21:50:54,222 - fine-tune.py[line:64] - INFO: Testing
2021-05-09 21:50:54,222 - fine-tune.py[line:66] - INFO: 0.397097055166395 0.7052717681613897 0.09790868898436611
2021-05-09 21:50:54,222 - fine-tune.py[line:55] - INFO: Epoch 86/150
2021-05-09 21:50:54,223 - fine-tune.py[line:56] - INFO: ----------
2021-05-09 21:51:28,694 - fine-tune.py[line:59] - INFO: 0.39899883957964505 0.7069618216349025 0.10227199231493389
2021-05-09 21:51:28,694 - fine-tune.py[line:55] - INFO: Epoch 87/150
2021-05-09 21:51:28,694 - fine-tune.py[line:56] - INFO: ----------
2021-05-09 21:52:02,721 - fine-tune.py[line:59] - INFO: 0.3989334825534471 0.707171396459376 0.10256606849620298
2021-05-09 21:52:02,722 - fine-tune.py[line:55] - INFO: Epoch 88/150
2021-05-09 21:52:02,722 - fine-tune.py[line:56] - INFO: ----------
2021-05-09 21:52:36,650 - fine-tune.py[line:59] - INFO: 0.3988688943904414 0.7073783601176543 0.10285663782354659
2021-05-09 21:52:36,650 - fine-tune.py[line:55] - INFO: Epoch 89/150
2021-05-09 21:52:36,650 - fine-tune.py[line:56] - INFO: ----------
2021-05-09 21:53:12,025 - fine-tune.py[line:59] - INFO: 0.39880505562461654 0.7075826592076335 0.10314378952976033
2021-05-09 21:53:12,025 - fine-tune.py[line:55] - INFO: Epoch 90/150
2021-05-09 21:53:12,025 - fine-tune.py[line:56] - INFO: ----------
2021-05-09 21:53:47,780 - fine-tune.py[line:59] - INFO: 0.3987419488851685 0.7077845614025484 0.10342760335008605
2021-05-09 21:53:54,978 - fine-tune.py[line:64] - INFO: Testing
2021-05-09 21:53:54,978 - fine-tune.py[line:66] - INFO: 0.39680983769871647 0.7061615798754098 0.09921316947502945
2021-05-09 21:53:54,978 - fine-tune.py[line:55] - INFO: Epoch 91/150
2021-05-09 21:53:54,978 - fine-tune.py[line:56] - INFO: ----------
2021-05-09 21:54:30,544 - fine-tune.py[line:59] - INFO: 0.39867955663265053 0.7079843420289382 0.10370815971016101
2021-05-09 21:54:30,544 - fine-tune.py[line:55] - INFO: Epoch 92/150
2021-05-09 21:54:30,544 - fine-tune.py[line:56] - INFO: ----------
2021-05-09 21:55:09,956 - fine-tune.py[line:59] - INFO: 0.3986178620362847 0.7081812207918521 0.10398553578280156
2021-05-09 21:55:09,956 - fine-tune.py[line:55] - INFO: Epoch 93/150
2021-05-09 21:55:09,956 - fine-tune.py[line:56] - INFO: ----------
2021-05-09 21:55:43,663 - fine-tune.py[line:59] - INFO: 0.3985568495393688 0.7083760766026957 0.10425980295037907
2021-05-09 21:55:43,664 - fine-tune.py[line:55] - INFO: Epoch 94/150
2021-05-09 21:55:43,664 - fine-tune.py[line:56] - INFO: ----------
2021-05-09 21:56:24,207 - fine-tune.py[line:59] - INFO: 0.3984965030923212 0.7085688665559358 0.10453103475158099
2021-05-09 21:56:24,207 - fine-tune.py[line:55] - INFO: Epoch 95/150
2021-05-09 21:56:24,207 - fine-tune.py[line:56] - INFO: ----------
2021-05-09 21:56:58,445 - fine-tune.py[line:59] - INFO: 0.3984368082803175 0.7087592042024814 0.10479929732026139
2021-05-09 21:57:06,046 - fine-tune.py[line:64] - INFO: Testing
2021-05-09 21:57:06,046 - fine-tune.py[line:66] - INFO: 0.39654036742178916 0.7069961406254662 0.10043618782720787
2021-05-09 21:57:06,047 - fine-tune.py[line:55] - INFO: Epoch 96/150
2021-05-09 21:57:06,047 - fine-tune.py[line:56] - INFO: ----------
2021-05-09 21:57:40,116 - fine-tune.py[line:59] - INFO: 0.3983777506967418 0.70894730738358 0.10506465669999554
2021-05-09 21:57:40,117 - fine-tune.py[line:55] - INFO: Epoch 97/150
2021-05-09 21:57:40,117 - fine-tune.py[line:56] - INFO: ----------
2021-05-09 21:58:13,917 - fine-tune.py[line:59] - INFO: 0.39831931639042223 0.7091335117970841 0.10532717683606418
2021-05-09 21:58:13,918 - fine-tune.py[line:55] - INFO: Epoch 98/150
2021-05-09 21:58:13,918 - fine-tune.py[line:56] - INFO: ----------
2021-05-09 21:58:49,176 - fine-tune.py[line:59] - INFO: 0.39826149255009785 0.7093176614053815 0.10558691650362095
2021-05-09 21:58:49,177 - fine-tune.py[line:55] - INFO: Epoch 99/150
2021-05-09 21:58:49,177 - fine-tune.py[line:56] - INFO: ----------
2021-05-09 21:59:24,222 - fine-tune.py[line:59] - INFO: 0.3982042660159384 0.7094997679877194 0.10584393599701858
2021-05-09 21:59:24,222 - fine-tune.py[line:55] - INFO: Epoch 100/150
2021-05-09 21:59:24,222 - fine-tune.py[line:56] - INFO: ----------
2021-05-09 22:00:02,038 - fine-tune.py[line:59] - INFO: 0.398147624127176 0.7096801814369045 0.10609829332344345
2021-05-09 22:00:10,276 - fine-tune.py[line:64] - INFO: Testing
2021-05-09 22:00:10,277 - fine-tune.py[line:66] - INFO: 0.3962866208024977 0.7077831188890449 0.10158708323459342
2021-05-09 22:00:10,277 - fine-tune.py[line:55] - INFO: Epoch 101/150
2021-05-09 22:00:10,277 - fine-tune.py[line:56] - INFO: ----------
2021-05-09 22:00:44,522 - fine-tune.py[line:59] - INFO: 0.39809155551553377 0.7098585573115059 0.10635004064314024
2021-05-09 22:00:44,523 - fine-tune.py[line:55] - INFO: Epoch 102/150
2021-05-09 22:00:44,523 - fine-tune.py[line:56] - INFO: ----------
2021-05-09 22:01:20,121 - fine-tune.py[line:59] - INFO: 0.3980360484125173 0.7100352659630222 0.1065992318729243
2021-05-09 22:01:20,122 - fine-tune.py[line:55] - INFO: Epoch 103/150
2021-05-09 22:01:20,122 - fine-tune.py[line:56] - INFO: ----------
2021-05-09 22:01:58,485 - fine-tune.py[line:59] - INFO: 0.39798109148746263 0.7102105288669522 0.10684591892415551
2021-05-09 22:01:58,486 - fine-tune.py[line:55] - INFO: Epoch 104/150
2021-05-09 22:01:58,486 - fine-tune.py[line:56] - INFO: ----------
2021-05-09 22:02:36,668 - fine-tune.py[line:59] - INFO: 0.3979266738446071 0.7103837372649667 0.10709015171796421
2021-05-09 22:02:36,668 - fine-tune.py[line:55] - INFO: Epoch 105/150
2021-05-09 22:02:36,668 - fine-tune.py[line:56] - INFO: ----------
2021-05-09 22:03:10,813 - fine-tune.py[line:59] - INFO: 0.3978727852928923 0.7105550413798774 0.10733197697660857
2021-05-09 22:03:18,007 - fine-tune.py[line:64] - INFO: Testing
2021-05-09 22:03:18,008 - fine-tune.py[line:66] - INFO: 0.3960469098902958 0.708522232124586 0.10267364146716673
2021-05-09 22:03:18,008 - fine-tune.py[line:55] - INFO: Epoch 106/150
2021-05-09 22:03:18,008 - fine-tune.py[line:56] - INFO: ----------
2021-05-09 22:03:54,585 - fine-tune.py[line:59] - INFO: 0.3978194156944939 0.7107250373784039 0.10757144114913675
2021-05-09 22:03:54,586 - fine-tune.py[line:55] - INFO: Epoch 107/150
2021-05-09 22:03:54,586 - fine-tune.py[line:56] - INFO: ----------
2021-05-09 22:04:31,194 - fine-tune.py[line:59] - INFO: 0.3977665551899629 0.7108931614814111 0.10780858940216576
2021-05-09 22:04:31,195 - fine-tune.py[line:55] - INFO: Epoch 108/150
2021-05-09 22:04:31,195 - fine-tune.py[line:56] - INFO: ----------
2021-05-09 22:05:08,724 - fine-tune.py[line:59] - INFO: 0.397714194308537 0.7110595493319531 0.10804346512649521
2021-05-09 22:05:08,725 - fine-tune.py[line:55] - INFO: Epoch 109/150
2021-05-09 22:05:08,725 - fine-tune.py[line:56] - INFO: ----------
2021-05-09 22:05:45,918 - fine-tune.py[line:59] - INFO: 0.39766232370577004 0.7112247689419977 0.1082761111154954
2021-05-09 22:05:45,919 - fine-tune.py[line:55] - INFO: Epoch 110/150
2021-05-09 22:05:45,919 - fine-tune.py[line:56] - INFO: ----------
2021-05-09 22:06:23,041 - fine-tune.py[line:59] - INFO: 0.3976109345024579 0.7113883983323112 0.10850656804617143
2021-05-09 22:06:30,915 - fine-tune.py[line:64] - INFO: Testing
2021-05-09 22:06:30,915 - fine-tune.py[line:66] - INFO: 0.39581981398960103 0.7092215042077642 0.10370241209192055
2021-05-09 22:06:30,916 - fine-tune.py[line:55] - INFO: Epoch 111/150
2021-05-09 22:06:30,916 - fine-tune.py[line:56] - INFO: ----------
2021-05-09 22:07:06,986 - fine-tune.py[line:59] - INFO: 0.39756001807028535 0.7115500627047823 0.10873487544210125
2021-05-09 22:07:06,986 - fine-tune.py[line:55] - INFO: Epoch 112/150
2021-05-09 22:07:06,987 - fine-tune.py[line:56] - INFO: ----------
2021-05-09 22:07:41,271 - fine-tune.py[line:59] - INFO: 0.39750956610086297 0.7117102227754787 0.10896107136512789
2021-05-09 22:07:41,272 - fine-tune.py[line:55] - INFO: Epoch 113/150
2021-05-09 22:07:41,272 - fine-tune.py[line:56] - INFO: ----------
2021-05-09 22:08:14,559 - fine-tune.py[line:59] - INFO: 0.3974595702210627 0.7118689454573646 0.10918519414099126
2021-05-09 22:08:14,560 - fine-tune.py[line:55] - INFO: Epoch 114/150
2021-05-09 22:08:14,560 - fine-tune.py[line:56] - INFO: ----------
2021-05-09 22:08:47,381 - fine-tune.py[line:59] - INFO: 0.3974100226151437 0.712026207940174 0.10940727957122065
2021-05-09 22:08:47,381 - fine-tune.py[line:55] - INFO: Epoch 115/150
2021-05-09 22:08:47,381 - fine-tune.py[line:56] - INFO: ----------
2021-05-09 22:09:21,585 - fine-tune.py[line:59] - INFO: 0.3973609157126742 0.712182664966193 0.10962736233366221
2021-05-09 22:09:28,777 - fine-tune.py[line:64] - INFO: Testing
2021-05-09 22:09:28,777 - fine-tune.py[line:66] - INFO: 0.39560412410859125 0.7098873630225316 0.10467896576971392
2021-05-09 22:09:28,777 - fine-tune.py[line:55] - INFO: Epoch 116/150
2021-05-09 22:09:28,777 - fine-tune.py[line:56] - INFO: ----------
2021-05-09 22:10:02,530 - fine-tune.py[line:59] - INFO: 0.3973122419823435 0.7123372029797047 0.10984547690744595
2021-05-09 22:10:02,531 - fine-tune.py[line:55] - INFO: Epoch 117/150
2021-05-09 22:10:02,531 - fine-tune.py[line:56] - INFO: ----------
2021-05-09 22:10:41,165 - fine-tune.py[line:59] - INFO: 0.3972639943739365 0.7124903257091998 0.1100616555932733
2021-05-09 22:10:41,165 - fine-tune.py[line:55] - INFO: Epoch 118/150
2021-05-09 22:10:41,166 - fine-tune.py[line:56] - INFO: ----------
2021-05-09 22:11:18,219 - fine-tune.py[line:59] - INFO: 0.39721616519313585 0.7126423172034186 0.11027593355573506
2021-05-09 22:11:18,219 - fine-tune.py[line:55] - INFO: Epoch 119/150
2021-05-09 22:11:18,219 - fine-tune.py[line:56] - INFO: ----------
2021-05-09 22:11:51,895 - fine-tune.py[line:59] - INFO: 0.3971687479254138 0.7127930168498685 0.11048834065223645
2021-05-09 22:11:51,895 - fine-tune.py[line:55] - INFO: Epoch 120/150
2021-05-09 22:11:51,895 - fine-tune.py[line:56] - INFO: ----------
2021-05-09 22:12:25,851 - fine-tune.py[line:59] - INFO: 0.39712173624378927 0.7129425492392064 0.11069890588047315
2021-05-09 22:12:32,918 - fine-tune.py[line:64] - INFO: Testing
2021-05-09 22:12:32,918 - fine-tune.py[line:66] - INFO: 0.39539880689915635 0.7105196783408378 0.10560806181733484
2021-05-09 22:12:32,919 - fine-tune.py[line:55] - INFO: Epoch 121/150
2021-05-09 22:12:32,919 - fine-tune.py[line:56] - INFO: ----------
2021-05-09 22:13:06,478 - fine-tune.py[line:59] - INFO: 0.3970751229186021 0.7130903731674058 0.11090766226148374
2021-05-09 22:13:06,478 - fine-tune.py[line:55] - INFO: Epoch 122/150
2021-05-09 22:13:06,478 - fine-tune.py[line:56] - INFO: ----------
2021-05-09 22:13:39,793 - fine-tune.py[line:59] - INFO: 0.3970289020050559 0.7132373176925072 0.11111463704245261
2021-05-09 22:13:39,794 - fine-tune.py[line:55] - INFO: Epoch 123/150
2021-05-09 22:13:39,794 - fine-tune.py[line:56] - INFO: ----------
2021-05-09 22:14:15,284 - fine-tune.py[line:59] - INFO: 0.3969830672652702 0.7133830139167114 0.11131985876509254
2021-05-09 22:14:15,284 - fine-tune.py[line:55] - INFO: Epoch 124/150
2021-05-09 22:14:15,285 - fine-tune.py[line:56] - INFO: ----------
2021-05-09 22:14:48,593 - fine-tune.py[line:59] - INFO: 0.39693761277988543 0.7135273409263684 0.1115233545272093
2021-05-09 22:14:48,593 - fine-tune.py[line:55] - INFO: Epoch 125/150
2021-05-09 22:14:48,593 - fine-tune.py[line:56] - INFO: ----------
2021-05-09 22:15:22,010 - fine-tune.py[line:59] - INFO: 0.39689253251532014 0.7136707563804994 0.1117251519208019
2021-05-09 22:15:29,249 - fine-tune.py[line:64] - INFO: Testing
2021-05-09 22:15:29,249 - fine-tune.py[line:66] - INFO: 0.3952029661624992 0.7111221112717366 0.10649382573503663
2021-05-09 22:15:29,249 - fine-tune.py[line:55] - INFO: Epoch 126/150
2021-05-09 22:15:29,249 - fine-tune.py[line:56] - INFO: ----------
2021-05-09 22:16:03,295 - fine-tune.py[line:59] - INFO: 0.3968478206718364 0.7138129675936759 0.11192527747420822
2021-05-09 22:16:03,295 - fine-tune.py[line:55] - INFO: Epoch 127/150
2021-05-09 22:16:03,295 - fine-tune.py[line:56] - INFO: ----------
2021-05-09 22:16:37,294 - fine-tune.py[line:59] - INFO: 0.3968034720625616 0.7139538088440764 0.11212375495676741
2021-05-09 22:16:37,294 - fine-tune.py[line:55] - INFO: Epoch 128/150
2021-05-09 22:16:37,294 - fine-tune.py[line:56] - INFO: ----------
2021-05-09 22:17:15,727 - fine-tune.py[line:59] - INFO: 0.3967594809233346 0.714093560674459 0.112320610706098
2021-05-09 22:17:15,727 - fine-tune.py[line:55] - INFO: Epoch 129/150
2021-05-09 22:17:15,727 - fine-tune.py[line:56] - INFO: ----------
2021-05-09 22:17:54,033 - fine-tune.py[line:59] - INFO: 0.3967158420751018 0.7142322803777122 0.11251586842614503
2021-05-09 22:17:54,033 - fine-tune.py[line:55] - INFO: Epoch 130/150
2021-05-09 22:17:54,033 - fine-tune.py[line:56] - INFO: ----------
2021-05-09 22:18:27,839 - fine-tune.py[line:59] - INFO: 0.39667254988868833 0.7143698457788874 0.11270955382011227
2021-05-09 22:18:35,322 - fine-tune.py[line:64] - INFO: Testing
2021-05-09 22:18:35,322 - fine-tune.py[line:66] - INFO: 0.3950158246001002 0.7117000496517671 0.10733983432081551
2021-05-09 22:18:35,322 - fine-tune.py[line:55] - INFO: Epoch 131/150
2021-05-09 22:18:35,322 - fine-tune.py[line:56] - INFO: ----------
2021-05-09 22:19:11,647 - fine-tune.py[line:59] - INFO: 0.39662959998649405 0.7145063191733132 0.11290168697757563
2021-05-09 22:19:11,647 - fine-tune.py[line:55] - INFO: Epoch 132/150
2021-05-09 22:19:11,647 - fine-tune.py[line:56] - INFO: ----------
2021-05-09 22:19:45,572 - fine-tune.py[line:59] - INFO: 0.3965869868424628 0.7146417171075179 0.11309229311233315
2021-05-09 22:19:45,573 - fine-tune.py[line:55] - INFO: Epoch 133/150
2021-05-09 22:19:45,573 - fine-tune.py[line:56] - INFO: ----------
2021-05-09 22:20:19,312 - fine-tune.py[line:59] - INFO: 0.3965447057640811 0.7147763105469397 0.11328139369589041
2021-05-09 22:20:19,312 - fine-tune.py[line:55] - INFO: Epoch 134/150
2021-05-09 22:20:19,312 - fine-tune.py[line:56] - INFO: ----------
2021-05-09 22:20:56,478 - fine-tune.py[line:59] - INFO: 0.39650275222824866 0.714909940225897 0.11346900942946203
2021-05-09 22:20:56,479 - fine-tune.py[line:55] - INFO: Epoch 135/150
2021-05-09 22:20:56,479 - fine-tune.py[line:56] - INFO: ----------
2021-05-09 22:21:31,275 - fine-tune.py[line:59] - INFO: 0.39646112150549434 0.7150422426979665 0.11365516192478109
2021-05-09 22:21:38,662 - fine-tune.py[line:64] - INFO: Testing
2021-05-09 22:21:38,662 - fine-tune.py[line:66] - INFO: 0.39483670122181264 0.7122516527721681 0.1081492198765086
2021-05-09 22:21:38,663 - fine-tune.py[line:55] - INFO: Epoch 136/150
2021-05-09 22:21:38,663 - fine-tune.py[line:56] - INFO: ----------
2021-05-09 22:22:14,693 - fine-tune.py[line:59] - INFO: 0.39641980893467493 0.7151736208518776 0.11383987247565708
2021-05-09 22:22:14,693 - fine-tune.py[line:55] - INFO: Epoch 137/150
2021-05-09 22:22:14,693 - fine-tune.py[line:56] - INFO: ----------
2021-05-09 22:22:48,821 - fine-tune.py[line:59] - INFO: 0.3963788102539382 0.7153041859598286 0.11402316057878115
2021-05-09 22:22:48,822 - fine-tune.py[line:55] - INFO: Epoch 138/150
2021-05-09 22:22:48,822 - fine-tune.py[line:56] - INFO: ----------
2021-05-09 22:23:22,805 - fine-tune.py[line:59] - INFO: 0.3963381212970772 0.7154332020219684 0.11420504529207454
2021-05-09 22:23:22,806 - fine-tune.py[line:55] - INFO: Epoch 139/150
2021-05-09 22:23:22,806 - fine-tune.py[line:56] - INFO: ----------
2021-05-09 22:23:56,984 - fine-tune.py[line:59] - INFO: 0.3962977371904383 0.7155616541553275 0.11438554882442553
2021-05-09 22:23:56,984 - fine-tune.py[line:55] - INFO: Epoch 140/150
2021-05-09 22:23:56,984 - fine-tune.py[line:56] - INFO: ----------
2021-05-09 22:24:31,606 - fine-tune.py[line:59] - INFO: 0.3962576545705661 0.7156891933863503 0.11456468662360964
2021-05-09 22:24:39,597 - fine-tune.py[line:64] - INFO: Testing
2021-05-09 22:24:39,597 - fine-tune.py[line:66] - INFO: 0.39466499361699237 0.7127831725947883 0.1089247519504477
2021-05-09 22:24:39,598 - fine-tune.py[line:55] - INFO: Epoch 141/150
2021-05-09 22:24:39,598 - fine-tune.py[line:56] - INFO: ----------
2021-05-09 22:25:17,036 - fine-tune.py[line:59] - INFO: 0.3962178690008942 0.7158155633934905 0.11474247892345923
2021-05-09 22:25:17,036 - fine-tune.py[line:55] - INFO: Epoch 142/150
2021-05-09 22:25:17,036 - fine-tune.py[line:56] - INFO: ----------
2021-05-09 22:25:54,423 - fine-tune.py[line:59] - INFO: 0.3961783763286464 0.715941158877725 0.11491894467882768
2021-05-09 22:25:54,423 - fine-tune.py[line:55] - INFO: Epoch 143/150
2021-05-09 22:25:54,423 - fine-tune.py[line:56] - INFO: ----------
2021-05-09 22:26:32,028 - fine-tune.py[line:59] - INFO: 0.39613917337098586 0.7160659057217227 0.11509409850088892
2021-05-09 22:26:32,028 - fine-tune.py[line:55] - INFO: Epoch 144/150
2021-05-09 22:26:32,028 - fine-tune.py[line:56] - INFO: ----------
2021-05-09 22:27:09,175 - fine-tune.py[line:59] - INFO: 0.396100255609479 0.7161899174423654 0.11526796095872172
2021-05-09 22:27:09,175 - fine-tune.py[line:55] - INFO: Epoch 145/150
2021-05-09 22:27:09,175 - fine-tune.py[line:56] - INFO: ----------
2021-05-09 22:27:46,199 - fine-tune.py[line:59] - INFO: 0.39606161946122226 0.7163128592824299 0.11544054843188634
2021-05-09 22:27:54,020 - fine-tune.py[line:64] - INFO: Testing
2021-05-09 22:27:54,020 - fine-tune.py[line:66] - INFO: 0.39450016883983063 0.7132910264520312 0.10966887981832185
2021-05-09 22:27:54,021 - fine-tune.py[line:55] - INFO: Epoch 146/150
2021-05-09 22:27:54,021 - fine-tune.py[line:56] - INFO: ----------
2021-05-09 22:28:31,676 - fine-tune.py[line:59] - INFO: 0.39602326150669287 0.716435262013507 0.11561187656127825
2021-05-09 22:28:31,676 - fine-tune.py[line:55] - INFO: Epoch 147/150
2021-05-09 22:28:31,676 - fine-tune.py[line:56] - INFO: ----------
2021-05-09 22:29:09,301 - fine-tune.py[line:59] - INFO: 0.39598517811024364 0.7165566528409899 0.11578196194442769
2021-05-09 22:29:09,302 - fine-tune.py[line:55] - INFO: Epoch 148/150
2021-05-09 22:29:09,302 - fine-tune.py[line:56] - INFO: ----------
2021-05-09 22:29:46,628 - fine-tune.py[line:59] - INFO: 0.39594736574853534 0.7166770225296069 0.11595082066853712
2021-05-09 22:29:46,628 - fine-tune.py[line:55] - INFO: Epoch 149/150
2021-05-09 22:29:46,628 - fine-tune.py[line:56] - INFO: ----------
2021-05-09 22:30:24,145 - fine-tune.py[line:59] - INFO: 0.3959098209298801 0.7167966407834977 0.11611846867096565
2021-05-09 22:30:24,145 - fine-tune.py[line:55] - INFO: Epoch 150/150
2021-05-09 22:30:24,145 - fine-tune.py[line:56] - INFO: ----------
2021-05-09 22:31:01,903 - fine-tune.py[line:59] - INFO: 0.39587254019566115 0.7169154492194977 0.11628492173306437
2021-05-09 22:31:09,904 - fine-tune.py[line:64] - INFO: Testing
2021-05-09 22:31:09,905 - fine-tune.py[line:66] - INFO: 0.3943417523226742 0.7137807009303611 0.11038378362564438
