2021-05-09 20:59:46,142 - dan.py[line:58] - INFO: Epoch 1/150
2021-05-09 20:59:46,142 - dan.py[line:59] - INFO: ----------
2021-05-09 21:00:53,212 - dan.py[line:62] - INFO: 0.45572077807944794 0.5280147787432283 -0.16981385921450043
2021-05-09 21:00:53,213 - dan.py[line:58] - INFO: Epoch 2/150
2021-05-09 21:00:53,213 - dan.py[line:59] - INFO: ----------
2021-05-09 21:02:02,287 - dan.py[line:62] - INFO: 0.4480088981638704 0.5429142082123823 -0.13055678726298936
2021-05-09 21:02:02,287 - dan.py[line:58] - INFO: Epoch 3/150
2021-05-09 21:02:02,287 - dan.py[line:59] - INFO: ----------
2021-05-09 21:03:10,260 - dan.py[line:62] - INFO: 0.4398903286382366 0.5609546016697444 -0.08995339732443397
2021-05-09 21:03:10,260 - dan.py[line:58] - INFO: Epoch 4/150
2021-05-09 21:03:10,260 - dan.py[line:59] - INFO: ----------
2021-05-09 21:04:21,496 - dan.py[line:62] - INFO: 0.43335899143056 0.5777396381279887 -0.057827189486510555
2021-05-09 21:04:21,496 - dan.py[line:58] - INFO: Epoch 5/150
2021-05-09 21:04:21,497 - dan.py[line:59] - INFO: ----------
2021-05-09 21:05:34,996 - dan.py[line:62] - INFO: 0.4283952750913677 0.5922132670311021 -0.033733156580947554
2021-05-09 21:05:43,314 - dan.py[line:67] - INFO: Testing
2021-05-09 21:05:43,315 - dan.py[line:69] - INFO: 0.42104845367219 0.6037257823814378 -0.027573524729677557
2021-05-09 21:05:43,315 - dan.py[line:58] - INFO: Epoch 6/150
2021-05-09 21:05:43,315 - dan.py[line:59] - INFO: ----------
2021-05-09 21:06:50,340 - dan.py[line:62] - INFO: 0.4246197636485511 0.6044321248914497 -0.015592559362624048
2021-05-09 21:06:50,341 - dan.py[line:58] - INFO: Epoch 7/150
2021-05-09 21:06:50,342 - dan.py[line:59] - INFO: ----------
2021-05-09 21:07:57,955 - dan.py[line:62] - INFO: 0.4216956549532844 0.6147272357621475 -0.0016531341142769218
2021-05-09 21:07:57,956 - dan.py[line:58] - INFO: Epoch 8/150
2021-05-09 21:07:57,956 - dan.py[line:59] - INFO: ----------
2021-05-09 21:09:05,575 - dan.py[line:62] - INFO: 0.4193811756986913 0.6234480310540134 0.009311851439483099
2021-05-09 21:09:05,576 - dan.py[line:58] - INFO: Epoch 9/150
2021-05-09 21:09:05,576 - dan.py[line:59] - INFO: ----------
2021-05-09 21:10:13,202 - dan.py[line:62] - INFO: 0.41751037315948253 0.6308882974266135 0.018130788332258674
2021-05-09 21:10:13,202 - dan.py[line:58] - INFO: Epoch 10/150
2021-05-09 21:10:13,203 - dan.py[line:59] - INFO: ----------
2021-05-09 21:11:21,417 - dan.py[line:62] - INFO: 0.41596912686212134 0.6372891460166419 0.025366580274898243
2021-05-09 21:11:29,058 - dan.py[line:67] - INFO: Testing
2021-05-09 21:11:29,058 - dan.py[line:69] - INFO: 0.410196236537022 0.643473193116024 0.024713762655064975
2021-05-09 21:11:29,058 - dan.py[line:58] - INFO: Epoch 11/150
2021-05-09 21:11:29,058 - dan.py[line:59] - INFO: ----------
2021-05-09 21:12:38,171 - dan.py[line:62] - INFO: 0.4146776472907714 0.6428383971075666 0.031409168855154324
2021-05-09 21:12:38,171 - dan.py[line:58] - INFO: Epoch 12/150
2021-05-09 21:12:38,171 - dan.py[line:59] - INFO: ----------
2021-05-09 21:13:46,611 - dan.py[line:62] - INFO: 0.4135790083589969 0.6476860389919802 0.036534701703006545
2021-05-09 21:13:46,611 - dan.py[line:58] - INFO: Epoch 13/150
2021-05-09 21:13:46,611 - dan.py[line:59] - INFO: ----------
2021-05-09 21:14:57,320 - dan.py[line:62] - INFO: 0.41263177162097914 0.6519496337378017 0.04094297480938869
2021-05-09 21:14:57,321 - dan.py[line:58] - INFO: Epoch 14/150
2021-05-09 21:14:57,321 - dan.py[line:59] - INFO: ----------
2021-05-09 21:16:09,273 - dan.py[line:62] - INFO: 0.41180520581179375 0.6557257072410441 0.044781408133639844
2021-05-09 21:16:09,273 - dan.py[line:58] - INFO: Epoch 15/150
2021-05-09 21:16:09,273 - dan.py[line:59] - INFO: ----------
2021-05-09 21:17:17,035 - dan.py[line:62] - INFO: 0.4110761335823517 0.6590904506410301 0.04816070909542469
2021-05-09 21:17:25,354 - dan.py[line:67] - INFO: Testing
2021-05-09 21:17:25,354 - dan.py[line:69] - INFO: 0.4057561153632236 0.6624965506803778 0.04571323458759369
2021-05-09 21:17:25,354 - dan.py[line:58] - INFO: Epoch 16/150
2021-05-09 21:17:25,354 - dan.py[line:59] - INFO: ----------
2021-05-09 21:18:31,917 - dan.py[line:62] - INFO: 0.4104268078617778 0.6621064459640453 0.05116533793066935
2021-05-09 21:18:31,917 - dan.py[line:58] - INFO: Epoch 17/150
2021-05-09 21:18:31,917 - dan.py[line:59] - INFO: ----------
2021-05-09 21:19:40,471 - dan.py[line:62] - INFO: 0.40984345118143084 0.664825471199594 0.05386065736578893
2021-05-09 21:19:40,471 - dan.py[line:58] - INFO: Epoch 18/150
2021-05-09 21:19:40,471 - dan.py[line:59] - INFO: ----------
2021-05-09 21:20:51,890 - dan.py[line:62] - INFO: 0.4093152353261506 0.6672891795001674 0.056297898930580126
2021-05-09 21:20:51,891 - dan.py[line:58] - INFO: Epoch 19/150
2021-05-09 21:20:51,891 - dan.py[line:59] - INFO: ----------
2021-05-09 21:21:59,269 - dan.py[line:62] - INFO: 0.40883355354374096 0.6695320534601289 0.05851768752182107
2021-05-09 21:21:59,270 - dan.py[line:58] - INFO: Epoch 20/150
2021-05-09 21:21:59,270 - dan.py[line:59] - INFO: ----------
2021-05-09 21:23:08,928 - dan.py[line:62] - INFO: 0.40839149325855323 0.671583415927032 0.06055258376552064
2021-05-09 21:23:18,455 - dan.py[line:67] - INFO: Testing
2021-05-09 21:23:18,455 - dan.py[line:69] - INFO: 0.4032853467615878 0.6733760286320344 0.057299716969481995
2021-05-09 21:23:18,455 - dan.py[line:58] - INFO: Epoch 21/150
2021-05-09 21:23:18,456 - dan.py[line:59] - INFO: ----------
2021-05-09 21:24:28,330 - dan.py[line:62] - INFO: 0.4079834507385183 0.6734658251442244 0.06242893522739301
2021-05-09 21:24:28,330 - dan.py[line:58] - INFO: Epoch 22/150
2021-05-09 21:24:28,330 - dan.py[line:59] - INFO: ----------
2021-05-09 21:25:36,078 - dan.py[line:62] - INFO: 0.40760484210142695 0.6752018973365415 0.06416825967856099
2021-05-09 21:25:36,079 - dan.py[line:58] - INFO: Epoch 23/150
2021-05-09 21:25:36,079 - dan.py[line:59] - INFO: ----------
2021-05-09 21:26:42,829 - dan.py[line:62] - INFO: 0.4072518868640466 0.6768071790797737 0.06578827823341682
2021-05-09 21:26:42,830 - dan.py[line:58] - INFO: Epoch 24/150
2021-05-09 21:26:42,830 - dan.py[line:59] - INFO: ----------
2021-05-09 21:27:50,347 - dan.py[line:62] - INFO: 0.40692144344822717 0.6782965222158311 0.06730369845084949
2021-05-09 21:27:50,347 - dan.py[line:58] - INFO: Epoch 25/150
2021-05-09 21:27:50,347 - dan.py[line:59] - INFO: ----------
2021-05-09 21:28:55,517 - dan.py[line:62] - INFO: 0.40661088281629804 0.6796838811158937 0.06872681450597262
2021-05-09 21:29:02,844 - dan.py[line:67] - INFO: Testing
2021-05-09 21:29:02,844 - dan.py[line:69] - INFO: 0.4016446012766325 0.6803984707128857 0.06495476740761263
2021-05-09 21:29:02,845 - dan.py[line:58] - INFO: Epoch 26/150
2021-05-09 21:29:02,845 - dan.py[line:59] - INFO: ----------
2021-05-09 21:30:07,904 - dan.py[line:62] - INFO: 0.4063179876078004 0.6809793462289624 0.07006798477163645
2021-05-09 21:30:07,904 - dan.py[line:58] - INFO: Epoch 27/150
2021-05-09 21:30:07,904 - dan.py[line:59] - INFO: ----------
2021-05-09 21:31:13,966 - dan.py[line:62] - INFO: 0.40604087766344954 0.6821918843073778 0.07133598443226075
2021-05-09 21:31:13,966 - dan.py[line:58] - INFO: Epoch 28/150
2021-05-09 21:31:13,966 - dan.py[line:59] - INFO: ----------
2021-05-09 21:32:19,444 - dan.py[line:62] - INFO: 0.40577794774425113 0.6833295060248872 0.07253829932845668
2021-05-09 21:32:19,445 - dan.py[line:58] - INFO: Epoch 29/150
2021-05-09 21:32:19,445 - dan.py[line:59] - INFO: ----------
2021-05-09 21:33:24,997 - dan.py[line:62] - INFO: 0.4055278195284743 0.6844002598883149 0.07368135228238815
2021-05-09 21:33:24,998 - dan.py[line:58] - INFO: Epoch 30/150
2021-05-09 21:33:24,998 - dan.py[line:59] - INFO: ----------
2021-05-09 21:34:31,189 - dan.py[line:62] - INFO: 0.4052893022417824 0.6854099822969798 0.0747706883247099
2021-05-09 21:34:38,695 - dan.py[line:67] - INFO: Testing
2021-05-09 21:34:38,695 - dan.py[line:69] - INFO: 0.4004331219414673 0.6853397699970691 0.0705870082531117
2021-05-09 21:34:38,695 - dan.py[line:58] - INFO: Epoch 31/150
2021-05-09 21:34:38,695 - dan.py[line:59] - INFO: ----------
2021-05-09 21:35:46,820 - dan.py[line:62] - INFO: 0.40506136123083103 0.6863638746516592 0.07581112239204524
2021-05-09 21:35:46,821 - dan.py[line:58] - INFO: Epoch 32/150
2021-05-09 21:35:46,821 - dan.py[line:59] - INFO: ----------
2021-05-09 21:36:52,910 - dan.py[line:62] - INFO: 0.40484309453132794 0.6872666390901455 0.07680684959374628
2021-05-09 21:36:52,911 - dan.py[line:58] - INFO: Epoch 33/150
2021-05-09 21:36:52,911 - dan.py[line:59] - INFO: ----------
2021-05-09 21:37:57,937 - dan.py[line:62] - INFO: 0.4046337095561706 0.6881232118058545 0.07776155421559061
2021-05-09 21:37:57,938 - dan.py[line:58] - INFO: Epoch 34/150
2021-05-09 21:37:57,938 - dan.py[line:59] - INFO: ----------
2021-05-09 21:39:03,041 - dan.py[line:62] - INFO: 0.4044325074732476 0.6889373416557965 0.07867848307442493
2021-05-09 21:39:03,041 - dan.py[line:58] - INFO: Epoch 35/150
2021-05-09 21:39:03,041 - dan.py[line:59] - INFO: ----------
2021-05-09 21:40:10,908 - dan.py[line:62] - INFO: 0.4042388694706182 0.6897127492056905 0.07956050984685925
2021-05-09 21:40:19,994 - dan.py[line:67] - INFO: Testing
2021-05-09 21:40:19,995 - dan.py[line:69] - INFO: 0.3994780699056554 0.6890244129644549 0.0750151096870586
2021-05-09 21:40:19,995 - dan.py[line:58] - INFO: Epoch 36/150
2021-05-09 21:40:19,995 - dan.py[line:59] - INFO: ----------
2021-05-09 21:41:32,964 - dan.py[line:62] - INFO: 0.40405224469189827 0.69045179605798 0.08041019144396433
2021-05-09 21:41:32,965 - dan.py[line:58] - INFO: Epoch 37/150
2021-05-09 21:41:32,965 - dan.py[line:59] - INFO: ----------
2021-05-09 21:42:41,304 - dan.py[line:62] - INFO: 0.4038721410088516 0.6911587427766517 0.08122981118981631
2021-05-09 21:42:41,304 - dan.py[line:58] - INFO: Epoch 38/150
2021-05-09 21:42:41,304 - dan.py[line:59] - INFO: ----------
2021-05-09 21:43:49,213 - dan.py[line:62] - INFO: 0.40369811662261024 0.6918346285811985 0.08202141801201979
2021-05-09 21:43:49,213 - dan.py[line:58] - INFO: Epoch 39/150
2021-05-09 21:43:49,213 - dan.py[line:59] - INFO: ----------
2021-05-09 21:44:58,476 - dan.py[line:62] - INFO: 0.40352977360223535 0.6924816096855567 0.0827868566404838
2021-05-09 21:44:58,476 - dan.py[line:58] - INFO: Epoch 40/150
2021-05-09 21:44:58,476 - dan.py[line:59] - INFO: ----------
2021-05-09 21:46:08,072 - dan.py[line:62] - INFO: 0.4033667518769186 0.6931027673557923 0.0835277956021433
2021-05-09 21:46:15,347 - dan.py[line:67] - INFO: Testing
2021-05-09 21:46:15,347 - dan.py[line:69] - INFO: 0.39869273882495776 0.6919057778104998 0.07864837722724816
2021-05-09 21:46:15,347 - dan.py[line:58] - INFO: Epoch 41/150
2021-05-09 21:46:15,347 - dan.py[line:59] - INFO: ----------
2021-05-09 21:47:23,629 - dan.py[line:62] - INFO: 0.40320872497876586 0.6936994075429401 0.08424574714157784
2021-05-09 21:47:23,630 - dan.py[line:58] - INFO: Epoch 42/150
2021-05-09 21:47:23,630 - dan.py[line:59] - INFO: ----------
2021-05-09 21:48:33,562 - dan.py[line:62] - INFO: 0.4030553950046519 0.6942736929752409 0.08494209059612845
2021-05-09 21:48:33,563 - dan.py[line:58] - INFO: Epoch 43/150
2021-05-09 21:48:33,563 - dan.py[line:59] - INFO: ----------
2021-05-09 21:49:46,508 - dan.py[line:62] - INFO: 0.402906491465107 0.6948271755396064 0.08561807803808985
2021-05-09 21:49:46,508 - dan.py[line:58] - INFO: Epoch 44/150
2021-05-09 21:49:46,508 - dan.py[line:59] - INFO: ----------
2021-05-09 21:50:52,933 - dan.py[line:62] - INFO: 0.40276176441172845 0.6953605979920339 0.08627486583387634
2021-05-09 21:50:52,934 - dan.py[line:58] - INFO: Epoch 45/150
2021-05-09 21:50:52,934 - dan.py[line:59] - INFO: ----------
2021-05-09 21:52:03,371 - dan.py[line:62] - INFO: 0.4026209859510675 0.6958757110727581 0.08691350807116205
2021-05-09 21:52:10,855 - dan.py[line:67] - INFO: Testing
2021-05-09 21:52:10,856 - dan.py[line:69] - INFO: 0.3980280948835226 0.6942397860270952 0.08171771000213246
2021-05-09 21:52:10,856 - dan.py[line:58] - INFO: Epoch 46/150
2021-05-09 21:52:10,856 - dan.py[line:59] - INFO: ----------
2021-05-09 21:53:19,292 - dan.py[line:62] - INFO: 0.4024839456219348 0.6963734070118353 0.08753497780333053
2021-05-09 21:53:19,292 - dan.py[line:58] - INFO: Epoch 47/150
2021-05-09 21:53:19,292 - dan.py[line:59] - INFO: ----------
2021-05-09 21:54:27,430 - dan.py[line:62] - INFO: 0.4023504489659089 0.6968553711976626 0.08814017375844596
2021-05-09 21:54:27,430 - dan.py[line:58] - INFO: Epoch 48/150
2021-05-09 21:54:27,430 - dan.py[line:59] - INFO: ----------
2021-05-09 21:55:37,616 - dan.py[line:62] - INFO: 0.4022203164525875 0.6973214740331616 0.08872992541261226
2021-05-09 21:55:37,616 - dan.py[line:58] - INFO: Epoch 49/150
2021-05-09 21:55:37,616 - dan.py[line:59] - INFO: ----------
2021-05-09 21:56:47,749 - dan.py[line:62] - INFO: 0.4020933815494491 0.6977735805720845 0.08930500191531376
2021-05-09 21:56:47,750 - dan.py[line:58] - INFO: Epoch 50/150
2021-05-09 21:56:47,750 - dan.py[line:59] - INFO: ----------
2021-05-09 21:57:58,468 - dan.py[line:62] - INFO: 0.40196948878639127 0.6982121193178707 0.08986612101085456
2021-05-09 21:58:07,657 - dan.py[line:67] - INFO: Testing
2021-05-09 21:58:07,658 - dan.py[line:69] - INFO: 0.39745367097106254 0.696185274210869 0.08436628022803816
2021-05-09 21:58:07,658 - dan.py[line:58] - INFO: Epoch 51/150
2021-05-09 21:58:07,658 - dan.py[line:59] - INFO: ----------
2021-05-09 21:59:30,094 - dan.py[line:62] - INFO: 0.40184849464204275 0.698638807186481 0.0904139451598488
2021-05-09 21:59:30,095 - dan.py[line:58] - INFO: Epoch 52/150
2021-05-09 21:59:30,095 - dan.py[line:59] - INFO: ----------
2021-05-09 22:00:40,761 - dan.py[line:62] - INFO: 0.40173026491156827 0.6990535439369653 0.09094909358319758
2021-05-09 22:00:40,761 - dan.py[line:58] - INFO: Epoch 53/150
2021-05-09 22:00:40,761 - dan.py[line:59] - INFO: ----------
2021-05-09 22:01:54,193 - dan.py[line:62] - INFO: 0.40161467358179603 0.6994574201933617 0.09147214745780896
2021-05-09 22:01:54,194 - dan.py[line:58] - INFO: Epoch 54/150
2021-05-09 22:01:54,194 - dan.py[line:59] - INFO: ----------
2021-05-09 22:03:00,969 - dan.py[line:62] - INFO: 0.4015016036573879 0.6998505763264058 0.09198364627270428
2021-05-09 22:03:00,969 - dan.py[line:58] - INFO: Epoch 55/150
2021-05-09 22:03:00,969 - dan.py[line:59] - INFO: ----------
2021-05-09 22:04:08,237 - dan.py[line:62] - INFO: 0.4013909452634879 0.7002335862839137 0.09248409650134837
2021-05-09 22:04:15,986 - dan.py[line:67] - INFO: Testing
2021-05-09 22:04:15,987 - dan.py[line:69] - INFO: 0.3969491434616869 0.6978447859229189 0.08668941485441362
2021-05-09 22:04:15,987 - dan.py[line:58] - INFO: Epoch 56/150
2021-05-09 22:04:15,987 - dan.py[line:59] - INFO: ----------
2021-05-09 22:05:30,548 - dan.py[line:62] - INFO: 0.40128259553681805 0.7006068170801354 0.09297397216988501
2021-05-09 22:05:30,548 - dan.py[line:58] - INFO: Epoch 57/150
2021-05-09 22:05:30,548 - dan.py[line:59] - INFO: ----------
2021-05-09 22:06:36,799 - dan.py[line:62] - INFO: 0.40117645740713354 0.7009713221115277 0.0934537204353717
2021-05-09 22:06:36,799 - dan.py[line:58] - INFO: Epoch 58/150
2021-05-09 22:06:36,800 - dan.py[line:59] - INFO: ----------
2021-05-09 22:07:44,213 - dan.py[line:62] - INFO: 0.40107244003765463 0.7013271620947499 0.09392375965589306
2021-05-09 22:07:44,214 - dan.py[line:58] - INFO: Epoch 59/150
2021-05-09 22:07:44,214 - dan.py[line:59] - INFO: ----------
2021-05-09 22:08:49,714 - dan.py[line:62] - INFO: 0.400970458115581 0.7016748186707575 0.09438448265485566
2021-05-09 22:08:49,714 - dan.py[line:58] - INFO: Epoch 60/150
2021-05-09 22:08:49,714 - dan.py[line:59] - INFO: ----------
2021-05-09 22:10:05,852 - dan.py[line:62] - INFO: 0.40087043078534074 0.702015311683163 0.09483626159079195
2021-05-09 22:10:15,929 - dan.py[line:67] - INFO: Testing
2021-05-09 22:10:15,929 - dan.py[line:69] - INFO: 0.3965002343166289 0.6992886741348286 0.08875396972357408
2021-05-09 22:10:15,930 - dan.py[line:58] - INFO: Epoch 61/150
2021-05-09 22:10:15,930 - dan.py[line:59] - INFO: ----------
2021-05-09 22:11:26,611 - dan.py[line:62] - INFO: 0.40077228211999055 0.7023482465989557 0.0952794458728371
2021-05-09 22:11:26,612 - dan.py[line:58] - INFO: Epoch 62/150
2021-05-09 22:11:26,612 - dan.py[line:59] - INFO: ----------
2021-05-09 22:12:38,134 - dan.py[line:62] - INFO: 0.40067594035540643 0.7026740206236817 0.0957143656616255
2021-05-09 22:12:38,135 - dan.py[line:58] - INFO: Epoch 63/150
2021-05-09 22:12:38,135 - dan.py[line:59] - INFO: ----------
2021-05-09 22:13:46,302 - dan.py[line:62] - INFO: 0.40058133778374805 0.7029929332274386 0.09614133238798517
2021-05-09 22:13:46,303 - dan.py[line:58] - INFO: Epoch 64/150
2021-05-09 22:13:46,303 - dan.py[line:59] - INFO: ----------
2021-05-09 22:14:53,554 - dan.py[line:62] - INFO: 0.4004884103521323 0.7033054654039275 0.09656064059914982
2021-05-09 22:14:53,554 - dan.py[line:58] - INFO: Epoch 65/150
2021-05-09 22:14:53,554 - dan.py[line:59] - INFO: ----------
2021-05-09 22:16:02,474 - dan.py[line:62] - INFO: 0.40039709732037393 0.7036117146171667 0.09697256953438194
2021-05-09 22:16:10,921 - dan.py[line:67] - INFO: Testing
2021-05-09 22:16:10,922 - dan.py[line:69] - INFO: 0.39609652805293183 0.7005650682865773 0.09060863924253526
2021-05-09 22:16:10,922 - dan.py[line:58] - INFO: Epoch 66/150
2021-05-09 22:16:10,922 - dan.py[line:59] - INFO: ----------
2021-05-09 22:17:25,567 - dan.py[line:62] - INFO: 0.40030734139325513 0.7039123991527524 0.09737738255708983
2021-05-09 22:17:25,568 - dan.py[line:58] - INFO: Epoch 67/150
2021-05-09 22:17:25,568 - dan.py[line:59] - INFO: ----------
2021-05-09 22:18:36,058 - dan.py[line:62] - INFO: 0.4002190877946291 0.7042076252022014 0.09777533135733907
2021-05-09 22:18:36,058 - dan.py[line:58] - INFO: Epoch 68/150
2021-05-09 22:18:36,058 - dan.py[line:59] - INFO: ----------
2021-05-09 22:19:45,952 - dan.py[line:62] - INFO: 0.4001322852364096 0.7044969876676371 0.0981666516061448
2021-05-09 22:19:45,953 - dan.py[line:58] - INFO: Epoch 69/150
2021-05-09 22:19:45,953 - dan.py[line:59] - INFO: ----------
2021-05-09 22:20:56,494 - dan.py[line:62] - INFO: 0.40004688462238613 0.7047814176561514 0.09855156882288685
2021-05-09 22:20:56,495 - dan.py[line:58] - INFO: Epoch 70/150
2021-05-09 22:20:56,495 - dan.py[line:59] - INFO: ----------
2021-05-09 22:22:05,131 - dan.py[line:62] - INFO: 0.39996283994079357 0.7050605386743466 0.09893029437221279
2021-05-09 22:22:13,111 - dan.py[line:67] - INFO: Testing
2021-05-09 22:22:13,111 - dan.py[line:69] - INFO: 0.39573020761781513 0.7017071686005693 0.09228991929595598
2021-05-09 22:22:13,111 - dan.py[line:58] - INFO: Epoch 71/150
2021-05-09 22:22:13,111 - dan.py[line:59] - INFO: ----------
2021-05-09 22:23:21,909 - dan.py[line:62] - INFO: 0.39988010624887216 0.7053348853545399 0.09930303456525491
2021-05-09 22:23:21,910 - dan.py[line:58] - INFO: Epoch 72/150
2021-05-09 22:23:21,910 - dan.py[line:59] - INFO: ----------
2021-05-09 22:24:28,867 - dan.py[line:62] - INFO: 0.3997986413801318 0.7056046608929243 0.09966998298206775
2021-05-09 22:24:28,868 - dan.py[line:58] - INFO: Epoch 73/150
2021-05-09 22:24:28,868 - dan.py[line:59] - INFO: ----------
2021-05-09 22:25:34,856 - dan.py[line:62] - INFO: 0.399718406199056 0.7058700284185434 0.10003131934376508
2021-05-09 22:25:34,857 - dan.py[line:58] - INFO: Epoch 74/150
2021-05-09 22:25:34,857 - dan.py[line:59] - INFO: ----------
2021-05-09 22:26:45,073 - dan.py[line:62] - INFO: 0.39963936161592273 0.7061309705599187 0.1003872229715862
2021-05-09 22:26:45,073 - dan.py[line:58] - INFO: Epoch 75/150
2021-05-09 22:26:45,073 - dan.py[line:59] - INFO: ----------
2021-05-09 22:27:55,519 - dan.py[line:62] - INFO: 0.399561471755739 0.7063878612214294 0.10073785852827877
2021-05-09 22:28:03,231 - dan.py[line:67] - INFO: Testing
2021-05-09 22:28:03,232 - dan.py[line:69] - INFO: 0.3953952755400512 0.7027403620544496 0.09382577661021752
2021-05-09 22:28:03,232 - dan.py[line:58] - INFO: Epoch 76/150
2021-05-09 22:28:03,232 - dan.py[line:59] - INFO: ----------
2021-05-09 22:29:15,652 - dan.py[line:62] - INFO: 0.39948470191592717 0.7066409917929304 0.10108338522834714
2021-05-09 22:29:15,652 - dan.py[line:58] - INFO: Epoch 77/150
2021-05-09 22:29:15,652 - dan.py[line:59] - INFO: ----------
2021-05-09 22:30:23,676 - dan.py[line:62] - INFO: 0.3994090191740847 0.7068904865681882 0.10142395411301364
2021-05-09 22:30:23,677 - dan.py[line:58] - INFO: Epoch 78/150
2021-05-09 22:30:23,677 - dan.py[line:59] - INFO: ----------
2021-05-09 22:31:37,101 - dan.py[line:62] - INFO: 0.3993343917429828 0.707136022149563 0.10175971096367187
2021-05-09 22:31:37,102 - dan.py[line:58] - INFO: Epoch 79/150
2021-05-09 22:31:37,102 - dan.py[line:59] - INFO: ----------
2021-05-09 22:32:46,630 - dan.py[line:62] - INFO: 0.3992607894485165 0.7073778840807388 0.10209079416081102
2021-05-09 22:32:46,630 - dan.py[line:58] - INFO: Epoch 80/150
2021-05-09 22:32:46,630 - dan.py[line:59] - INFO: ----------
2021-05-09 22:33:57,768 - dan.py[line:62] - INFO: 0.3991881834843635 0.707616138131137 0.10241733579764556
2021-05-09 22:34:05,897 - dan.py[line:67] - INFO: Testing
2021-05-09 22:34:05,897 - dan.py[line:69] - INFO: 0.3950870429501212 0.7036884236956407 0.0952380522508014
2021-05-09 22:34:05,898 - dan.py[line:58] - INFO: Epoch 81/150
2021-05-09 22:34:05,898 - dan.py[line:59] - INFO: ----------
2021-05-09 22:35:17,137 - dan.py[line:62] - INFO: 0.3991165462205193 0.7078511939502953 0.10273946254993982
2021-05-09 22:35:17,138 - dan.py[line:58] - INFO: Epoch 82/150
2021-05-09 22:35:17,138 - dan.py[line:59] - INFO: ----------
2021-05-09 22:36:28,533 - dan.py[line:62] - INFO: 0.3990458514998259 0.7080828508266438 0.10305729435084976
2021-05-09 22:36:28,533 - dan.py[line:58] - INFO: Epoch 83/150
2021-05-09 22:36:28,533 - dan.py[line:59] - INFO: ----------
2021-05-09 22:37:38,395 - dan.py[line:62] - INFO: 0.3989760739990987 0.7083112315715266 0.10337094727119889
2021-05-09 22:37:38,395 - dan.py[line:58] - INFO: Epoch 84/150
2021-05-09 22:37:38,395 - dan.py[line:59] - INFO: ----------
2021-05-09 22:38:46,263 - dan.py[line:62] - INFO: 0.3989071895761329 0.7085366475352967 0.10368053196604776
2021-05-09 22:38:46,263 - dan.py[line:58] - INFO: Epoch 85/150
2021-05-09 22:38:46,263 - dan.py[line:59] - INFO: ----------
2021-05-09 22:39:52,994 - dan.py[line:62] - INFO: 0.3988391749149149 0.708759104438849 0.10398615527590449
2021-05-09 22:40:00,540 - dan.py[line:67] - INFO: Testing
2021-05-09 22:40:00,541 - dan.py[line:69] - INFO: 0.3948017839826012 0.704557908619109 0.0965440848866651
2021-05-09 22:40:00,541 - dan.py[line:58] - INFO: Epoch 86/150
2021-05-09 22:40:00,541 - dan.py[line:59] - INFO: ----------
2021-05-09 22:41:07,376 - dan.py[line:62] - INFO: 0.3987720076494642 0.7089786964890502 0.10428791967590245
2021-05-09 22:41:07,377 - dan.py[line:58] - INFO: Epoch 87/150
2021-05-09 22:41:07,377 - dan.py[line:59] - INFO: ----------
2021-05-09 22:42:13,758 - dan.py[line:62] - INFO: 0.398705666649901 0.7091952316183108 0.10458592199670569
2021-05-09 22:42:13,759 - dan.py[line:58] - INFO: Epoch 88/150
2021-05-09 22:42:13,759 - dan.py[line:59] - INFO: ----------
2021-05-09 22:43:20,255 - dan.py[line:62] - INFO: 0.3986401315227364 0.7094093453262736 0.10488025567530501
2021-05-09 22:43:20,255 - dan.py[line:58] - INFO: Epoch 89/150
2021-05-09 22:43:20,255 - dan.py[line:59] - INFO: ----------
2021-05-09 22:44:25,752 - dan.py[line:62] - INFO: 0.3985753824163336 0.7096201543191718 0.10517101163315523
2021-05-09 22:44:25,752 - dan.py[line:58] - INFO: Epoch 90/150
2021-05-09 22:44:25,752 - dan.py[line:59] - INFO: ----------
2021-05-09 22:45:32,637 - dan.py[line:62] - INFO: 0.3985114004234412 0.7098285215962079 0.10545827647281225
2021-05-09 22:45:40,435 - dan.py[line:67] - INFO: Testing
2021-05-09 22:45:40,435 - dan.py[line:69] - INFO: 0.3945364966870128 0.7053634078272825 0.09775783244869651
2021-05-09 22:45:40,435 - dan.py[line:58] - INFO: Epoch 91/150
2021-05-09 22:45:40,435 - dan.py[line:59] - INFO: ----------
2021-05-09 22:46:49,436 - dan.py[line:62] - INFO: 0.39844816755736373 0.7100345395686384 0.10574213258999954
2021-05-09 22:46:49,436 - dan.py[line:58] - INFO: Epoch 92/150
2021-05-09 22:46:49,436 - dan.py[line:59] - INFO: ----------
2021-05-09 22:47:56,275 - dan.py[line:62] - INFO: 0.3983856656443289 0.7102385823496346 0.10602266314951558
2021-05-09 22:47:56,275 - dan.py[line:58] - INFO: Epoch 93/150
2021-05-09 22:47:56,275 - dan.py[line:59] - INFO: ----------
2021-05-09 22:48:59,800 - dan.py[line:62] - INFO: 0.39832387853586876 0.7104397323618142 0.10629994215845984
2021-05-09 22:48:59,800 - dan.py[line:58] - INFO: Epoch 94/150
2021-05-09 22:48:59,801 - dan.py[line:59] - INFO: ----------
2021-05-09 22:50:05,733 - dan.py[line:62] - INFO: 0.39826278995401265 0.7106383690634187 0.10657404414246596
2021-05-09 22:50:05,734 - dan.py[line:58] - INFO: Epoch 95/150
2021-05-09 22:50:05,734 - dan.py[line:59] - INFO: ----------
2021-05-09 22:51:09,802 - dan.py[line:62] - INFO: 0.3982023839940824 0.7108350459197872 0.10684504189104405
2021-05-09 22:51:16,971 - dan.py[line:67] - INFO: Testing
2021-05-09 22:51:16,971 - dan.py[line:69] - INFO: 0.39428872804603377 0.7061103794583573 0.0988906915062826
2021-05-09 22:51:16,971 - dan.py[line:58] - INFO: Epoch 96/150
2021-05-09 22:51:16,971 - dan.py[line:59] - INFO: ----------
2021-05-09 22:52:26,076 - dan.py[line:62] - INFO: 0.3981426455423908 0.7110293447417969 0.10711300458661421
2021-05-09 22:52:26,077 - dan.py[line:58] - INFO: Epoch 97/150
2021-05-09 22:52:26,077 - dan.py[line:59] - INFO: ----------
2021-05-09 22:53:37,679 - dan.py[line:62] - INFO: 0.39808356035520753 0.7112212960339314 0.10737799745421772
2021-05-09 22:53:37,679 - dan.py[line:58] - INFO: Epoch 98/150
2021-05-09 22:53:37,680 - dan.py[line:59] - INFO: ----------
2021-05-09 22:54:48,149 - dan.py[line:62] - INFO: 0.3980251142361812 0.7114109728106877 0.10764008545389303
2021-05-09 22:54:48,149 - dan.py[line:58] - INFO: Epoch 99/150
2021-05-09 22:54:48,149 - dan.py[line:59] - INFO: ----------
2021-05-09 22:55:53,003 - dan.py[line:62] - INFO: 0.3979672935385992 0.7115987606687872 0.10789933103009264
2021-05-09 22:55:53,003 - dan.py[line:58] - INFO: Epoch 100/150
2021-05-09 22:55:53,003 - dan.py[line:59] - INFO: ----------
2021-05-09 22:56:58,371 - dan.py[line:62] - INFO: 0.39791008532421523 0.7117839988865363 0.10815579340249792
2021-05-09 22:57:06,249 - dan.py[line:67] - INFO: Testing
2021-05-09 22:57:06,249 - dan.py[line:69] - INFO: 0.394056452295987 0.7068115094823328 0.09995206696297898
2021-05-09 22:57:06,249 - dan.py[line:58] - INFO: Epoch 101/150
2021-05-09 22:57:06,249 - dan.py[line:59] - INFO: ----------
2021-05-09 22:58:15,097 - dan.py[line:62] - INFO: 0.39785347691249423 0.7119676718129392 0.1084095305895143
2021-05-09 22:58:15,098 - dan.py[line:58] - INFO: Epoch 102/150
2021-05-09 22:58:15,098 - dan.py[line:59] - INFO: ----------
2021-05-09 22:59:20,630 - dan.py[line:62] - INFO: 0.3977974562407407 0.7121495003142206 0.10866059779610038
2021-05-09 22:59:20,631 - dan.py[line:58] - INFO: Epoch 103/150
2021-05-09 22:59:20,631 - dan.py[line:59] - INFO: ----------
2021-05-09 23:00:24,065 - dan.py[line:62] - INFO: 0.3977420111746348 0.7123294113758836 0.1089090505058572
2021-05-09 23:00:24,065 - dan.py[line:58] - INFO: Epoch 104/150
2021-05-09 23:00:24,065 - dan.py[line:59] - INFO: ----------
2021-05-09 23:01:33,418 - dan.py[line:62] - INFO: 0.3976871305879053 0.7125073610054925 0.10915493964452472
2021-05-09 23:01:33,418 - dan.py[line:58] - INFO: Epoch 105/150
2021-05-09 23:01:33,418 - dan.py[line:59] - INFO: ----------
2021-05-09 23:02:37,944 - dan.py[line:62] - INFO: 0.39763280347372976 0.712683387349312 0.10939831556434099
2021-05-09 23:02:45,099 - dan.py[line:67] - INFO: Testing
2021-05-09 23:02:45,099 - dan.py[line:69] - INFO: 0.39383797395314357 0.7074687256200171 0.10094982486040438
2021-05-09 23:02:45,099 - dan.py[line:58] - INFO: Epoch 106/150
2021-05-09 23:02:45,099 - dan.py[line:59] - INFO: ----------
2021-05-09 23:03:49,155 - dan.py[line:62] - INFO: 0.3975790189139799 0.7128578365632899 0.1096392281828551
2021-05-09 23:03:49,156 - dan.py[line:58] - INFO: Epoch 107/150
2021-05-09 23:03:49,156 - dan.py[line:59] - INFO: ----------
2021-05-09 23:04:56,617 - dan.py[line:62] - INFO: 0.3975257664869806 0.7130302419768436 0.10987772515779815
2021-05-09 23:04:56,617 - dan.py[line:58] - INFO: Epoch 108/150
2021-05-09 23:04:56,617 - dan.py[line:59] - INFO: ----------
2021-05-09 23:06:03,352 - dan.py[line:62] - INFO: 0.3974730363879204 0.7132008640368811 0.11011385135005491
2021-05-09 23:06:03,353 - dan.py[line:58] - INFO: Epoch 109/150
2021-05-09 23:06:03,353 - dan.py[line:59] - INFO: ----------
2021-05-09 23:07:11,473 - dan.py[line:62] - INFO: 0.3974208187612953 0.7133697669468853 0.11034765181483341
2021-05-09 23:07:11,474 - dan.py[line:58] - INFO: Epoch 110/150
2021-05-09 23:07:11,474 - dan.py[line:59] - INFO: ----------
2021-05-09 23:08:18,612 - dan.py[line:62] - INFO: 0.3973691038954857 0.7135370606983831 0.11057917093105507
2021-05-09 23:08:26,269 - dan.py[line:67] - INFO: Testing
2021-05-09 23:08:26,270 - dan.py[line:69] - INFO: 0.39363186285537377 0.7080852459278517 0.1018905961534804
2021-05-09 23:08:26,270 - dan.py[line:58] - INFO: Epoch 111/150
2021-05-09 23:08:26,270 - dan.py[line:59] - INFO: ----------
2021-05-09 23:09:30,750 - dan.py[line:62] - INFO: 0.39731788267177154 0.7137027518683173 0.1108084503925546
2021-05-09 23:09:30,751 - dan.py[line:58] - INFO: Epoch 112/150
2021-05-09 23:09:30,751 - dan.py[line:59] - INFO: ----------
2021-05-09 23:10:36,362 - dan.py[line:62] - INFO: 0.3972671465018858 0.7138667858785073 0.11103552948979367
2021-05-09 23:10:36,362 - dan.py[line:58] - INFO: Epoch 113/150
2021-05-09 23:10:36,362 - dan.py[line:59] - INFO: ----------
2021-05-09 23:11:42,762 - dan.py[line:62] - INFO: 0.397216886563567 0.7140293470503661 0.11126044853263806
2021-05-09 23:11:42,763 - dan.py[line:58] - INFO: Epoch 114/150
2021-05-09 23:11:42,763 - dan.py[line:59] - INFO: ----------
2021-05-09 23:12:52,421 - dan.py[line:62] - INFO: 0.3971670946065866 0.7141904273036507 0.11148324524378173
2021-05-09 23:12:52,421 - dan.py[line:58] - INFO: Epoch 115/150
2021-05-09 23:12:52,421 - dan.py[line:59] - INFO: ----------
2021-05-09 23:14:01,575 - dan.py[line:62] - INFO: 0.39711776196430854 0.7143497299869527 0.11170395918280718
2021-05-09 23:14:09,051 - dan.py[line:67] - INFO: Testing
2021-05-09 23:14:09,051 - dan.py[line:69] - INFO: 0.3934368995628335 0.7086729039786916 0.10278003128521185
2021-05-09 23:14:09,051 - dan.py[line:58] - INFO: Epoch 116/150
2021-05-09 23:14:09,051 - dan.py[line:59] - INFO: ----------
2021-05-09 23:15:14,534 - dan.py[line:62] - INFO: 0.3970688814641686 0.7145074837690656 0.11192262319957968
2021-05-09 23:15:14,534 - dan.py[line:58] - INFO: Epoch 117/150
2021-05-09 23:15:14,534 - dan.py[line:59] - INFO: ----------
2021-05-09 23:16:23,846 - dan.py[line:62] - INFO: 0.39702044491333305 0.7146638288745719 0.11213927468446061
2021-05-09 23:16:23,846 - dan.py[line:58] - INFO: Epoch 118/150
2021-05-09 23:16:23,846 - dan.py[line:59] - INFO: ----------
2021-05-09 23:17:33,488 - dan.py[line:62] - INFO: 0.396972444750279 0.7148186815570747 0.11235394817991395
2021-05-09 23:17:33,489 - dan.py[line:58] - INFO: Epoch 119/150
2021-05-09 23:17:33,489 - dan.py[line:59] - INFO: ----------
2021-05-09 23:18:46,799 - dan.py[line:62] - INFO: 0.3969248737913217 0.7149723547955029 0.1125666765160177
2021-05-09 23:18:46,800 - dan.py[line:58] - INFO: Epoch 120/150
2021-05-09 23:18:46,800 - dan.py[line:59] - INFO: ----------
2021-05-09 23:19:57,090 - dan.py[line:62] - INFO: 0.39687772501786306 0.7151243608104215 0.11277749176305074
2021-05-09 23:20:05,282 - dan.py[line:67] - INFO: Testing
2021-05-09 23:20:05,282 - dan.py[line:69] - INFO: 0.39325203744971077 0.709227857521839 0.10362297719695401
2021-05-09 23:20:05,282 - dan.py[line:58] - INFO: Epoch 121/150
2021-05-09 23:20:05,283 - dan.py[line:59] - INFO: ----------
2021-05-09 23:21:25,198 - dan.py[line:62] - INFO: 0.3968309911633805 0.7152752711276616 0.11298642707863105
2021-05-09 23:21:25,199 - dan.py[line:58] - INFO: Epoch 122/150
2021-05-09 23:21:25,199 - dan.py[line:59] - INFO: ----------
2021-05-09 23:22:37,804 - dan.py[line:62] - INFO: 0.3967846660774722 0.7154244332936855 0.11319351061016836
2021-05-09 23:22:37,805 - dan.py[line:58] - INFO: Epoch 123/150
2021-05-09 23:22:37,805 - dan.py[line:59] - INFO: ----------
2021-05-09 23:23:48,119 - dan.py[line:62] - INFO: 0.39673874260277486 0.7155726395063915 0.11339877498708983
2021-05-09 23:23:48,119 - dan.py[line:58] - INFO: Epoch 124/150
2021-05-09 23:23:48,119 - dan.py[line:59] - INFO: ----------
2021-05-09 23:24:54,992 - dan.py[line:62] - INFO: 0.39669321469773916 0.7157195570560251 0.11360224783199624
2021-05-09 23:24:54,993 - dan.py[line:58] - INFO: Epoch 125/150
2021-05-09 23:24:54,993 - dan.py[line:59] - INFO: ----------
2021-05-09 23:26:00,955 - dan.py[line:62] - INFO: 0.3966480762208007 0.7158651144940275 0.11380395719666014
2021-05-09 23:26:08,430 - dan.py[line:67] - INFO: Testing
2021-05-09 23:26:08,430 - dan.py[line:69] - INFO: 0.39307636915009936 0.7097553486282475 0.10442363347881434
2021-05-09 23:26:08,430 - dan.py[line:58] - INFO: Epoch 126/150
2021-05-09 23:26:08,430 - dan.py[line:59] - INFO: ----------
2021-05-09 23:27:18,554 - dan.py[line:62] - INFO: 0.3966033207564645 0.71600945206586 0.11400393233908446
2021-05-09 23:27:18,554 - dan.py[line:58] - INFO: Epoch 127/150
2021-05-09 23:27:18,554 - dan.py[line:59] - INFO: ----------
2021-05-09 23:28:28,934 - dan.py[line:62] - INFO: 0.39655894263730557 0.7161527246532899 0.1142021991573744
2021-05-09 23:28:28,934 - dan.py[line:58] - INFO: Epoch 128/150
2021-05-09 23:28:28,934 - dan.py[line:59] - INFO: ----------
2021-05-09 23:29:41,017 - dan.py[line:62] - INFO: 0.3965149360325864 0.716294515486978 0.1143987842629468
2021-05-09 23:29:41,017 - dan.py[line:58] - INFO: Epoch 129/150
2021-05-09 23:29:41,017 - dan.py[line:59] - INFO: ----------
2021-05-09 23:30:53,237 - dan.py[line:62] - INFO: 0.39647129508873935 0.7164351103820382 0.11459371435291144
2021-05-09 23:30:53,237 - dan.py[line:58] - INFO: Epoch 130/150
2021-05-09 23:30:53,237 - dan.py[line:59] - INFO: ----------
2021-05-09 23:32:03,880 - dan.py[line:62] - INFO: 0.39642801441718906 0.7165744506053329 0.11478701403166824
2021-05-09 23:32:11,869 - dan.py[line:67] - INFO: Testing
2021-05-09 23:32:11,869 - dan.py[line:69] - INFO: 0.39290910413347335 0.7102550269471256 0.1051856570235441
2021-05-09 23:32:11,869 - dan.py[line:58] - INFO: Epoch 131/150
2021-05-09 23:32:11,869 - dan.py[line:59] - INFO: ----------
2021-05-09 23:33:18,060 - dan.py[line:62] - INFO: 0.3963850887885212 0.7167125165513113 0.11497870717795078
2021-05-09 23:33:18,060 - dan.py[line:58] - INFO: Epoch 132/150
2021-05-09 23:33:18,060 - dan.py[line:59] - INFO: ----------
2021-05-09 23:34:25,326 - dan.py[line:62] - INFO: 0.39634251275778404 0.7168497540322529 0.11516881861844452
2021-05-09 23:34:25,327 - dan.py[line:58] - INFO: Epoch 133/150
2021-05-09 23:34:25,327 - dan.py[line:59] - INFO: ----------
2021-05-09 23:35:33,140 - dan.py[line:62] - INFO: 0.3963002811034429 0.7169857651953577 0.11535737216776831
2021-05-09 23:35:33,140 - dan.py[line:58] - INFO: Epoch 134/150
2021-05-09 23:35:33,140 - dan.py[line:59] - INFO: ----------
2021-05-09 23:36:42,312 - dan.py[line:62] - INFO: 0.3962583889016084 0.7171206342046055 0.11554439029785679
2021-05-09 23:36:42,312 - dan.py[line:58] - INFO: Epoch 135/150
2021-05-09 23:36:42,312 - dan.py[line:59] - INFO: ----------
2021-05-09 23:37:48,886 - dan.py[line:62] - INFO: 0.39621683132188373 0.7172544016491247 0.11572989505010589
2021-05-09 23:37:56,344 - dan.py[line:67] - INFO: Testing
2021-05-09 23:37:56,344 - dan.py[line:69] - INFO: 0.3927495489886331 0.710734797268206 0.10591225379438873
2021-05-09 23:37:56,344 - dan.py[line:58] - INFO: Epoch 136/150
2021-05-09 23:37:56,344 - dan.py[line:59] - INFO: ----------
2021-05-09 23:39:04,357 - dan.py[line:62] - INFO: 0.39617560356404996 0.7173871279950247 0.1159139083183589
2021-05-09 23:39:04,358 - dan.py[line:58] - INFO: Epoch 137/150
2021-05-09 23:39:04,358 - dan.py[line:59] - INFO: ----------
2021-05-09 23:40:12,106 - dan.py[line:62] - INFO: 0.3961347008534306 0.7175187766828588 0.11609645186984208
2021-05-09 23:40:12,107 - dan.py[line:58] - INFO: Epoch 138/150
2021-05-09 23:40:12,107 - dan.py[line:59] - INFO: ----------
2021-05-09 23:41:17,738 - dan.py[line:62] - INFO: 0.396094118619705 0.7176493258730033 0.11627754654750133
2021-05-09 23:41:17,739 - dan.py[line:58] - INFO: Epoch 139/150
2021-05-09 23:41:17,739 - dan.py[line:59] - INFO: ----------
2021-05-09 23:42:23,466 - dan.py[line:62] - INFO: 0.3960538522861466 0.7177788895240302 0.11645721321100233
2021-05-09 23:42:23,467 - dan.py[line:58] - INFO: Epoch 140/150
2021-05-09 23:42:23,467 - dan.py[line:59] - INFO: ----------
2021-05-09 23:43:30,625 - dan.py[line:62] - INFO: 0.3960138977406546 0.7179073497312023 0.11663547063547486
2021-05-09 23:43:38,072 - dan.py[line:67] - INFO: Testing
2021-05-09 23:43:38,072 - dan.py[line:69] - INFO: 0.39259709094304057 0.7111958283068547 0.10660625542498348
2021-05-09 23:43:38,072 - dan.py[line:58] - INFO: Epoch 141/150
2021-05-09 23:43:38,072 - dan.py[line:59] - INFO: ----------
2021-05-09 23:44:44,964 - dan.py[line:62] - INFO: 0.39597425047444473 0.7180347958156572 0.11681233935487001
2021-05-09 23:44:44,965 - dan.py[line:58] - INFO: Epoch 142/150
2021-05-09 23:44:44,965 - dan.py[line:59] - INFO: ----------
2021-05-09 23:45:50,686 - dan.py[line:62] - INFO: 0.39593490620265304 0.7181611147166284 0.11698783889308828
2021-05-09 23:45:50,686 - dan.py[line:58] - INFO: Epoch 143/150
2021-05-09 23:45:50,686 - dan.py[line:59] - INFO: ----------
2021-05-09 23:46:58,325 - dan.py[line:62] - INFO: 0.3958958610171742 0.7182869340831858 0.11716198708297754
2021-05-09 23:46:58,325 - dan.py[line:58] - INFO: Epoch 144/150
2021-05-09 23:46:58,325 - dan.py[line:59] - INFO: ----------
2021-05-09 23:48:05,459 - dan.py[line:62] - INFO: 0.3958571107564824 0.7184117955755406 0.11733480287759113
2021-05-09 23:48:05,460 - dan.py[line:58] - INFO: Epoch 145/150
2021-05-09 23:48:05,460 - dan.py[line:59] - INFO: ----------
2021-05-09 23:49:12,598 - dan.py[line:62] - INFO: 0.39581865152552387 0.7185354050477866 0.1175063040315284
2021-05-09 23:49:20,782 - dan.py[line:67] - INFO: Testing
2021-05-09 23:49:20,782 - dan.py[line:69] - INFO: 0.39245118793936373 0.7116325009956717 0.10727016564073233
2021-05-09 23:49:20,782 - dan.py[line:58] - INFO: Epoch 146/150
2021-05-09 23:49:20,782 - dan.py[line:59] - INFO: ----------
2021-05-09 23:50:31,548 - dan.py[line:62] - INFO: 0.3957804793505979 0.7186580962536367 0.11767650864040857
2021-05-09 23:50:31,548 - dan.py[line:58] - INFO: Epoch 147/150
2021-05-09 23:50:31,548 - dan.py[line:59] - INFO: ----------
2021-05-09 23:51:38,700 - dan.py[line:62] - INFO: 0.3957425904178413 0.7187800941453912 0.11784543407761461
2021-05-09 23:51:38,700 - dan.py[line:58] - INFO: Epoch 148/150
2021-05-09 23:51:38,700 - dan.py[line:59] - INFO: ----------
2021-05-09 23:52:45,805 - dan.py[line:62] - INFO: 0.39570498123940445 0.7189009892405456 0.11801309625397804
2021-05-09 23:52:45,805 - dan.py[line:58] - INFO: Epoch 149/150
2021-05-09 23:52:45,806 - dan.py[line:59] - INFO: ----------
2021-05-09 23:53:54,634 - dan.py[line:62] - INFO: 0.3956676481562396 0.719020644780462 0.11817951183484732
2021-05-09 23:53:54,634 - dan.py[line:58] - INFO: Epoch 150/150
2021-05-09 23:53:54,634 - dan.py[line:59] - INFO: ----------
2021-05-09 23:55:06,980 - dan.py[line:62] - INFO: 0.3956305872226224 0.7191397257253079 0.11834469875452291
2021-05-09 23:55:15,061 - dan.py[line:67] - INFO: Testing
2021-05-09 23:55:15,061 - dan.py[line:69] - INFO: 0.39231135617701324 0.7120537450587453 0.10790621797455269
