2021-05-10 00:52:05,836 - fine-tune.py[line:55] - INFO: Epoch 1/150
2021-05-10 00:52:05,836 - fine-tune.py[line:56] - INFO: ----------
2021-05-10 00:52:54,072 - fine-tune.py[line:55] - INFO: Epoch 1/250
2021-05-10 00:52:54,073 - fine-tune.py[line:56] - INFO: ----------
2021-05-10 00:53:29,860 - fine-tune.py[line:59] - INFO: 0.4566787734986769 0.5283882492829889 -0.1715583620916461
2021-05-10 00:53:29,860 - fine-tune.py[line:55] - INFO: Epoch 2/250
2021-05-10 00:53:29,861 - fine-tune.py[line:56] - INFO: ----------
2021-05-10 00:54:04,534 - fine-tune.py[line:59] - INFO: 0.4489825619888117 0.5431655148976926 -0.1324035541509656
2021-05-10 00:54:04,534 - fine-tune.py[line:55] - INFO: Epoch 3/250
2021-05-10 00:54:04,534 - fine-tune.py[line:56] - INFO: ----------
2021-05-10 00:54:42,262 - fine-tune.py[line:59] - INFO: 0.4407516555594661 0.561284537669505 -0.09126488539839728
2021-05-10 00:54:42,263 - fine-tune.py[line:55] - INFO: Epoch 4/250
2021-05-10 00:54:42,263 - fine-tune.py[line:56] - INFO: ----------
2021-05-10 00:55:20,781 - fine-tune.py[line:59] - INFO: 0.4341043434892222 0.5782226548980857 -0.058596707013131466
2021-05-10 00:55:20,782 - fine-tune.py[line:55] - INFO: Epoch 5/250
2021-05-10 00:55:20,782 - fine-tune.py[line:56] - INFO: ----------
2021-05-10 00:55:59,447 - fine-tune.py[line:59] - INFO: 0.4290483943595195 0.5928567793324984 -0.03408166599354745
2021-05-10 00:56:07,673 - fine-tune.py[line:64] - INFO: Testing
2021-05-10 00:56:07,673 - fine-tune.py[line:66] - INFO: 0.42554330208111923 0.5998614596658622 -0.015406182790547174
2021-05-10 00:56:07,674 - fine-tune.py[line:55] - INFO: Epoch 6/250
2021-05-10 00:56:07,674 - fine-tune.py[line:56] - INFO: ----------
2021-05-10 00:56:46,584 - fine-tune.py[line:59] - INFO: 0.42520420487685295 0.605214706371251 -0.01563434217587978
2021-05-10 00:56:46,584 - fine-tune.py[line:55] - INFO: Epoch 7/250
2021-05-10 00:56:46,584 - fine-tune.py[line:56] - INFO: ----------
2021-05-10 00:57:20,896 - fine-tune.py[line:59] - INFO: 0.42222977157551134 0.6156256922254597 -0.0014746965861653916
2021-05-10 00:57:20,896 - fine-tune.py[line:55] - INFO: Epoch 8/250
2021-05-10 00:57:20,896 - fine-tune.py[line:56] - INFO: ----------
2021-05-10 00:57:54,912 - fine-tune.py[line:59] - INFO: 0.41987852396069186 0.6244339811824832 0.009647961568474805
2021-05-10 00:57:54,913 - fine-tune.py[line:55] - INFO: Epoch 9/250
2021-05-10 00:57:54,913 - fine-tune.py[line:56] - INFO: ----------
2021-05-10 00:58:29,150 - fine-tune.py[line:59] - INFO: 0.4179809088498175 0.6319357287219441 0.01857940330767538
2021-05-10 00:58:29,150 - fine-tune.py[line:55] - INFO: Epoch 10/250
2021-05-10 00:58:29,150 - fine-tune.py[line:56] - INFO: ----------
2021-05-10 00:59:04,229 - fine-tune.py[line:59] - INFO: 0.4164202211333082 0.6383737375205449 0.025894720670232352
2021-05-10 00:59:11,467 - fine-tune.py[line:64] - INFO: Testing
2021-05-10 00:59:11,467 - fine-tune.py[line:66] - INFO: 0.4152830144527668 0.6411303298052544 0.03296849847828376
2021-05-10 00:59:11,467 - fine-tune.py[line:55] - INFO: Epoch 11/250
2021-05-10 00:59:11,467 - fine-tune.py[line:56] - INFO: ----------
2021-05-10 00:59:48,194 - fine-tune.py[line:59] - INFO: 0.41511482050796905 0.6439397436667513 0.03199242901511934
2021-05-10 00:59:48,195 - fine-tune.py[line:55] - INFO: Epoch 12/250
2021-05-10 00:59:48,195 - fine-tune.py[line:56] - INFO: ----------
2021-05-10 01:00:24,367 - fine-tune.py[line:59] - INFO: 0.4140064401621442 0.6487872983787749 0.03715479920126297
2021-05-10 01:00:24,367 - fine-tune.py[line:55] - INFO: Epoch 13/250
2021-05-10 01:00:24,367 - fine-tune.py[line:56] - INFO: ----------
2021-05-10 01:00:58,702 - fine-tune.py[line:59] - INFO: 0.41305265621500226 0.6530431970439708 0.041586075474079776
2021-05-10 01:00:58,702 - fine-tune.py[line:55] - INFO: Epoch 14/250
2021-05-10 01:00:58,702 - fine-tune.py[line:56] - INFO: ----------
2021-05-10 01:01:33,462 - fine-tune.py[line:59] - INFO: 0.41222200342256715 0.6568017302852142 0.04543695840237971
2021-05-10 01:01:33,463 - fine-tune.py[line:55] - INFO: Epoch 15/250
2021-05-10 01:01:33,463 - fine-tune.py[line:56] - INFO: ----------
2021-05-10 01:02:09,419 - fine-tune.py[line:59] - INFO: 0.41149075056777806 0.6601445289207193 0.048820610017702215
2021-05-10 01:02:16,958 - fine-tune.py[line:64] - INFO: Testing
2021-05-10 01:02:16,958 - fine-tune.py[line:66] - INFO: 0.41116761854943373 0.6610451037589642 0.05203982152029518
2021-05-10 01:02:16,958 - fine-tune.py[line:55] - INFO: Epoch 16/250
2021-05-10 01:02:16,958 - fine-tune.py[line:56] - INFO: ----------
2021-05-10 01:02:52,634 - fine-tune.py[line:59] - INFO: 0.4108407276480999 0.6631356708174301 0.05182335093006174
2021-05-10 01:02:52,635 - fine-tune.py[line:55] - INFO: Epoch 17/250
2021-05-10 01:02:52,635 - fine-tune.py[line:56] - INFO: ----------
2021-05-10 01:03:27,861 - fine-tune.py[line:59] - INFO: 0.41025783118466824 0.6658278911150713 0.05451196821540594
2021-05-10 01:03:27,861 - fine-tune.py[line:55] - INFO: Epoch 18/250
2021-05-10 01:03:27,862 - fine-tune.py[line:56] - INFO: ----------
2021-05-10 01:04:08,811 - fine-tune.py[line:59] - INFO: 0.40973098074507963 0.6682641126699301 0.05693878812802555
2021-05-10 01:04:08,812 - fine-tune.py[line:55] - INFO: Epoch 19/250
2021-05-10 01:04:08,812 - fine-tune.py[line:56] - INFO: ----------
2021-05-10 01:04:44,858 - fine-tune.py[line:59] - INFO: 0.40925136981223226 0.6704766957490904 0.05914529809329794
2021-05-10 01:04:44,859 - fine-tune.py[line:55] - INFO: Epoch 20/250
2021-05-10 01:04:44,859 - fine-tune.py[line:56] - INFO: ----------
2021-05-10 01:05:21,553 - fine-tune.py[line:59] - INFO: 0.408811930620953 0.672498189865409 0.061164724230277634
2021-05-10 01:05:29,417 - fine-tune.py[line:64] - INFO: Testing
2021-05-10 01:05:29,417 - fine-tune.py[line:66] - INFO: 0.40889077554408115 0.6724063961362827 0.06250942296250295
2021-05-10 01:05:29,418 - fine-tune.py[line:55] - INFO: Epoch 21/250
2021-05-10 01:05:29,418 - fine-tune.py[line:56] - INFO: ----------
2021-05-10 01:06:06,175 - fine-tune.py[line:59] - INFO: 0.40840693478988904 0.6743515049959405 0.06302394607148887
2021-05-10 01:06:06,175 - fine-tune.py[line:55] - INFO: Epoch 22/250
2021-05-10 01:06:06,175 - fine-tune.py[line:56] - INFO: ----------
2021-05-10 01:06:43,032 - fine-tune.py[line:59] - INFO: 0.40803169968600594 0.6760574660447474 0.06474490016017509
2021-05-10 01:06:43,034 - fine-tune.py[line:55] - INFO: Epoch 23/250
2021-05-10 01:06:43,034 - fine-tune.py[line:56] - INFO: ----------
2021-05-10 01:07:19,891 - fine-tune.py[line:59] - INFO: 0.40768236702738797 0.6776335997057878 0.06634563507194802
2021-05-10 01:07:19,892 - fine-tune.py[line:55] - INFO: Epoch 24/250
2021-05-10 01:07:19,892 - fine-tune.py[line:56] - INFO: ----------
2021-05-10 01:07:56,489 - fine-tune.py[line:59] - INFO: 0.40735573126904134 0.6790944364425474 0.06784112644952989
2021-05-10 01:07:56,490 - fine-tune.py[line:55] - INFO: Epoch 25/250
2021-05-10 01:07:56,490 - fine-tune.py[line:56] - INFO: ----------
2021-05-10 01:08:33,428 - fine-tune.py[line:59] - INFO: 0.4070491116005796 0.6804524612985798 0.06924388405953996
2021-05-10 01:08:41,264 - fine-tune.py[line:64] - INFO: Testing
2021-05-10 01:08:41,264 - fine-tune.py[line:66] - INFO: 0.40737253934242945 0.6797236872832093 0.06945841647643258
2021-05-10 01:08:41,264 - fine-tune.py[line:55] - INFO: Epoch 26/250
2021-05-10 01:08:41,264 - fine-tune.py[line:56] - INFO: ----------
2021-05-10 01:09:18,314 - fine-tune.py[line:59] - INFO: 0.40676025059767557 0.6817199771599076 0.07056443108920307
2021-05-10 01:09:18,314 - fine-tune.py[line:55] - INFO: Epoch 27/250
2021-05-10 01:09:18,314 - fine-tune.py[line:56] - INFO: ----------
2021-05-10 01:09:53,421 - fine-tune.py[line:59] - INFO: 0.40648723517881097 0.6829053547876626 0.07181167726354354
2021-05-10 01:09:53,422 - fine-tune.py[line:55] - INFO: Epoch 28/250
2021-05-10 01:09:53,422 - fine-tune.py[line:56] - INFO: ----------
2021-05-10 01:10:27,926 - fine-tune.py[line:59] - INFO: 0.40622843283688254 0.6840168571400694 0.07299321911823786
2021-05-10 01:10:27,927 - fine-tune.py[line:55] - INFO: Epoch 29/250
2021-05-10 01:10:27,927 - fine-tune.py[line:56] - INFO: ----------
2021-05-10 01:11:02,457 - fine-tune.py[line:59] - INFO: 0.4059824428116881 0.6850614905226027 0.07411556979724021
2021-05-10 01:11:02,458 - fine-tune.py[line:55] - INFO: Epoch 30/250
2021-05-10 01:11:02,458 - fine-tune.py[line:56] - INFO: ----------
2021-05-10 01:11:40,072 - fine-tune.py[line:59] - INFO: 0.4057480572859848 0.6860462760746785 0.07518434145729547
2021-05-10 01:11:48,164 - fine-tune.py[line:64] - INFO: Testing
2021-05-10 01:11:48,164 - fine-tune.py[line:66] - INFO: 0.4062413266933398 0.6848389599119394 0.07461919093092151
2021-05-10 01:11:48,165 - fine-tune.py[line:55] - INFO: Epoch 31/250
2021-05-10 01:11:48,165 - fine-tune.py[line:56] - INFO: ----------
2021-05-10 01:12:24,824 - fine-tune.py[line:59] - INFO: 0.4055242272154463 0.6869756628491717 0.07620440528450345
2021-05-10 01:12:24,825 - fine-tune.py[line:55] - INFO: Epoch 32/250
2021-05-10 01:12:24,825 - fine-tune.py[line:56] - INFO: ----------
2021-05-10 01:12:59,433 - fine-tune.py[line:59] - INFO: 0.40531003865204274 0.6878559111603727 0.07718000271509917
2021-05-10 01:12:59,433 - fine-tune.py[line:55] - INFO: Epoch 33/250
2021-05-10 01:12:59,434 - fine-tune.py[line:56] - INFO: ----------
2021-05-10 01:13:33,860 - fine-tune.py[line:59] - INFO: 0.4051046898070001 0.6886907550322331 0.0781148525723071
2021-05-10 01:13:33,860 - fine-tune.py[line:55] - INFO: Epoch 34/250
2021-05-10 01:13:33,860 - fine-tune.py[line:56] - INFO: ----------
2021-05-10 01:14:08,216 - fine-tune.py[line:59] - INFO: 0.4049074748928042 0.6894838802475709 0.0790122267580744
2021-05-10 01:14:08,217 - fine-tune.py[line:55] - INFO: Epoch 35/250
2021-05-10 01:14:08,217 - fine-tune.py[line:56] - INFO: ----------
2021-05-10 01:14:42,507 - fine-tune.py[line:59] - INFO: 0.4047177682503626 0.6902385817702814 0.07987502421098736
2021-05-10 01:14:49,802 - fine-tune.py[line:64] - INFO: Testing
2021-05-10 01:14:49,802 - fine-tune.py[line:66] - INFO: 0.4053401421243372 0.6886265349554569 0.07872027010511706
2021-05-10 01:14:49,802 - fine-tune.py[line:55] - INFO: Epoch 36/250
2021-05-10 01:14:49,802 - fine-tune.py[line:56] - INFO: ----------
2021-05-10 01:15:24,999 - fine-tune.py[line:59] - INFO: 0.4045350148597169 0.6909573293285916 0.08070581547482547
2021-05-10 01:15:24,999 - fine-tune.py[line:55] - INFO: Epoch 37/250
2021-05-10 01:15:25,000 - fine-tune.py[line:56] - INFO: ----------
2021-05-10 01:16:00,297 - fine-tune.py[line:59] - INFO: 0.40435871875072876 0.6916439619140629 0.08150689655424215
2021-05-10 01:16:00,297 - fine-tune.py[line:55] - INFO: Epoch 38/250
2021-05-10 01:16:00,298 - fine-tune.py[line:56] - INFO: ----------
2021-05-10 01:16:35,806 - fine-tune.py[line:59] - INFO: 0.40418843497037604 0.6923003861609133 0.08228032637315696
2021-05-10 01:16:35,807 - fine-tune.py[line:55] - INFO: Epoch 39/250
2021-05-10 01:16:35,807 - fine-tune.py[line:56] - INFO: ----------
2021-05-10 01:17:11,198 - fine-tune.py[line:59] - INFO: 0.4040237634582998 0.6929291401321265 0.08302795539306196
2021-05-10 01:17:11,198 - fine-tune.py[line:55] - INFO: Epoch 40/250
2021-05-10 01:17:11,198 - fine-tune.py[line:56] - INFO: ----------
2021-05-10 01:17:45,900 - fine-tune.py[line:59] - INFO: 0.40386434284152706 0.693532347485382 0.08375145446057541
2021-05-10 01:17:53,153 - fine-tune.py[line:64] - INFO: Testing
2021-05-10 01:17:53,153 - fine-tune.py[line:66] - INFO: 0.40459156252514183 0.6915605281424955 0.08211995504923897
2021-05-10 01:17:53,153 - fine-tune.py[line:55] - INFO: Epoch 41/250
2021-05-10 01:17:53,153 - fine-tune.py[line:56] - INFO: ----------
2021-05-10 01:18:27,192 - fine-tune.py[line:59] - INFO: 0.40370984475234023 0.6941116245451835 0.08445234115890232
2021-05-10 01:18:27,192 - fine-tune.py[line:55] - INFO: Epoch 42/250
2021-05-10 01:18:27,192 - fine-tune.py[line:56] - INFO: ----------
2021-05-10 01:19:01,910 - fine-tune.py[line:59] - INFO: 0.4035599712452659 0.6946686889259773 0.08513199200302146
2021-05-10 01:19:01,911 - fine-tune.py[line:55] - INFO: Epoch 43/250
2021-05-10 01:19:01,911 - fine-tune.py[line:56] - INFO: ----------
2021-05-10 01:19:36,898 - fine-tune.py[line:59] - INFO: 0.40341445067952947 0.6952048718405968 0.08579166152618489
2021-05-10 01:19:36,899 - fine-tune.py[line:55] - INFO: Epoch 44/250
2021-05-10 01:19:36,899 - fine-tune.py[line:56] - INFO: ----------
2021-05-10 01:20:12,489 - fine-tune.py[line:59] - INFO: 0.4032730336990366 0.6957222495685048 0.08643250085253151
2021-05-10 01:20:12,489 - fine-tune.py[line:55] - INFO: Epoch 45/250
2021-05-10 01:20:12,490 - fine-tune.py[line:56] - INFO: ----------
2021-05-10 01:20:47,826 - fine-tune.py[line:59] - INFO: 0.4031354923656666 0.6962217667360097 0.08705556192352404
2021-05-10 01:20:55,785 - fine-tune.py[line:64] - INFO: Testing
2021-05-10 01:20:55,785 - fine-tune.py[line:66] - INFO: 0.4039522795723707 0.6939173275554272 0.0850182927261518
2021-05-10 01:20:55,785 - fine-tune.py[line:55] - INFO: Epoch 46/250
2021-05-10 01:20:55,785 - fine-tune.py[line:56] - INFO: ----------
2021-05-10 01:21:33,196 - fine-tune.py[line:59] - INFO: 0.4030016163730626 0.6967042896905803 0.08766181491341996
2021-05-10 01:21:33,196 - fine-tune.py[line:55] - INFO: Epoch 47/250
2021-05-10 01:21:33,197 - fine-tune.py[line:56] - INFO: ----------
2021-05-10 01:22:08,333 - fine-tune.py[line:59] - INFO: 0.40287121170242063 0.6971711289350571 0.08825215453902979
2021-05-10 01:22:08,333 - fine-tune.py[line:55] - INFO: Epoch 48/250
2021-05-10 01:22:08,333 - fine-tune.py[line:56] - INFO: ----------
2021-05-10 01:22:42,668 - fine-tune.py[line:59] - INFO: 0.40274409934532146 0.6976235273566208 0.0888274060391262
2021-05-10 01:22:42,669 - fine-tune.py[line:55] - INFO: Epoch 49/250
2021-05-10 01:22:42,669 - fine-tune.py[line:56] - INFO: ----------
2021-05-10 01:23:18,520 - fine-tune.py[line:59] - INFO: 0.402620113240239 0.6980617237981898 0.08938833468662433
2021-05-10 01:23:18,521 - fine-tune.py[line:55] - INFO: Epoch 50/250
2021-05-10 01:23:18,521 - fine-tune.py[line:56] - INFO: ----------
2021-05-10 01:23:55,396 - fine-tune.py[line:59] - INFO: 0.40249909957307484 0.6984869912051971 0.0899356491040556
2021-05-10 01:24:03,930 - fine-tune.py[line:64] - INFO: Testing
2021-05-10 01:24:03,931 - fine-tune.py[line:66] - INFO: 0.40339547540698484 0.6958690813098006 0.08753895930091382
2021-05-10 01:24:03,931 - fine-tune.py[line:55] - INFO: Epoch 51/250
2021-05-10 01:24:03,931 - fine-tune.py[line:56] - INFO: ----------
2021-05-10 01:24:40,186 - fine-tune.py[line:59] - INFO: 0.40238091501989676 0.6989003896498319 0.09047000934579585
2021-05-10 01:24:40,186 - fine-tune.py[line:55] - INFO: Epoch 52/250
2021-05-10 01:24:40,187 - fine-tune.py[line:56] - INFO: ----------
2021-05-10 01:25:14,971 - fine-tune.py[line:59] - INFO: 0.40226542610442295 0.6993022762356433 0.09099202991998556
2021-05-10 01:25:14,972 - fine-tune.py[line:55] - INFO: Epoch 53/250
2021-05-10 01:25:14,972 - fine-tune.py[line:56] - INFO: ----------
2021-05-10 01:25:50,057 - fine-tune.py[line:59] - INFO: 0.4021525088651625 0.6996926927524372 0.09150228139932359
2021-05-10 01:25:50,057 - fine-tune.py[line:55] - INFO: Epoch 54/250
2021-05-10 01:25:50,057 - fine-tune.py[line:56] - INFO: ----------
2021-05-10 01:26:26,449 - fine-tune.py[line:59] - INFO: 0.4020420463047641 0.7000733586021295 0.09200130204066481
2021-05-10 01:26:26,449 - fine-tune.py[line:55] - INFO: Epoch 55/250
2021-05-10 01:26:26,449 - fine-tune.py[line:56] - INFO: ----------
2021-05-10 01:27:02,549 - fine-tune.py[line:59] - INFO: 0.4019339296835847 0.7004438482436867 0.0924895920208808
2021-05-10 01:27:11,038 - fine-tune.py[line:64] - INFO: Testing
2021-05-10 01:27:11,038 - fine-tune.py[line:66] - INFO: 0.40290319899156835 0.6975263424081852 0.08976461130476976
2021-05-10 01:27:11,039 - fine-tune.py[line:55] - INFO: Epoch 56/250
2021-05-10 01:27:11,039 - fine-tune.py[line:56] - INFO: ----------
2021-05-10 01:27:50,088 - fine-tune.py[line:59] - INFO: 0.4018280576006769 0.7008053038496243 0.0929676176663875
2021-05-10 01:27:50,089 - fine-tune.py[line:55] - INFO: Epoch 57/250
2021-05-10 01:27:50,089 - fine-tune.py[line:56] - INFO: ----------
2021-05-10 01:28:29,129 - fine-tune.py[line:59] - INFO: 0.40172433411651753 0.7011581578026698 0.09343581999671402
2021-05-10 01:28:29,130 - fine-tune.py[line:55] - INFO: Epoch 58/250
2021-05-10 01:28:29,130 - fine-tune.py[line:56] - INFO: ----------
2021-05-10 01:29:08,226 - fine-tune.py[line:59] - INFO: 0.4016226693332415 0.7015034836734895 0.09389461216254735
2021-05-10 01:29:08,227 - fine-tune.py[line:55] - INFO: Epoch 59/250
2021-05-10 01:29:08,227 - fine-tune.py[line:56] - INFO: ----------
2021-05-10 01:29:47,484 - fine-tune.py[line:59] - INFO: 0.40152297915859947 0.7018402442571773 0.09434438056702232
2021-05-10 01:29:47,485 - fine-tune.py[line:55] - INFO: Epoch 60/250
2021-05-10 01:29:47,485 - fine-tune.py[line:56] - INFO: ----------
2021-05-10 01:30:26,866 - fine-tune.py[line:59] - INFO: 0.4014251837208477 0.7021694688074814 0.09478549206681153
2021-05-10 01:30:34,995 - fine-tune.py[line:64] - INFO: Testing
2021-05-10 01:30:34,995 - fine-tune.py[line:66] - INFO: 0.40246273838308133 0.6989582982811954 0.09175369298173097
2021-05-10 01:30:34,996 - fine-tune.py[line:55] - INFO: Epoch 61/250
2021-05-10 01:30:34,996 - fine-tune.py[line:56] - INFO: ----------
2021-05-10 01:31:13,923 - fine-tune.py[line:59] - INFO: 0.4013292080160864 0.7024916799640704 0.09521829109433833
2021-05-10 01:31:13,924 - fine-tune.py[line:55] - INFO: Epoch 62/250
2021-05-10 01:31:13,924 - fine-tune.py[line:56] - INFO: ----------
2021-05-10 01:31:50,464 - fine-tune.py[line:59] - INFO: 0.4012349816676783 0.7028070404072213 0.09564310078470029
2021-05-10 01:31:50,464 - fine-tune.py[line:55] - INFO: Epoch 63/250
2021-05-10 01:31:50,464 - fine-tune.py[line:56] - INFO: ----------
2021-05-10 01:32:27,166 - fine-tune.py[line:59] - INFO: 0.40114243830654517 0.7031160755091711 0.09606022580764073
2021-05-10 01:32:27,167 - fine-tune.py[line:55] - INFO: Epoch 64/250
2021-05-10 01:32:27,167 - fine-tune.py[line:56] - INFO: ----------
2021-05-10 01:33:04,014 - fine-tune.py[line:59] - INFO: 0.40105151438265013 0.7034189590653819 0.09646995775680345
2021-05-10 01:33:04,014 - fine-tune.py[line:55] - INFO: Epoch 65/250
2021-05-10 01:33:04,014 - fine-tune.py[line:56] - INFO: ----------
2021-05-10 01:33:40,862 - fine-tune.py[line:59] - INFO: 0.4009621507103729 0.7037155641860589 0.0968725682145769
2021-05-10 01:33:48,727 - fine-tune.py[line:64] - INFO: Testing
2021-05-10 01:33:48,727 - fine-tune.py[line:66] - INFO: 0.40206472506112834 0.7002236748180437 0.09354921513336723
2021-05-10 01:33:48,727 - fine-tune.py[line:55] - INFO: Epoch 66/250
2021-05-10 01:33:48,727 - fine-tune.py[line:56] - INFO: ----------
2021-05-10 01:34:25,742 - fine-tune.py[line:59] - INFO: 0.40087429095801647 0.7040070195452406 0.09726831558795535
2021-05-10 01:34:25,742 - fine-tune.py[line:55] - INFO: Epoch 67/250
2021-05-10 01:34:25,742 - fine-tune.py[line:56] - INFO: ----------
2021-05-10 01:35:02,841 - fine-tune.py[line:59] - INFO: 0.40078788152137557 0.7042930327581041 0.09765744570187207
2021-05-10 01:35:02,842 - fine-tune.py[line:55] - INFO: Epoch 68/250
2021-05-10 01:35:02,842 - fine-tune.py[line:56] - INFO: ----------
2021-05-10 01:35:42,164 - fine-tune.py[line:59] - INFO: 0.40070287216092765 0.7045736638384271 0.09804018895300137
2021-05-10 01:35:42,165 - fine-tune.py[line:55] - INFO: Epoch 69/250
2021-05-10 01:35:42,165 - fine-tune.py[line:56] - INFO: ----------
2021-05-10 01:36:23,416 - fine-tune.py[line:59] - INFO: 0.40061921459841043 0.7048492044519353 0.09841676665087762
2021-05-10 01:36:23,417 - fine-tune.py[line:55] - INFO: Epoch 70/250
2021-05-10 01:36:23,417 - fine-tune.py[line:56] - INFO: ----------
2021-05-10 01:37:02,850 - fine-tune.py[line:59] - INFO: 0.40053686327413 0.7051198072115489 0.09878738762682537
2021-05-10 01:37:10,646 - fine-tune.py[line:64] - INFO: Testing
2021-05-10 01:37:10,647 - fine-tune.py[line:66] - INFO: 0.40170205086830774 0.7013528758070497 0.09518376806396978
2021-05-10 01:37:10,647 - fine-tune.py[line:55] - INFO: Epoch 71/250
2021-05-10 01:37:10,647 - fine-tune.py[line:56] - INFO: ----------
2021-05-10 01:37:47,183 - fine-tune.py[line:59] - INFO: 0.40045577505416774 0.7053860079061376 0.09915224957085422
2021-05-10 01:37:47,183 - fine-tune.py[line:55] - INFO: Epoch 72/250
2021-05-10 01:37:47,183 - fine-tune.py[line:56] - INFO: ----------
2021-05-10 01:38:24,672 - fine-tune.py[line:59] - INFO: 0.40037590894927366 0.705648056165074 0.09951154031358944
2021-05-10 01:38:24,673 - fine-tune.py[line:55] - INFO: Epoch 73/250
2021-05-10 01:38:24,673 - fine-tune.py[line:56] - INFO: ----------
2021-05-10 01:38:59,783 - fine-tune.py[line:59] - INFO: 0.40029722560005565 0.7059059229984775 0.09986544015704335
2021-05-10 01:38:59,784 - fine-tune.py[line:55] - INFO: Epoch 74/250
2021-05-10 01:38:59,784 - fine-tune.py[line:56] - INFO: ----------
2021-05-10 01:39:36,906 - fine-tune.py[line:59] - INFO: 0.40021968831539717 0.7061595364144704 0.10021411721804496
2021-05-10 01:39:36,906 - fine-tune.py[line:55] - INFO: Epoch 75/250
2021-05-10 01:39:36,906 - fine-tune.py[line:56] - INFO: ----------
2021-05-10 01:40:14,582 - fine-tune.py[line:59] - INFO: 0.4001432610489203 0.7064089899778393 0.10055773654185485
2021-05-10 01:40:22,564 - fine-tune.py[line:64] - INFO: Testing
2021-05-10 01:40:22,564 - fine-tune.py[line:66] - INFO: 0.40136920708124757 0.7023713804119542 0.09668257889364495
2021-05-10 01:40:22,564 - fine-tune.py[line:55] - INFO: Epoch 76/250
2021-05-10 01:40:22,564 - fine-tune.py[line:56] - INFO: ----------
2021-05-10 01:40:58,283 - fine-tune.py[line:59] - INFO: 0.4000679105268348 0.7066547154754885 0.10089645054538254
2021-05-10 01:40:58,284 - fine-tune.py[line:55] - INFO: Epoch 77/250
2021-05-10 01:40:58,284 - fine-tune.py[line:56] - INFO: ----------
2021-05-10 01:41:35,677 - fine-tune.py[line:59] - INFO: 0.3999936041788752 0.7068967040933444 0.10123040833138708
2021-05-10 01:41:35,677 - fine-tune.py[line:55] - INFO: Epoch 78/250
2021-05-10 01:41:35,677 - fine-tune.py[line:56] - INFO: ----------
2021-05-10 01:42:11,592 - fine-tune.py[line:59] - INFO: 0.3999203116351267 0.7071353664768601 0.10155974896995135
2021-05-10 01:42:11,592 - fine-tune.py[line:55] - INFO: Epoch 79/250
2021-05-10 01:42:11,593 - fine-tune.py[line:56] - INFO: ----------
2021-05-10 01:42:47,739 - fine-tune.py[line:59] - INFO: 0.3998480034401294 0.7073704290815535 0.10188460728779325
2021-05-10 01:42:47,740 - fine-tune.py[line:55] - INFO: Epoch 80/250
2021-05-10 01:42:47,740 - fine-tune.py[line:56] - INFO: ----------
2021-05-10 01:43:22,398 - fine-tune.py[line:59] - INFO: 0.39977665142445507 0.7076021854017114 0.10220511220640593
2021-05-10 01:43:29,756 - fine-tune.py[line:64] - INFO: Testing
2021-05-10 01:43:29,756 - fine-tune.py[line:66] - INFO: 0.40106184872744965 0.7033018872568647 0.09806552429629689
2021-05-10 01:43:29,756 - fine-tune.py[line:55] - INFO: Epoch 81/250
2021-05-10 01:43:29,756 - fine-tune.py[line:56] - INFO: ----------
2021-05-10 01:44:04,495 - fine-tune.py[line:59] - INFO: 0.3997062290307772 0.7078305760604704 0.10252138528607502
2021-05-10 01:44:04,495 - fine-tune.py[line:55] - INFO: Epoch 82/250
2021-05-10 01:44:04,495 - fine-tune.py[line:56] - INFO: ----------
2021-05-10 01:44:41,515 - fine-tune.py[line:59] - INFO: 0.3996367107632718 0.7080560963512694 0.10283354320729632
2021-05-10 01:44:41,516 - fine-tune.py[line:55] - INFO: Epoch 83/250
2021-05-10 01:44:41,516 - fine-tune.py[line:56] - INFO: ----------
2021-05-10 01:45:16,326 - fine-tune.py[line:59] - INFO: 0.39956807198870026 0.7082785064244543 0.10314169867057132
2021-05-10 01:45:16,327 - fine-tune.py[line:55] - INFO: Epoch 84/250
2021-05-10 01:45:16,327 - fine-tune.py[line:56] - INFO: ----------
2021-05-10 01:45:53,434 - fine-tune.py[line:59] - INFO: 0.3995002893403106 0.7084977585730792 0.10344595858938155
2021-05-10 01:45:53,434 - fine-tune.py[line:55] - INFO: Epoch 85/250
2021-05-10 01:45:53,434 - fine-tune.py[line:56] - INFO: ----------
2021-05-10 01:46:32,002 - fine-tune.py[line:59] - INFO: 0.39943334024168176 0.7087143421939864 0.10374642623416208
2021-05-10 01:46:39,992 - fine-tune.py[line:64] - INFO: Testing
2021-05-10 01:46:39,992 - fine-tune.py[line:66] - INFO: 0.4007764991687144 0.7041543156885758 0.09934849373956323
2021-05-10 01:46:39,993 - fine-tune.py[line:55] - INFO: Epoch 86/250
2021-05-10 01:46:39,993 - fine-tune.py[line:56] - INFO: ----------
2021-05-10 01:47:14,796 - fine-tune.py[line:59] - INFO: 0.39936720323933644 0.708928113262329 0.10404319974505827
2021-05-10 01:47:14,796 - fine-tune.py[line:55] - INFO: Epoch 87/250
2021-05-10 01:47:14,797 - fine-tune.py[line:56] - INFO: ----------
2021-05-10 01:47:49,837 - fine-tune.py[line:59] - INFO: 0.39930185748636265 0.7091392039275817 0.1043363744546858
2021-05-10 01:47:49,838 - fine-tune.py[line:55] - INFO: Epoch 88/250
2021-05-10 01:47:49,838 - fine-tune.py[line:56] - INFO: ----------
2021-05-10 01:48:24,993 - fine-tune.py[line:59] - INFO: 0.39923728342608794 0.7093478172216344 0.1046260398256934
2021-05-10 01:48:24,994 - fine-tune.py[line:55] - INFO: Epoch 89/250
2021-05-10 01:48:24,994 - fine-tune.py[line:56] - INFO: ----------
2021-05-10 01:49:00,821 - fine-tune.py[line:59] - INFO: 0.39917346222407785 0.7095536362076393 0.10491228200453728
2021-05-10 01:49:00,822 - fine-tune.py[line:55] - INFO: Epoch 90/250
2021-05-10 01:49:00,822 - fine-tune.py[line:56] - INFO: ----------
2021-05-10 01:49:37,311 - fine-tune.py[line:59] - INFO: 0.3991103751691445 0.7097568407831097 0.10519518651159099
2021-05-10 01:49:44,912 - fine-tune.py[line:64] - INFO: Testing
2021-05-10 01:49:44,912 - fine-tune.py[line:66] - INFO: 0.4005103416075346 0.7049460100930636 0.10054435033732578
2021-05-10 01:49:44,912 - fine-tune.py[line:55] - INFO: Epoch 91/250
2021-05-10 01:49:44,912 - fine-tune.py[line:56] - INFO: ----------
2021-05-10 01:50:23,549 - fine-tune.py[line:59] - INFO: 0.399048004955547 0.7099578007282462 0.1054748324946655
2021-05-10 01:50:23,550 - fine-tune.py[line:55] - INFO: Epoch 92/250
2021-05-10 01:50:23,550 - fine-tune.py[line:56] - INFO: ----------
2021-05-10 01:50:59,615 - fine-tune.py[line:59] - INFO: 0.3989863346202293 0.7101565669140226 0.10575129749934331
2021-05-10 01:50:59,616 - fine-tune.py[line:55] - INFO: Epoch 93/250
2021-05-10 01:50:59,616 - fine-tune.py[line:56] - INFO: ----------
2021-05-10 01:51:34,146 - fine-tune.py[line:59] - INFO: 0.3989253479714969 0.7103528430108553 0.10602465555023644
2021-05-10 01:51:34,147 - fine-tune.py[line:55] - INFO: Epoch 94/250
2021-05-10 01:51:34,147 - fine-tune.py[line:56] - INFO: ----------
2021-05-10 01:52:08,485 - fine-tune.py[line:59] - INFO: 0.398865029356623 0.7105468177919687 0.10629497819632927
2021-05-10 01:52:08,486 - fine-tune.py[line:55] - INFO: Epoch 95/250
2021-05-10 01:52:08,486 - fine-tune.py[line:56] - INFO: ----------
2021-05-10 01:52:42,867 - fine-tune.py[line:59] - INFO: 0.3988053639479001 0.710738851915305 0.10656233323233955
2021-05-10 01:52:50,120 - fine-tune.py[line:64] - INFO: Testing
2021-05-10 01:52:50,120 - fine-tune.py[line:66] - INFO: 0.4002610640111623 0.7056823403742194 0.10166364411666695
2021-05-10 01:52:50,120 - fine-tune.py[line:55] - INFO: Epoch 96/250
2021-05-10 01:52:50,121 - fine-tune.py[line:56] - INFO: ----------
2021-05-10 01:53:25,329 - fine-tune.py[line:59] - INFO: 0.39874633668514803 0.7109286586049979 0.10682678944008217
2021-05-10 01:53:25,330 - fine-tune.py[line:55] - INFO: Epoch 97/250
2021-05-10 01:53:25,330 - fine-tune.py[line:56] - INFO: ----------
2021-05-10 01:54:03,068 - fine-tune.py[line:59] - INFO: 0.39868793451340834 0.7111164122728777 0.10708840656558705
2021-05-10 01:54:03,068 - fine-tune.py[line:55] - INFO: Epoch 98/250
2021-05-10 01:54:03,068 - fine-tune.py[line:56] - INFO: ----------
2021-05-10 01:54:42,416 - fine-tune.py[line:59] - INFO: 0.39863014325715385 0.7113022883580565 0.10734724932584583
2021-05-10 01:54:42,417 - fine-tune.py[line:55] - INFO: Epoch 99/250
2021-05-10 01:54:42,417 - fine-tune.py[line:56] - INFO: ----------
2021-05-10 01:55:16,870 - fine-tune.py[line:59] - INFO: 0.398572950056645 0.7114860784251451 0.1076033764962151
2021-05-10 01:55:16,871 - fine-tune.py[line:55] - INFO: Epoch 100/250
2021-05-10 01:55:16,871 - fine-tune.py[line:56] - INFO: ----------
2021-05-10 01:55:51,445 - fine-tune.py[line:59] - INFO: 0.3985163423721626 0.7116680629835931 0.10785684537393492
2021-05-10 01:55:58,633 - fine-tune.py[line:64] - INFO: Testing
2021-05-10 01:55:58,633 - fine-tune.py[line:66] - INFO: 0.40002675421002765 0.7063720533365322 0.10271509489457586
2021-05-10 01:55:58,633 - fine-tune.py[line:55] - INFO: Epoch 101/250
2021-05-10 01:55:58,633 - fine-tune.py[line:56] - INFO: ----------
2021-05-10 01:56:33,446 - fine-tune.py[line:59] - INFO: 0.3984603081039512 0.7118479316095174 0.10810771124303975
2021-05-10 01:56:33,446 - fine-tune.py[line:55] - INFO: Epoch 102/250
2021-05-10 01:56:33,446 - fine-tune.py[line:56] - INFO: ----------
2021-05-10 01:57:08,395 - fine-tune.py[line:59] - INFO: 0.3984048354799843 0.7120260125604061 0.10835602787891785
2021-05-10 01:57:08,395 - fine-tune.py[line:55] - INFO: Epoch 103/250
2021-05-10 01:57:08,395 - fine-tune.py[line:56] - INFO: ----------
2021-05-10 01:57:43,239 - fine-tune.py[line:59] - INFO: 0.398349913329616 0.7122024119338785 0.10860184632537662
2021-05-10 01:57:43,239 - fine-tune.py[line:55] - INFO: Epoch 104/250
2021-05-10 01:57:43,239 - fine-tune.py[line:56] - INFO: ----------
2021-05-10 01:58:18,407 - fine-tune.py[line:59] - INFO: 0.3982955305774959 0.7123771101910432 0.10884521716186879
2021-05-10 01:58:18,408 - fine-tune.py[line:55] - INFO: Epoch 105/250
2021-05-10 01:58:18,408 - fine-tune.py[line:56] - INFO: ----------
2021-05-10 01:58:58,667 - fine-tune.py[line:59] - INFO: 0.3982416768752566 0.7125497162664294 0.10908618767814138
2021-05-10 01:59:06,221 - fine-tune.py[line:64] - INFO: Testing
2021-05-10 01:59:06,222 - fine-tune.py[line:66] - INFO: 0.3998058084505068 0.7070194719331888 0.10370601134185109
2021-05-10 01:59:06,222 - fine-tune.py[line:55] - INFO: Epoch 106/250
2021-05-10 01:59:06,222 - fine-tune.py[line:56] - INFO: ----------
2021-05-10 01:59:40,996 - fine-tune.py[line:59] - INFO: 0.39818834143989185 0.7127211666913681 0.10932480707375558
2021-05-10 01:59:40,997 - fine-tune.py[line:55] - INFO: Epoch 107/250
2021-05-10 01:59:40,997 - fine-tune.py[line:56] - INFO: ----------
2021-05-10 02:00:16,102 - fine-tune.py[line:59] - INFO: 0.39813551505685135 0.7128905782298858 0.10956111749747521
2021-05-10 02:00:16,102 - fine-tune.py[line:55] - INFO: Epoch 108/250
2021-05-10 02:00:16,102 - fine-tune.py[line:56] - INFO: ----------
2021-05-10 02:00:50,997 - fine-tune.py[line:59] - INFO: 0.39808318767328377 0.7130583814156031 0.10979516481661167
2021-05-10 02:00:50,998 - fine-tune.py[line:55] - INFO: Epoch 109/250
2021-05-10 02:00:50,998 - fine-tune.py[line:56] - INFO: ----------
2021-05-10 02:01:25,560 - fine-tune.py[line:59] - INFO: 0.3980313499438588 0.7132245926233852 0.11002699170238528
2021-05-10 02:01:25,561 - fine-tune.py[line:55] - INFO: Epoch 110/250
2021-05-10 02:01:25,561 - fine-tune.py[line:56] - INFO: ----------
2021-05-10 02:02:01,451 - fine-tune.py[line:59] - INFO: 0.39797999278660157 0.7133892725039243 0.1102566396185205
2021-05-10 02:02:08,894 - fine-tune.py[line:64] - INFO: Testing
2021-05-10 02:02:08,894 - fine-tune.py[line:66] - INFO: 0.3995968737565772 0.7076295337993141 0.10464255590566407
2021-05-10 02:02:08,895 - fine-tune.py[line:55] - INFO: Epoch 111/250
2021-05-10 02:02:08,895 - fine-tune.py[line:56] - INFO: ----------
2021-05-10 02:02:43,609 - fine-tune.py[line:59] - INFO: 0.3979291078238287 0.7135526293898811 0.110484146851204
2021-05-10 02:02:43,609 - fine-tune.py[line:55] - INFO: Epoch 112/250
2021-05-10 02:02:43,609 - fine-tune.py[line:56] - INFO: ----------
2021-05-10 02:03:22,588 - fine-tune.py[line:59] - INFO: 0.3978786863010093 0.7137141060222053 0.11070955334442756
2021-05-10 02:03:22,589 - fine-tune.py[line:55] - INFO: Epoch 113/250
2021-05-10 02:03:22,589 - fine-tune.py[line:56] - INFO: ----------
2021-05-10 02:04:01,924 - fine-tune.py[line:59] - INFO: 0.39782872025825833 0.7138745938551223 0.11093289546326779
2021-05-10 02:04:01,924 - fine-tune.py[line:55] - INFO: Epoch 114/250
2021-05-10 02:04:01,925 - fine-tune.py[line:56] - INFO: ----------
2021-05-10 02:04:40,940 - fine-tune.py[line:59] - INFO: 0.39777920111007115 0.7140332291915492 0.11115421234377343
2021-05-10 02:04:40,941 - fine-tune.py[line:55] - INFO: Epoch 115/250
2021-05-10 02:04:40,941 - fine-tune.py[line:56] - INFO: ----------
2021-05-10 02:05:19,791 - fine-tune.py[line:59] - INFO: 0.39773012138291064 0.7141903946116128 0.11137353812725215
2021-05-10 02:05:27,893 - fine-tune.py[line:64] - INFO: Testing
2021-05-10 02:05:27,893 - fine-tune.py[line:66] - INFO: 0.39939879618268354 0.7082073462381788 0.10552998164024807
2021-05-10 02:05:27,893 - fine-tune.py[line:55] - INFO: Epoch 116/250
2021-05-10 02:05:27,894 - fine-tune.py[line:56] - INFO: ----------
2021-05-10 02:06:06,640 - fine-tune.py[line:59] - INFO: 0.3976814735982688 0.7143461103938478 0.11159090695415563
2021-05-10 02:06:06,640 - fine-tune.py[line:55] - INFO: Epoch 117/250
2021-05-10 02:06:06,640 - fine-tune.py[line:56] - INFO: ----------
2021-05-10 02:06:44,477 - fine-tune.py[line:59] - INFO: 0.39763325033259045 0.7145005234189438 0.11180635269672712
2021-05-10 02:06:44,478 - fine-tune.py[line:55] - INFO: Epoch 118/250
2021-05-10 02:06:44,478 - fine-tune.py[line:56] - INFO: ----------
2021-05-10 02:07:21,903 - fine-tune.py[line:59] - INFO: 0.3975854445174728 0.7146537515366189 0.11201990761856007
2021-05-10 02:07:21,904 - fine-tune.py[line:55] - INFO: Epoch 119/250
2021-05-10 02:07:21,904 - fine-tune.py[line:56] - INFO: ----------
2021-05-10 02:08:00,371 - fine-tune.py[line:59] - INFO: 0.3975380494106507 0.7148054265897772 0.11223160250548159
2021-05-10 02:08:00,372 - fine-tune.py[line:55] - INFO: Epoch 120/250
2021-05-10 02:08:00,372 - fine-tune.py[line:56] - INFO: ----------
2021-05-10 02:08:38,416 - fine-tune.py[line:59] - INFO: 0.39749105758404785 0.7149559807762355 0.11244147118590853
2021-05-10 02:08:46,431 - fine-tune.py[line:64] - INFO: Testing
2021-05-10 02:08:46,431 - fine-tune.py[line:66] - INFO: 0.3992105852811173 0.708754912342888 0.10637279510974929
2021-05-10 02:08:46,432 - fine-tune.py[line:55] - INFO: Epoch 121/250
2021-05-10 02:08:46,432 - fine-tune.py[line:56] - INFO: ----------
2021-05-10 02:09:25,375 - fine-tune.py[line:59] - INFO: 0.39744446333555494 0.7151050985562487 0.1126495397600954
2021-05-10 02:09:25,376 - fine-tune.py[line:55] - INFO: Epoch 122/250
2021-05-10 02:09:25,376 - fine-tune.py[line:56] - INFO: ----------
2021-05-10 02:10:04,543 - fine-tune.py[line:59] - INFO: 0.39739825972055826 0.7152532424324344 0.11285583985846315
2021-05-10 02:10:04,544 - fine-tune.py[line:55] - INFO: Epoch 123/250
2021-05-10 02:10:04,544 - fine-tune.py[line:56] - INFO: ----------
2021-05-10 02:10:43,160 - fine-tune.py[line:59] - INFO: 0.39735244051268653 0.7153997943101391 0.11306039988539751
2021-05-10 02:10:43,160 - fine-tune.py[line:55] - INFO: Epoch 124/250
2021-05-10 02:10:43,161 - fine-tune.py[line:56] - INFO: ----------
2021-05-10 02:11:21,369 - fine-tune.py[line:59] - INFO: 0.39730699956771687 0.7155451346532904 0.11326324786073916
2021-05-10 02:11:21,370 - fine-tune.py[line:55] - INFO: Epoch 125/250
2021-05-10 02:11:21,370 - fine-tune.py[line:56] - INFO: ----------
2021-05-10 02:11:59,646 - fine-tune.py[line:59] - INFO: 0.39726193124769904 0.7156893173119773 0.11346440952729575
2021-05-10 02:12:07,984 - fine-tune.py[line:64] - INFO: Testing
2021-05-10 02:12:07,985 - fine-tune.py[line:66] - INFO: 0.39903138428795937 0.7092722222891513 0.10717489278095571
2021-05-10 02:12:07,985 - fine-tune.py[line:55] - INFO: Epoch 126/250
2021-05-10 02:12:07,985 - fine-tune.py[line:56] - INFO: ----------
2021-05-10 02:12:45,631 - fine-tune.py[line:59] - INFO: 0.3972172296590262 0.715832936794473 0.11366391175265433
2021-05-10 02:12:45,632 - fine-tune.py[line:55] - INFO: Epoch 127/250
2021-05-10 02:12:45,632 - fine-tune.py[line:56] - INFO: ----------
2021-05-10 02:13:24,247 - fine-tune.py[line:59] - INFO: 0.3971728891966922 0.7159748591670583 0.11386178010017789
2021-05-10 02:13:24,248 - fine-tune.py[line:55] - INFO: Epoch 128/250
2021-05-10 02:13:24,248 - fine-tune.py[line:56] - INFO: ----------
2021-05-10 02:14:02,606 - fine-tune.py[line:59] - INFO: 0.39712890433561665 0.7161155101351319 0.11405803976101159
2021-05-10 02:14:02,606 - fine-tune.py[line:55] - INFO: Epoch 129/250
2021-05-10 02:14:02,606 - fine-tune.py[line:56] - INFO: ----------
2021-05-10 02:14:40,520 - fine-tune.py[line:59] - INFO: 0.3970852696058035 0.7162549301941253 0.11425271566532824
2021-05-10 02:14:40,521 - fine-tune.py[line:55] - INFO: Epoch 130/250
2021-05-10 02:14:40,521 - fine-tune.py[line:56] - INFO: ----------
2021-05-10 02:15:18,948 - fine-tune.py[line:59] - INFO: 0.39704197995464596 0.7163933226635668 0.11444583086652549
2021-05-10 02:15:26,828 - fine-tune.py[line:64] - INFO: Testing
2021-05-10 02:15:26,829 - fine-tune.py[line:66] - INFO: 0.39886044536943993 0.7097670003587184 0.10793967407154892
2021-05-10 02:15:26,829 - fine-tune.py[line:55] - INFO: Epoch 131/250
2021-05-10 02:15:26,829 - fine-tune.py[line:56] - INFO: ----------
2021-05-10 02:16:05,709 - fine-tune.py[line:59] - INFO: 0.3969990303670115 0.7165309149630057 0.11463740823697421
2021-05-10 02:16:05,709 - fine-tune.py[line:55] - INFO: Epoch 132/250
2021-05-10 02:16:05,709 - fine-tune.py[line:56] - INFO: ----------
2021-05-10 02:16:44,370 - fine-tune.py[line:59] - INFO: 0.396956415640882 0.7166673618642654 0.11482747146889982
2021-05-10 02:16:44,371 - fine-tune.py[line:55] - INFO: Epoch 133/250
2021-05-10 02:16:44,371 - fine-tune.py[line:56] - INFO: ----------
2021-05-10 02:17:23,959 - fine-tune.py[line:59] - INFO: 0.39691413066281317 0.716802696938901 0.11501604384576802
2021-05-10 02:17:23,960 - fine-tune.py[line:55] - INFO: Epoch 134/250
2021-05-10 02:17:23,960 - fine-tune.py[line:56] - INFO: ----------
2021-05-10 02:18:02,253 - fine-tune.py[line:59] - INFO: 0.39687217140850806 0.7169371281497524 0.11520314378127805
2021-05-10 02:18:02,253 - fine-tune.py[line:55] - INFO: Epoch 135/250
2021-05-10 02:18:02,253 - fine-tune.py[line:56] - INFO: ----------
2021-05-10 02:18:40,044 - fine-tune.py[line:59] - INFO: 0.39683053243123834 0.7170700660016802 0.11538879601967977
2021-05-10 02:18:48,211 - fine-tune.py[line:64] - INFO: Testing
2021-05-10 02:18:48,211 - fine-tune.py[line:66] - INFO: 0.39869711289100723 0.7102387481680048 0.10867011798106596
2021-05-10 02:18:48,211 - fine-tune.py[line:55] - INFO: Epoch 136/250
2021-05-10 02:18:48,211 - fine-tune.py[line:56] - INFO: ----------
2021-05-10 02:19:27,641 - fine-tune.py[line:59] - INFO: 0.3967892100581061 0.7172025248528517 0.11557301738394243
2021-05-10 02:19:27,642 - fine-tune.py[line:55] - INFO: Epoch 137/250
2021-05-10 02:19:27,642 - fine-tune.py[line:56] - INFO: ----------
2021-05-10 02:20:05,735 - fine-tune.py[line:59] - INFO: 0.3967481990776179 0.7173336596205233 0.11575583154503388
2021-05-10 02:20:05,735 - fine-tune.py[line:55] - INFO: Epoch 138/250
2021-05-10 02:20:05,735 - fine-tune.py[line:56] - INFO: ----------
2021-05-10 02:20:44,000 - fine-tune.py[line:59] - INFO: 0.3967074952941192 0.7174636755144205 0.11593725763341778
2021-05-10 02:20:44,001 - fine-tune.py[line:55] - INFO: Epoch 139/250
2021-05-10 02:20:44,001 - fine-tune.py[line:56] - INFO: ----------
2021-05-10 02:21:22,528 - fine-tune.py[line:59] - INFO: 0.3966670947689114 0.7175932321108183 0.11611731362353728
2021-05-10 02:21:22,528 - fine-tune.py[line:55] - INFO: Epoch 140/250
2021-05-10 02:21:22,528 - fine-tune.py[line:56] - INFO: ----------
2021-05-10 02:22:00,433 - fine-tune.py[line:59] - INFO: 0.39662699297031434 0.7177216085252898 0.11629602012194029
2021-05-10 02:22:08,436 - fine-tune.py[line:64] - INFO: Testing
2021-05-10 02:22:08,436 - fine-tune.py[line:66] - INFO: 0.39854080826348065 0.7106912876314004 0.10936885229091631
2021-05-10 02:22:08,436 - fine-tune.py[line:55] - INFO: Epoch 141/250
2021-05-10 02:22:08,436 - fine-tune.py[line:56] - INFO: ----------
2021-05-10 02:22:46,556 - fine-tune.py[line:59] - INFO: 0.3965871861891035 0.7178492512348631 0.11647339405939605
2021-05-10 02:22:46,557 - fine-tune.py[line:55] - INFO: Epoch 142/250
2021-05-10 02:22:46,557 - fine-tune.py[line:56] - INFO: ----------
2021-05-10 02:23:25,189 - fine-tune.py[line:59] - INFO: 0.3965476704274711 0.7179757548948559 0.11664945364277757
2021-05-10 02:23:25,190 - fine-tune.py[line:55] - INFO: Epoch 143/250
2021-05-10 02:23:25,190 - fine-tune.py[line:56] - INFO: ----------
2021-05-10 02:24:04,255 - fine-tune.py[line:59] - INFO: 0.3965084416056027 0.7181017457359904 0.1168242174342975
2021-05-10 02:24:04,256 - fine-tune.py[line:55] - INFO: Epoch 144/250
2021-05-10 02:24:04,256 - fine-tune.py[line:56] - INFO: ----------
2021-05-10 02:24:42,823 - fine-tune.py[line:59] - INFO: 0.3964694958978421 0.7182267393745557 0.11699770285407174
2021-05-10 02:24:42,823 - fine-tune.py[line:55] - INFO: Epoch 145/250
2021-05-10 02:24:42,823 - fine-tune.py[line:56] - INFO: ----------
2021-05-10 02:25:21,108 - fine-tune.py[line:59] - INFO: 0.39643082960549497 0.7183504454186549 0.11716992674731863
2021-05-10 02:25:29,654 - fine-tune.py[line:64] - INFO: Testing
2021-05-10 02:25:29,654 - fine-tune.py[line:66] - INFO: 0.39839101853528813 0.7111248032862469 0.11003820571466305
2021-05-10 02:25:29,654 - fine-tune.py[line:55] - INFO: Epoch 146/250
2021-05-10 02:25:29,654 - fine-tune.py[line:56] - INFO: ----------
2021-05-10 02:26:08,694 - fine-tune.py[line:59] - INFO: 0.39639243933665314 0.7184735449147435 0.11734090458391555
2021-05-10 02:26:08,694 - fine-tune.py[line:55] - INFO: Epoch 147/250
2021-05-10 02:26:08,694 - fine-tune.py[line:56] - INFO: ----------
2021-05-10 02:26:47,123 - fine-tune.py[line:59] - INFO: 0.39635432105601387 0.7185957328835291 0.11751065469035449
2021-05-10 02:26:47,124 - fine-tune.py[line:55] - INFO: Epoch 148/250
2021-05-10 02:26:47,124 - fine-tune.py[line:56] - INFO: ----------
2021-05-10 02:27:24,816 - fine-tune.py[line:59] - INFO: 0.3963164715366801 0.7187168960980594 0.11767919178418529
2021-05-10 02:27:24,817 - fine-tune.py[line:55] - INFO: Epoch 149/250
2021-05-10 02:27:24,817 - fine-tune.py[line:56] - INFO: ----------
2021-05-10 02:28:03,659 - fine-tune.py[line:59] - INFO: 0.39627888712032067 0.7188374159673605 0.11784653249583765
2021-05-10 02:28:03,660 - fine-tune.py[line:55] - INFO: Epoch 150/250
2021-05-10 02:28:03,660 - fine-tune.py[line:56] - INFO: ----------
2021-05-10 02:28:42,554 - fine-tune.py[line:59] - INFO: 0.39624156482006107 0.7189568461171325 0.11801269045800489
2021-05-10 02:28:50,913 - fine-tune.py[line:64] - INFO: Testing
2021-05-10 02:28:50,914 - fine-tune.py[line:66] - INFO: 0.39824728542078536 0.7115391631684308 0.11068025786608926
2021-05-10 02:28:50,914 - fine-tune.py[line:55] - INFO: Epoch 151/250
2021-05-10 02:28:50,914 - fine-tune.py[line:56] - INFO: ----------
2021-05-10 02:29:30,020 - fine-tune.py[line:59] - INFO: 0.396204500879643 0.7190755049018713 0.11817768272083251
2021-05-10 02:29:30,020 - fine-tune.py[line:55] - INFO: Epoch 152/250
2021-05-10 02:29:30,020 - fine-tune.py[line:56] - INFO: ----------
2021-05-10 02:30:08,494 - fine-tune.py[line:59] - INFO: 0.39616769235858473 0.7191933935543144 0.11834152269496856
2021-05-10 02:30:08,494 - fine-tune.py[line:55] - INFO: Epoch 153/250
2021-05-10 02:30:08,494 - fine-tune.py[line:56] - INFO: ----------
2021-05-10 02:30:47,055 - fine-tune.py[line:59] - INFO: 0.3961311357884572 0.7193107045869904 0.11850422613362488
2021-05-10 02:30:47,055 - fine-tune.py[line:55] - INFO: Epoch 154/250
2021-05-10 02:30:47,055 - fine-tune.py[line:56] - INFO: ----------
2021-05-10 02:31:26,150 - fine-tune.py[line:59] - INFO: 0.3960948283829196 0.7194271809946466 0.1186658057467821
2021-05-10 02:31:26,151 - fine-tune.py[line:55] - INFO: Epoch 155/250
2021-05-10 02:31:26,151 - fine-tune.py[line:56] - INFO: ----------
2021-05-10 02:32:04,952 - fine-tune.py[line:59] - INFO: 0.3960587670255169 0.7195426589669959 0.11882627570667981
2021-05-10 02:32:13,242 - fine-tune.py[line:64] - INFO: Testing
2021-05-10 02:32:13,243 - fine-tune.py[line:66] - INFO: 0.39810919795412975 0.7119363162047004 0.11129687284046297
2021-05-10 02:32:13,243 - fine-tune.py[line:55] - INFO: Epoch 156/250
2021-05-10 02:32:13,243 - fine-tune.py[line:56] - INFO: ----------
2021-05-10 02:32:51,431 - fine-tune.py[line:59] - INFO: 0.3960229482958441 0.7196570271467384 0.11898565153081764
2021-05-10 02:32:51,432 - fine-tune.py[line:55] - INFO: Epoch 157/250
2021-05-10 02:32:51,432 - fine-tune.py[line:56] - INFO: ----------
2021-05-10 02:33:30,120 - fine-tune.py[line:59] - INFO: 0.3959873697377965 0.7197707788754777 0.11914394443909992
2021-05-10 02:33:30,121 - fine-tune.py[line:55] - INFO: Epoch 158/250
2021-05-10 02:33:30,121 - fine-tune.py[line:56] - INFO: ----------
2021-05-10 02:34:08,970 - fine-tune.py[line:59] - INFO: 0.39595202812505953 0.7198839269736858 0.11930116907183641
2021-05-10 02:34:08,971 - fine-tune.py[line:55] - INFO: Epoch 159/250
2021-05-10 02:34:08,971 - fine-tune.py[line:56] - INFO: ----------
2021-05-10 02:34:48,204 - fine-tune.py[line:59] - INFO: 0.39591692110400895 0.7199964951715616 0.11945733618047194
2021-05-10 02:34:48,205 - fine-tune.py[line:55] - INFO: Epoch 160/250
2021-05-10 02:34:48,205 - fine-tune.py[line:56] - INFO: ----------
2021-05-10 02:35:26,743 - fine-tune.py[line:59] - INFO: 0.39588204556281686 0.7201083097969178 0.11961245988315417
2021-05-10 02:35:35,233 - fine-tune.py[line:64] - INFO: Testing
2021-05-10 02:35:35,233 - fine-tune.py[line:66] - INFO: 0.3979763865446431 0.7123211408189184 0.11188972639836381
2021-05-10 02:35:35,234 - fine-tune.py[line:55] - INFO: Epoch 161/250
2021-05-10 02:35:35,234 - fine-tune.py[line:56] - INFO: ----------
2021-05-10 02:36:13,687 - fine-tune.py[line:59] - INFO: 0.3958473983914399 0.7202193110208869 0.11976655428339411
2021-05-10 02:36:13,688 - fine-tune.py[line:55] - INFO: Epoch 162/250
2021-05-10 02:36:13,688 - fine-tune.py[line:56] - INFO: ----------
2021-05-10 02:36:52,155 - fine-tune.py[line:59] - INFO: 0.3958129773327915 0.7203299129200429 0.11991962968503012
2021-05-10 02:36:52,156 - fine-tune.py[line:55] - INFO: Epoch 163/250
2021-05-10 02:36:52,156 - fine-tune.py[line:56] - INFO: ----------
2021-05-10 02:37:31,287 - fine-tune.py[line:59] - INFO: 0.3957787796660408 0.7204396539163218 0.1200716984487441
2021-05-10 02:37:31,288 - fine-tune.py[line:55] - INFO: Epoch 164/250
2021-05-10 02:37:31,288 - fine-tune.py[line:56] - INFO: ----------
2021-05-10 02:38:08,951 - fine-tune.py[line:59] - INFO: 0.395744802860851 0.7205487992948638 0.12022277208236887
2021-05-10 02:38:08,951 - fine-tune.py[line:55] - INFO: Epoch 165/250
2021-05-10 02:38:08,951 - fine-tune.py[line:56] - INFO: ----------
2021-05-10 02:38:47,615 - fine-tune.py[line:59] - INFO: 0.3957110440107196 0.7206571253548782 0.12037286376057632
2021-05-10 02:38:55,745 - fine-tune.py[line:64] - INFO: Testing
2021-05-10 02:38:55,745 - fine-tune.py[line:66] - INFO: 0.3978485174685634 0.712688948966034 0.11246033108937914
2021-05-10 02:38:55,745 - fine-tune.py[line:55] - INFO: Epoch 166/250
2021-05-10 02:38:55,745 - fine-tune.py[line:56] - INFO: ----------
2021-05-10 02:39:35,307 - fine-tune.py[line:59] - INFO: 0.3956775010815897 0.7207646129272951 0.12052198277361914
2021-05-10 02:39:35,307 - fine-tune.py[line:55] - INFO: Epoch 167/250
2021-05-10 02:39:35,307 - fine-tune.py[line:56] - INFO: ----------
2021-05-10 02:40:13,438 - fine-tune.py[line:59] - INFO: 0.39564417146043873 0.7208713699382943 0.12067014098063578
2021-05-10 02:40:13,439 - fine-tune.py[line:55] - INFO: Epoch 168/250
2021-05-10 02:40:13,439 - fine-tune.py[line:56] - INFO: ----------
2021-05-10 02:40:52,114 - fine-tune.py[line:59] - INFO: 0.3956110524286325 0.7209775168057982 0.12081735070471522
2021-05-10 02:40:52,115 - fine-tune.py[line:55] - INFO: Epoch 169/250
2021-05-10 02:40:52,115 - fine-tune.py[line:56] - INFO: ----------
2021-05-10 02:41:30,141 - fine-tune.py[line:59] - INFO: 0.395578142089077 0.7210832129844208 0.12096362061221066
2021-05-10 02:41:30,142 - fine-tune.py[line:55] - INFO: Epoch 170/250
2021-05-10 02:41:30,142 - fine-tune.py[line:56] - INFO: ----------
2021-05-10 02:42:08,569 - fine-tune.py[line:59] - INFO: 0.39554543765564204 0.7211883873451999 0.12110896331602095
2021-05-10 02:42:16,798 - fine-tune.py[line:64] - INFO: Testing
2021-05-10 02:42:16,798 - fine-tune.py[line:66] - INFO: 0.3977252860643106 0.7130431239191575 0.11301006706234895
2021-05-10 02:42:16,798 - fine-tune.py[line:55] - INFO: Epoch 171/250
2021-05-10 02:42:16,798 - fine-tune.py[line:56] - INFO: ----------
2021-05-10 02:42:55,476 - fine-tune.py[line:59] - INFO: 0.39551293709911395 0.7212930707682131 0.12125338806008956
2021-05-10 02:42:55,477 - fine-tune.py[line:55] - INFO: Epoch 172/250
2021-05-10 02:42:55,477 - fine-tune.py[line:56] - INFO: ----------
2021-05-10 02:43:34,821 - fine-tune.py[line:59] - INFO: 0.39548063803087163 0.7213967466336616 0.12139690568090977
2021-05-10 02:43:34,822 - fine-tune.py[line:55] - INFO: Epoch 173/250
2021-05-10 02:43:34,822 - fine-tune.py[line:56] - INFO: ----------
2021-05-10 02:44:13,624 - fine-tune.py[line:59] - INFO: 0.3954485385810476 0.7214998308055875 0.12153952470538221
2021-05-10 02:44:13,625 - fine-tune.py[line:55] - INFO: Epoch 174/250
2021-05-10 02:44:13,625 - fine-tune.py[line:56] - INFO: ----------
2021-05-10 02:44:52,427 - fine-tune.py[line:59] - INFO: 0.3954166357726882 0.7216021121571252 0.12168125857458534
2021-05-10 02:44:52,428 - fine-tune.py[line:55] - INFO: Epoch 175/250
2021-05-10 02:44:52,428 - fine-tune.py[line:56] - INFO: ----------
2021-05-10 02:45:28,200 - fine-tune.py[line:59] - INFO: 0.39538492817294574 0.7217038838743761 0.12182211386487662
2021-05-10 02:45:35,529 - fine-tune.py[line:64] - INFO: Testing
2021-05-10 02:45:35,529 - fine-tune.py[line:66] - INFO: 0.3976064176456726 0.7133844123243402 0.11354017836601682
2021-05-10 02:45:35,530 - fine-tune.py[line:55] - INFO: Epoch 176/250
2021-05-10 02:45:35,530 - fine-tune.py[line:56] - INFO: ----------
2021-05-10 02:46:10,021 - fine-tune.py[line:59] - INFO: 0.39535341335454216 0.7218050452015844 0.12196210156632858
2021-05-10 02:46:10,021 - fine-tune.py[line:55] - INFO: Epoch 177/250
2021-05-10 02:46:10,021 - fine-tune.py[line:56] - INFO: ----------
2021-05-10 02:46:46,749 - fine-tune.py[line:59] - INFO: 0.39532208944589653 0.7219054848225405 0.12210123019622132
2021-05-10 02:46:46,750 - fine-tune.py[line:55] - INFO: Epoch 178/250
2021-05-10 02:46:46,750 - fine-tune.py[line:56] - INFO: ----------
2021-05-10 02:47:23,781 - fine-tune.py[line:59] - INFO: 0.3952909540252944 0.7220056120266872 0.12223951071115202
2021-05-10 02:47:23,781 - fine-tune.py[line:55] - INFO: Epoch 179/250
2021-05-10 02:47:23,781 - fine-tune.py[line:56] - INFO: ----------
2021-05-10 02:47:59,568 - fine-tune.py[line:59] - INFO: 0.3952600052554402 0.7221050312285154 0.12237695146787186
2021-05-10 02:47:59,569 - fine-tune.py[line:55] - INFO: Epoch 180/250
2021-05-10 02:47:59,569 - fine-tune.py[line:56] - INFO: ----------
2021-05-10 02:48:36,199 - fine-tune.py[line:59] - INFO: 0.3952292414276964 0.7222039848253368 0.12251356024810234
2021-05-10 02:48:43,965 - fine-tune.py[line:64] - INFO: Testing
2021-05-10 02:48:43,965 - fine-tune.py[line:66] - INFO: 0.3974916585015133 0.7137153376965438 0.11405181341580228
2021-05-10 02:48:43,966 - fine-tune.py[line:55] - INFO: Epoch 181/250
2021-05-10 02:48:43,966 - fine-tune.py[line:56] - INFO: ----------
2021-05-10 02:49:20,533 - fine-tune.py[line:59] - INFO: 0.39519866029633416 0.7223022605397291 0.12264934721475373
2021-05-10 02:49:20,533 - fine-tune.py[line:55] - INFO: Epoch 182/250
2021-05-10 02:49:20,534 - fine-tune.py[line:56] - INFO: ----------
2021-05-10 02:49:57,886 - fine-tune.py[line:59] - INFO: 0.39516825993704185 0.7223999494710046 0.12278432109951809
2021-05-10 02:49:57,886 - fine-tune.py[line:55] - INFO: Epoch 183/250
2021-05-10 02:49:57,886 - fine-tune.py[line:56] - INFO: ----------
2021-05-10 02:50:34,568 - fine-tune.py[line:59] - INFO: 0.39513803837703787 0.7224970398465183 0.12291849084552453
2021-05-10 02:50:34,568 - fine-tune.py[line:55] - INFO: Epoch 184/250
2021-05-10 02:50:34,569 - fine-tune.py[line:56] - INFO: ----------
2021-05-10 02:51:11,561 - fine-tune.py[line:59] - INFO: 0.3951079938009423 0.7225934002564379 0.1230518646934271
2021-05-10 02:51:11,561 - fine-tune.py[line:55] - INFO: Epoch 185/250
2021-05-10 02:51:11,561 - fine-tune.py[line:56] - INFO: ----------
2021-05-10 02:51:48,025 - fine-tune.py[line:59] - INFO: 0.3950781245562816 0.7226894626109417 0.12318445015727408
2021-05-10 02:51:55,264 - fine-tune.py[line:64] - INFO: Testing
2021-05-10 02:51:55,265 - fine-tune.py[line:66] - INFO: 0.3973807779265446 0.7140327374109043 0.11454601620439853
2021-05-10 02:51:55,265 - fine-tune.py[line:55] - INFO: Epoch 186/250
2021-05-10 02:51:55,265 - fine-tune.py[line:56] - INFO: ----------
2021-05-10 02:52:31,301 - fine-tune.py[line:59] - INFO: 0.3950484286360337 0.7227848272770316 0.12331625632146714
2021-05-10 02:52:31,302 - fine-tune.py[line:55] - INFO: Epoch 187/250
2021-05-10 02:52:31,302 - fine-tune.py[line:56] - INFO: ----------
2021-05-10 02:53:07,446 - fine-tune.py[line:59] - INFO: 0.3950189043532753 0.7228796119606073 0.12344729084610084
2021-05-10 02:53:07,447 - fine-tune.py[line:55] - INFO: Epoch 188/250
2021-05-10 02:53:07,447 - fine-tune.py[line:56] - INFO: ----------
2021-05-10 02:53:41,833 - fine-tune.py[line:59] - INFO: 0.3949895499078474 0.7229738834555031 0.12357756189053892
2021-05-10 02:53:41,833 - fine-tune.py[line:55] - INFO: Epoch 189/250
2021-05-10 02:53:41,833 - fine-tune.py[line:56] - INFO: ----------
2021-05-10 02:54:16,852 - fine-tune.py[line:59] - INFO: 0.3949603634555451 0.7230677041176978 0.12370707780623902
2021-05-10 02:54:16,852 - fine-tune.py[line:55] - INFO: Epoch 190/250
2021-05-10 02:54:16,852 - fine-tune.py[line:56] - INFO: ----------
2021-05-10 02:54:51,546 - fine-tune.py[line:59] - INFO: 0.3949313437518348 0.7231610350543191 0.12383584428051198
2021-05-10 02:54:58,840 - fine-tune.py[line:64] - INFO: Testing
2021-05-10 02:54:58,840 - fine-tune.py[line:66] - INFO: 0.3972735622892481 0.7143418693213008 0.11502375298232581
2021-05-10 02:54:58,840 - fine-tune.py[line:55] - INFO: Epoch 191/250
2021-05-10 02:54:58,840 - fine-tune.py[line:56] - INFO: ----------
2021-05-10 02:55:33,419 - fine-tune.py[line:59] - INFO: 0.394902488675041 0.7232537335554393 0.12396387088973959
2021-05-10 02:55:33,419 - fine-tune.py[line:55] - INFO: Epoch 192/250
2021-05-10 02:55:33,419 - fine-tune.py[line:56] - INFO: ----------
2021-05-10 02:56:08,996 - fine-tune.py[line:59] - INFO: 0.39487379634845254 0.7233459782858338 0.12409116611987014
2021-05-10 02:56:08,997 - fine-tune.py[line:55] - INFO: Epoch 193/250
2021-05-10 02:56:08,997 - fine-tune.py[line:56] - INFO: ----------
2021-05-10 02:56:43,831 - fine-tune.py[line:59] - INFO: 0.39484526582415724 0.7234375397302996 0.12421773433330718
2021-05-10 02:56:43,832 - fine-tune.py[line:55] - INFO: Epoch 194/250
2021-05-10 02:56:43,832 - fine-tune.py[line:56] - INFO: ----------
2021-05-10 02:57:21,285 - fine-tune.py[line:59] - INFO: 0.3948168948999874 0.7235288209324082 0.1243435854539302
2021-05-10 02:57:21,286 - fine-tune.py[line:55] - INFO: Epoch 195/250
2021-05-10 02:57:21,286 - fine-tune.py[line:56] - INFO: ----------
2021-05-10 02:58:01,729 - fine-tune.py[line:59] - INFO: 0.39478868216777 0.7236195757144529 0.12446872588022506
2021-05-10 02:58:09,157 - fine-tune.py[line:64] - INFO: Testing
2021-05-10 02:58:09,157 - fine-tune.py[line:66] - INFO: 0.39716981682697744 0.7146396005412613 0.11548590445911389
2021-05-10 02:58:09,158 - fine-tune.py[line:55] - INFO: Epoch 196/250
2021-05-10 02:58:09,158 - fine-tune.py[line:56] - INFO: ----------
2021-05-10 02:58:43,727 - fine-tune.py[line:59] - INFO: 0.39476062645052173 0.7237097995974868 0.12459316098268991
2021-05-10 02:58:43,727 - fine-tune.py[line:55] - INFO: Epoch 197/250
2021-05-10 02:58:43,727 - fine-tune.py[line:56] - INFO: ----------
2021-05-10 02:59:19,824 - fine-tune.py[line:59] - INFO: 0.39473272585999924 0.7237993245799154 0.12471689928380758
2021-05-10 02:59:19,825 - fine-tune.py[line:55] - INFO: Epoch 198/250
2021-05-10 02:59:19,825 - fine-tune.py[line:56] - INFO: ----------
2021-05-10 02:59:55,851 - fine-tune.py[line:59] - INFO: 0.39470497891794976 0.723888597036038 0.12483994748477323
2021-05-10 02:59:55,851 - fine-tune.py[line:55] - INFO: Epoch 199/250
2021-05-10 02:59:55,851 - fine-tune.py[line:56] - INFO: ----------
2021-05-10 03:00:30,880 - fine-tune.py[line:59] - INFO: 0.39467738404874325 0.7239772045945685 0.12496231271592606
2021-05-10 03:00:30,880 - fine-tune.py[line:55] - INFO: Epoch 200/250
2021-05-10 03:00:30,880 - fine-tune.py[line:56] - INFO: ----------
2021-05-10 03:01:05,518 - fine-tune.py[line:59] - INFO: 0.3946499397067491 0.72406522171286 0.12508400197185388
2021-05-10 03:01:13,383 - fine-tune.py[line:64] - INFO: Testing
2021-05-10 03:01:13,384 - fine-tune.py[line:66] - INFO: 0.39706935949840155 0.7149280037304858 0.11593329336968472
2021-05-10 03:01:13,384 - fine-tune.py[line:55] - INFO: Epoch 201/250
2021-05-10 03:01:13,384 - fine-tune.py[line:56] - INFO: ----------
2021-05-10 03:01:49,435 - fine-tune.py[line:59] - INFO: 0.3946226446300137 0.7241527309226978 0.1252050209867639
2021-05-10 03:01:49,436 - fine-tune.py[line:55] - INFO: Epoch 202/250
2021-05-10 03:01:49,436 - fine-tune.py[line:56] - INFO: ----------
2021-05-10 03:02:24,634 - fine-tune.py[line:59] - INFO: 0.394595497468458 0.7242400089736825 0.12532537588324533
2021-05-10 03:02:24,635 - fine-tune.py[line:55] - INFO: Epoch 203/250
2021-05-10 03:02:24,635 - fine-tune.py[line:56] - INFO: ----------
2021-05-10 03:03:00,026 - fine-tune.py[line:59] - INFO: 0.39456849667950816 0.7243269293252947 0.12544507363482127
2021-05-10 03:03:00,026 - fine-tune.py[line:55] - INFO: Epoch 204/250
2021-05-10 03:03:00,026 - fine-tune.py[line:56] - INFO: ----------
2021-05-10 03:03:34,440 - fine-tune.py[line:59] - INFO: 0.39454164069223613 0.7244134374905312 0.1255641213381007
2021-05-10 03:03:34,440 - fine-tune.py[line:55] - INFO: Epoch 205/250
2021-05-10 03:03:34,440 - fine-tune.py[line:56] - INFO: ----------
2021-05-10 03:04:09,445 - fine-tune.py[line:59] - INFO: 0.39451492860264925 0.7244994097230784 0.12568252313098227
2021-05-10 03:04:17,030 - fine-tune.py[line:64] - INFO: Testing
2021-05-10 03:04:17,030 - fine-tune.py[line:66] - INFO: 0.3969720234871823 0.7152083326808145 0.11636667347143059
2021-05-10 03:04:17,030 - fine-tune.py[line:55] - INFO: Epoch 206/250
2021-05-10 03:04:17,030 - fine-tune.py[line:56] - INFO: ----------
2021-05-10 03:04:53,578 - fine-tune.py[line:59] - INFO: 0.39448835848337127 0.7245848450778373 0.12580028768528506
2021-05-10 03:04:53,578 - fine-tune.py[line:55] - INFO: Epoch 207/250
2021-05-10 03:04:53,578 - fine-tune.py[line:56] - INFO: ----------
2021-05-10 03:05:29,832 - fine-tune.py[line:59] - INFO: 0.3944619291844251 0.7246698929831554 0.1259174202245853
2021-05-10 03:05:29,833 - fine-tune.py[line:55] - INFO: Epoch 208/250
2021-05-10 03:05:29,833 - fine-tune.py[line:56] - INFO: ----------
2021-05-10 03:06:06,178 - fine-tune.py[line:59] - INFO: 0.3944356396668722 0.7247543816570428 0.126033925478357
2021-05-10 03:06:06,179 - fine-tune.py[line:55] - INFO: Epoch 209/250
2021-05-10 03:06:06,179 - fine-tune.py[line:56] - INFO: ----------
2021-05-10 03:06:40,802 - fine-tune.py[line:59] - INFO: 0.39440948856372754 0.7248388044821945 0.12614980962781852
2021-05-10 03:06:40,803 - fine-tune.py[line:55] - INFO: Epoch 210/250
2021-05-10 03:06:40,803 - fine-tune.py[line:56] - INFO: ----------
2021-05-10 03:07:16,085 - fine-tune.py[line:59] - INFO: 0.3943834742664674 0.7249224390332618 0.12626507992216296
2021-05-10 03:07:23,531 - fine-tune.py[line:64] - INFO: Testing
2021-05-10 03:07:23,532 - fine-tune.py[line:66] - INFO: 0.39687765345931675 0.7154765971373189 0.11678674634792485
2021-05-10 03:07:23,532 - fine-tune.py[line:55] - INFO: Epoch 211/250
2021-05-10 03:07:23,532 - fine-tune.py[line:56] - INFO: ----------
2021-05-10 03:07:59,342 - fine-tune.py[line:59] - INFO: 0.3943575959352232 0.725005598939246 0.12637974020246467
2021-05-10 03:07:59,342 - fine-tune.py[line:55] - INFO: Epoch 212/250
2021-05-10 03:07:59,342 - fine-tune.py[line:56] - INFO: ----------
2021-05-10 03:08:33,714 - fine-tune.py[line:59] - INFO: 0.3943318519779895 0.7250885312202247 0.1264937976403948
2021-05-10 03:08:33,714 - fine-tune.py[line:55] - INFO: Epoch 213/250
2021-05-10 03:08:33,715 - fine-tune.py[line:56] - INFO: ----------
2021-05-10 03:09:07,264 - fine-tune.py[line:59] - INFO: 0.39430624123087477 0.7251708339420901 0.12660725750861468
2021-05-10 03:09:07,265 - fine-tune.py[line:55] - INFO: Epoch 214/250
2021-05-10 03:09:07,265 - fine-tune.py[line:56] - INFO: ----------
2021-05-10 03:09:41,681 - fine-tune.py[line:59] - INFO: 0.3942807625378558 0.7252528802545263 0.1267201250429908
2021-05-10 03:09:41,681 - fine-tune.py[line:55] - INFO: Epoch 215/250
2021-05-10 03:09:41,681 - fine-tune.py[line:56] - INFO: ----------
2021-05-10 03:10:16,678 - fine-tune.py[line:59] - INFO: 0.39425541474554204 0.7253344847332464 0.12683240546581243
2021-05-10 03:10:24,183 - fine-tune.py[line:64] - INFO: Testing
2021-05-10 03:10:24,183 - fine-tune.py[line:66] - INFO: 0.39678610408363796 0.7157380905337396 0.11719416810816163
2021-05-10 03:10:24,184 - fine-tune.py[line:55] - INFO: Epoch 216/250
2021-05-10 03:10:24,184 - fine-tune.py[line:56] - INFO: ----------
2021-05-10 03:11:01,320 - fine-tune.py[line:59] - INFO: 0.3942301966098658 0.7254154714460432 0.1269441043990992
2021-05-10 03:11:01,320 - fine-tune.py[line:55] - INFO: Epoch 217/250
2021-05-10 03:11:01,321 - fine-tune.py[line:56] - INFO: ----------
2021-05-10 03:11:38,574 - fine-tune.py[line:59] - INFO: 0.39420510709338924 0.7254961511044394 0.12705522654775048
2021-05-10 03:11:38,574 - fine-tune.py[line:55] - INFO: Epoch 218/250
2021-05-10 03:11:38,575 - fine-tune.py[line:56] - INFO: ----------
2021-05-10 03:12:14,031 - fine-tune.py[line:59] - INFO: 0.39418014459443523 0.7255764161315299 0.12716577911372784
2021-05-10 03:12:14,031 - fine-tune.py[line:55] - INFO: Epoch 219/250
2021-05-10 03:12:14,031 - fine-tune.py[line:56] - INFO: ----------
2021-05-10 03:12:49,236 - fine-tune.py[line:59] - INFO: 0.39415530849744956 0.7256561400895241 0.1272757649297741
2021-05-10 03:12:49,236 - fine-tune.py[line:55] - INFO: Epoch 220/250
2021-05-10 03:12:49,236 - fine-tune.py[line:56] - INFO: ----------
2021-05-10 03:13:24,900 - fine-tune.py[line:59] - INFO: 0.3941305974304801 0.7257357204130376 0.12738519017677152
2021-05-10 03:13:32,654 - fine-tune.py[line:64] - INFO: Testing
2021-05-10 03:13:32,655 - fine-tune.py[line:66] - INFO: 0.39669724157229225 0.7159918317686685 0.11758954263347021
2021-05-10 03:13:32,655 - fine-tune.py[line:55] - INFO: Epoch 221/250
2021-05-10 03:13:32,655 - fine-tune.py[line:56] - INFO: ----------
2021-05-10 03:14:06,702 - fine-tune.py[line:59] - INFO: 0.39410601060807027 0.7258147485111792 0.12749405843667905
2021-05-10 03:14:06,703 - fine-tune.py[line:55] - INFO: Epoch 222/250
2021-05-10 03:14:06,703 - fine-tune.py[line:56] - INFO: ----------
2021-05-10 03:14:43,181 - fine-tune.py[line:59] - INFO: 0.39408154636985004 0.7258934695754655 0.127602377163743
2021-05-10 03:14:43,181 - fine-tune.py[line:55] - INFO: Epoch 223/250
2021-05-10 03:14:43,181 - fine-tune.py[line:56] - INFO: ----------
2021-05-10 03:15:17,551 - fine-tune.py[line:59] - INFO: 0.39405720382529563 0.7259720711463834 0.12771015040159028
2021-05-10 03:15:17,551 - fine-tune.py[line:55] - INFO: Epoch 224/250
2021-05-10 03:15:17,551 - fine-tune.py[line:56] - INFO: ----------
2021-05-10 03:15:53,077 - fine-tune.py[line:59] - INFO: 0.39403298211487053 0.7260499535997983 0.12781738205519366
2021-05-10 03:15:53,077 - fine-tune.py[line:55] - INFO: Epoch 225/250
2021-05-10 03:15:53,077 - fine-tune.py[line:56] - INFO: ----------
2021-05-10 03:16:27,846 - fine-tune.py[line:59] - INFO: 0.3940088801454188 0.7261274718203317 0.12792407706225417
2021-05-10 03:16:36,570 - fine-tune.py[line:64] - INFO: Testing
2021-05-10 03:16:36,571 - fine-tune.py[line:66] - INFO: 0.39661093986235574 0.7162385409360216 0.11797343866164944
2021-05-10 03:16:36,571 - fine-tune.py[line:55] - INFO: Epoch 226/250
2021-05-10 03:16:36,571 - fine-tune.py[line:56] - INFO: ----------
2021-05-10 03:17:14,195 - fine-tune.py[line:59] - INFO: 0.393984896934826 0.7262047942821276 0.12803023986728734
2021-05-10 03:17:14,196 - fine-tune.py[line:55] - INFO: Epoch 227/250
2021-05-10 03:17:14,196 - fine-tune.py[line:56] - INFO: ----------
2021-05-10 03:17:50,129 - fine-tune.py[line:59] - INFO: 0.3939610311644843 0.7262814337867245 0.1281358764026408
2021-05-10 03:17:50,130 - fine-tune.py[line:55] - INFO: Epoch 228/250
2021-05-10 03:17:50,130 - fine-tune.py[line:56] - INFO: ----------
2021-05-10 03:18:25,445 - fine-tune.py[line:59] - INFO: 0.39393728177653276 0.726357638648575 0.12824099144474432
2021-05-10 03:18:25,445 - fine-tune.py[line:55] - INFO: Epoch 229/250
2021-05-10 03:18:25,445 - fine-tune.py[line:56] - INFO: ----------
2021-05-10 03:19:00,166 - fine-tune.py[line:59] - INFO: 0.39391364807745793 0.7264335368463919 0.12834558815598074
2021-05-10 03:19:00,167 - fine-tune.py[line:55] - INFO: Epoch 230/250
2021-05-10 03:19:00,167 - fine-tune.py[line:56] - INFO: ----------
2021-05-10 03:19:34,044 - fine-tune.py[line:59] - INFO: 0.39389012911213833 0.7265091698412507 0.12844967085524905
2021-05-10 03:19:41,216 - fine-tune.py[line:64] - INFO: Testing
2021-05-10 03:19:41,216 - fine-tune.py[line:66] - INFO: 0.39652708183393354 0.7164795599807288 0.11834638444586976
2021-05-10 03:19:41,217 - fine-tune.py[line:55] - INFO: Epoch 231/250
2021-05-10 03:19:41,217 - fine-tune.py[line:56] - INFO: ----------
2021-05-10 03:20:18,549 - fine-tune.py[line:59] - INFO: 0.39386672348340285 0.7265842885996026 0.12855324581609873
2021-05-10 03:20:18,550 - fine-tune.py[line:55] - INFO: Epoch 232/250
2021-05-10 03:20:18,550 - fine-tune.py[line:56] - INFO: ----------
2021-05-10 03:20:56,537 - fine-tune.py[line:59] - INFO: 0.39384343080054707 0.7266592077571848 0.12865631485673779
2021-05-10 03:20:56,537 - fine-tune.py[line:55] - INFO: Epoch 233/250
2021-05-10 03:20:56,537 - fine-tune.py[line:56] - INFO: ----------
2021-05-10 03:21:31,795 - fine-tune.py[line:59] - INFO: 0.3938202496591769 0.7267336798213703 0.12875888427966675
2021-05-10 03:21:31,796 - fine-tune.py[line:55] - INFO: Epoch 234/250
2021-05-10 03:21:31,796 - fine-tune.py[line:56] - INFO: ----------
2021-05-10 03:22:06,485 - fine-tune.py[line:59] - INFO: 0.3937971793472784 0.7268077649497559 0.12886095732219993
2021-05-10 03:22:06,485 - fine-tune.py[line:55] - INFO: Epoch 235/250
2021-05-10 03:22:06,485 - fine-tune.py[line:56] - INFO: ----------
2021-05-10 03:22:41,048 - fine-tune.py[line:59] - INFO: 0.3937742186727218 0.7268814480618511 0.12896253934455337
2021-05-10 03:22:48,274 - fine-tune.py[line:64] - INFO: Testing
2021-05-10 03:22:48,275 - fine-tune.py[line:66] - INFO: 0.39644555818029054 0.7167122052784513 0.11870887285423148
2021-05-10 03:22:48,275 - fine-tune.py[line:55] - INFO: Epoch 236/250
2021-05-10 03:22:48,275 - fine-tune.py[line:56] - INFO: ----------
2021-05-10 03:23:22,542 - fine-tune.py[line:59] - INFO: 0.39375136720561676 0.7269549345728381 0.12906363233331697
2021-05-10 03:23:22,542 - fine-tune.py[line:55] - INFO: Epoch 237/250
2021-05-10 03:23:22,543 - fine-tune.py[line:56] - INFO: ----------
2021-05-10 03:23:57,565 - fine-tune.py[line:59] - INFO: 0.39372862348424525 0.7270280549607459 0.12916424283856176
2021-05-10 03:23:57,566 - fine-tune.py[line:55] - INFO: Epoch 238/250
2021-05-10 03:23:57,566 - fine-tune.py[line:56] - INFO: ----------
2021-05-10 03:24:33,034 - fine-tune.py[line:59] - INFO: 0.3937059869017561 0.7271008352157928 0.12926437362715415
2021-05-10 03:24:33,035 - fine-tune.py[line:55] - INFO: Epoch 239/250
2021-05-10 03:24:33,035 - fine-tune.py[line:56] - INFO: ----------
2021-05-10 03:25:09,386 - fine-tune.py[line:59] - INFO: 0.3936834566957965 0.7271731855535876 0.12936402815274395
2021-05-10 03:25:09,387 - fine-tune.py[line:55] - INFO: Epoch 240/250
2021-05-10 03:25:09,387 - fine-tune.py[line:56] - INFO: ----------
2021-05-10 03:25:44,426 - fine-tune.py[line:59] - INFO: 0.393661031633451 0.727245284823816 0.12946321194901622
2021-05-10 03:25:51,703 - fine-tune.py[line:64] - INFO: Testing
2021-05-10 03:25:51,704 - fine-tune.py[line:66] - INFO: 0.3963662655210404 0.7169348566178787 0.11906136982285098
2021-05-10 03:25:51,704 - fine-tune.py[line:55] - INFO: Epoch 241/250
2021-05-10 03:25:51,704 - fine-tune.py[line:56] - INFO: ----------
2021-05-10 03:26:25,766 - fine-tune.py[line:59] - INFO: 0.39363871099292264 0.7273171250753206 0.1295619282876065
2021-05-10 03:26:25,766 - fine-tune.py[line:55] - INFO: Epoch 242/250
2021-05-10 03:26:25,766 - fine-tune.py[line:56] - INFO: ----------
2021-05-10 03:27:01,481 - fine-tune.py[line:59] - INFO: 0.3936164940231685 0.7273884761354378 0.1296601805683888
2021-05-10 03:27:01,482 - fine-tune.py[line:55] - INFO: Epoch 243/250
2021-05-10 03:27:01,482 - fine-tune.py[line:56] - INFO: ----------
2021-05-10 03:27:38,942 - fine-tune.py[line:59] - INFO: 0.39359437990769297 0.7274595435220782 0.129757972479559
2021-05-10 03:27:38,942 - fine-tune.py[line:55] - INFO: Epoch 244/250
2021-05-10 03:27:38,942 - fine-tune.py[line:56] - INFO: ----------
2021-05-10 03:28:16,086 - fine-tune.py[line:59] - INFO: 0.39357236751878816 0.7275300754896699 0.12985530908425225
2021-05-10 03:28:16,087 - fine-tune.py[line:55] - INFO: Epoch 245/250
2021-05-10 03:28:16,087 - fine-tune.py[line:56] - INFO: ----------
2021-05-10 03:28:50,408 - fine-tune.py[line:59] - INFO: 0.3935504562824645 0.7276002327461099 0.12995219299585548
2021-05-10 03:28:57,618 - fine-tune.py[line:64] - INFO: Testing
2021-05-10 03:28:57,618 - fine-tune.py[line:66] - INFO: 0.39628910719535076 0.7171532521810219 0.11940431088428027
2021-05-10 03:28:57,619 - fine-tune.py[line:55] - INFO: Epoch 246/250
2021-05-10 03:28:57,619 - fine-tune.py[line:56] - INFO: ----------
2021-05-10 03:29:31,967 - fine-tune.py[line:59] - INFO: 0.3935286453939591 0.7276702547301394 0.13004862784715865
2021-05-10 03:29:31,968 - fine-tune.py[line:55] - INFO: Epoch 247/250
2021-05-10 03:29:31,968 - fine-tune.py[line:56] - INFO: ----------
2021-05-10 03:30:06,283 - fine-tune.py[line:59] - INFO: 0.3935069339033504 0.7277399591814984 0.13014461791157383
2021-05-10 03:30:06,283 - fine-tune.py[line:55] - INFO: Epoch 248/250
2021-05-10 03:30:06,283 - fine-tune.py[line:56] - INFO: ----------
2021-05-10 03:30:41,196 - fine-tune.py[line:59] - INFO: 0.39348532127273445 0.7278094702574127 0.13024016563980467
2021-05-10 03:30:41,196 - fine-tune.py[line:55] - INFO: Epoch 249/250
2021-05-10 03:30:41,196 - fine-tune.py[line:56] - INFO: ----------
2021-05-10 03:31:15,869 - fine-tune.py[line:59] - INFO: 0.39346380659193336 0.7278785037707648 0.13033527512735965
2021-05-10 03:31:15,869 - fine-tune.py[line:55] - INFO: Epoch 250/250
2021-05-10 03:31:15,869 - fine-tune.py[line:56] - INFO: ----------
2021-05-10 03:31:50,532 - fine-tune.py[line:59] - INFO: 0.39344238881656335 0.7279472171832428 0.13042995106177435
2021-05-10 03:31:58,011 - fine-tune.py[line:64] - INFO: Testing
2021-05-10 03:31:58,012 - fine-tune.py[line:66] - INFO: 0.3962139923682957 0.7173687426750159 0.11973810519188521
