2021-05-10 00:53:03,892 - dan.py[line:58] - INFO: Epoch 1/250
2021-05-10 00:53:03,892 - dan.py[line:59] - INFO: ----------
2021-05-10 00:54:16,880 - dan.py[line:62] - INFO: 0.4570184149152227 0.5270786458485749 -0.17186861445497814
2021-05-10 00:54:16,881 - dan.py[line:58] - INFO: Epoch 2/250
2021-05-10 00:54:16,881 - dan.py[line:59] - INFO: ----------
2021-05-10 00:55:29,035 - dan.py[line:62] - INFO: 0.449362444564143 0.5416417046426028 -0.13293520007277992
2021-05-10 00:55:29,035 - dan.py[line:58] - INFO: Epoch 3/250
2021-05-10 00:55:29,035 - dan.py[line:59] - INFO: ----------
2021-05-10 00:56:42,102 - dan.py[line:62] - INFO: 0.4412577354327693 0.559374075039324 -0.09243646227901614
2021-05-10 00:56:42,102 - dan.py[line:58] - INFO: Epoch 4/250
2021-05-10 00:56:42,102 - dan.py[line:59] - INFO: ----------
2021-05-10 00:57:53,753 - dan.py[line:62] - INFO: 0.43471296256864234 0.5759826866761795 -0.06027056420932819
2021-05-10 00:57:53,754 - dan.py[line:58] - INFO: Epoch 5/250
2021-05-10 00:57:53,754 - dan.py[line:59] - INFO: ----------
2021-05-10 00:59:07,460 - dan.py[line:62] - INFO: 0.42972276498667644 0.5903886551885792 -0.036067967000410706
2021-05-10 00:59:15,455 - dan.py[line:67] - INFO: Testing
2021-05-10 00:59:15,455 - dan.py[line:69] - INFO: 0.42241972740858336 0.6002447730593332 -0.034785124317741944
2021-05-10 00:59:15,455 - dan.py[line:58] - INFO: Epoch 6/250
2021-05-10 00:59:15,455 - dan.py[line:59] - INFO: ----------
2021-05-10 01:00:29,079 - dan.py[line:62] - INFO: 0.4259150811328482 0.6026010025294515 -0.017788547836787183
2021-05-10 01:00:29,080 - dan.py[line:58] - INFO: Epoch 7/250
2021-05-10 01:00:29,080 - dan.py[line:59] - INFO: ----------
2021-05-10 01:01:42,700 - dan.py[line:62] - INFO: 0.4229569722288123 0.6129260439974191 -0.003699945266903093
2021-05-10 01:01:42,701 - dan.py[line:58] - INFO: Epoch 8/250
2021-05-10 01:01:42,701 - dan.py[line:59] - INFO: ----------
2021-05-10 01:02:53,695 - dan.py[line:62] - INFO: 0.42060888223395215 0.6216904004885877 0.007413411429224359
2021-05-10 01:02:53,696 - dan.py[line:58] - INFO: Epoch 9/250
2021-05-10 01:02:53,696 - dan.py[line:59] - INFO: ----------
2021-05-10 01:04:05,104 - dan.py[line:62] - INFO: 0.41870611888207304 0.6291790964532463 0.016373685359780676
2021-05-10 01:04:05,105 - dan.py[line:58] - INFO: Epoch 10/250
2021-05-10 01:04:05,105 - dan.py[line:59] - INFO: ----------
2021-05-10 01:05:17,687 - dan.py[line:62] - INFO: 0.41713520831286877 0.6356262316091399 0.023740620151269987
2021-05-10 01:05:25,886 - dan.py[line:67] - INFO: Testing
2021-05-10 01:05:25,886 - dan.py[line:69] - INFO: 0.41130728297391594 0.6400935915060404 0.018942206701377362
2021-05-10 01:05:25,887 - dan.py[line:58] - INFO: Epoch 11/250
2021-05-10 01:05:25,887 - dan.py[line:59] - INFO: ----------
2021-05-10 01:06:37,922 - dan.py[line:62] - INFO: 0.41581662653280216 0.6412189984434126 0.029902858369648677
2021-05-10 01:06:37,922 - dan.py[line:58] - INFO: Epoch 12/250
2021-05-10 01:06:37,922 - dan.py[line:59] - INFO: ----------
2021-05-10 01:07:49,331 - dan.py[line:62] - INFO: 0.4146934819535674 0.6461065830345227 0.03513635696182826
2021-05-10 01:07:49,332 - dan.py[line:58] - INFO: Epoch 13/250
2021-05-10 01:07:49,332 - dan.py[line:59] - INFO: ----------
2021-05-10 01:09:01,093 - dan.py[line:62] - INFO: 0.41372424007208114 0.6504054623713665 0.03964133913246082
2021-05-10 01:09:01,094 - dan.py[line:58] - INFO: Epoch 14/250
2021-05-10 01:09:01,094 - dan.py[line:59] - INFO: ----------
2021-05-10 01:10:12,051 - dan.py[line:62] - INFO: 0.4128780068314804 0.65421617869104 0.04356596431036819
2021-05-10 01:10:12,052 - dan.py[line:58] - INFO: Epoch 15/250
2021-05-10 01:10:12,052 - dan.py[line:59] - INFO: ----------
2021-05-10 01:11:24,145 - dan.py[line:62] - INFO: 0.4121314133938739 0.657613120160931 0.04702181204609479
2021-05-10 01:11:32,605 - dan.py[line:67] - INFO: Testing
2021-05-10 01:11:32,605 - dan.py[line:69] - INFO: 0.4066954791222229 0.6594839336507756 0.04081918775629734
2021-05-10 01:11:32,606 - dan.py[line:58] - INFO: Epoch 16/250
2021-05-10 01:11:32,606 - dan.py[line:59] - INFO: ----------
2021-05-10 01:12:45,800 - dan.py[line:62] - INFO: 0.4114665135449795 0.6606603117237593 0.050094249159814086
2021-05-10 01:12:45,801 - dan.py[line:58] - INFO: Epoch 17/250
2021-05-10 01:12:45,801 - dan.py[line:59] - INFO: ----------
2021-05-10 01:13:59,606 - dan.py[line:62] - INFO: 0.4108693366689979 0.6634084043435928 0.05284951640958602
2021-05-10 01:13:59,606 - dan.py[line:58] - INFO: Epoch 18/250
2021-05-10 01:13:59,607 - dan.py[line:59] - INFO: ----------
2021-05-10 01:15:12,598 - dan.py[line:62] - INFO: 0.4103288743494799 0.6658992898517051 0.0553396631427816
2021-05-10 01:15:12,598 - dan.py[line:58] - INFO: Epoch 19/250
2021-05-10 01:15:12,598 - dan.py[line:59] - INFO: ----------
2021-05-10 01:16:24,961 - dan.py[line:62] - INFO: 0.4098363531926715 0.6681660408905274 0.057606069433557616
2021-05-10 01:16:24,961 - dan.py[line:58] - INFO: Epoch 20/250
2021-05-10 01:16:24,962 - dan.py[line:59] - INFO: ----------
2021-05-10 01:17:37,335 - dan.py[line:62] - INFO: 0.4093847108450435 0.6702382271126679 0.059681973550425704
2021-05-10 01:17:45,376 - dan.py[line:67] - INFO: Testing
2021-05-10 01:17:45,377 - dan.py[line:69] - INFO: 0.40411969969940503 0.6707009471448013 0.05293053156031169
2021-05-10 01:17:45,377 - dan.py[line:58] - INFO: Epoch 21/250
2021-05-10 01:17:45,377 - dan.py[line:59] - INFO: ----------
2021-05-10 01:18:58,933 - dan.py[line:62] - INFO: 0.40896820735484074 0.6721416158996012 0.061594338626690504
2021-05-10 01:18:58,934 - dan.py[line:58] - INFO: Epoch 22/250
2021-05-10 01:18:58,934 - dan.py[line:59] - INFO: ----------
2021-05-10 01:20:12,683 - dan.py[line:62] - INFO: 0.40858213876678934 0.6738958884736794 0.06336522419020396
2021-05-10 01:20:12,683 - dan.py[line:58] - INFO: Epoch 23/250
2021-05-10 01:20:12,684 - dan.py[line:59] - INFO: ----------
2021-05-10 01:21:25,909 - dan.py[line:62] - INFO: 0.4082226161384243 0.6755177447718909 0.06501284022862697
2021-05-10 01:21:25,910 - dan.py[line:58] - INFO: Epoch 24/250
2021-05-10 01:21:25,910 - dan.py[line:59] - INFO: ----------
2021-05-10 01:22:40,648 - dan.py[line:62] - INFO: 0.4078864022264487 0.6770234832787132 0.06655232494043939
2021-05-10 01:22:40,649 - dan.py[line:58] - INFO: Epoch 25/250
2021-05-10 01:22:40,649 - dan.py[line:59] - INFO: ----------
2021-05-10 01:23:53,877 - dan.py[line:62] - INFO: 0.40757078156476245 0.6784240056454685 0.06799636124672304
2021-05-10 01:24:02,079 - dan.py[line:67] - INFO: Testing
2021-05-10 01:24:02,079 - dan.py[line:69] - INFO: 0.40241297216874 0.6780008109363054 0.06091319743812518
2021-05-10 01:24:02,080 - dan.py[line:58] - INFO: Epoch 26/250
2021-05-10 01:24:02,080 - dan.py[line:59] - INFO: ----------
2021-05-10 01:25:15,271 - dan.py[line:62] - INFO: 0.4072734612999336 0.6797310505521643 0.06935564659586524
2021-05-10 01:25:15,271 - dan.py[line:58] - INFO: Epoch 27/250
2021-05-10 01:25:15,271 - dan.py[line:59] - INFO: ----------
2021-05-10 01:26:29,039 - dan.py[line:62] - INFO: 0.40699249288897016 0.6809541811953832 0.07063926310885393
2021-05-10 01:26:29,040 - dan.py[line:58] - INFO: Epoch 28/250
2021-05-10 01:26:29,040 - dan.py[line:59] - INFO: ----------
2021-05-10 01:27:41,747 - dan.py[line:62] - INFO: 0.4067262100360248 0.6821014958516349 0.07185497040454891
2021-05-10 01:27:41,748 - dan.py[line:58] - INFO: Epoch 29/250
2021-05-10 01:27:41,748 - dan.py[line:59] - INFO: ----------
2021-05-10 01:28:55,825 - dan.py[line:62] - INFO: 0.4064731800668131 0.6831812013218664 0.07300943476522204
2021-05-10 01:28:55,825 - dan.py[line:58] - INFO: Epoch 30/250
2021-05-10 01:28:55,825 - dan.py[line:59] - INFO: ----------
2021-05-10 01:30:08,850 - dan.py[line:62] - INFO: 0.4062321631593796 0.6841974704825693 0.0741084207353584
2021-05-10 01:30:16,923 - dan.py[line:67] - INFO: Testing
2021-05-10 01:30:16,923 - dan.py[line:69] - INFO: 0.40115906530979106 0.6831371844063078 0.0667564127121455
2021-05-10 01:30:16,923 - dan.py[line:58] - INFO: Epoch 31/250
2021-05-10 01:30:16,923 - dan.py[line:59] - INFO: ----------
2021-05-10 01:31:29,459 - dan.py[line:62] - INFO: 0.4060020819818488 0.6851579895490386 0.07515693395643575
2021-05-10 01:31:29,459 - dan.py[line:58] - INFO: Epoch 32/250
2021-05-10 01:31:29,459 - dan.py[line:59] - INFO: ----------
2021-05-10 01:32:42,769 - dan.py[line:62] - INFO: 0.4057819938672003 0.6860666659803973 0.07615935146010899
2021-05-10 01:32:42,770 - dan.py[line:58] - INFO: Epoch 33/250
2021-05-10 01:32:42,770 - dan.py[line:59] - INFO: ----------
2021-05-10 01:33:55,486 - dan.py[line:62] - INFO: 0.40557107187643854 0.6869282415873044 0.07711951070248224
2021-05-10 01:33:55,486 - dan.py[line:58] - INFO: Epoch 34/250
2021-05-10 01:33:55,487 - dan.py[line:59] - INFO: ----------
2021-05-10 01:35:09,961 - dan.py[line:62] - INFO: 0.40536858518639984 0.6877466334985858 0.07804080109831335
2021-05-10 01:35:09,961 - dan.py[line:58] - INFO: Epoch 35/250
2021-05-10 01:35:09,961 - dan.py[line:59] - INFO: ----------
2021-05-10 01:36:24,499 - dan.py[line:62] - INFO: 0.405173886596766 0.6885242192025611 0.07892622268423988
2021-05-10 01:36:32,625 - dan.py[line:67] - INFO: Testing
2021-05-10 01:36:32,625 - dan.py[line:69] - INFO: 0.40017625783530497 0.6869655879182646 0.07132355487930253
2021-05-10 01:36:32,626 - dan.py[line:58] - INFO: Epoch 36/250
2021-05-10 01:36:32,626 - dan.py[line:59] - INFO: ----------
2021-05-10 01:37:46,442 - dan.py[line:62] - INFO: 0.4049863998891093 0.6892659405768471 0.07977844510720944
2021-05-10 01:37:46,442 - dan.py[line:58] - INFO: Epoch 37/250
2021-05-10 01:37:46,443 - dan.py[line:59] - INFO: ----------
2021-05-10 01:38:59,384 - dan.py[line:62] - INFO: 0.40480560933541654 0.6899749132837152 0.08059985654388457
2021-05-10 01:38:59,384 - dan.py[line:58] - INFO: Epoch 38/250
2021-05-10 01:38:59,384 - dan.py[line:59] - INFO: ----------
2021-05-10 01:40:12,125 - dan.py[line:62] - INFO: 0.40463105238998825 0.6906517307312721 0.08139259792334608
2021-05-10 01:40:12,125 - dan.py[line:58] - INFO: Epoch 39/250
2021-05-10 01:40:12,125 - dan.py[line:59] - INFO: ----------
2021-05-10 01:41:26,627 - dan.py[line:62] - INFO: 0.4044623124862115 0.691299802328991 0.08215859649586876
2021-05-10 01:41:26,628 - dan.py[line:58] - INFO: Epoch 40/250
2021-05-10 01:41:26,628 - dan.py[line:59] - INFO: ----------
2021-05-10 01:42:40,645 - dan.py[line:62] - INFO: 0.40429901267227575 0.6919212129767558 0.08289959543907366
2021-05-10 01:42:48,800 - dan.py[line:67] - INFO: Testing
2021-05-10 01:42:48,800 - dan.py[line:69] - INFO: 0.3993724668297195 0.6899535224073722 0.07505047315768199
2021-05-10 01:42:48,800 - dan.py[line:58] - INFO: Epoch 41/250
2021-05-10 01:42:48,801 - dan.py[line:59] - INFO: ----------
2021-05-10 01:44:01,895 - dan.py[line:62] - INFO: 0.40414081118861916 0.6925186269175337 0.08361717452803541
2021-05-10 01:44:01,896 - dan.py[line:58] - INFO: Epoch 42/250
2021-05-10 01:44:01,896 - dan.py[line:59] - INFO: ----------
2021-05-10 01:45:16,665 - dan.py[line:62] - INFO: 0.4039873975135913 0.6930918505175172 0.08431276858645209
2021-05-10 01:45:16,665 - dan.py[line:58] - INFO: Epoch 43/250
2021-05-10 01:45:16,666 - dan.py[line:59] - INFO: ----------
2021-05-10 01:46:31,059 - dan.py[line:62] - INFO: 0.40383848740427913 0.693643946335525 0.08498769040957077
2021-05-10 01:46:31,059 - dan.py[line:58] - INFO: Epoch 44/250
2021-05-10 01:46:31,059 - dan.py[line:59] - INFO: ----------
2021-05-10 01:47:46,202 - dan.py[line:62] - INFO: 0.4036938212091706 0.6941759692482661 0.0856431387825296
2021-05-10 01:47:46,203 - dan.py[line:58] - INFO: Epoch 45/250
2021-05-10 01:47:46,203 - dan.py[line:59] - INFO: ----------
2021-05-10 01:49:00,109 - dan.py[line:62] - INFO: 0.4035531608771806 0.6946894686458651 0.08628021235785599
2021-05-10 01:49:08,840 - dan.py[line:67] - INFO: Testing
2021-05-10 01:49:08,840 - dan.py[line:69] - INFO: 0.3986952881003235 0.692372658781806 0.07818451553869332
2021-05-10 01:49:08,840 - dan.py[line:58] - INFO: Epoch 46/250
2021-05-10 01:49:08,840 - dan.py[line:59] - INFO: ----------
2021-05-10 01:50:23,097 - dan.py[line:62] - INFO: 0.4034162873997973 0.6951856786141992 0.08689992152025228
2021-05-10 01:50:23,097 - dan.py[line:58] - INFO: Epoch 47/250
2021-05-10 01:50:23,097 - dan.py[line:59] - INFO: ----------
2021-05-10 01:51:36,120 - dan.py[line:62] - INFO: 0.40328299841576476 0.6956652381128692 0.08750319947249885
2021-05-10 01:51:36,120 - dan.py[line:58] - INFO: Epoch 48/250
2021-05-10 01:51:36,120 - dan.py[line:59] - INFO: ----------
2021-05-10 01:52:49,430 - dan.py[line:62] - INFO: 0.4031531070886423 0.6961295217381295 0.08809090752497017
2021-05-10 01:52:49,431 - dan.py[line:58] - INFO: Epoch 49/250
2021-05-10 01:52:49,431 - dan.py[line:59] - INFO: ----------
2021-05-10 01:54:04,014 - dan.py[line:62] - INFO: 0.40302644145607086 0.6965789031720628 0.08866383822800761
2021-05-10 01:54:04,014 - dan.py[line:58] - INFO: Epoch 50/250
2021-05-10 01:54:04,014 - dan.py[line:59] - INFO: ----------
2021-05-10 01:55:19,567 - dan.py[line:62] - INFO: 0.40290284080654354 0.697014880839064 0.08922273192526109
2021-05-10 01:55:27,962 - dan.py[line:67] - INFO: Testing
2021-05-10 01:55:27,962 - dan.py[line:69] - INFO: 0.39811210267811253 0.6943888634113652 0.08087928617304252
2021-05-10 01:55:27,962 - dan.py[line:58] - INFO: Epoch 51/250
2021-05-10 01:55:27,962 - dan.py[line:59] - INFO: ----------
2021-05-10 01:56:41,100 - dan.py[line:62] - INFO: 0.40278215608104645 0.6974385750661479 0.0897682750751666
2021-05-10 01:56:41,100 - dan.py[line:58] - INFO: Epoch 52/250
2021-05-10 01:56:41,100 - dan.py[line:59] - INFO: ----------
2021-05-10 01:57:55,597 - dan.py[line:62] - INFO: 0.40266424904661285 0.6978500760173025 0.09030110411608105
2021-05-10 01:57:55,597 - dan.py[line:58] - INFO: Epoch 53/250
2021-05-10 01:57:55,597 - dan.py[line:59] - INFO: ----------
2021-05-10 01:59:09,143 - dan.py[line:62] - INFO: 0.402548990476456 0.6982499128290744 0.09082181380436283
2021-05-10 01:59:09,144 - dan.py[line:58] - INFO: Epoch 54/250
2021-05-10 01:59:09,144 - dan.py[line:59] - INFO: ----------
2021-05-10 02:00:23,553 - dan.py[line:62] - INFO: 0.40243626023433904 0.6986397517471533 0.09133095693235604
2021-05-10 02:00:23,553 - dan.py[line:58] - INFO: Epoch 55/250
2021-05-10 02:00:23,553 - dan.py[line:59] - INFO: ----------
2021-05-10 02:01:37,945 - dan.py[line:62] - INFO: 0.4023259452713459 0.6990195858988576 0.0918290534659163
2021-05-10 02:01:46,232 - dan.py[line:67] - INFO: Testing
2021-05-10 02:01:46,232 - dan.py[line:69] - INFO: 0.39760119561187346 0.6961072276864179 0.08323683294991568
2021-05-10 02:01:46,232 - dan.py[line:58] - INFO: Epoch 56/250
2021-05-10 02:01:46,232 - dan.py[line:59] - INFO: ----------
2021-05-10 02:03:02,483 - dan.py[line:62] - INFO: 0.40221794048838844 0.6993897705858427 0.09231658672780585
2021-05-10 02:03:02,484 - dan.py[line:58] - INFO: Epoch 57/250
2021-05-10 02:03:02,484 - dan.py[line:59] - INFO: ----------
2021-05-10 02:04:17,054 - dan.py[line:62] - INFO: 0.40211214666700806 0.6997508420970387 0.09279401281145461
2021-05-10 02:04:17,054 - dan.py[line:58] - INFO: Epoch 58/250
2021-05-10 02:04:17,055 - dan.py[line:59] - INFO: ----------
2021-05-10 02:05:30,945 - dan.py[line:62] - INFO: 0.4020084716856265 0.7001035284172472 0.09326175515523993
2021-05-10 02:05:30,945 - dan.py[line:58] - INFO: Epoch 59/250
2021-05-10 02:05:30,945 - dan.py[line:59] - INFO: ----------
2021-05-10 02:06:46,458 - dan.py[line:62] - INFO: 0.40190682763239927 0.7004477469144594 0.09372021762776839
2021-05-10 02:06:46,458 - dan.py[line:58] - INFO: Epoch 60/250
2021-05-10 02:06:46,458 - dan.py[line:59] - INFO: ----------
2021-05-10 02:07:56,146 - dan.py[line:62] - INFO: 0.401807133629277 0.7007842779177379 0.09416977183977848
2021-05-10 02:08:03,903 - dan.py[line:67] - INFO: Testing
2021-05-10 02:08:03,903 - dan.py[line:69] - INFO: 0.39714738200426214 0.6976030135103967 0.08532838687554078
2021-05-10 02:08:03,903 - dan.py[line:58] - INFO: Epoch 61/250
2021-05-10 02:08:03,903 - dan.py[line:59] - INFO: ----------
2021-05-10 02:09:12,049 - dan.py[line:62] - INFO: 0.40170931214816596 0.7011134619045237 0.09461077380793237
2021-05-10 02:09:12,049 - dan.py[line:58] - INFO: Epoch 62/250
2021-05-10 02:09:12,050 - dan.py[line:59] - INFO: ----------
2021-05-10 02:10:22,407 - dan.py[line:62] - INFO: 0.4016132905677995 0.7014358110094674 0.09504355697398947
2021-05-10 02:10:22,408 - dan.py[line:58] - INFO: Epoch 63/250
2021-05-10 02:10:22,408 - dan.py[line:59] - INFO: ----------
2021-05-10 02:11:33,511 - dan.py[line:62] - INFO: 0.4015190004251924 0.7017513915219807 0.09546843561932816
2021-05-10 02:11:33,512 - dan.py[line:58] - INFO: Epoch 64/250
2021-05-10 02:11:33,512 - dan.py[line:59] - INFO: ----------
2021-05-10 02:12:43,932 - dan.py[line:62] - INFO: 0.4014263774827474 0.7020604537555162 0.09588570459864865
2021-05-10 02:12:43,932 - dan.py[line:58] - INFO: Epoch 65/250
2021-05-10 02:12:43,932 - dan.py[line:59] - INFO: ----------
2021-05-10 02:13:51,048 - dan.py[line:62] - INFO: 0.4013353601462609 0.7023632456260788 0.09629564649907962
2021-05-10 02:13:58,877 - dan.py[line:67] - INFO: Testing
2021-05-10 02:13:58,877 - dan.py[line:69] - INFO: 0.39673964253896987 0.6989293748517865 0.08720555532308716
2021-05-10 02:13:58,878 - dan.py[line:58] - INFO: Epoch 66/250
2021-05-10 02:13:58,878 - dan.py[line:59] - INFO: ----------
2021-05-10 02:15:08,829 - dan.py[line:62] - INFO: 0.4012458908525219 0.7026606028237801 0.09669852541759583
2021-05-10 02:15:08,829 - dan.py[line:58] - INFO: Epoch 67/250
2021-05-10 02:15:08,830 - dan.py[line:59] - INFO: ----------
2021-05-10 02:16:19,874 - dan.py[line:62] - INFO: 0.4011579148233199 0.7029523307957904 0.09709459260062692
2021-05-10 02:16:19,874 - dan.py[line:58] - INFO: Epoch 68/250
2021-05-10 02:16:19,874 - dan.py[line:59] - INFO: ----------
2021-05-10 02:17:29,852 - dan.py[line:62] - INFO: 0.40107138094369194 0.7032388645189227 0.09748408251482488
2021-05-10 02:17:29,852 - dan.py[line:58] - INFO: Epoch 69/250
2021-05-10 02:17:29,852 - dan.py[line:59] - INFO: ----------
2021-05-10 02:18:37,159 - dan.py[line:62] - INFO: 0.4009862392509923 0.7035198275740087 0.09786722417167526
2021-05-10 02:18:37,160 - dan.py[line:58] - INFO: Epoch 70/250
2021-05-10 02:18:37,160 - dan.py[line:59] - INFO: ----------
2021-05-10 02:19:42,921 - dan.py[line:62] - INFO: 0.40090244362416166 0.703796330278721 0.09824422904301944
2021-05-10 02:19:50,498 - dan.py[line:67] - INFO: Testing
2021-05-10 02:19:50,498 - dan.py[line:69] - INFO: 0.3963697551225441 0.700120420085572 0.08890679085849662
2021-05-10 02:19:50,498 - dan.py[line:58] - INFO: Epoch 71/250
2021-05-10 02:19:50,498 - dan.py[line:59] - INFO: ----------
2021-05-10 02:20:59,593 - dan.py[line:62] - INFO: 0.40081994997329684 0.704068162317016 0.09861529922927825
2021-05-10 02:20:59,593 - dan.py[line:58] - INFO: Epoch 72/250
2021-05-10 02:20:59,593 - dan.py[line:59] - INFO: ----------
2021-05-10 02:22:22,636 - dan.py[line:62] - INFO: 0.4007387161246371 0.7043346619335668 0.09898062799275043
2021-05-10 02:22:22,637 - dan.py[line:58] - INFO: Epoch 73/250
2021-05-10 02:22:22,637 - dan.py[line:59] - INFO: ----------
2021-05-10 02:23:35,730 - dan.py[line:62] - INFO: 0.40065870207065735 0.7045971892400519 0.09934039864815425
2021-05-10 02:23:35,731 - dan.py[line:58] - INFO: Epoch 74/250
2021-05-10 02:23:35,731 - dan.py[line:59] - INFO: ----------
2021-05-10 02:24:46,303 - dan.py[line:62] - INFO: 0.40057986998055206 0.7048552964333163 0.09969478453094627
2021-05-10 02:24:46,303 - dan.py[line:58] - INFO: Epoch 75/250
2021-05-10 02:24:46,303 - dan.py[line:59] - INFO: ----------
2021-05-10 02:25:54,653 - dan.py[line:62] - INFO: 0.4005021840100043 0.7051091286987594 0.10004394986712084
2021-05-10 02:26:02,375 - dan.py[line:67] - INFO: Testing
2021-05-10 02:26:02,375 - dan.py[line:69] - INFO: 0.3960314449561184 0.7012046581441123 0.09046140268167069
2021-05-10 02:26:02,375 - dan.py[line:58] - INFO: Epoch 76/250
2021-05-10 02:26:02,375 - dan.py[line:59] - INFO: ----------
2021-05-10 02:27:09,167 - dan.py[line:62] - INFO: 0.40042560889714973 0.705359656682783 0.10038805609540669
2021-05-10 02:27:09,168 - dan.py[line:58] - INFO: Epoch 77/250
2021-05-10 02:27:09,168 - dan.py[line:59] - INFO: ----------
2021-05-10 02:28:16,208 - dan.py[line:62] - INFO: 0.40035011222614275 0.705606061577299 0.10072725170535546
2021-05-10 02:28:16,208 - dan.py[line:58] - INFO: Epoch 78/250
2021-05-10 02:28:16,208 - dan.py[line:59] - INFO: ----------
2021-05-10 02:29:21,643 - dan.py[line:62] - INFO: 0.40027566275875615 0.7058488761949395 0.10106167974733804
2021-05-10 02:29:21,644 - dan.py[line:58] - INFO: Epoch 79/250
2021-05-10 02:29:21,644 - dan.py[line:59] - INFO: ----------
2021-05-10 02:30:27,749 - dan.py[line:62] - INFO: 0.40020223015178236 0.7060881204345149 0.1013914791103454
2021-05-10 02:30:27,749 - dan.py[line:58] - INFO: Epoch 80/250
2021-05-10 02:30:27,749 - dan.py[line:59] - INFO: ----------
2021-05-10 02:31:35,861 - dan.py[line:62] - INFO: 0.40012978633527563 0.7063236148870693 0.10171677834099324
2021-05-10 02:31:42,761 - dan.py[line:67] - INFO: Testing
2021-05-10 02:31:42,762 - dan.py[line:69] - INFO: 0.3957198306354461 0.7021962133102728 0.0918921665780148
2021-05-10 02:31:42,762 - dan.py[line:58] - INFO: Epoch 81/250
2021-05-10 02:31:42,762 - dan.py[line:59] - INFO: ----------
2021-05-10 02:32:47,450 - dan.py[line:62] - INFO: 0.4000583036148315 0.7065560861388946 0.10203770417521463
2021-05-10 02:32:47,451 - dan.py[line:58] - INFO: Epoch 82/250
2021-05-10 02:32:47,451 - dan.py[line:59] - INFO: ----------
2021-05-10 02:33:54,781 - dan.py[line:62] - INFO: 0.3999877559239125 0.7067852344691493 0.10235437592192165
2021-05-10 02:33:54,781 - dan.py[line:58] - INFO: Epoch 83/250
2021-05-10 02:33:54,781 - dan.py[line:59] - INFO: ----------
2021-05-10 02:35:04,124 - dan.py[line:62] - INFO: 0.3999181179983827 0.7070114989902426 0.10266690917665444
2021-05-10 02:35:04,125 - dan.py[line:58] - INFO: Epoch 84/250
2021-05-10 02:35:04,125 - dan.py[line:59] - INFO: ----------
2021-05-10 02:36:10,752 - dan.py[line:62] - INFO: 0.39984936618822364 0.7072342074180599 0.10297541218535833
2021-05-10 02:36:10,752 - dan.py[line:58] - INFO: Epoch 85/250
2021-05-10 02:36:10,752 - dan.py[line:59] - INFO: ----------
2021-05-10 02:37:22,091 - dan.py[line:62] - INFO: 0.39978147718952184 0.7074541393424505 0.1032799915414413
2021-05-10 02:37:30,206 - dan.py[line:67] - INFO: Testing
2021-05-10 02:37:30,206 - dan.py[line:69] - INFO: 0.3954310560208854 0.7031149968705908 0.09321705750160725
2021-05-10 02:37:30,206 - dan.py[line:58] - INFO: Epoch 86/250
2021-05-10 02:37:30,206 - dan.py[line:59] - INFO: ----------
2021-05-10 02:38:37,446 - dan.py[line:62] - INFO: 0.3997144292389501 0.7076714294400037 0.1035807468317923
2021-05-10 02:38:37,446 - dan.py[line:58] - INFO: Epoch 87/250
2021-05-10 02:38:37,446 - dan.py[line:59] - INFO: ----------
2021-05-10 02:39:54,942 - dan.py[line:62] - INFO: 0.39964820104375315 0.7078859041155731 0.10387777544327126
2021-05-10 02:39:54,943 - dan.py[line:58] - INFO: Epoch 88/250
2021-05-10 02:39:54,943 - dan.py[line:59] - INFO: ----------
2021-05-10 02:41:11,552 - dan.py[line:62] - INFO: 0.39958277257803415 0.7080975305640911 0.10417116899605594
2021-05-10 02:41:11,552 - dan.py[line:58] - INFO: Epoch 89/250
2021-05-10 02:41:11,552 - dan.py[line:59] - INFO: ----------
2021-05-10 02:42:24,865 - dan.py[line:62] - INFO: 0.39951812366396056 0.7083069949349087 0.10446101971076083
2021-05-10 02:42:24,866 - dan.py[line:58] - INFO: Epoch 90/250
2021-05-10 02:42:24,866 - dan.py[line:59] - INFO: ----------
2021-05-10 02:43:32,808 - dan.py[line:62] - INFO: 0.3994542361546954 0.7085134138287174 0.10474741062494286
2021-05-10 02:43:40,369 - dan.py[line:67] - INFO: Testing
2021-05-10 02:43:40,369 - dan.py[line:69] - INFO: 0.39516202852402055 0.7039672832794427 0.0944504788892856
2021-05-10 02:43:40,370 - dan.py[line:58] - INFO: Epoch 91/250
2021-05-10 02:43:40,370 - dan.py[line:59] - INFO: ----------
2021-05-10 02:44:47,294 - dan.py[line:62] - INFO: 0.3993910916849391 0.7087177354158537 0.10503042568336896
2021-05-10 02:44:47,295 - dan.py[line:58] - INFO: Epoch 92/250
2021-05-10 02:44:47,295 - dan.py[line:59] - INFO: ----------
2021-05-10 02:45:59,149 - dan.py[line:62] - INFO: 0.3993286734328915 0.708919176450361 0.10531014184348364
2021-05-10 02:45:59,149 - dan.py[line:58] - INFO: Epoch 93/250
2021-05-10 02:45:59,149 - dan.py[line:59] - INFO: ----------
2021-05-10 02:47:13,738 - dan.py[line:62] - INFO: 0.3992669642457419 0.7091180161549074 0.10558663748059072
2021-05-10 02:47:13,739 - dan.py[line:58] - INFO: Epoch 94/250
2021-05-10 02:47:13,739 - dan.py[line:59] - INFO: ----------
2021-05-10 02:48:26,998 - dan.py[line:62] - INFO: 0.3992059479154626 0.7093148141535744 0.10585998667303897
2021-05-10 02:48:26,998 - dan.py[line:58] - INFO: Epoch 95/250
2021-05-10 02:48:26,998 - dan.py[line:59] - INFO: ----------
2021-05-10 02:49:41,148 - dan.py[line:62] - INFO: 0.39914560940661475 0.7095093519190623 0.1061302581864465
2021-05-10 02:49:49,198 - dan.py[line:67] - INFO: Testing
2021-05-10 02:49:49,198 - dan.py[line:69] - INFO: 0.3949102368699516 0.7047626613786424 0.0956041179183188
2021-05-10 02:49:49,198 - dan.py[line:58] - INFO: Epoch 96/250
2021-05-10 02:49:49,198 - dan.py[line:59] - INFO: ----------
2021-05-10 02:51:04,667 - dan.py[line:62] - INFO: 0.3990859335101136 0.7097018214069657 0.10639752150764192
2021-05-10 02:51:04,668 - dan.py[line:58] - INFO: Epoch 97/250
2021-05-10 02:51:04,668 - dan.py[line:59] - INFO: ----------
2021-05-10 02:52:18,676 - dan.py[line:62] - INFO: 0.3990269057372227 0.709891875506907 0.10666184284228719
2021-05-10 02:52:18,677 - dan.py[line:58] - INFO: Epoch 98/250
2021-05-10 02:52:18,677 - dan.py[line:59] - INFO: ----------
2021-05-10 02:53:32,858 - dan.py[line:62] - INFO: 0.39896851210220263 0.7100799551493594 0.1069232860914211
2021-05-10 02:53:32,859 - dan.py[line:58] - INFO: Epoch 99/250
2021-05-10 02:53:32,859 - dan.py[line:59] - INFO: ----------
2021-05-10 02:54:46,885 - dan.py[line:62] - INFO: 0.39891073959395545 0.710266466302026 0.10718191074291883
2021-05-10 02:54:46,886 - dan.py[line:58] - INFO: Epoch 100/250
2021-05-10 02:54:46,886 - dan.py[line:59] - INFO: ----------
2021-05-10 02:56:01,703 - dan.py[line:62] - INFO: 0.3988535749988106 0.7104508295818657 0.10743777714438729
2021-05-10 02:56:09,771 - dan.py[line:67] - INFO: Testing
2021-05-10 02:56:09,771 - dan.py[line:69] - INFO: 0.394673620099352 0.7055104755912648 0.0966875596914567
2021-05-10 02:56:09,772 - dan.py[line:58] - INFO: Epoch 101/250
2021-05-10 02:56:09,772 - dan.py[line:59] - INFO: ----------
2021-05-10 02:57:24,827 - dan.py[line:62] - INFO: 0.3987970055720351 0.7106332006830867 0.10769094349840946
2021-05-10 02:57:24,827 - dan.py[line:58] - INFO: Epoch 102/250
2021-05-10 02:57:24,827 - dan.py[line:59] - INFO: ----------
2021-05-10 02:58:38,340 - dan.py[line:62] - INFO: 0.39874101952537866 0.7108136203822678 0.10794146368344837
2021-05-10 02:58:38,340 - dan.py[line:58] - INFO: Epoch 103/250
2021-05-10 02:58:38,340 - dan.py[line:59] - INFO: ----------
2021-05-10 02:59:51,303 - dan.py[line:62] - INFO: 0.3986856052207703 0.7109921787435041 0.10818939086486556
2021-05-10 02:59:51,303 - dan.py[line:58] - INFO: Epoch 104/250
2021-05-10 02:59:51,303 - dan.py[line:59] - INFO: ----------
2021-05-10 03:01:05,446 - dan.py[line:62] - INFO: 0.39863075081989735 0.7111690424293239 0.1084347790636293
2021-05-10 03:01:05,447 - dan.py[line:58] - INFO: Epoch 105/250
2021-05-10 03:01:05,447 - dan.py[line:59] - INFO: ----------
2021-05-10 03:02:17,681 - dan.py[line:62] - INFO: 0.3985764457008044 0.7113442035081733 0.10867767682066376
2021-05-10 03:02:26,344 - dan.py[line:67] - INFO: Testing
2021-05-10 03:02:26,344 - dan.py[line:69] - INFO: 0.39445046656935295 0.7062171570770338 0.09770875980350391
2021-05-10 03:02:26,344 - dan.py[line:58] - INFO: Epoch 106/250
2021-05-10 03:02:26,344 - dan.py[line:59] - INFO: ----------
2021-05-10 03:03:40,449 - dan.py[line:62] - INFO: 0.39852267919956375 0.7115169414672938 0.10891813282841023
2021-05-10 03:03:40,449 - dan.py[line:58] - INFO: Epoch 107/250
2021-05-10 03:03:40,449 - dan.py[line:59] - INFO: ----------
2021-05-10 03:04:53,547 - dan.py[line:62] - INFO: 0.39846944062309964 0.7116880166969801 0.10915619587400838
2021-05-10 03:04:53,548 - dan.py[line:58] - INFO: Epoch 108/250
2021-05-10 03:04:53,548 - dan.py[line:59] - INFO: ----------
2021-05-10 03:06:06,264 - dan.py[line:62] - INFO: 0.39841672058859007 0.7118578068950387 0.10939190885173677
2021-05-10 03:06:06,265 - dan.py[line:58] - INFO: Epoch 109/250
2021-05-10 03:06:06,265 - dan.py[line:59] - INFO: ----------
2021-05-10 03:07:19,578 - dan.py[line:62] - INFO: 0.3983645090049341 0.7120254983079992 0.10962531779062257
2021-05-10 03:07:19,579 - dan.py[line:58] - INFO: Epoch 110/250
2021-05-10 03:07:19,579 - dan.py[line:59] - INFO: ----------
2021-05-10 03:08:32,577 - dan.py[line:62] - INFO: 0.3983127966576844 0.7121917227430784 0.1098564647689596
2021-05-10 03:08:40,590 - dan.py[line:67] - INFO: Testing
2021-05-10 03:08:40,590 - dan.py[line:69] - INFO: 0.3942393428860597 0.7068834231442767 0.09867437696645842
2021-05-10 03:08:40,590 - dan.py[line:58] - INFO: Epoch 111/250
2021-05-10 03:08:40,591 - dan.py[line:59] - INFO: ----------
2021-05-10 03:09:53,653 - dan.py[line:62] - INFO: 0.398261573953804 0.7123566989872998 0.11008539352707492
2021-05-10 03:09:53,654 - dan.py[line:58] - INFO: Epoch 112/250
2021-05-10 03:09:53,654 - dan.py[line:59] - INFO: ----------
2021-05-10 03:11:05,757 - dan.py[line:62] - INFO: 0.3982108326125662 0.712519947351463 0.11031214191110206
2021-05-10 03:11:05,758 - dan.py[line:58] - INFO: Epoch 113/250
2021-05-10 03:11:05,758 - dan.py[line:59] - INFO: ----------
2021-05-10 03:12:19,027 - dan.py[line:62] - INFO: 0.3981605639557394 0.7126817216253187 0.11053674951641979
2021-05-10 03:12:19,028 - dan.py[line:58] - INFO: Epoch 114/250
2021-05-10 03:12:19,028 - dan.py[line:59] - INFO: ----------
2021-05-10 03:13:31,445 - dan.py[line:62] - INFO: 0.3981107593189407 0.712841849772061 0.11075925584934743
2021-05-10 03:13:31,445 - dan.py[line:58] - INFO: Epoch 115/250
2021-05-10 03:13:31,445 - dan.py[line:59] - INFO: ----------
2021-05-10 03:14:43,728 - dan.py[line:62] - INFO: 0.3980614108835583 0.7130005632652043 0.11097969661164664
2021-05-10 03:14:51,681 - dan.py[line:67] - INFO: Testing
2021-05-10 03:14:51,682 - dan.py[line:69] - INFO: 0.39403903618128866 0.7075151200812102 0.0995900425568752
2021-05-10 03:14:51,682 - dan.py[line:58] - INFO: Epoch 116/250
2021-05-10 03:14:51,682 - dan.py[line:59] - INFO: ----------
2021-05-10 03:16:05,239 - dan.py[line:62] - INFO: 0.3980125105742791 0.7131581891964432 0.11119810862715385
2021-05-10 03:16:05,240 - dan.py[line:58] - INFO: Epoch 117/250
2021-05-10 03:16:05,240 - dan.py[line:59] - INFO: ----------
2021-05-10 03:17:19,211 - dan.py[line:62] - INFO: 0.39796405074298663 0.7133140746210694 0.1114145267874258
2021-05-10 03:17:19,212 - dan.py[line:58] - INFO: Epoch 118/250
2021-05-10 03:17:19,212 - dan.py[line:59] - INFO: ----------
2021-05-10 03:18:31,353 - dan.py[line:62] - INFO: 0.3979160236839453 0.7134685717640142 0.11162898621805162
2021-05-10 03:18:31,353 - dan.py[line:58] - INFO: Epoch 119/250
2021-05-10 03:18:31,353 - dan.py[line:59] - INFO: ----------
2021-05-10 03:19:44,112 - dan.py[line:62] - INFO: 0.3978684226902456 0.7136214956222791 0.11184151756228589
2021-05-10 03:19:44,113 - dan.py[line:58] - INFO: Epoch 120/250
2021-05-10 03:19:44,113 - dan.py[line:59] - INFO: ----------
2021-05-10 03:20:58,708 - dan.py[line:62] - INFO: 0.3978212402825732 0.7137733300606183 0.11205215489093501
2021-05-10 03:21:07,026 - dan.py[line:67] - INFO: Testing
2021-05-10 03:21:07,026 - dan.py[line:69] - INFO: 0.39384851283035427 0.7081120946494197 0.10046055351323269
2021-05-10 03:21:07,026 - dan.py[line:58] - INFO: Epoch 121/250
2021-05-10 03:21:07,026 - dan.py[line:59] - INFO: ----------
2021-05-10 03:22:20,371 - dan.py[line:62] - INFO: 0.3977744696363403 0.7139235132772691 0.1122609293306055
2021-05-10 03:22:20,371 - dan.py[line:58] - INFO: Epoch 122/250
2021-05-10 03:22:20,371 - dan.py[line:59] - INFO: ----------
2021-05-10 03:23:34,190 - dan.py[line:62] - INFO: 0.3977281041662163 0.7140727475843711 0.1124678709199981
2021-05-10 03:23:34,191 - dan.py[line:58] - INFO: Epoch 123/250
2021-05-10 03:23:34,191 - dan.py[line:59] - INFO: ----------
2021-05-10 03:24:47,243 - dan.py[line:62] - INFO: 0.39768213732519536 0.7142202713329697 0.11267300950749859
2021-05-10 03:24:47,244 - dan.py[line:58] - INFO: Epoch 124/250
2021-05-10 03:24:47,244 - dan.py[line:59] - INFO: ----------
2021-05-10 03:26:00,660 - dan.py[line:62] - INFO: 0.39763656234185846 0.7143670139133994 0.11287637592390354
2021-05-10 03:26:00,660 - dan.py[line:58] - INFO: Epoch 125/250
2021-05-10 03:26:00,660 - dan.py[line:59] - INFO: ----------
2021-05-10 03:27:13,716 - dan.py[line:62] - INFO: 0.39759137358166413 0.7145123150088013 0.11307799590877765
2021-05-10 03:27:21,921 - dan.py[line:67] - INFO: Testing
2021-05-10 03:27:21,922 - dan.py[line:69] - INFO: 0.3936668871847795 0.7086849643295813 0.1012900184250235
2021-05-10 03:27:21,922 - dan.py[line:58] - INFO: Epoch 126/250
2021-05-10 03:27:21,922 - dan.py[line:59] - INFO: ----------
2021-05-10 03:28:35,092 - dan.py[line:62] - INFO: 0.39754656454037357 0.7146564931999335 0.11327789906488217
2021-05-10 03:28:35,093 - dan.py[line:58] - INFO: Epoch 127/250
2021-05-10 03:28:35,093 - dan.py[line:59] - INFO: ----------
2021-05-10 03:29:47,174 - dan.py[line:62] - INFO: 0.3975021296472094 0.7147994678726385 0.11347611081330644
2021-05-10 03:29:47,175 - dan.py[line:58] - INFO: Epoch 128/250
2021-05-10 03:29:47,175 - dan.py[line:59] - INFO: ----------
2021-05-10 03:30:59,891 - dan.py[line:62] - INFO: 0.3974580627837456 0.7149412509542151 0.11367265900177159
2021-05-10 03:30:59,891 - dan.py[line:58] - INFO: Epoch 129/250
2021-05-10 03:30:59,891 - dan.py[line:59] - INFO: ----------
2021-05-10 03:32:11,977 - dan.py[line:62] - INFO: 0.3974143586397065 0.7150817958143181 0.11386756785734886
2021-05-10 03:32:11,977 - dan.py[line:58] - INFO: Epoch 130/250
2021-05-10 03:32:11,978 - dan.py[line:59] - INFO: ----------
2021-05-10 03:33:24,761 - dan.py[line:62] - INFO: 0.39737101167564937 0.7152212743499021 0.11406086261407533
2021-05-10 03:33:32,394 - dan.py[line:67] - INFO: Testing
2021-05-10 03:33:32,394 - dan.py[line:69] - INFO: 0.3934933907890337 0.7092343119130424 0.10208200062425365
2021-05-10 03:33:32,394 - dan.py[line:58] - INFO: Epoch 131/250
2021-05-10 03:33:32,394 - dan.py[line:59] - INFO: ----------
2021-05-10 03:34:40,042 - dan.py[line:62] - INFO: 0.3973280163484305 0.7153596533563252 0.11425256850737331
2021-05-10 03:34:40,042 - dan.py[line:58] - INFO: Epoch 132/250
2021-05-10 03:34:40,042 - dan.py[line:59] - INFO: ----------
2021-05-10 03:35:46,499 - dan.py[line:62] - INFO: 0.397285367454999 0.7154968380744923 0.11444270924161282
2021-05-10 03:35:46,500 - dan.py[line:58] - INFO: Epoch 133/250
2021-05-10 03:35:46,500 - dan.py[line:59] - INFO: ----------
2021-05-10 03:36:52,340 - dan.py[line:62] - INFO: 0.39724306009781524 0.7156329581663319 0.11463130714528524
2021-05-10 03:36:52,340 - dan.py[line:58] - INFO: Epoch 134/250
2021-05-10 03:36:52,341 - dan.py[line:59] - INFO: ----------
2021-05-10 03:37:57,134 - dan.py[line:62] - INFO: 0.39720108932186243 0.7157681752797125 0.114818384789799
2021-05-10 03:37:57,134 - dan.py[line:58] - INFO: Epoch 135/250
2021-05-10 03:37:57,134 - dan.py[line:59] - INFO: ----------
2021-05-10 03:39:02,857 - dan.py[line:62] - INFO: 0.3971594498523396 0.7159021528130662 0.1150039661585357
2021-05-10 03:39:11,863 - dan.py[line:67] - INFO: Testing
2021-05-10 03:39:11,863 - dan.py[line:69] - INFO: 0.39332735752736997 0.7097617626977433 0.10283958794248049
2021-05-10 03:39:11,864 - dan.py[line:58] - INFO: Epoch 136/250
2021-05-10 03:39:11,864 - dan.py[line:59] - INFO: ----------
2021-05-10 03:40:26,577 - dan.py[line:62] - INFO: 0.3971181371043548 0.7160352251503226 0.11518807214693527
2021-05-10 03:40:26,577 - dan.py[line:58] - INFO: Epoch 137/250
2021-05-10 03:40:26,577 - dan.py[line:59] - INFO: ----------
2021-05-10 03:41:39,015 - dan.py[line:62] - INFO: 0.3970771464337037 0.7161673251629636 0.11537072390258729
2021-05-10 03:41:39,016 - dan.py[line:58] - INFO: Epoch 138/250
2021-05-10 03:41:39,016 - dan.py[line:59] - INFO: ----------
2021-05-10 03:42:48,027 - dan.py[line:62] - INFO: 0.3970364733471321 0.7162984261194546 0.11555194188849005
2021-05-10 03:42:48,028 - dan.py[line:58] - INFO: Epoch 139/250
2021-05-10 03:42:48,028 - dan.py[line:59] - INFO: ----------
2021-05-10 03:43:55,064 - dan.py[line:62] - INFO: 0.39699611329187495 0.7164284658260228 0.11573174682112042
2021-05-10 03:43:55,065 - dan.py[line:58] - INFO: Epoch 140/250
2021-05-10 03:43:55,065 - dan.py[line:59] - INFO: ----------
2021-05-10 03:45:02,351 - dan.py[line:62] - INFO: 0.3969560619433746 0.7165574457810728 0.11591015838886165
2021-05-10 03:45:09,768 - dan.py[line:67] - INFO: Testing
2021-05-10 03:45:09,768 - dan.py[line:69] - INFO: 0.3931682013761432 0.710264000216087 0.10356549579742158
2021-05-10 03:45:09,768 - dan.py[line:58] - INFO: Epoch 141/250
2021-05-10 03:45:09,768 - dan.py[line:59] - INFO: ----------
2021-05-10 03:46:18,952 - dan.py[line:62] - INFO: 0.3969163149990678 0.7166850405911014 0.11608719617112329
2021-05-10 03:46:18,952 - dan.py[line:58] - INFO: Epoch 142/250
2021-05-10 03:46:18,952 - dan.py[line:59] - INFO: ----------
2021-05-10 03:47:28,034 - dan.py[line:62] - INFO: 0.3968768684068576 0.7168120000177212 0.11626287862105011
2021-05-10 03:47:28,035 - dan.py[line:58] - INFO: Epoch 143/250
2021-05-10 03:47:28,035 - dan.py[line:59] - INFO: ----------
2021-05-10 03:48:34,489 - dan.py[line:62] - INFO: 0.39683771784986566 0.7169378119662386 0.11643722536062273
2021-05-10 03:48:34,489 - dan.py[line:58] - INFO: Epoch 144/250
2021-05-10 03:48:34,489 - dan.py[line:59] - INFO: ----------
2021-05-10 03:49:39,931 - dan.py[line:62] - INFO: 0.39679885935247683 0.7170632027832003 0.11661025448175566
2021-05-10 03:49:39,932 - dan.py[line:58] - INFO: Epoch 145/250
2021-05-10 03:49:39,932 - dan.py[line:59] - INFO: ----------
2021-05-10 03:50:49,819 - dan.py[line:62] - INFO: 0.3967602891462488 0.717187320595727 0.11678198314416688
2021-05-10 03:50:57,409 - dan.py[line:67] - INFO: Testing
2021-05-10 03:50:57,409 - dan.py[line:69] - INFO: 0.3930154078518988 0.7107454503540592 0.10426210743622522
2021-05-10 03:50:57,409 - dan.py[line:58] - INFO: Epoch 146/250
2021-05-10 03:50:57,409 - dan.py[line:59] - INFO: ----------
2021-05-10 03:52:04,684 - dan.py[line:62] - INFO: 0.39672200330746016 0.7173108280981455 0.11695242918948623
2021-05-10 03:52:04,684 - dan.py[line:58] - INFO: Epoch 147/250
2021-05-10 03:52:04,684 - dan.py[line:59] - INFO: ----------
2021-05-10 03:53:12,094 - dan.py[line:62] - INFO: 0.3966839981220994 0.7174333856321428 0.11712160951637407
2021-05-10 03:53:12,094 - dan.py[line:58] - INFO: Epoch 148/250
2021-05-10 03:53:12,094 - dan.py[line:59] - INFO: ----------
2021-05-10 03:54:22,487 - dan.py[line:62] - INFO: 0.3966462696000472 0.7175549722600142 0.11728954224340005
2021-05-10 03:54:22,487 - dan.py[line:58] - INFO: Epoch 149/250
2021-05-10 03:54:22,487 - dan.py[line:59] - INFO: ----------
2021-05-10 03:55:30,573 - dan.py[line:62] - INFO: 0.3966088148044916 0.7176755514806281 0.11745624079208228
2021-05-10 03:55:30,576 - dan.py[line:58] - INFO: Epoch 150/250
2021-05-10 03:55:30,576 - dan.py[line:59] - INFO: ----------
2021-05-10 03:56:36,503 - dan.py[line:62] - INFO: 0.39657162932083856 0.7177952167944204 0.11762172515264147
2021-05-10 03:56:43,819 - dan.py[line:67] - INFO: Testing
2021-05-10 03:56:43,819 - dan.py[line:69] - INFO: 0.392868520528986 0.7112105802541423 0.10493153642648545
2021-05-10 03:56:43,820 - dan.py[line:58] - INFO: Epoch 151/250
2021-05-10 03:56:43,820 - dan.py[line:59] - INFO: ----------
2021-05-10 03:57:58,087 - dan.py[line:62] - INFO: 0.39653471054145295 0.7179140409039733 0.11778600726518285
2021-05-10 03:57:58,088 - dan.py[line:58] - INFO: Epoch 152/250
2021-05-10 03:57:58,088 - dan.py[line:59] - INFO: ----------
2021-05-10 03:59:06,459 - dan.py[line:62] - INFO: 0.39649805445966874 0.7180319683683232 0.11794910528765856
2021-05-10 03:59:06,460 - dan.py[line:58] - INFO: Epoch 153/250
2021-05-10 03:59:06,460 - dan.py[line:59] - INFO: ----------
2021-05-10 04:00:11,321 - dan.py[line:62] - INFO: 0.3964616576775155 0.7181492136790679 0.11811103466111805
2021-05-10 04:00:11,322 - dan.py[line:58] - INFO: Epoch 154/250
2021-05-10 04:00:11,322 - dan.py[line:59] - INFO: ----------
2021-05-10 04:01:17,913 - dan.py[line:62] - INFO: 0.3964255172003019 0.7182656756439623 0.1182718090248317
2021-05-10 04:01:17,913 - dan.py[line:58] - INFO: Epoch 155/250
2021-05-10 04:01:17,913 - dan.py[line:59] - INFO: ----------
2021-05-10 04:02:28,976 - dan.py[line:62] - INFO: 0.3963896298870326 0.718381441570037 0.11843144266174266
2021-05-10 04:02:37,013 - dan.py[line:67] - INFO: Testing
2021-05-10 04:02:37,013 - dan.py[line:69] - INFO: 0.3927271314805974 0.7116589541229251 0.10557567103744492
2021-05-10 04:02:37,014 - dan.py[line:58] - INFO: Epoch 156/250
2021-05-10 04:02:37,014 - dan.py[line:59] - INFO: ----------
2021-05-10 04:03:47,652 - dan.py[line:62] - INFO: 0.39635399250636205 0.7184965766079161 0.11858995024939922
2021-05-10 04:03:47,652 - dan.py[line:58] - INFO: Epoch 157/250
2021-05-10 04:03:47,652 - dan.py[line:59] - INFO: ----------
2021-05-10 04:04:57,926 - dan.py[line:62] - INFO: 0.3963186019971457 0.7186107153666883 0.11874734570114354
2021-05-10 04:04:57,926 - dan.py[line:58] - INFO: Epoch 158/250
2021-05-10 04:04:57,926 - dan.py[line:59] - INFO: ----------
2021-05-10 04:06:09,432 - dan.py[line:62] - INFO: 0.39628345504248796 0.7187239670500669 0.11890364406065945
2021-05-10 04:06:09,433 - dan.py[line:58] - INFO: Epoch 159/250
2021-05-10 04:06:09,433 - dan.py[line:59] - INFO: ----------
2021-05-10 04:07:15,306 - dan.py[line:62] - INFO: 0.3962485490688562 0.71883655617897 0.11905885705908914
2021-05-10 04:07:15,306 - dan.py[line:58] - INFO: Epoch 160/250
2021-05-10 04:07:15,306 - dan.py[line:59] - INFO: ----------
2021-05-10 04:08:20,406 - dan.py[line:62] - INFO: 0.39621388085468057 0.7189482356764988 0.1192129993027583
2021-05-10 04:08:28,264 - dan.py[line:67] - INFO: Testing
2021-05-10 04:08:28,265 - dan.py[line:69] - INFO: 0.3925908793194427 0.7120959443189567 0.10619618384556795
2021-05-10 04:08:28,265 - dan.py[line:58] - INFO: Epoch 161/250
2021-05-10 04:08:28,265 - dan.py[line:59] - INFO: ----------
2021-05-10 04:09:38,016 - dan.py[line:62] - INFO: 0.3961794476435166 0.719059316731282 0.11936608332328402
2021-05-10 04:09:38,016 - dan.py[line:58] - INFO: Epoch 162/250
2021-05-10 04:09:38,016 - dan.py[line:59] - INFO: ----------
2021-05-10 04:10:42,938 - dan.py[line:62] - INFO: 0.39614524663443135 0.7191693990895326 0.11951812184391075
2021-05-10 04:10:42,938 - dan.py[line:58] - INFO: Epoch 163/250
2021-05-10 04:10:42,938 - dan.py[line:59] - INFO: ----------
2021-05-10 04:11:48,872 - dan.py[line:62] - INFO: 0.39611127495536974 0.7192790263723723 0.11966912789788242
2021-05-10 04:11:48,872 - dan.py[line:58] - INFO: Epoch 164/250
2021-05-10 04:11:48,872 - dan.py[line:59] - INFO: ----------
2021-05-10 04:12:55,510 - dan.py[line:62] - INFO: 0.39607753014644476 0.7193878172258878 0.1198191126804028
2021-05-10 04:12:55,511 - dan.py[line:58] - INFO: Epoch 165/250
2021-05-10 04:12:55,511 - dan.py[line:59] - INFO: ----------
2021-05-10 04:14:01,907 - dan.py[line:62] - INFO: 0.39604400917838745 0.7194957425410764 0.11996808991160046
2021-05-10 04:14:09,560 - dan.py[line:67] - INFO: Testing
2021-05-10 04:14:09,560 - dan.py[line:69] - INFO: 0.3924594351926703 0.7125146835424088 0.10679459608880548
2021-05-10 04:14:09,560 - dan.py[line:58] - INFO: Epoch 166/250
2021-05-10 04:14:09,560 - dan.py[line:59] - INFO: ----------
2021-05-10 04:15:14,728 - dan.py[line:62] - INFO: 0.39601070980985076 0.7196031093310132 0.12011606980402612
2021-05-10 04:15:14,728 - dan.py[line:58] - INFO: Epoch 167/250
2021-05-10 04:15:14,728 - dan.py[line:59] - INFO: ----------
2021-05-10 04:16:21,154 - dan.py[line:62] - INFO: 0.395977629176434 0.7197098567604793 0.12026306533367259
2021-05-10 04:16:21,154 - dan.py[line:58] - INFO: Epoch 168/250
2021-05-10 04:16:21,154 - dan.py[line:59] - INFO: ----------
2021-05-10 04:17:28,821 - dan.py[line:62] - INFO: 0.3959447646355356 0.7198161057607002 0.12040908848520016
2021-05-10 04:17:28,821 - dan.py[line:58] - INFO: Epoch 169/250
2021-05-10 04:17:28,821 - dan.py[line:59] - INFO: ----------
2021-05-10 04:18:39,769 - dan.py[line:62] - INFO: 0.3959121140858298 0.7199213349468752 0.12055414883309856
2021-05-10 04:18:39,769 - dan.py[line:58] - INFO: Epoch 170/250
2021-05-10 04:18:39,769 - dan.py[line:59] - INFO: ----------
2021-05-10 04:19:51,483 - dan.py[line:62] - INFO: 0.39587967487192427 0.7200262466311436 0.12069825840853832
2021-05-10 04:19:59,606 - dan.py[line:67] - INFO: Testing
2021-05-10 04:19:59,606 - dan.py[line:69] - INFO: 0.3923325039347014 0.7129172512593744 0.10737227286812634
2021-05-10 04:19:59,607 - dan.py[line:58] - INFO: Epoch 171/250
2021-05-10 04:19:59,607 - dan.py[line:59] - INFO: ----------
2021-05-10 04:21:09,904 - dan.py[line:62] - INFO: 0.39584744465858224 0.7201301625157943 0.1208414278152048
2021-05-10 04:21:09,905 - dan.py[line:58] - INFO: Epoch 172/250
2021-05-10 04:21:09,905 - dan.py[line:59] - INFO: ----------
2021-05-10 04:22:18,256 - dan.py[line:62] - INFO: 0.39581542078933996 0.7202336023273936 0.12098366907867031
2021-05-10 04:22:18,256 - dan.py[line:58] - INFO: Epoch 173/250
2021-05-10 04:22:18,256 - dan.py[line:59] - INFO: ----------
2021-05-10 04:23:27,140 - dan.py[line:62] - INFO: 0.395783601502961 0.7203364584605261 0.12112499024336754
2021-05-10 04:23:27,140 - dan.py[line:58] - INFO: Epoch 174/250
2021-05-10 04:23:27,140 - dan.py[line:59] - INFO: ----------
2021-05-10 04:24:33,018 - dan.py[line:62] - INFO: 0.3957519840796 0.7204383597104705 0.12126540360682103
2021-05-10 04:24:33,018 - dan.py[line:58] - INFO: Epoch 175/250
2021-05-10 04:24:33,018 - dan.py[line:59] - INFO: ----------
2021-05-10 04:25:38,254 - dan.py[line:62] - INFO: 0.3957205665550461 0.7205397452096148 0.12140491810592913
2021-05-10 04:25:45,563 - dan.py[line:67] - INFO: Testing
2021-05-10 04:25:45,563 - dan.py[line:69] - INFO: 0.39220981735430716 0.7133094982650829 0.10793045410111024
2021-05-10 04:25:45,563 - dan.py[line:58] - INFO: Epoch 176/250
2021-05-10 04:25:45,563 - dan.py[line:59] - INFO: ----------
2021-05-10 04:26:54,919 - dan.py[line:62] - INFO: 0.39568934638767833 0.720640506493458 0.12154354523724475
2021-05-10 04:26:54,919 - dan.py[line:58] - INFO: Epoch 177/250
2021-05-10 04:26:54,919 - dan.py[line:59] - INFO: ----------
2021-05-10 04:28:11,543 - dan.py[line:62] - INFO: 0.39565832153033337 0.7207408959931971 0.12168129429714958
2021-05-10 04:28:11,544 - dan.py[line:58] - INFO: Epoch 178/250
2021-05-10 04:28:11,544 - dan.py[line:59] - INFO: ----------
2021-05-10 04:29:17,974 - dan.py[line:62] - INFO: 0.39562748996553726 0.7208407165188113 0.12181817444607879
2021-05-10 04:29:17,974 - dan.py[line:58] - INFO: Epoch 179/250
2021-05-10 04:29:17,974 - dan.py[line:59] - INFO: ----------
2021-05-10 04:30:24,161 - dan.py[line:62] - INFO: 0.39559684966928194 0.720939594947622 0.1219541948694145
2021-05-10 04:30:24,161 - dan.py[line:58] - INFO: Epoch 180/250
2021-05-10 04:30:24,161 - dan.py[line:59] - INFO: ----------
2021-05-10 04:31:34,823 - dan.py[line:62] - INFO: 0.3955663982008269 0.7210378404304285 0.12208936659828618
2021-05-10 04:31:43,030 - dan.py[line:67] - INFO: Testing
2021-05-10 04:31:43,031 - dan.py[line:69] - INFO: 0.3920911317021983 0.7136863715054651 0.10847026637342339
2021-05-10 04:31:43,031 - dan.py[line:58] - INFO: Epoch 181/250
2021-05-10 04:31:43,031 - dan.py[line:59] - INFO: ----------
2021-05-10 04:32:54,567 - dan.py[line:62] - INFO: 0.3955361338656922 0.7211354452154851 0.12222369734706484
2021-05-10 04:32:54,567 - dan.py[line:58] - INFO: Epoch 182/250
2021-05-10 04:32:54,568 - dan.py[line:59] - INFO: ----------
2021-05-10 04:34:07,214 - dan.py[line:62] - INFO: 0.39550605446230064 0.72123265294335 0.1223571970771693
2021-05-10 04:34:07,215 - dan.py[line:58] - INFO: Epoch 183/250
2021-05-10 04:34:07,215 - dan.py[line:59] - INFO: ----------
2021-05-10 04:35:18,023 - dan.py[line:62] - INFO: 0.39547615826656757 0.7213293768663969 0.12248987362689767
2021-05-10 04:35:18,023 - dan.py[line:58] - INFO: Epoch 184/250
2021-05-10 04:35:18,024 - dan.py[line:59] - INFO: ----------
2021-05-10 04:36:24,522 - dan.py[line:62] - INFO: 0.3954464429261985 0.7214255697549186 0.12262173761872008
2021-05-10 04:36:24,522 - dan.py[line:58] - INFO: Epoch 185/250
2021-05-10 04:36:24,522 - dan.py[line:59] - INFO: ----------
2021-05-10 04:37:29,550 - dan.py[line:62] - INFO: 0.39541690693791065 0.7215211931498684 0.1227527959037299
2021-05-10 04:37:37,060 - dan.py[line:67] - INFO: Testing
2021-05-10 04:37:37,060 - dan.py[line:69] - INFO: 0.3919762222663539 0.7140492508196427 0.10899274780050183
2021-05-10 04:37:37,060 - dan.py[line:58] - INFO: Epoch 186/250
2021-05-10 04:37:37,060 - dan.py[line:59] - INFO: ----------
2021-05-10 04:38:47,560 - dan.py[line:62] - INFO: 0.3953875481518787 0.7216161873348357 0.12288305819848333
2021-05-10 04:38:47,560 - dan.py[line:58] - INFO: Epoch 187/250
2021-05-10 04:38:47,560 - dan.py[line:59] - INFO: ----------
2021-05-10 04:39:59,241 - dan.py[line:62] - INFO: 0.39535836470507696 0.7217103973947822 0.1230125329432743
2021-05-10 04:39:59,241 - dan.py[line:58] - INFO: Epoch 188/250
2021-05-10 04:39:59,241 - dan.py[line:59] - INFO: ----------
2021-05-10 04:41:08,652 - dan.py[line:62] - INFO: 0.39532935498308663 0.7218039813014913 0.12314122747207201
2021-05-10 04:41:08,653 - dan.py[line:58] - INFO: Epoch 189/250
2021-05-10 04:41:08,653 - dan.py[line:59] - INFO: ----------
2021-05-10 04:42:13,408 - dan.py[line:62] - INFO: 0.39530051707437375 0.7218972333415901 0.1232691504336545
2021-05-10 04:42:13,408 - dan.py[line:58] - INFO: Epoch 190/250
2021-05-10 04:42:13,408 - dan.py[line:59] - INFO: ----------
2021-05-10 04:43:20,452 - dan.py[line:62] - INFO: 0.39527184931868753 0.721990017000447 0.1233963093587711
2021-05-10 04:43:28,172 - dan.py[line:67] - INFO: Testing
2021-05-10 04:43:28,173 - dan.py[line:69] - INFO: 0.3918648856928564 0.7144050995414728 0.10949883771211877
2021-05-10 04:43:28,173 - dan.py[line:58] - INFO: Epoch 191/250
2021-05-10 04:43:28,173 - dan.py[line:59] - INFO: ----------
2021-05-10 04:44:34,958 - dan.py[line:62] - INFO: 0.3952433500383862 0.7220823634648526 0.12352271185218622
2021-05-10 04:44:34,958 - dan.py[line:58] - INFO: Epoch 192/250
2021-05-10 04:44:34,959 - dan.py[line:59] - INFO: ----------
2021-05-10 04:45:38,731 - dan.py[line:62] - INFO: 0.39521501675097376 0.7221742501588471 0.12364836908492938
2021-05-10 04:45:38,731 - dan.py[line:58] - INFO: Epoch 193/250
2021-05-10 04:45:38,731 - dan.py[line:59] - INFO: ----------
2021-05-10 04:46:45,948 - dan.py[line:62] - INFO: 0.39518684898960116 0.7222653146084126 0.12377328328556547
2021-05-10 04:46:45,949 - dan.py[line:58] - INFO: Epoch 194/250
2021-05-10 04:46:45,949 - dan.py[line:59] - INFO: ----------
2021-05-10 04:47:58,667 - dan.py[line:62] - INFO: 0.3951588441405885 0.7223557241353757 0.12389746620057607
2021-05-10 04:47:58,667 - dan.py[line:58] - INFO: Epoch 195/250
2021-05-10 04:47:58,667 - dan.py[line:59] - INFO: ----------
2021-05-10 04:49:05,243 - dan.py[line:62] - INFO: 0.39513100098727477 0.7224455827889393 0.12402092337805937
2021-05-10 04:49:12,446 - dan.py[line:67] - INFO: Testing
2021-05-10 04:49:12,446 - dan.py[line:69] - INFO: 0.39175693227186076 0.714749666171673 0.10998941193177258
2021-05-10 04:49:12,446 - dan.py[line:58] - INFO: Epoch 196/250
2021-05-10 04:49:12,446 - dan.py[line:59] - INFO: ----------
2021-05-10 04:50:19,396 - dan.py[line:62] - INFO: 0.3951033176935169 0.722535232864608 0.12414366311021652
2021-05-10 04:50:19,396 - dan.py[line:58] - INFO: Epoch 197/250
2021-05-10 04:50:19,396 - dan.py[line:59] - INFO: ----------
2021-05-10 04:51:28,905 - dan.py[line:62] - INFO: 0.39507579279999105 0.722624067069061 0.12426569201556803
2021-05-10 04:51:28,906 - dan.py[line:58] - INFO: Epoch 198/250
2021-05-10 04:51:28,906 - dan.py[line:59] - INFO: ----------
2021-05-10 04:52:41,053 - dan.py[line:62] - INFO: 0.3950484247621115 0.7227126398518905 0.12438701708794186
2021-05-10 04:52:41,053 - dan.py[line:58] - INFO: Epoch 199/250
2021-05-10 04:52:41,053 - dan.py[line:59] - INFO: ----------
2021-05-10 04:53:45,978 - dan.py[line:62] - INFO: 0.39502121207955476 0.7228005556742875 0.12450764512223678
2021-05-10 04:53:45,979 - dan.py[line:58] - INFO: Epoch 200/250
2021-05-10 04:53:45,979 - dan.py[line:59] - INFO: ----------
2021-05-10 04:54:51,250 - dan.py[line:62] - INFO: 0.39499415294281365 0.7228880199375294 0.12462758428110554
2021-05-10 04:54:58,545 - dan.py[line:67] - INFO: Testing
2021-05-10 04:54:58,545 - dan.py[line:69] - INFO: 0.39165218733902746 0.7150841714171644 0.1104652765754891
2021-05-10 04:54:58,545 - dan.py[line:58] - INFO: Epoch 201/250
2021-05-10 04:54:58,546 - dan.py[line:59] - INFO: ----------
2021-05-10 04:56:08,582 - dan.py[line:62] - INFO: 0.3949672460838413 0.7229750562165125 0.12474684032443606
2021-05-10 04:56:08,583 - dan.py[line:58] - INFO: Epoch 202/250
2021-05-10 04:56:08,583 - dan.py[line:59] - INFO: ----------
2021-05-10 04:57:14,021 - dan.py[line:62] - INFO: 0.3949404900611361 0.7230616631327047 0.12486541977850374
2021-05-10 04:57:14,021 - dan.py[line:58] - INFO: Epoch 203/250
2021-05-10 04:57:14,021 - dan.py[line:59] - INFO: ----------
2021-05-10 04:58:26,098 - dan.py[line:62] - INFO: 0.3949138831582923 0.7231475713728857 0.12498333038529974
2021-05-10 04:58:26,098 - dan.py[line:58] - INFO: Epoch 204/250
2021-05-10 04:58:26,098 - dan.py[line:59] - INFO: ----------
2021-05-10 04:59:36,117 - dan.py[line:62] - INFO: 0.3948874243719803 0.7232333622780114 0.12510057672427743
2021-05-10 04:59:36,118 - dan.py[line:58] - INFO: Epoch 205/250
2021-05-10 04:59:36,118 - dan.py[line:59] - INFO: ----------
2021-05-10 05:00:53,632 - dan.py[line:62] - INFO: 0.3948611119171671 0.7233183119988764 0.12521716683655604
2021-05-10 05:01:02,779 - dan.py[line:67] - INFO: Testing
2021-05-10 05:01:02,779 - dan.py[line:69] - INFO: 0.3915504911213109 0.7154074195329396 0.11092716891324716
2021-05-10 05:01:02,779 - dan.py[line:58] - INFO: Epoch 206/250
2021-05-10 05:01:02,779 - dan.py[line:59] - INFO: ----------
2021-05-10 05:02:11,814 - dan.py[line:62] - INFO: 0.39483494439259653 0.7234027952364784 0.12533310706008038
2021-05-10 05:02:11,814 - dan.py[line:58] - INFO: Epoch 207/250
2021-05-10 05:02:11,814 - dan.py[line:59] - INFO: ----------
2021-05-10 05:03:24,583 - dan.py[line:62] - INFO: 0.39480892063622314 0.7234868758628031 0.12544840267067447
2021-05-10 05:03:24,583 - dan.py[line:58] - INFO: Epoch 208/250
2021-05-10 05:03:24,584 - dan.py[line:59] - INFO: ----------
2021-05-10 05:04:36,656 - dan.py[line:62] - INFO: 0.39478303902319184 0.7235702781714378 0.1255630609923336
2021-05-10 05:04:36,656 - dan.py[line:58] - INFO: Epoch 209/250
2021-05-10 05:04:36,656 - dan.py[line:59] - INFO: ----------
2021-05-10 05:05:43,881 - dan.py[line:62] - INFO: 0.3947572982436028 0.7236536262777898 0.1256770879513316
2021-05-10 05:05:43,882 - dan.py[line:58] - INFO: Epoch 210/250
2021-05-10 05:05:43,882 - dan.py[line:59] - INFO: ----------
2021-05-10 05:06:49,555 - dan.py[line:62] - INFO: 0.39473169743431447 0.7237365495964794 0.125790487492892
2021-05-10 05:06:56,964 - dan.py[line:67] - INFO: Testing
2021-05-10 05:06:56,965 - dan.py[line:69] - INFO: 0.39145169362748045 0.7157230632790441 0.11137578071533727
2021-05-10 05:06:56,965 - dan.py[line:58] - INFO: Epoch 211/250
2021-05-10 05:06:56,965 - dan.py[line:59] - INFO: ----------
2021-05-10 05:08:05,152 - dan.py[line:62] - INFO: 0.3947062345733246 0.7238189675932635 0.12590326869329482
2021-05-10 05:08:05,153 - dan.py[line:58] - INFO: Epoch 212/250
2021-05-10 05:08:05,153 - dan.py[line:59] - INFO: ----------
2021-05-10 05:09:12,991 - dan.py[line:62] - INFO: 0.394680908938873 0.7239010848103343 0.1260154348673288
2021-05-10 05:09:12,992 - dan.py[line:58] - INFO: Epoch 213/250
2021-05-10 05:09:12,992 - dan.py[line:59] - INFO: ----------
2021-05-10 05:10:19,850 - dan.py[line:62] - INFO: 0.3946557187388825 0.7239826916708608 0.1261269940682611
2021-05-10 05:10:19,850 - dan.py[line:58] - INFO: Epoch 214/250
2021-05-10 05:10:19,850 - dan.py[line:59] - INFO: ----------
2021-05-10 05:11:27,247 - dan.py[line:62] - INFO: 0.3946306631913632 0.7240637402658593 0.12623794987378822
2021-05-10 05:11:27,247 - dan.py[line:58] - INFO: Epoch 215/250
2021-05-10 05:11:27,247 - dan.py[line:59] - INFO: ----------
2021-05-10 05:12:33,675 - dan.py[line:62] - INFO: 0.3946057407330412 0.7241441491220866 0.1263483093196187
2021-05-10 05:12:41,858 - dan.py[line:67] - INFO: Testing
2021-05-10 05:12:41,859 - dan.py[line:69] - INFO: 0.3913556540831373 0.7160300247861748 0.11181176092634204
2021-05-10 05:12:41,859 - dan.py[line:58] - INFO: Epoch 216/250
2021-05-10 05:12:41,859 - dan.py[line:59] - INFO: ----------
2021-05-10 05:13:48,688 - dan.py[line:62] - INFO: 0.3945809506130967 0.7242243441260356 0.12645807584181246
2021-05-10 05:13:48,688 - dan.py[line:58] - INFO: Epoch 217/250
2021-05-10 05:13:48,688 - dan.py[line:59] - INFO: ----------
2021-05-10 05:14:58,906 - dan.py[line:62] - INFO: 0.39455629098236134 0.7243041031941932 0.12656725773785082
2021-05-10 05:14:58,906 - dan.py[line:58] - INFO: Epoch 218/250
2021-05-10 05:14:58,906 - dan.py[line:59] - INFO: ----------
2021-05-10 05:16:08,973 - dan.py[line:62] - INFO: 0.3945317611021258 0.7243834333790491 0.12667585838642859
2021-05-10 05:16:08,974 - dan.py[line:58] - INFO: Epoch 219/250
2021-05-10 05:16:08,974 - dan.py[line:59] - INFO: ----------
2021-05-10 05:17:18,437 - dan.py[line:62] - INFO: 0.39450735991475777 0.7244623557981166 0.12678388257668893
2021-05-10 05:17:18,438 - dan.py[line:58] - INFO: Epoch 220/250
2021-05-10 05:17:18,438 - dan.py[line:59] - INFO: ----------
2021-05-10 05:18:24,427 - dan.py[line:62] - INFO: 0.394483085590321 0.7245409074320165 0.12689133851473366
2021-05-10 05:18:31,634 - dan.py[line:67] - INFO: Testing
2021-05-10 05:18:31,634 - dan.py[line:69] - INFO: 0.39126224469038295 0.716326936349474 0.11223569870300998
2021-05-10 05:18:31,634 - dan.py[line:58] - INFO: Epoch 221/250
2021-05-10 05:18:31,634 - dan.py[line:59] - INFO: ----------
2021-05-10 05:19:39,863 - dan.py[line:62] - INFO: 0.3944589374661034 0.7246190942543878 0.12699822923761028
2021-05-10 05:19:39,864 - dan.py[line:58] - INFO: Epoch 222/250
2021-05-10 05:19:39,864 - dan.py[line:59] - INFO: ----------
2021-05-10 05:20:50,570 - dan.py[line:62] - INFO: 0.3944349143891922 0.7246966553830322 0.12710455995076475
2021-05-10 05:20:50,571 - dan.py[line:58] - INFO: Epoch 223/250
2021-05-10 05:20:50,571 - dan.py[line:59] - INFO: ----------
2021-05-10 05:22:01,350 - dan.py[line:62] - INFO: 0.3944110151731453 0.7247741824279706 0.1272103360062644
2021-05-10 05:22:01,350 - dan.py[line:58] - INFO: Epoch 224/250
2021-05-10 05:22:01,351 - dan.py[line:59] - INFO: ----------
2021-05-10 05:23:11,016 - dan.py[line:62] - INFO: 0.3943872389096978 0.7248512014738546 0.12731556152330525
2021-05-10 05:23:11,017 - dan.py[line:58] - INFO: Epoch 225/250
2021-05-10 05:23:11,017 - dan.py[line:59] - INFO: ----------
2021-05-10 05:24:16,985 - dan.py[line:62] - INFO: 0.3943635841432641 0.7249278471373365 0.12742024304163624
2021-05-10 05:24:25,222 - dan.py[line:67] - INFO: Testing
2021-05-10 05:24:25,223 - dan.py[line:69] - INFO: 0.39117134354221983 0.7166170423243428 0.11264815567318365
2021-05-10 05:24:25,223 - dan.py[line:58] - INFO: Epoch 226/250
2021-05-10 05:24:25,223 - dan.py[line:59] - INFO: ----------
2021-05-10 05:25:46,706 - dan.py[line:62] - INFO: 0.39434004999269356 0.7250038835096254 0.12752438455709025
2021-05-10 05:25:46,706 - dan.py[line:58] - INFO: Epoch 227/250
2021-05-10 05:25:46,706 - dan.py[line:59] - INFO: ----------
2021-05-10 05:26:57,475 - dan.py[line:62] - INFO: 0.39431663565711783 0.7250795971655603 0.12762798970884948
2021-05-10 05:26:57,476 - dan.py[line:58] - INFO: Epoch 228/250
2021-05-10 05:26:57,476 - dan.py[line:59] - INFO: ----------
2021-05-10 05:28:07,455 - dan.py[line:62] - INFO: 0.39429333956605067 0.7251548547471481 0.1277310655399193
2021-05-10 05:28:07,456 - dan.py[line:58] - INFO: Epoch 229/250
2021-05-10 05:28:07,456 - dan.py[line:59] - INFO: ----------
2021-05-10 05:29:23,394 - dan.py[line:62] - INFO: 0.3942701610636289 0.7252294814405407 0.1278336150447048
2021-05-10 05:29:23,395 - dan.py[line:58] - INFO: Epoch 230/250
2021-05-10 05:29:23,395 - dan.py[line:59] - INFO: ----------
2021-05-10 05:30:34,441 - dan.py[line:62] - INFO: 0.39424709901241217 0.7253040275797116 0.12793564334693497
2021-05-10 05:30:42,607 - dan.py[line:67] - INFO: Testing
2021-05-10 05:30:42,607 - dan.py[line:69] - INFO: 0.3910828375861318 0.7169006855904021 0.11304965256166155
2021-05-10 05:30:42,607 - dan.py[line:58] - INFO: Epoch 231/250
2021-05-10 05:30:42,607 - dan.py[line:59] - INFO: ----------
2021-05-10 05:31:55,270 - dan.py[line:62] - INFO: 0.39422415221412366 0.725378265906658 0.12803715583782305
2021-05-10 05:31:55,271 - dan.py[line:58] - INFO: Epoch 232/250
2021-05-10 05:31:55,271 - dan.py[line:59] - INFO: ----------
2021-05-10 05:33:07,318 - dan.py[line:62] - INFO: 0.394201319971879 0.7254522186976587 0.12813815568902187
2021-05-10 05:33:07,318 - dan.py[line:58] - INFO: Epoch 233/250
2021-05-10 05:33:07,319 - dan.py[line:59] - INFO: ----------
2021-05-10 05:34:20,067 - dan.py[line:62] - INFO: 0.394178601256998 0.7255256751172232 0.12823864753861836
2021-05-10 05:34:20,068 - dan.py[line:58] - INFO: Epoch 234/250
2021-05-10 05:34:20,068 - dan.py[line:59] - INFO: ----------
2021-05-10 05:35:32,561 - dan.py[line:62] - INFO: 0.3941559950335132 0.7255988981253367 0.12833863605544504
2021-05-10 05:35:32,561 - dan.py[line:58] - INFO: Epoch 235/250
2021-05-10 05:35:32,561 - dan.py[line:59] - INFO: ----------
2021-05-10 05:36:40,226 - dan.py[line:62] - INFO: 0.3941335003358188 0.7256717382012178 0.12843812559566847
2021-05-10 05:36:47,160 - dan.py[line:67] - INFO: Testing
2021-05-10 05:36:47,160 - dan.py[line:69] - INFO: 0.3909966207315648 0.7171774556628481 0.11344067785141032
2021-05-10 05:36:47,160 - dan.py[line:58] - INFO: Epoch 236/250
2021-05-10 05:36:47,160 - dan.py[line:59] - INFO: ----------
2021-05-10 05:37:54,125 - dan.py[line:62] - INFO: 0.3941111160537413 0.7257441953049086 0.12853712115339788
2021-05-10 05:37:54,125 - dan.py[line:58] - INFO: Epoch 237/250
2021-05-10 05:37:54,125 - dan.py[line:59] - INFO: ----------
2021-05-10 05:39:01,957 - dan.py[line:62] - INFO: 0.39408884154735785 0.7258162265820429 0.12863562564168518
2021-05-10 05:39:01,958 - dan.py[line:58] - INFO: Epoch 238/250
2021-05-10 05:39:01,958 - dan.py[line:59] - INFO: ----------
2021-05-10 05:40:10,774 - dan.py[line:62] - INFO: 0.3940666757933127 0.7258877384322917 0.1287336436680454
2021-05-10 05:40:10,775 - dan.py[line:58] - INFO: Epoch 239/250
2021-05-10 05:40:10,775 - dan.py[line:59] - INFO: ----------
2021-05-10 05:41:19,170 - dan.py[line:62] - INFO: 0.3940446176990347 0.7259590880552889 0.12883118014462402
2021-05-10 05:41:19,171 - dan.py[line:58] - INFO: Epoch 240/250
2021-05-10 05:41:19,171 - dan.py[line:59] - INFO: ----------
2021-05-10 05:42:28,618 - dan.py[line:62] - INFO: 0.3940226667952676 0.7260300218610711 0.1289282372261481
2021-05-10 05:42:36,764 - dan.py[line:67] - INFO: Testing
2021-05-10 05:42:36,764 - dan.py[line:69] - INFO: 0.3909125932211016 0.7174433017777878 0.11382169069918557
2021-05-10 05:42:36,764 - dan.py[line:58] - INFO: Epoch 241/250
2021-05-10 05:42:36,764 - dan.py[line:59] - INFO: ----------
2021-05-10 05:43:45,950 - dan.py[line:62] - INFO: 0.3940008216177886 0.7261004746190995 0.12902482146542504
2021-05-10 05:43:45,951 - dan.py[line:58] - INFO: Epoch 242/250
2021-05-10 05:43:45,951 - dan.py[line:59] - INFO: ----------
2021-05-10 05:44:52,440 - dan.py[line:62] - INFO: 0.39397908171435664 0.726170714363956 0.12912093493953636
2021-05-10 05:44:52,440 - dan.py[line:58] - INFO: Epoch 243/250
2021-05-10 05:44:52,440 - dan.py[line:59] - INFO: ----------
2021-05-10 05:46:01,859 - dan.py[line:62] - INFO: 0.3939574459845908 0.7262406657558664 0.12921658258997748
2021-05-10 05:46:01,859 - dan.py[line:58] - INFO: Epoch 244/250
2021-05-10 05:46:01,859 - dan.py[line:59] - INFO: ----------
2021-05-10 05:47:13,060 - dan.py[line:62] - INFO: 0.39393591362263247 0.7263103130915529 0.12931176805488553
2021-05-10 05:47:13,061 - dan.py[line:58] - INFO: Epoch 245/250
2021-05-10 05:47:13,061 - dan.py[line:59] - INFO: ----------
2021-05-10 05:48:24,114 - dan.py[line:62] - INFO: 0.39391448387557093 0.726379693211785 0.12940649473721533
2021-05-10 05:48:31,883 - dan.py[line:67] - INFO: Testing
2021-05-10 05:48:31,884 - dan.py[line:69] - INFO: 0.39083066089277924 0.7177039270391274 0.11419312433701512
2021-05-10 05:48:31,884 - dan.py[line:58] - INFO: Epoch 246/250
2021-05-10 05:48:31,884 - dan.py[line:59] - INFO: ----------
2021-05-10 05:49:42,065 - dan.py[line:62] - INFO: 0.39389315570694755 0.7264488140880743 0.1295007672921168
2021-05-10 05:49:42,066 - dan.py[line:58] - INFO: Epoch 247/250
2021-05-10 05:49:42,066 - dan.py[line:59] - INFO: ----------
2021-05-10 05:50:46,677 - dan.py[line:62] - INFO: 0.3938719285451633 0.7265175258799791 0.12959458831883996
2021-05-10 05:50:46,678 - dan.py[line:58] - INFO: Epoch 248/250
2021-05-10 05:50:46,678 - dan.py[line:59] - INFO: ----------
2021-05-10 05:51:53,676 - dan.py[line:62] - INFO: 0.3938508012795089 0.7265858119651998 0.12968796279834394
2021-05-10 05:51:53,676 - dan.py[line:58] - INFO: Epoch 249/250
2021-05-10 05:51:53,676 - dan.py[line:59] - INFO: ----------
2021-05-10 05:53:04,691 - dan.py[line:62] - INFO: 0.3938297731870541 0.7266537662837039 0.12978089399649728
2021-05-10 05:53:04,691 - dan.py[line:58] - INFO: Epoch 250/250
2021-05-10 05:53:04,691 - dan.py[line:59] - INFO: ----------
2021-05-10 05:54:11,881 - dan.py[line:62] - INFO: 0.39380884368810787 0.7267214814368844 0.12987338454517572
2021-05-10 05:54:19,598 - dan.py[line:67] - INFO: Testing
2021-05-10 05:54:19,598 - dan.py[line:69] - INFO: 0.39075073697273965 0.717954101232549 0.1145553779985673
