2021-05-13 13:37:34,389 - fine-tune.py[line:49] - INFO: Epoch 1/5
2021-05-13 13:37:34,389 - fine-tune.py[line:50] - INFO: ----------
2021-05-13 13:37:35,002 - fine-tune.py[line:53] - INFO: 0.47594984253192113 0.5787055753610938 -0.10321135029573747 0.6463519334793091
2021-05-13 13:37:35,002 - fine-tune.py[line:49] - INFO: Epoch 2/5
2021-05-13 13:37:35,002 - fine-tune.py[line:50] - INFO: ----------
2021-05-13 13:37:35,067 - fine-tune.py[line:53] - INFO: 0.4758684561619631 0.5789414041922403 -0.10283408915416659 0.6461666822433472
2021-05-13 13:37:35,067 - fine-tune.py[line:49] - INFO: Epoch 3/5
2021-05-13 13:37:35,067 - fine-tune.py[line:50] - INFO: ----------
2021-05-13 13:37:35,133 - fine-tune.py[line:53] - INFO: 0.4757138780031875 0.5794099991424406 -0.10211772994665647 0.6458150744438171
2021-05-13 13:37:35,134 - fine-tune.py[line:49] - INFO: Epoch 4/5
2021-05-13 13:37:35,134 - fine-tune.py[line:50] - INFO: ----------
2021-05-13 13:37:35,200 - fine-tune.py[line:53] - INFO: 0.47549356078680066 0.5801358619084371 -0.10109711947434263 0.6453142762184143
2021-05-13 13:37:35,201 - fine-tune.py[line:49] - INFO: Epoch 5/5
2021-05-13 13:37:35,201 - fine-tune.py[line:50] - INFO: ----------
2021-05-13 13:37:35,271 - fine-tune.py[line:53] - INFO: 0.47521424196247564 0.5809474806130325 -0.09980386613001935 0.6446799039840698
2021-05-13 13:37:41,369 - fine-tune.py[line:49] - INFO: Epoch 1/150
2021-05-13 13:37:41,369 - fine-tune.py[line:50] - INFO: ----------
2021-05-13 13:37:41,988 - fine-tune.py[line:53] - INFO: 0.47859583690808216 0.5720622930668728 -0.10783272691308521 0.6523317098617554
2021-05-13 13:37:41,989 - fine-tune.py[line:49] - INFO: Epoch 2/150
2021-05-13 13:37:41,989 - fine-tune.py[line:50] - INFO: ----------
2021-05-13 13:37:42,037 - fine-tune.py[line:53] - INFO: 0.4785178012408621 0.5722902912428874 -0.1074714892615356 0.6521549224853516
2021-05-13 13:37:42,037 - fine-tune.py[line:49] - INFO: Epoch 3/150
2021-05-13 13:37:42,037 - fine-tune.py[line:50] - INFO: ----------
2021-05-13 13:37:42,090 - fine-tune.py[line:53] - INFO: 0.47836960024439557 0.5727586788001349 -0.10678560897925515 0.6518192291259766
2021-05-13 13:37:42,090 - fine-tune.py[line:49] - INFO: Epoch 4/150
2021-05-13 13:37:42,090 - fine-tune.py[line:50] - INFO: ----------
2021-05-13 13:37:42,161 - fine-tune.py[line:53] - INFO: 0.47815836724371663 0.5734451515692223 -0.10580838121190173 0.6513407826423645
2021-05-13 13:37:42,161 - fine-tune.py[line:49] - INFO: Epoch 5/150
2021-05-13 13:37:42,161 - fine-tune.py[line:50] - INFO: ----------
2021-05-13 13:37:42,214 - fine-tune.py[line:53] - INFO: 0.477890582348913 0.5743026229703205 -0.10457014767657946 0.650735080242157
2021-05-13 13:37:42,215 - fine-tune.py[line:49] - INFO: Epoch 6/150
2021-05-13 13:37:42,215 - fine-tune.py[line:50] - INFO: ----------
2021-05-13 13:37:42,291 - fine-tune.py[line:53] - INFO: 0.47757211866841204 0.5752765717004699 -0.10309847913867154 0.6500153541564941
2021-05-13 13:37:42,292 - fine-tune.py[line:49] - INFO: Epoch 7/150
2021-05-13 13:37:42,292 - fine-tune.py[line:50] - INFO: ----------
2021-05-13 13:37:42,356 - fine-tune.py[line:53] - INFO: 0.47720828515327235 0.5763793889648883 -0.10141835041462066 0.6491943597793579
2021-05-13 13:37:42,356 - fine-tune.py[line:49] - INFO: Epoch 8/150
2021-05-13 13:37:42,356 - fine-tune.py[line:50] - INFO: ----------
2021-05-13 13:37:42,410 - fine-tune.py[line:53] - INFO: 0.4768039012423695 0.577677987271754 -0.09955246853108535 0.6482834219932556
2021-05-13 13:37:42,410 - fine-tune.py[line:49] - INFO: Epoch 9/150
2021-05-13 13:37:42,410 - fine-tune.py[line:50] - INFO: ----------
2021-05-13 13:37:42,468 - fine-tune.py[line:53] - INFO: 0.47636333722374113 0.5790484545688852 -0.09752144717895717 0.6472925543785095
2021-05-13 13:37:42,468 - fine-tune.py[line:49] - INFO: Epoch 10/150
2021-05-13 13:37:42,468 - fine-tune.py[line:50] - INFO: ----------
2021-05-13 13:37:42,548 - fine-tune.py[line:53] - INFO: 0.47589054476007464 0.5804635302048018 -0.0953439397037057 0.646230936050415
2021-05-13 13:37:42,548 - fine-tune.py[line:49] - INFO: Epoch 11/150
2021-05-13 13:37:42,548 - fine-tune.py[line:50] - INFO: ----------
2021-05-13 13:37:42,617 - fine-tune.py[line:53] - INFO: 0.47538910160089515 0.5820471262316859 -0.09303684047964311 0.6451070308685303
2021-05-13 13:37:42,617 - fine-tune.py[line:49] - INFO: Epoch 12/150
2021-05-13 13:37:42,617 - fine-tune.py[line:50] - INFO: ----------
2021-05-13 13:37:42,681 - fine-tune.py[line:53] - INFO: 0.47486224194427307 0.5837447213465771 -0.09061542232430231 0.6439287662506104
2021-05-13 13:37:42,681 - fine-tune.py[line:49] - INFO: Epoch 13/150
2021-05-13 13:37:42,681 - fine-tune.py[line:50] - INFO: ----------
2021-05-13 13:37:42,748 - fine-tune.py[line:53] - INFO: 0.47431290239220747 0.5855042724875592 -0.08809354716642592 0.6427026987075806
2021-05-13 13:37:42,748 - fine-tune.py[line:49] - INFO: Epoch 14/150
2021-05-13 13:37:42,748 - fine-tune.py[line:50] - INFO: ----------
2021-05-13 13:37:42,818 - fine-tune.py[line:53] - INFO: 0.4737437407797862 0.5871423898174032 -0.08548375307034584 0.641434907913208
2021-05-13 13:37:42,818 - fine-tune.py[line:49] - INFO: Epoch 15/150
2021-05-13 13:37:42,819 - fine-tune.py[line:50] - INFO: ----------
2021-05-13 13:37:42,878 - fine-tune.py[line:53] - INFO: 0.4731571527776356 0.5890308094926545 -0.0827973321567288 0.6401313543319702
2021-05-13 13:37:42,878 - fine-tune.py[line:49] - INFO: Epoch 16/150
2021-05-13 13:37:42,878 - fine-tune.py[line:50] - INFO: ----------
2021-05-13 13:37:42,934 - fine-tune.py[line:53] - INFO: 0.47255531134630985 0.5908746208291203 -0.08004451382235556 0.6387968063354492
2021-05-13 13:37:42,935 - fine-tune.py[line:49] - INFO: Epoch 17/150
2021-05-13 13:37:42,935 - fine-tune.py[line:50] - INFO: ----------
2021-05-13 13:37:43,013 - fine-tune.py[line:53] - INFO: 0.47194018470898624 0.5927630405043716 -0.07723454964832999 0.6374359130859375
2021-05-13 13:37:43,013 - fine-tune.py[line:49] - INFO: Epoch 18/150
2021-05-13 13:37:43,013 - fine-tune.py[line:50] - INFO: ----------
2021-05-13 13:37:43,080 - fine-tune.py[line:53] - INFO: 0.47131354625946237 0.594644025456492 -0.07437576179471117 0.6360526084899902
2021-05-13 13:37:43,080 - fine-tune.py[line:49] - INFO: Epoch 19/150
2021-05-13 13:37:43,080 - fine-tune.py[line:50] - INFO: ----------
2021-05-13 13:37:43,141 - fine-tune.py[line:53] - INFO: 0.4706770027942515 0.5965944011578341 -0.07147567519155396 0.634650707244873
2021-05-13 13:37:43,141 - fine-tune.py[line:49] - INFO: Epoch 20/150
2021-05-13 13:37:43,141 - fine-tune.py[line:50] - INFO: ----------
2021-05-13 13:37:43,205 - fine-tune.py[line:53] - INFO: 0.4700320079547784 0.5986042546442236 -0.06854108202804698 0.6332334876060486
2021-05-13 13:37:43,206 - fine-tune.py[line:49] - INFO: Epoch 21/150
2021-05-13 13:37:43,206 - fine-tune.py[line:50] - INFO: ----------
2021-05-13 13:37:43,272 - fine-tune.py[line:53] - INFO: 0.4693798744850606 0.6004728483911259 -0.06557810082068327 0.6318040490150452
2021-05-13 13:37:43,272 - fine-tune.py[line:49] - INFO: Epoch 22/150
2021-05-13 13:37:43,273 - fine-tune.py[line:50] - INFO: ----------
2021-05-13 13:37:43,344 - fine-tune.py[line:53] - INFO: 0.4687217861510169 0.602500049564821 -0.06259223385199109 0.6303647756576538
2021-05-13 13:37:43,344 - fine-tune.py[line:49] - INFO: Epoch 23/150
2021-05-13 13:37:43,344 - fine-tune.py[line:50] - INFO: ----------
2021-05-13 13:37:43,399 - fine-tune.py[line:53] - INFO: 0.46805881439642955 0.6046164674160868 -0.059588445892888364 0.6289182901382446
2021-05-13 13:37:43,399 - fine-tune.py[line:49] - INFO: Epoch 24/150
2021-05-13 13:37:43,399 - fine-tune.py[line:50] - INFO: ----------
2021-05-13 13:37:43,464 - fine-tune.py[line:53] - INFO: 0.4673919273510995 0.606757667677789 -0.05657120793738635 0.6274664998054504
2021-05-13 13:37:43,464 - fine-tune.py[line:49] - INFO: Epoch 25/150
2021-05-13 13:37:43,465 - fine-tune.py[line:50] - INFO: ----------
2021-05-13 13:37:43,534 - fine-tune.py[line:53] - INFO: 0.4667219998324968 0.6087625646820912 -0.05354454525252872 0.6260114908218384
2021-05-13 13:37:43,534 - fine-tune.py[line:49] - INFO: Epoch 26/150
2021-05-13 13:37:43,534 - fine-tune.py[line:50] - INFO: ----------
2021-05-13 13:37:43,597 - fine-tune.py[line:53] - INFO: 0.46604981160373826 0.6108393306766589 -0.050512032236565974 0.6245548725128174
2021-05-13 13:37:43,597 - fine-tune.py[line:49] - INFO: Epoch 27/150
2021-05-13 13:37:43,597 - fine-tune.py[line:50] - INFO: ----------
2021-05-13 13:37:43,662 - fine-tune.py[line:53] - INFO: 0.4653760760943845 0.6130152263129721 -0.047476924585920344 0.6230983138084412
2021-05-13 13:37:43,662 - fine-tune.py[line:49] - INFO: Epoch 28/150
2021-05-13 13:37:43,662 - fine-tune.py[line:50] - INFO: ----------
2021-05-13 13:37:43,713 - fine-tune.py[line:53] - INFO: 0.4647014362732215 0.6150944705485835 -0.04444214276574909 0.62164306640625
2021-05-13 13:37:43,713 - fine-tune.py[line:49] - INFO: Epoch 29/150
2021-05-13 13:37:43,713 - fine-tune.py[line:50] - INFO: ----------
2021-05-13 13:37:43,777 - fine-tune.py[line:53] - INFO: 0.4640264665066381 0.6172282360871548 -0.04141028256900592 0.6201902031898499
2021-05-13 13:37:43,777 - fine-tune.py[line:49] - INFO: Epoch 30/150
2021-05-13 13:37:43,778 - fine-tune.py[line:50] - INFO: ----------
2021-05-13 13:37:43,847 - fine-tune.py[line:53] - INFO: 0.46335168635239604 0.6194487400622534 -0.03838367914311869 0.6187412738800049
2021-05-13 13:37:43,847 - fine-tune.py[line:49] - INFO: Epoch 31/150
2021-05-13 13:37:43,847 - fine-tune.py[line:50] - INFO: ----------
2021-05-13 13:37:43,909 - fine-tune.py[line:53] - INFO: 0.46267756322883097 0.6214808977180356 -0.035364420720428225 0.6172967553138733
2021-05-13 13:37:43,909 - fine-tune.py[line:49] - INFO: Epoch 32/150
2021-05-13 13:37:43,909 - fine-tune.py[line:50] - INFO: ----------
2021-05-13 13:37:43,973 - fine-tune.py[line:53] - INFO: 0.4620045183044722 0.6236295327028687 -0.03235437665862673 0.6158575415611267
2021-05-13 13:37:43,973 - fine-tune.py[line:49] - INFO: Epoch 33/150
2021-05-13 13:37:43,973 - fine-tune.py[line:50] - INFO: ----------
2021-05-13 13:37:44,043 - fine-tune.py[line:53] - INFO: 0.4613329229962464 0.6256716033228256 -0.029355183356244874 0.6144245862960815
2021-05-13 13:37:44,044 - fine-tune.py[line:49] - INFO: Epoch 34/150
2021-05-13 13:37:44,044 - fine-tune.py[line:50] - INFO: ----------
2021-05-13 13:37:44,104 - fine-tune.py[line:53] - INFO: 0.46066312363750545 0.6277310216300879 -0.026368355838593427 0.6129984259605408
2021-05-13 13:37:44,105 - fine-tune.py[line:49] - INFO: Epoch 35/150
2021-05-13 13:37:44,105 - fine-tune.py[line:50] - INFO: ----------
2021-05-13 13:37:44,164 - fine-tune.py[line:53] - INFO: 0.4599954185106684 0.6299217867126627 -0.02339518643117522 0.6115795373916626
2021-05-13 13:37:44,164 - fine-tune.py[line:49] - INFO: Epoch 36/150
2021-05-13 13:37:44,164 - fine-tune.py[line:50] - INFO: ----------
2021-05-13 13:37:44,235 - fine-tune.py[line:53] - INFO: 0.4593300808651172 0.6320679434564522 -0.02043684864376072 0.610168993473053
2021-05-13 13:37:44,235 - fine-tune.py[line:49] - INFO: Epoch 37/150
2021-05-13 13:37:44,235 - fine-tune.py[line:50] - INFO: ----------
2021-05-13 13:37:44,312 - fine-tune.py[line:53] - INFO: 0.4586673559309326 0.63425375205694 -0.017494384788153017 0.6087661981582642
2021-05-13 13:37:44,312 - fine-tune.py[line:49] - INFO: Epoch 38/150
2021-05-13 13:37:44,312 - fine-tune.py[line:50] - INFO: ----------
2021-05-13 13:37:44,396 - fine-tune.py[line:53] - INFO: 0.45800745450955394 0.6362685620254168 -0.014568678542892677 0.6073724031448364
2021-05-13 13:37:44,396 - fine-tune.py[line:49] - INFO: Epoch 39/150
2021-05-13 13:37:44,396 - fine-tune.py[line:50] - INFO: ----------
2021-05-13 13:37:44,469 - fine-tune.py[line:53] - INFO: 0.45735057546647995 0.6383552409841591 -0.011660555619688706 0.6059877276420593
2021-05-13 13:37:44,469 - fine-tune.py[line:49] - INFO: Epoch 40/150
2021-05-13 13:37:44,469 - fine-tune.py[line:50] - INFO: ----------
2021-05-13 13:37:44,532 - fine-tune.py[line:53] - INFO: 0.45669688640604894 0.6404939630048176 -0.008770698827815115 0.6046123504638672
2021-05-13 13:37:44,532 - fine-tune.py[line:49] - INFO: Epoch 41/150
2021-05-13 13:37:44,532 - fine-tune.py[line:50] - INFO: ----------
2021-05-13 13:37:44,585 - fine-tune.py[line:53] - INFO: 0.4560465438451803 0.6425236424195563 -0.005899738111648567 0.6032465100288391
2021-05-13 13:37:44,585 - fine-tune.py[line:49] - INFO: Epoch 42/150
2021-05-13 13:37:44,585 - fine-tune.py[line:50] - INFO: ----------
2021-05-13 13:37:44,641 - fine-tune.py[line:53] - INFO: 0.45539968043588036 0.6446598861991713 -0.0030481946640372737 0.6018904447555542
2021-05-13 13:37:44,642 - fine-tune.py[line:49] - INFO: Epoch 43/150
2021-05-13 13:37:44,642 - fine-tune.py[line:50] - INFO: ----------
2021-05-13 13:37:44,703 - fine-tune.py[line:53] - INFO: 0.454756418404619 0.6468085211840044 -0.0002165408392140744 0.6005445122718811
2021-05-13 13:37:44,703 - fine-tune.py[line:49] - INFO: Epoch 44/150
2021-05-13 13:37:44,704 - fine-tune.py[line:50] - INFO: ----------
2021-05-13 13:37:44,779 - fine-tune.py[line:53] - INFO: 0.45411685831775284 0.6487093320644739 0.002594848829637786 0.599208652973175
2021-05-13 13:37:44,779 - fine-tune.py[line:49] - INFO: Epoch 45/150
2021-05-13 13:37:44,779 - fine-tune.py[line:50] - INFO: ----------
2021-05-13 13:37:44,846 - fine-tune.py[line:53] - INFO: 0.4534810917456486 0.6507786633359107 0.005385641368960803 0.597882866859436
2021-05-13 13:37:44,846 - fine-tune.py[line:49] - INFO: Epoch 46/150
2021-05-13 13:37:44,846 - fine-tune.py[line:50] - INFO: ----------
2021-05-13 13:37:44,926 - fine-tune.py[line:53] - INFO: 0.45284919911372695 0.652639822359682 0.008155554466817594 0.5965676307678223
2021-05-13 13:37:44,926 - fine-tune.py[line:49] - INFO: Epoch 47/150
2021-05-13 13:37:44,926 - fine-tune.py[line:50] - INFO: ----------
2021-05-13 13:37:44,981 - fine-tune.py[line:53] - INFO: 0.45222125149223774 0.6546273716766788 0.010904348271239206 0.5952624678611755
2021-05-13 13:37:44,981 - fine-tune.py[line:49] - INFO: Epoch 48/150
2021-05-13 13:37:44,981 - fine-tune.py[line:50] - INFO: ----------
2021-05-13 13:37:45,053 - fine-tune.py[line:53] - INFO: 0.4515973073969873 0.6565603996907156 0.013631839053021788 0.5939679145812988
2021-05-13 13:37:45,054 - fine-tune.py[line:49] - INFO: Epoch 49/150
2021-05-13 13:37:45,054 - fine-tune.py[line:50] - INFO: ----------
2021-05-13 13:37:45,127 - fine-tune.py[line:53] - INFO: 0.45097741573794314 0.6584959059457959 0.016337885939109453 0.5926839113235474
2021-05-13 13:37:45,127 - fine-tune.py[line:49] - INFO: Epoch 50/150
2021-05-13 13:37:45,127 - fine-tune.py[line:50] - INFO: ----------
2021-05-13 13:37:45,198 - fine-tune.py[line:53] - INFO: 0.45036161838038796 0.6605354983247089 0.019022379446270943 0.5914102792739868
2021-05-13 13:37:45,198 - fine-tune.py[line:49] - INFO: Epoch 51/150
2021-05-13 13:37:45,198 - fine-tune.py[line:50] - INFO: ----------
2021-05-13 13:37:45,270 - fine-tune.py[line:53] - INFO: 0.4497499535436336 0.6624734828208331 0.021685226467360375 0.5901471376419067
2021-05-13 13:37:45,271 - fine-tune.py[line:49] - INFO: Epoch 52/150
2021-05-13 13:37:45,271 - fine-tune.py[line:50] - INFO: ----------
2021-05-13 13:37:45,330 - fine-tune.py[line:53] - INFO: 0.4491424473647785 0.6643866849065208 0.024326386799682798 0.5888944864273071
2021-05-13 13:37:45,330 - fine-tune.py[line:49] - INFO: Epoch 53/150
2021-05-13 13:37:45,330 - fine-tune.py[line:50] - INFO: ----------
2021-05-13 13:37:45,398 - fine-tune.py[line:53] - INFO: 0.4485391236285982 0.6663816689466484 0.02694583056133193 0.5876523852348328
2021-05-13 13:37:45,398 - fine-tune.py[line:49] - INFO: Epoch 54/150
2021-05-13 13:37:45,398 - fine-tune.py[line:50] - INFO: ----------
2021-05-13 13:37:45,473 - fine-tune.py[line:53] - INFO: 0.4479399976344577 0.6682948710323362 0.029543564686997037 0.586420476436615
2021-05-13 13:37:45,473 - fine-tune.py[line:49] - INFO: Epoch 55/150
2021-05-13 13:37:45,473 - fine-tune.py[line:50] - INFO: ----------
2021-05-13 13:37:45,536 - fine-tune.py[line:53] - INFO: 0.4473450863622312 0.6703072027597693 0.03211958868398701 0.5851991772651672
2021-05-13 13:37:45,536 - fine-tune.py[line:49] - INFO: Epoch 56/150
2021-05-13 13:37:45,537 - fine-tune.py[line:50] - INFO: ----------
2021-05-13 13:37:45,583 - fine-tune.py[line:53] - INFO: 0.44675439243590415 0.6721584488193659 0.03467396397541933 0.5839880704879761
2021-05-13 13:37:45,583 - fine-tune.py[line:49] - INFO: Epoch 57/150
2021-05-13 13:37:45,583 - fine-tune.py[line:50] - INFO: ----------
2021-05-13 13:37:45,649 - fine-tune.py[line:53] - INFO: 0.44616792264538424 0.6740617379408791 0.03720673354903126 0.5827871561050415
2021-05-13 13:37:45,650 - fine-tune.py[line:49] - INFO: Epoch 58/150
2021-05-13 13:37:45,650 - fine-tune.py[line:50] - INFO: ----------
2021-05-13 13:37:45,728 - fine-tune.py[line:53] - INFO: 0.4455856761860835 0.6760319395705704 0.039717972763196885 0.5815967321395874
2021-05-13 13:37:45,728 - fine-tune.py[line:49] - INFO: Epoch 59/150
2021-05-13 13:37:45,729 - fine-tune.py[line:50] - INFO: ----------
2021-05-13 13:37:45,782 - fine-tune.py[line:53] - INFO: 0.44500764846411534 0.6779178810047779 0.04220777275194687 0.5804162621498108
2021-05-13 13:37:45,782 - fine-tune.py[line:49] - INFO: Epoch 60/150
2021-05-13 13:37:45,782 - fine-tune.py[line:50] - INFO: ----------
2021-05-13 13:37:45,833 - fine-tune.py[line:53] - INFO: 0.4444338389158538 0.6798533872598584 0.044676206703384125 0.5792459845542908
2021-05-13 13:37:45,833 - fine-tune.py[line:49] - INFO: Epoch 61/150
2021-05-13 13:37:45,833 - fine-tune.py[line:50] - INFO: ----------
2021-05-13 13:37:45,885 - fine-tune.py[line:53] - INFO: 0.443864237085165 0.681692242114237 0.04712338975068653 0.578085720539093
2021-05-13 13:37:45,885 - fine-tune.py[line:49] - INFO: Epoch 62/150
2021-05-13 13:37:45,885 - fine-tune.py[line:50] - INFO: ----------
2021-05-13 13:37:45,936 - fine-tune.py[line:53] - INFO: 0.44329882684901717 0.6835633141021829 0.04954946058206433 0.576935350894928
2021-05-13 13:37:45,936 - fine-tune.py[line:49] - INFO: Epoch 63/150
2021-05-13 13:37:45,937 - fine-tune.py[line:50] - INFO: ----------
2021-05-13 13:37:46,006 - fine-tune.py[line:53] - INFO: 0.4427376000290488 0.6854418208132596 0.051954522997582964 0.5757946968078613
2021-05-13 13:37:46,006 - fine-tune.py[line:49] - INFO: Epoch 64/150
2021-05-13 13:37:46,006 - fine-tune.py[line:50] - INFO: ----------
2021-05-13 13:37:46,072 - fine-tune.py[line:53] - INFO: 0.4421805400119733 0.6872980233549436 0.05433871618957864 0.5746639966964722
2021-05-13 13:37:46,072 - fine-tune.py[line:49] - INFO: Epoch 65/150
2021-05-13 13:37:46,072 - fine-tune.py[line:50] - INFO: ----------
2021-05-13 13:37:46,136 - fine-tune.py[line:53] - INFO: 0.44162763025968005 0.6889485318900058 0.056702178165976336 0.5735429525375366
2021-05-13 13:37:46,136 - fine-tune.py[line:49] - INFO: Epoch 66/150
2021-05-13 13:37:46,136 - fine-tune.py[line:50] - INFO: ----------
2021-05-13 13:37:46,206 - fine-tune.py[line:53] - INFO: 0.44107885201110425 0.6906362140407225 0.059045055564184046 0.5724315047264099
2021-05-13 13:37:46,206 - fine-tune.py[line:49] - INFO: Epoch 67/150
2021-05-13 13:37:46,206 - fine-tune.py[line:50] - INFO: ----------
2021-05-13 13:37:46,276 - fine-tune.py[line:53] - INFO: 0.44053417959552166 0.6925816332599775 0.061367523570795446 0.5713293552398682
2021-05-13 13:37:46,276 - fine-tune.py[line:49] - INFO: Epoch 68/150
2021-05-13 13:37:46,276 - fine-tune.py[line:50] - INFO: ----------
2021-05-13 13:37:46,338 - fine-tune.py[line:53] - INFO: 0.43999360097388845 0.6941825769741667 0.06366969832223823 0.5702369213104248
2021-05-13 13:37:46,338 - fine-tune.py[line:49] - INFO: Epoch 69/150
2021-05-13 13:37:46,338 - fine-tune.py[line:50] - INFO: ----------
2021-05-13 13:37:46,383 - fine-tune.py[line:53] - INFO: 0.43945709073058925 0.6958504331965345 0.06595175207855586 0.5691537261009216
2021-05-13 13:37:46,383 - fine-tune.py[line:49] - INFO: Epoch 70/150
2021-05-13 13:37:46,383 - fine-tune.py[line:50] - INFO: ----------
2021-05-13 13:37:46,452 - fine-tune.py[line:53] - INFO: 0.43892461935067617 0.6976422014710839 0.06821387349468233 0.5680797696113586
2021-05-13 13:37:46,452 - fine-tune.py[line:49] - INFO: Epoch 71/150
2021-05-13 13:37:46,452 - fine-tune.py[line:50] - INFO: ----------
2021-05-13 13:37:46,513 - fine-tune.py[line:53] - INFO: 0.43839617075902665 0.6993199706576261 0.07045619314809193 0.5670148730278015
2021-05-13 13:37:46,513 - fine-tune.py[line:49] - INFO: Epoch 72/150
2021-05-13 13:37:46,513 - fine-tune.py[line:50] - INFO: ----------
2021-05-13 13:37:46,583 - fine-tune.py[line:53] - INFO: 0.4378717133025623 0.7009432185412082 0.0726789067984368 0.5659591555595398
2021-05-13 13:37:46,583 - fine-tune.py[line:49] - INFO: Epoch 73/150
2021-05-13 13:37:46,583 - fine-tune.py[line:50] - INFO: ----------
2021-05-13 13:37:46,644 - fine-tune.py[line:53] - INFO: 0.4373512239736612 0.7025466404964411 0.07488217252331508 0.5649122595787048
2021-05-13 13:37:46,644 - fine-tune.py[line:49] - INFO: Epoch 74/150
2021-05-13 13:37:46,645 - fine-tune.py[line:50] - INFO: ----------
2021-05-13 13:37:46,705 - fine-tune.py[line:53] - INFO: 0.43683467408890725 0.7040360633636671 0.07706617146162675 0.5638743042945862
2021-05-13 13:37:46,705 - fine-tune.py[line:49] - INFO: Epoch 75/150
2021-05-13 13:37:46,705 - fine-tune.py[line:50] - INFO: ----------
2021-05-13 13:37:46,766 - fine-tune.py[line:53] - INFO: 0.43632203680256676 0.7056791371755982 0.07923107597032741 0.56284499168396
2021-05-13 13:37:46,766 - fine-tune.py[line:49] - INFO: Epoch 76/150
2021-05-13 13:37:46,767 - fine-tune.py[line:50] - INFO: ----------
2021-05-13 13:37:46,824 - fine-tune.py[line:53] - INFO: 0.43581328559739796 0.7073098197823113 0.08137705604278811 0.56182461977005
2021-05-13 13:37:46,824 - fine-tune.py[line:49] - INFO: Epoch 77/150
2021-05-13 13:37:46,824 - fine-tune.py[line:50] - INFO: ----------
2021-05-13 13:37:46,879 - fine-tune.py[line:53] - INFO: 0.4353083878767564 0.7088711116398025 0.08350430630922878 0.5608125329017639
2021-05-13 13:37:46,879 - fine-tune.py[line:49] - INFO: Epoch 78/150
2021-05-13 13:37:46,879 - fine-tune.py[line:50] - INFO: ----------
2021-05-13 13:37:46,935 - fine-tune.py[line:53] - INFO: 0.43480732060548294 0.7104200122920756 0.08561298011466756 0.559809148311615
2021-05-13 13:37:46,935 - fine-tune.py[line:49] - INFO: Epoch 79/150
2021-05-13 13:37:46,935 - fine-tune.py[line:50] - INFO: ----------
2021-05-13 13:37:46,988 - fine-tune.py[line:53] - INFO: 0.4343100503484987 0.7120903467554869 0.0877032736214598 0.5588141083717346
2021-05-13 13:37:46,989 - fine-tune.py[line:49] - INFO: Epoch 80/150
2021-05-13 13:37:46,989 - fine-tune.py[line:50] - INFO: ----------
2021-05-13 13:37:47,055 - fine-tune.py[line:53] - INFO: 0.43381655144593956 0.7136144649973235 0.08977534930022169 0.5578274130821228
2021-05-13 13:37:47,055 - fine-tune.py[line:49] - INFO: Epoch 81/150
2021-05-13 13:37:47,055 - fine-tune.py[line:50] - INFO: ----------
2021-05-13 13:37:47,122 - fine-tune.py[line:53] - INFO: 0.4333267905321793 0.7151311485160292 0.0918294010166052 0.5568490028381348
2021-05-13 13:37:47,123 - fine-tune.py[line:49] - INFO: Epoch 82/150
2021-05-13 13:37:47,123 - fine-tune.py[line:50] - INFO: ----------
2021-05-13 13:37:47,181 - fine-tune.py[line:53] - INFO: 0.43284073898599273 0.7167407660738715 0.09386560173166358 0.5558786392211914
2021-05-13 13:37:47,181 - fine-tune.py[line:49] - INFO: Epoch 83/150
2021-05-13 13:37:47,181 - fine-tune.py[line:50] - INFO: ----------
2021-05-13 13:37:47,254 - fine-tune.py[line:53] - INFO: 0.43235836536710115 0.7181843414817899 0.09588413525682649 0.554916262626648
2021-05-13 13:37:47,254 - fine-tune.py[line:49] - INFO: Epoch 84/150
2021-05-13 13:37:47,254 - fine-tune.py[line:50] - INFO: ----------
2021-05-13 13:37:47,310 - fine-tune.py[line:53] - INFO: 0.4318796440595492 0.7197456333392811 0.09788516009010151 0.5539618730545044
2021-05-13 13:37:47,310 - fine-tune.py[line:49] - INFO: Epoch 85/150
2021-05-13 13:37:47,310 - fine-tune.py[line:50] - INFO: ----------
2021-05-13 13:37:47,376 - fine-tune.py[line:53] - INFO: 0.43140453967755626 0.7212177085192013 0.09986887463583016 0.5530153512954712
2021-05-13 13:37:47,376 - fine-tune.py[line:49] - INFO: Epoch 86/150
2021-05-13 13:37:47,376 - fine-tune.py[line:50] - INFO: ----------
2021-05-13 13:37:47,435 - fine-tune.py[line:53] - INFO: 0.4309330242627117 0.7227715656535618 0.10183544530500643 0.5520766973495483
2021-05-13 13:37:47,435 - fine-tune.py[line:49] - INFO: Epoch 87/150
2021-05-13 13:37:47,435 - fine-tune.py[line:50] - INFO: ----------
2021-05-13 13:37:47,499 - fine-tune.py[line:53] - INFO: 0.43046506736031104 0.7242981621364422 0.10378504801722299 0.5511454939842224
2021-05-13 13:37:47,499 - fine-tune.py[line:49] - INFO: Epoch 88/150
2021-05-13 13:37:47,499 - fine-tune.py[line:50] - INFO: ----------
2021-05-13 13:37:47,557 - fine-tune.py[line:53] - INFO: 0.4300006394428921 0.7255620650686969 0.10571785391425625 0.5502222180366516
2021-05-13 13:37:47,557 - fine-tune.py[line:49] - INFO: Epoch 89/150
2021-05-13 13:37:47,557 - fine-tune.py[line:50] - INFO: ----------
2021-05-13 13:37:47,630 - fine-tune.py[line:53] - INFO: 0.4295397067409559 0.7269969666329625 0.10763405086946176 0.549306333065033
2021-05-13 13:37:47,630 - fine-tune.py[line:49] - INFO: Epoch 90/150
2021-05-13 13:37:47,630 - fine-tune.py[line:50] - INFO: ----------
2021-05-13 13:37:47,698 - fine-tune.py[line:53] - INFO: 0.4290822442671236 0.7282881302166974 0.10953378934638625 0.5483978390693665
2021-05-13 13:37:47,698 - fine-tune.py[line:49] - INFO: Epoch 91/150
2021-05-13 13:37:47,698 - fine-tune.py[line:50] - INFO: ----------
2021-05-13 13:37:47,771 - fine-tune.py[line:53] - INFO: 0.4286282158366053 0.7297478141913996 0.11141726544151309 0.547496497631073
2021-05-13 13:37:47,771 - fine-tune.py[line:49] - INFO: Epoch 92/150
2021-05-13 13:37:47,771 - fine-tune.py[line:50] - INFO: ----------
2021-05-13 13:37:47,850 - fine-tune.py[line:53] - INFO: 0.4281775946964613 0.7311678463094035 0.11328463520607734 0.5466027855873108
2021-05-13 13:37:47,851 - fine-tune.py[line:49] - INFO: Epoch 93/150
2021-05-13 13:37:47,851 - fine-tune.py[line:50] - INFO: ----------
2021-05-13 13:37:47,904 - fine-tune.py[line:53] - INFO: 0.42773035089255307 0.7325209659192291 0.1151360671310967 0.5457159280776978
2021-05-13 13:37:47,904 - fine-tune.py[line:49] - INFO: Epoch 94/150
2021-05-13 13:37:47,904 - fine-tune.py[line:50] - INFO: ----------
2021-05-13 13:37:47,972 - fine-tune.py[line:53] - INFO: 0.42728645268846194 0.733866650805924 0.11697173622276547 0.5448364615440369
2021-05-13 13:37:47,972 - fine-tune.py[line:49] - INFO: Epoch 95/150
2021-05-13 13:37:47,972 - fine-tune.py[line:50] - INFO: ----------
2021-05-13 13:37:48,029 - fine-tune.py[line:53] - INFO: 0.4268458684786265 0.7352222486567934 0.11879181607500966 0.5439639687538147
2021-05-13 13:37:48,029 - fine-tune.py[line:49] - INFO: Epoch 96/150
2021-05-13 13:37:48,029 - fine-tune.py[line:50] - INFO: ----------
2021-05-13 13:37:48,088 - fine-tune.py[line:53] - INFO: 0.4264085723133129 0.7364167608398262 0.12059645609363745 0.5430982708930969
2021-05-13 13:37:48,088 - fine-tune.py[line:49] - INFO: Epoch 97/150
2021-05-13 13:37:48,088 - fine-tune.py[line:50] - INFO: ----------
2021-05-13 13:37:48,142 - fine-tune.py[line:53] - INFO: 0.42597453346859804 0.7376781855310375 0.12238582460204261 0.5422394275665283
2021-05-13 13:37:48,143 - fine-tune.py[line:49] - INFO: Epoch 98/150
2021-05-13 13:37:48,143 - fine-tune.py[line:50] - INFO: ----------
2021-05-13 13:37:48,197 - fine-tune.py[line:53] - INFO: 0.4255437219004663 0.7389743055968596 0.12416008629907138 0.5413876175880432
2021-05-13 13:37:48,197 - fine-tune.py[line:49] - INFO: Epoch 99/150
2021-05-13 13:37:48,197 - fine-tune.py[line:50] - INFO: ----------
2021-05-13 13:37:48,240 - fine-tune.py[line:53] - INFO: 0.4251161039970809 0.7403968159559071 0.12591941975021292 0.540542483329773
2021-05-13 13:37:48,240 - fine-tune.py[line:49] - INFO: Epoch 100/150
2021-05-13 13:37:48,240 - fine-tune.py[line:50] - INFO: ----------
2021-05-13 13:37:48,299 - fine-tune.py[line:53] - INFO: 0.42469165572518874 0.7416731100933801 0.12766396331706498 0.5397038459777832
2021-05-13 13:37:48,299 - fine-tune.py[line:49] - INFO: Epoch 101/150
2021-05-13 13:37:48,299 - fine-tune.py[line:50] - INFO: ----------
2021-05-13 13:37:48,369 - fine-tune.py[line:53] - INFO: 0.4242703475490828 0.7428626657943258 0.12939387725566176 0.5388717651367188
2021-05-13 13:37:48,369 - fine-tune.py[line:49] - INFO: Epoch 102/150
2021-05-13 13:37:48,370 - fine-tune.py[line:50] - INFO: ----------
2021-05-13 13:37:48,425 - fine-tune.py[line:53] - INFO: 0.42385214901496737 0.7440200043617042 0.13110932481676074 0.53804612159729
2021-05-13 13:37:48,425 - fine-tune.py[line:49] - INFO: Epoch 103/150
2021-05-13 13:37:48,425 - fine-tune.py[line:50] - INFO: ----------
2021-05-13 13:37:48,498 - fine-tune.py[line:53] - INFO: 0.42343702887143014 0.7451872558932573 0.13281047174288907 0.5372270345687866
2021-05-13 13:37:48,498 - fine-tune.py[line:49] - INFO: Epoch 104/150
2021-05-13 13:37:48,498 - fine-tune.py[line:50] - INFO: ----------
2021-05-13 13:37:48,557 - fine-tune.py[line:53] - INFO: 0.4230249640048161 0.746252899542021 0.13449744969828992 0.5364142656326294
2021-05-13 13:37:48,557 - fine-tune.py[line:49] - INFO: Epoch 105/150
2021-05-13 13:37:48,557 - fine-tune.py[line:50] - INFO: ----------
2021-05-13 13:37:48,619 - fine-tune.py[line:53] - INFO: 0.42261592050954866 0.7473755427347885 0.13617043382393834 0.5356076955795288
2021-05-13 13:37:48,619 - fine-tune.py[line:49] - INFO: Epoch 106/150
2021-05-13 13:37:48,619 - fine-tune.py[line:50] - INFO: ----------
2021-05-13 13:37:48,689 - fine-tune.py[line:53] - INFO: 0.4222098768973616 0.7485427942663416 0.13782954774394063 0.534807562828064
2021-05-13 13:37:48,690 - fine-tune.py[line:49] - INFO: Epoch 107/150
2021-05-13 13:37:48,690 - fine-tune.py[line:50] - INFO: ----------
2021-05-13 13:37:48,758 - fine-tune.py[line:53] - INFO: 0.42180679721487574 0.7496877416285018 0.13947497350274785 0.5340132713317871
2021-05-13 13:37:48,758 - fine-tune.py[line:49] - INFO: Epoch 108/150
2021-05-13 13:37:48,758 - fine-tune.py[line:50] - INFO: ----------
2021-05-13 13:37:48,820 - fine-tune.py[line:53] - INFO: 0.42140666084472517 0.7508847320525783 0.14110682981264877 0.5332252383232117
2021-05-13 13:37:48,821 - fine-tune.py[line:49] - INFO: Epoch 109/150
2021-05-13 13:37:48,821 - fine-tune.py[line:50] - INFO: ----------
2021-05-13 13:37:48,895 - fine-tune.py[line:53] - INFO: 0.4210094342406234 0.751972679870735 0.14272528746683122 0.5324432253837585
2021-05-13 13:37:48,895 - fine-tune.py[line:49] - INFO: Epoch 110/150
2021-05-13 13:37:48,895 - fine-tune.py[line:50] - INFO: ----------
2021-05-13 13:37:48,958 - fine-tune.py[line:53] - INFO: 0.4206150930635768 0.7530978013045462 0.14433047903396212 0.5316669940948486
2021-05-13 13:37:48,958 - fine-tune.py[line:49] - INFO: Epoch 111/150
2021-05-13 13:37:48,958 - fine-tune.py[line:50] - INFO: ----------
2021-05-13 13:37:49,030 - fine-tune.py[line:53] - INFO: 0.42022360841128675 0.7542675310771427 0.14592255501761953 0.5308966636657715
2021-05-13 13:37:49,031 - fine-tune.py[line:49] - INFO: Epoch 112/150
2021-05-13 13:37:49,031 - fine-tune.py[line:50] - INFO: ----------
2021-05-13 13:37:49,102 - fine-tune.py[line:53] - INFO: 0.41983495492147826 0.7552935228692083 0.14750165086875733 0.5301322340965271
2021-05-13 13:37:49,102 - fine-tune.py[line:49] - INFO: Epoch 113/150
2021-05-13 13:37:49,102 - fine-tune.py[line:50] - INFO: ----------
2021-05-13 13:37:49,167 - fine-tune.py[line:53] - INFO: 0.41944910755869114 0.7564483831955431 0.1490679000969214 0.5293734073638916
2021-05-13 13:37:49,167 - fine-tune.py[line:49] - INFO: Epoch 114/150
2021-05-13 13:37:49,167 - fine-tune.py[line:50] - INFO: ----------
2021-05-13 13:37:49,236 - fine-tune.py[line:53] - INFO: 0.4190660340551098 0.7574768532286524 0.15062146492563067 0.5286204814910889
2021-05-13 13:37:49,236 - fine-tune.py[line:49] - INFO: Epoch 115/150
2021-05-13 13:37:49,236 - fine-tune.py[line:50] - INFO: ----------
2021-05-13 13:37:49,302 - fine-tune.py[line:53] - INFO: 0.4186857125402984 0.7584408889946272 0.1521624647657681 0.5278728604316711
2021-05-13 13:37:49,302 - fine-tune.py[line:49] - INFO: Epoch 116/150
2021-05-13 13:37:49,302 - fine-tune.py[line:50] - INFO: ----------
2021-05-13 13:37:49,362 - fine-tune.py[line:53] - INFO: 0.41830811686810543 0.7594420983762564 0.15369103578644483 0.5271309614181519
2021-05-13 13:37:49,362 - fine-tune.py[line:49] - INFO: Epoch 117/150
2021-05-13 13:37:49,362 - fine-tune.py[line:50] - INFO: ----------
2021-05-13 13:37:49,427 - fine-tune.py[line:53] - INFO: 0.4179332193619481 0.7604804813735403 0.15520731974486768 0.5263945460319519
2021-05-13 13:37:49,427 - fine-tune.py[line:49] - INFO: Epoch 118/150
2021-05-13 13:37:49,427 - fine-tune.py[line:50] - INFO: ----------
2021-05-13 13:37:49,481 - fine-tune.py[line:53] - INFO: 0.4175609918118929 0.7614742560320387 0.1567114599383257 0.5256636142730713
2021-05-13 13:37:49,481 - fine-tune.py[line:49] - INFO: Epoch 119/150
2021-05-13 13:37:49,481 - fine-tune.py[line:50] - INFO: ----------
2021-05-13 13:37:49,536 - fine-tune.py[line:53] - INFO: 0.41719141456044195 0.7624407700390572 0.15820356453578077 0.5249380469322205
2021-05-13 13:37:49,536 - fine-tune.py[line:49] - INFO: Epoch 120/150
2021-05-13 13:37:49,536 - fine-tune.py[line:50] - INFO: ----------
2021-05-13 13:37:49,592 - fine-tune.py[line:53] - INFO: 0.41682446164087983 0.7633713495509427 0.15968376665895934 0.5242176055908203
2021-05-13 13:37:49,592 - fine-tune.py[line:49] - INFO: Epoch 121/150
2021-05-13 13:37:49,592 - fine-tune.py[line:50] - INFO: ----------
2021-05-13 13:37:49,649 - fine-tune.py[line:53] - INFO: 0.41646010449318654 0.7642697119292611 0.16115220930675977 0.52350252866745
2021-05-13 13:37:49,649 - fine-tune.py[line:49] - INFO: Epoch 122/150
2021-05-13 13:37:49,649 - fine-tune.py[line:50] - INFO: ----------
2021-05-13 13:37:49,713 - fine-tune.py[line:53] - INFO: 0.4160983213705767 0.7652486171414976 0.16260900745542628 0.5227927565574646
2021-05-13 13:37:49,713 - fine-tune.py[line:49] - INFO: Epoch 123/150
2021-05-13 13:37:49,713 - fine-tune.py[line:50] - INFO: ----------
2021-05-13 13:37:49,775 - fine-tune.py[line:53] - INFO: 0.4157390866434905 0.7661036103015524 0.16405429119797243 0.5220879316329956
2021-05-13 13:37:49,775 - fine-tune.py[line:49] - INFO: Epoch 124/150
2021-05-13 13:37:49,775 - fine-tune.py[line:50] - INFO: ----------
2021-05-13 13:37:49,841 - fine-tune.py[line:53] - INFO: 0.41538237207347867 0.7670255159697853 0.16548820056406632 0.5213883519172668
2021-05-13 13:37:49,841 - fine-tune.py[line:49] - INFO: Epoch 125/150
2021-05-13 13:37:49,841 - fine-tune.py[line:50] - INFO: ----------
2021-05-13 13:37:49,912 - fine-tune.py[line:53] - INFO: 0.41502815887002337 0.7679523781201054 0.1669108370781227 0.5206937193870544
2021-05-13 13:37:49,912 - fine-tune.py[line:49] - INFO: Epoch 126/150
2021-05-13 13:37:49,912 - fine-tune.py[line:50] - INFO: ----------
2021-05-13 13:37:49,970 - fine-tune.py[line:53] - INFO: 0.41467642367707336 0.7688990661987748 0.16832232013787007 0.5200040936470032
2021-05-13 13:37:49,970 - fine-tune.py[line:49] - INFO: Epoch 127/150
2021-05-13 13:37:49,970 - fine-tune.py[line:50] - INFO: ----------
2021-05-13 13:37:50,032 - fine-tune.py[line:53] - INFO: 0.4143271351593218 0.7698581454826621 0.1697228006233853 0.5193193554878235
2021-05-13 13:37:50,032 - fine-tune.py[line:49] - INFO: Epoch 128/150
2021-05-13 13:37:50,032 - fine-tune.py[line:50] - INFO: ----------
2021-05-13 13:37:50,093 - fine-tune.py[line:53] - INFO: 0.4139802804756608 0.7707949205971569 0.1711123547564184 0.5186394453048706
2021-05-13 13:37:50,093 - fine-tune.py[line:49] - INFO: Epoch 129/150
2021-05-13 13:37:50,093 - fine-tune.py[line:50] - INFO: ----------
2021-05-13 13:37:50,156 - fine-tune.py[line:53] - INFO: 0.4136358304541342 0.7716647832034734 0.17249112375600417 0.5179645419120789
2021-05-13 13:37:50,156 - fine-tune.py[line:49] - INFO: Epoch 130/150
2021-05-13 13:37:50,156 - fine-tune.py[line:50] - INFO: ----------
2021-05-13 13:37:50,205 - fine-tune.py[line:53] - INFO: 0.4132937630454233 0.7725272110866591 0.17385921980806662 0.5172942280769348
2021-05-13 13:37:50,205 - fine-tune.py[line:49] - INFO: Epoch 131/150
2021-05-13 13:37:50,205 - fine-tune.py[line:50] - INFO: ----------
2021-05-13 13:37:50,255 - fine-tune.py[line:53] - INFO: 0.41295405588494566 0.7734416820317611 0.17521675590027652 0.5166285634040833
2021-05-13 13:37:50,255 - fine-tune.py[line:49] - INFO: Epoch 132/150
2021-05-13 13:37:50,255 - fine-tune.py[line:50] - INFO: ----------
2021-05-13 13:37:50,326 - fine-tune.py[line:53] - INFO: 0.4126166826871313 0.7743338488074704 0.17656386021344794 0.5159677267074585
2021-05-13 13:37:50,326 - fine-tune.py[line:49] - INFO: Epoch 133/150
2021-05-13 13:37:50,326 - fine-tune.py[line:50] - INFO: ----------
2021-05-13 13:37:50,397 - fine-tune.py[line:53] - INFO: 0.4122816291872657 0.7752061896548306 0.177900612486253 0.5153114795684814
2021-05-13 13:37:50,397 - fine-tune.py[line:49] - INFO: Epoch 134/150
2021-05-13 13:37:50,397 - fine-tune.py[line:50] - INFO: ----------
2021-05-13 13:37:50,460 - fine-tune.py[line:53] - INFO: 0.41194886280001386 0.7760710957790599 0.17922716512017578 0.5146598815917969
2021-05-13 13:37:50,460 - fine-tune.py[line:49] - INFO: Epoch 135/150
2021-05-13 13:37:50,460 - fine-tune.py[line:50] - INFO: ----------
2021-05-13 13:37:50,517 - fine-tune.py[line:53] - INFO: 0.41161837048889544 0.7769285671801582 0.1805435921075581 0.5140124559402466
2021-05-13 13:37:50,517 - fine-tune.py[line:49] - INFO: Epoch 136/150
2021-05-13 13:37:50,517 - fine-tune.py[line:50] - INFO: ----------
2021-05-13 13:37:50,578 - fine-tune.py[line:53] - INFO: 0.4112901288850962 0.7777191260730784 0.1818500082301333 0.5133697390556335
2021-05-13 13:37:50,578 - fine-tune.py[line:49] - INFO: Epoch 137/150
2021-05-13 13:37:50,578 - fine-tune.py[line:50] - INFO: ----------
2021-05-13 13:37:50,650 - fine-tune.py[line:53] - INFO: 0.4109641112027536 0.7785220761712167 0.18314654140861764 0.5127313733100891
2021-05-13 13:37:50,650 - fine-tune.py[line:49] - INFO: Epoch 138/150
2021-05-13 13:37:50,650 - fine-tune.py[line:50] - INFO: ----------
2021-05-13 13:37:50,706 - fine-tune.py[line:53] - INFO: 0.4106403006772221 0.7793175915462243 0.18443327927516884 0.5120974183082581
2021-05-13 13:37:50,706 - fine-tune.py[line:49] - INFO: Epoch 139/150
2021-05-13 13:37:50,706 - fine-tune.py[line:50] - INFO: ----------
2021-05-13 13:37:50,778 - fine-tune.py[line:53] - INFO: 0.4103186793816675 0.7801329328495806 0.18571031372260915 0.5114678740501404
2021-05-13 13:37:50,778 - fine-tune.py[line:49] - INFO: Epoch 140/150
2021-05-13 13:37:50,778 - fine-tune.py[line:50] - INFO: ----------
2021-05-13 13:37:50,842 - fine-tune.py[line:53] - INFO: 0.4099992212023262 0.7808912746089336 0.18697776874994276 0.510842502117157
2021-05-13 13:37:50,842 - fine-tune.py[line:49] - INFO: Epoch 141/150
2021-05-13 13:37:50,842 - fine-tune.py[line:50] - INFO: ----------
2021-05-13 13:37:50,904 - fine-tune.py[line:53] - INFO: 0.40968190457818776 0.7816471381272427 0.18823574985440172 0.5102213621139526
2021-05-13 13:37:50,905 - fine-tune.py[line:49] - INFO: Epoch 142/150
2021-05-13 13:37:50,905 - fine-tune.py[line:50] - INFO: ----------
2021-05-13 13:37:50,974 - fine-tune.py[line:53] - INFO: 0.40936671322351337 0.7824624794305992 0.1894843412452194 0.5096045136451721
2021-05-13 13:37:50,974 - fine-tune.py[line:49] - INFO: Epoch 143/150
2021-05-13 13:37:50,975 - fine-tune.py[line:50] - INFO: ----------
2021-05-13 13:37:51,037 - fine-tune.py[line:53] - INFO: 0.40905362416241725 0.783208429984734 0.1907236532729948 0.5089917182922363
2021-05-13 13:37:51,037 - fine-tune.py[line:49] - INFO: Epoch 144/150
2021-05-13 13:37:51,037 - fine-tune.py[line:50] - INFO: ----------
2021-05-13 13:37:51,085 - fine-tune.py[line:53] - INFO: 0.4087426222828503 0.7840064236007851 0.19195376478864812 0.5083830952644348
2021-05-13 13:37:51,085 - fine-tune.py[line:49] - INFO: Epoch 145/150
2021-05-13 13:37:51,086 - fine-tune.py[line:50] - INFO: ----------
2021-05-13 13:37:51,159 - fine-tune.py[line:53] - INFO: 0.40843368128586127 0.784792026011618 0.19317479853172403 0.5077784061431885
2021-05-13 13:37:51,159 - fine-tune.py[line:49] - INFO: Epoch 146/150
2021-05-13 13:37:51,159 - fine-tune.py[line:50] - INFO: ----------
2021-05-13 13:37:51,236 - fine-tune.py[line:53] - INFO: 0.40812678398316626 0.7855478895299274 0.1943868408354762 0.5071778297424316
2021-05-13 13:37:51,236 - fine-tune.py[line:49] - INFO: Epoch 147/150
2021-05-13 13:37:51,236 - fine-tune.py[line:50] - INFO: ----------
2021-05-13 13:37:51,296 - fine-tune.py[line:53] - INFO: 0.4078219119076557 0.786259144709451 0.19558998275201667 0.5065812468528748
2021-05-13 13:37:51,296 - fine-tune.py[line:49] - INFO: Epoch 148/150
2021-05-13 13:37:51,297 - fine-tune.py[line:50] - INFO: ----------
2021-05-13 13:37:51,365 - fine-tune.py[line:53] - INFO: 0.40751904486653096 0.7869555304427129 0.19678432179849314 0.5059885382652283
2021-05-13 13:37:51,365 - fine-tune.py[line:49] - INFO: Epoch 149/150
2021-05-13 13:37:51,365 - fine-tune.py[line:50] - INFO: ----------
2021-05-13 13:37:51,431 - fine-tune.py[line:53] - INFO: 0.40721816555391654 0.787671742104324 0.19796994376618393 0.5053997039794922
2021-05-13 13:37:51,432 - fine-tune.py[line:49] - INFO: Epoch 150/150
2021-05-13 13:37:51,432 - fine-tune.py[line:50] - INFO: ----------
2021-05-13 13:37:51,488 - fine-tune.py[line:53] - INFO: 0.4069192521634413 0.788340867186106 0.19914695184431697 0.5048149228096008
